
1 1 48.350044

1 2 35.293726

1 4 31.460587

1 8 22.132377

1 12 15.694052

2 1 7.003681

4 2 3.273082

4 4 3.684292

4 8 3.467955

4 12 3.480088


===================================================================================
=   BAD TERMINATION OF ONE OF YOUR APPLICATION PROCESSES
=   PID 25923 RUNNING AT pp22
=   EXIT CODE: 255
=   CLEANING UP REMAINING PROCESSES
=   YOU CAN IGNORE THE BELOW CLEANUP MESSAGES
===================================================================================


===================================================================================
=   BAD TERMINATION OF ONE OF YOUR APPLICATION PROCESSES
=   PID 24630 RUNNING AT pp21
=   EXIT CODE: 255
=   CLEANING UP REMAINING PROCESSES
=   YOU CAN IGNORE THE BELOW CLEANUP MESSAGES
===================================================================================

===================================================================================
=   BAD TERMINATION OF ONE OF YOUR APPLICATION PROCESSES
=   PID 24499 RUNNING AT pp20
=   EXIT CODE: 15
=   CLEANING UP REMAINING PROCESSES
=   YOU CAN IGNORE THE BELOW CLEANUP MESSAGES
===================================================================================

9 4 2.202239

9 8 2.185376

9 12 2.199384

4 1 7.323840


===================================================================================
=   BAD TERMINATION OF ONE OF YOUR APPLICATION PROCESSES
=   PID 12844 RUNNING AT pp17
=   EXIT CODE: 255
=   CLEANING UP REMAINING PROCESSES
=   YOU CAN IGNORE THE BELOW CLEANUP MESSAGES
===================================================================================

===================================================================================
=   BAD TERMINATION OF ONE OF YOUR APPLICATION PROCESSES
=   PID 26409 RUNNING AT pp16
=   EXIT CODE: 15
=   CLEANING UP REMAINING PROCESSES
=   YOU CAN IGNORE THE BELOW CLEANUP MESSAGES
===================================================================================

16 4 1.690163

16 8 1.685077

16 12 1.704689
