
1 1 48.450000

1 2 48.440000

1 4 48.480000

1 8 48.620000

1 12 48.750000

1 1 48.360000
1 1 48.410000


===================================================================================
=   BAD TERMINATION OF ONE OF YOUR APPLICATION PROCESSES
=   PID 32216 RUNNING AT pp20
=   EXIT CODE: 255
=   CLEANING UP REMAINING PROCESSES
=   YOU CAN IGNORE THE BELOW CLEANUP MESSAGES
===================================================================================

1 4 48.470000
1 4 48.480000
1 4 48.450000
1 4 48.460000

1 8 48.540000
1 8 48.550000
1 8 48.570000
1 8 48.570000

1 12 48.650000
1 12 48.400000
1 12 48.600000
1 12 48.460000

1 1 48.340000
1 1 48.350000
1 1 48.350000


===================================================================================
=   BAD TERMINATION OF ONE OF YOUR APPLICATION PROCESSES
=   PID 27266 RUNNING AT pp19
=   EXIT CODE: 255
=   CLEANING UP REMAINING PROCESSES
=   YOU CAN IGNORE THE BELOW CLEANUP MESSAGES
===================================================================================


===================================================================================
=   BAD TERMINATION OF ONE OF YOUR APPLICATION PROCESSES
=   PID 16978 RUNNING AT pp17
=   EXIT CODE: 255
=   CLEANING UP REMAINING PROCESSES
=   YOU CAN IGNORE THE BELOW CLEANUP MESSAGES
===================================================================================

1 8 48.530000
1 8 48.510000
1 8 48.510000
1 8 48.490000
1 8 48.510000
1 8 48.570000
1 8 48.520000
1 8 48.400000
1 8 48.500000

1 12 48.520000
1 12 48.530000
1 12 48.510000
1 12 48.570000
1 12 48.520000
1 12 48.540000
1 12 48.540000
1 12 48.630000
1 12 48.510000

1 1 48.370000
1 1 48.370000
1 1 48.370000
1 1 48.380000


===================================================================================
=   BAD TERMINATION OF ONE OF YOUR APPLICATION PROCESSES
=   PID 27275 RUNNING AT pp18
=   EXIT CODE: 255
=   CLEANING UP REMAINING PROCESSES
=   YOU CAN IGNORE THE BELOW CLEANUP MESSAGES
===================================================================================

1 4 48.460000
1 4 48.470000
1 4 48.460000
1 4 48.460000
1 4 48.460000
1 4 48.470000
1 4 48.490000
1 4 48.490000
1 4 48.470000
1 4 48.490000
1 4 48.490000
1 4 48.470000
1 4 48.480000
1 4 48.480000
1 4 48.480000
1 4 48.490000

1 8 48.490000
1 8 48.400000
1 8 48.510000
1 8 48.520000
1 8 48.410000
1 8 48.520000
1 8 48.520000
1 8 48.420000
1 8 48.490000
1 8 48.480000
1 8 48.490000
1 8 48.410000
1 8 48.510000
1 8 48.420000
1 8 48.470000
1 8 48.530000

1 12 48.560000
1 12 48.510000
1 12 48.520000
1 12 48.500000
1 12 48.480000
1 12 48.500000
1 12 48.530000
1 12 48.480000
1 12 48.550000
1 12 48.460000
1 12 48.510000
1 12 48.540000
1 12 48.490000
1 12 48.580000
1 12 48.480000
1 12 48.450000
