
1 1 45.310457

1 2 32.927693

1 4 29.903388

1 8 20.545947

1 12 14.672680

2 12 8.022370
[0] 81278 4.689571
[1] 79205 4.281012
[2] 88759 4.849326
[3] 77239 4.295972
[4] 78149 4.308360
[5] 81359 4.220953
[6] 81385 4.434511
[7] 87116 4.642068
[8] 88911 4.510868
[9] 74747 4.134271
[10] 95429 4.350838
[11] 86423 4.559752

[0] 51666 3.171910
[1] 39504 3.194894
[2] 44410 3.240125
[3] 46777 3.190491
[4] 43289 3.393655
[5] 37639 3.159802
[6] 36265 2.992600
[7] 39479 3.190710
[8] 44778 3.271735
[9] 44726 3.072164
[10] 43278 3.237990
[11] 42189 3.191658
3 12 7.970906
[12] 39947 3.251016
[13] 37771 3.244474
[14] 42834 3.157737
[15] 43072 3.360739
[16] 39103 3.153457
[17] 38908 3.287272
[18] 38306 3.183309
[19] 37666 3.069511
[20] 41903 3.331225
[21] 37539 3.155813
[22] 43430 3.275253
[23] 45521 3.348324

[12] 32726 2.592385
[24] 26973 2.574689
[25] 24930 2.636244
[26] 26221 2.691978
[13] 27822 2.490692
[14] 22984 2.585809
[15] 26324 2.394189
[16] 29835 2.484063
[17] 26834 2.286404
[18] 33007 2.482908
[19] 31377 2.398740
[20] 27361 2.549529
[21] 29455 2.580302
[22] 24701 2.433876
[23] 25574 2.492229
[27] 30381 2.529911
[28] 28263 2.601552
[29] 26740 2.573282
[30] 28709 2.753109
[31] 26091 2.661391
[32] 27649 2.632821
[33] 26381 2.679164
[34] 34239 2.757171
[35] 29423 2.687394
4 12 7.183388
[0] 29630 2.485496
[1] 26878 2.687559
[2] 32802 2.669255
[3] 25538 2.690262
[4] 25420 2.695764
[5] 27611 2.644624
[6] 23551 2.752578
[7] 25394 2.602357
[8] 24472 2.766044
[9] 28947 2.586408
[10] 26925 2.699511
[11] 28832 2.656945
