
1 1 45.098482

2 1 45.186404
[1] 1000000 45.146550

4 1 15.088134
[1] 349000 15.074189
[2] 315000 15.075609
[3] 336000 15.074711

[5] 181000 8.441197
[6] 172000 8.484126
[7] 223000 8.503176
[4] 133000 8.533979
[1] 111000 8.545106
[2] 85000 8.632454
8 1 8.915919
[3] 95000 8.441889

[6] 149000 7.547392
[10] 55000 7.530452
[4] 94000 7.409245
[1] 148000 7.587214
[3] 62000 7.525330
[5] 98000 7.591613
[11] 135000 7.639396
12 1 7.883186
[7] 47000 7.447685
[8] 43000 7.000524
[9] 48000 7.459688
[2] 121000 7.575541

[6] 103000 2.032593
[4] 64000 2.044382
[20] 121000 2.037878
[21] 112000 2.039391
[18] 125000 2.037608
[19] 23000 2.043041
[12] 25000 2.043387
[7] 28000 2.048699
[23] 24000 2.045992
[17] 24000 2.046231
[8] 30000 2.051805
[16] 23000 2.046800
[2] 33000 2.051784
[22] 24000 2.053395
[15] 26000 2.060852
[5] 30000 2.065310
[9] 16000 2.061771
[10] 29000 2.075547
[14] 24000 2.072737
[3] 33000 2.077228
[13] 24000 2.075164
[1] 33000 2.081542
24 1 2.085064
[11] 26000 2.083524

[28] 63000 1.517605
[7] 36000 1.472012
[35] 62000 1.497081
[15] 64000 1.486605
[17] 54000 1.469539
[16] 61000 1.477059
[27] 57000 1.469256
[32] 65000 1.490296
[24] 54000 1.498257
[26] 33000 1.499520
[33] 64000 1.501632
[31] 19000 1.498716
[11] 11000 1.494138
[2] 12000 1.464437
[14] 20000 1.490401
[12] 18000 1.510727
[29] 20000 1.515010
[30] 20000 1.514897
[18] 21000 1.484184
[22] 20000 1.514375
[34] 19000 1.531026
[23] 20000 1.520765
[20] 20000 1.502007
[6] 15000 1.498998
[13] 20000 1.502823
[25] 21000 1.506178
[19] 20000 1.511725
[21] 20000 1.509145
[4] 7000 1.472530
[1] 13000 1.573427
[3] 8000 1.433620
[8] 16000 1.508266
[5] 9000 1.658987
36 1 1.717714
[10] 9000 1.688792
[9] 9000 1.592138

[6] 36000 0.991180
[23] 84000 0.988532
[7] 71000 0.989524
[38] 43000 0.990455
[2] 33000 0.991254
[41] 67000 0.989301
[47] 42000 0.990283
[14] 19000 0.991645
[26] 85000 0.987302
[37] 53000 0.989877
[5] 14000 0.992784
[25] 12000 0.992731
[29] 11000 0.993051
[27] 11000 0.993680
[11] 12000 0.996542
[3] 9000 0.987463
[33] 11000 0.995754
[12] 14000 0.997378
[8] 16000 1.001755
[10] 14000 1.004068
[30] 13000 1.004410
[15] 14000 1.007737
[17] 14000 1.009809
[24] 10000 1.009082
[45] 12000 1.011606
[4] 14000 1.014911
[36] 15000 1.014851
[21] 12000 1.017169
[18] 14000 1.019945
[46] 13000 1.021667
[39] 12000 1.022429
[19] 13000 1.024379
[32] 12000 1.025164
[31] 13000 1.028000
[42] 12000 1.028603
[13] 14000 1.028804
[40] 12000 1.030321
[43] 12000 1.030599
[34] 12000 1.031994
[20] 12000 1.033147
[44] 12000 1.033439
[1] 17000 1.033912
[22] 12000 1.033845
[16] 13000 1.034476
[35] 12000 1.034687
[28] 10000 1.033921
48 1 1.056776
[9] 12000 1.056056
