
[0] 1000000 45.430000
1 1 45.740000

[0] 528130 45.900000
[1] 471870 45.890000
1 2 46.390000

[0] 247405 47.520000
[1] 265833 47.230000
[2] 265367 47.510000
[3] 221395 47.400000
1 4 49.380000

[0] 122803 49.540000
[1] 137896 49.410000
[2] 133864 49.070000
[3] 86019 49.350000
[4] 112435 49.340000
[5] 138419 49.120000
[6] 134686 49.600000
[7] 133878 49.390000
1 8 52.780000

[0] 82099 50.710000
[1] 79158 50.750000
[2] 82356 50.980000
[3] 83639 50.790000
[4] 80833 50.860000
[5] 83934 51.150000
[6] 85559 51.120000
[7] 81279 50.400000
[8] 90294 50.710000
[9] 90229 51.350000
[10] 79542 50.640000
[11] 81078 51.250000
1 12 56.340000

[0] 102730 46.690000
[1] 78750 47.380000
[2] 91293 47.090000
[3] 66788 47.040000
[4] 84894 47.190000
[5] 81374 47.200000
[6] 81694 47.110000
[7] 91255 47.320000
[8] 88350 47.130000
[9] 86814 47.310000
[10] 75870 47.140000
[11] 70188 46.920000
1 12 48.140000
[0] 107971 47.130000
[1] 77150 47.540000
[2] 74854 47.060000
[3] 83485 47.220000
[4] 79065 47.000000
[5] 84358 47.150000
[6] 78387 47.370000
[7] 81296 47.380000
[8] 83442 47.370000
[9] 82511 47.260000
[10] 83230 47.220000
[11] 84251 46.830000
1 12 48.350000

[0] 102746 47.580000
[1] 79314 47.560000
[2] 75870 47.210000
[3] 85270 47.620000
[4] 83485 47.560000
[5] 84445 47.150000
[6] 83357 47.630000
[7] 81629 47.570000
[8] 81693 47.650000
[9] 78749 47.570000
[10] 81629 47.240000
[11] 81813 47.560000
1 12 48.920000
[0] 108728 47.670000
[1] 82909 47.520000
[2] 78558 47.330000
[3] 81502 47.700000
[4] 81652 47.440000
[5] 79901 47.510000
[6] 80030 47.660000
[7] 81757 47.420000
[8] 82546 47.590000
[9] 79285 47.660000
[10] 83038 47.610000
[11] 80094 47.730000
1 12 48.730000
[0] 103957 47.510000
[1] 77237 47.650000
[2] 81118 47.380000
[3] 80600 47.680000
[4] 84637 47.350000
[5] 79710 47.560000
[6] 85470 47.590000
[7] 78682 47.400000
[8] 80538 47.560000
[9] 79575 47.670000
[10] 86141 47.430000
[11] 82335 47.750000
1 12 48.620000

[0] 95322 46.810000
[1] 86942 46.380000
[2] 72478 46.710000
[3] 92318 46.690000
[4] 75742 46.620000
[5] 74526 46.710000
[6] 82078 46.580000
[7] 74106 46.520000
[8] 91422 46.470000
[9] 83806 46.840000
[10] 91678 46.650000
[11] 79582 46.570000
1 12 47.280000
[0] 95304 46.620000
[1] 76944 46.940000
[2] 77726 46.950000
[3] 82269 47.000000
[4] 85405 46.940000
[5] 84446 46.800000
[6] 84446 46.860000
[7] 78237 46.690000
[8] 77022 46.830000
[9] 81118 46.890000
[10] 92765 46.800000
[11] 84318 46.990000
1 12 47.450000
[0] 97242 46.720000
[1] 78656 46.740000
[2] 87581 46.600000
[3] 82718 46.510000
[4] 81885 46.620000
[5] 81181 46.670000
[6] 77469 46.790000
[7] 83357 46.690000
[8] 81054 46.720000
[9] 82974 46.740000
[10] 81245 46.770000
[11] 84638 46.690000
1 12 47.140000
[0] 93402 46.640000
[1] 74879 46.690000
[2] 86365 46.640000
[3] 78493 46.780000
[4] 82269 46.750000
[5] 86046 46.720000
[6] 84254 46.850000
[7] 80797 46.760000
[8] 83998 46.700000
[9] 80350 46.940000
[10] 85470 46.720000
[11] 83677 46.650000
1 12 47.360000
