
[0] 1000000 45.440000
1 1 45.700000

[0] 500000 45.540000
[1] 500000 24.840000
1 2 45.850000

[0] 250000 11.710000
[1] 250000 46.190000
[2] 250000 29.070000
[3] 250000 0.800000
1 4 46.350000

[0] 125000 4.120000
[1] 125000 18.180000
[2] 125000 34.330000
[3] 125000 49.840000
[4] 125000 41.550000
[5] 125000 3.650000
[6] 125000 3.870000
[7] 125000 3.920000
1 8 50.160000

[0] 83334 2.930000
[1] 83334 4.330000
[2] 83334 21.260000
[3] 83334 23.690000
[4] 83333 42.700000
[5] 83333 47.780000
[6] 83333 44.690000
[7] 83333 7.820000
[8] 83333 3.730000
[9] 83333 3.360000
[10] 83333 3.490000
[11] 83333 3.580000
1 12 48.030000

[0] 83334 6.480000
[1] 83334 7.870000
[2] 83334 22.380000
[3] 83334 24.120000
[4] 83333 43.370000
[5] 83333 48.030000
[6] 83333 44.720000
[7] 83333 8.490000
[8] 83333 7.010000
[9] 83333 7.030000
[10] 83333 7.080000
[11] 83333 6.950000
1 12 48.350000
[0] 83334 6.560000
[1] 83334 8.040000
[2] 83334 22.860000
[3] 83334 24.050000
[4] 83333 43.620000
[5] 83333 48.130000
[6] 83333 44.800000
[7] 83333 8.620000
[8] 83333 7.870000
[9] 83333 7.580000
[10] 83333 7.300000
[11] 83333 7.390000
1 12 48.390000

[0] 83334 3.620000
[1] 83334 4.660000
[2] 83334 25.460000
[3] 83334 20.590000
[4] 83333 39.110000
[5] 83333 47.280000
[6] 83333 46.580000
[7] 83333 6.740000
[8] 83333 4.160000
[9] 83333 4.150000
[10] 83333 3.980000
[11] 83333 4.180000
1 12 47.630000
[0] 83334 3.120000
[1] 83334 4.150000
[2] 83334 13.430000
[3] 83334 21.790000
[4] 83333 44.210000
[5] 83333 47.240000
[6] 83333 44.870000
[7] 83333 6.060000
[8] 83333 3.140000
[9] 83333 3.050000
[10] 83333 3.360000
[11] 83333 3.360000
1 12 47.390000
[0] 83334 3.790000
[1] 83334 4.940000
[2] 83334 20.160000
[3] 83334 25.230000
[4] 83333 40.960000
[5] 83333 47.320000
[6] 83333 42.540000
[7] 83333 6.570000
[8] 83333 4.190000
[9] 83333 4.180000
[10] 83333 4.170000
[11] 83333 4.300000
1 12 47.510000

[0] 83334 4.120000
[1] 83334 5.590000
[2] 83334 23.400000
[3] 83334 22.140000
[4] 83333 42.430000
[5] 83333 47.020000
[6] 83333 44.750000
[7] 83333 7.100000
[8] 83333 4.730000
[9] 83333 4.930000
[10] 83333 4.840000
[11] 83333 4.920000
1 12 47.210000
[0] 83334 4.460000
[1] 83334 5.890000
[2] 83334 18.310000
[3] 83334 24.010000
[4] 83333 40.770000
[5] 83333 46.870000
[6] 83333 44.740000
[7] 83333 6.480000
[8] 83333 5.590000
[9] 83333 5.400000
[10] 83333 5.350000
[11] 83333 5.480000
1 12 47.110000
[0] 83334 3.840000
[1] 83334 5.730000
[2] 83334 21.210000
[3] 83334 23.100000
[4] 83333 42.630000
[5] 83333 47.050000
[6] 83333 44.700000
[7] 83333 6.140000
[8] 83333 4.850000
[9] 83333 4.900000
[10] 83333 4.720000
[11] 83333 4.870000
1 12 47.210000
[0] 83334 4.040000
[1] 83334 5.630000
[2] 83334 21.460000
[3] 83334 22.600000
[4] 83333 41.560000
[5] 83333 46.990000
[6] 83333 43.690000
[7] 83333 6.810000
[8] 83333 5.030000
[9] 83333 5.120000
[10] 83333 4.910000
[11] 83333 5.050000
1 12 47.210000
