[1 12]
[62] 0.119700 0.000103 0.079641 0.003042 673
[95] 0.083694 0.000119 0.096126 0.003208 665
[79] 0.097992 0.000102 0.092728 0.003013 569
[111] 0.073676 0.000088 0.100698 0.003007 593
[15] 0.154408 0.000115 0.059838 0.003044 601
[31] 0.143897 0.000096 0.067820 0.003012 545
[63] 0.063470 0.000115 0.088906 0.003055 609
[94] 0.084648 0.000114 0.091298 0.003022 657
[103] 0.073937 0.000100 0.098248 0.003029 673
[117] 0.059803 0.000097 0.088778 0.003010 665
[118] 0.032499 0.000095 0.102104 0.003002 617
[32] 0.080649 0.000131 0.078055 0.003007 705
[45] 0.130152 0.000115 0.071862 0.003030 673
[53] 0.097891 0.000116 0.084353 0.003025 609
[55] 0.062022 0.000108 0.086296 0.003015 665
[70] 0.052927 0.000081 0.091698 0.003005 545
[87] 0.046868 0.000109 0.095032 0.003014 617
[93] 0.094930 0.000103 0.084034 0.002976 617
[108] 0.107634 0.000094 0.088696 0.003006 553
[109] 0.095752 0.000108 0.101583 0.003024 681
[116] 0.041350 0.000120 0.098228 0.003015 657
[124] 0.003799 0.000102 0.101993 0.003023 633
[125] 0.052446 0.000099 0.099369 0.003043 601
[126] 0.085938 0.000118 0.102882 0.002992 705
[7] 0.125895 0.000108 0.074185 0.002974 617
[24] 0.039778 0.000093 0.078760 0.003034 609
[30] 0.135567 0.000123 0.080670 0.002990 697
[39] 0.099195 0.000085 0.083788 0.003005 521
[61] 0.095801 0.000142 0.089553 0.002999 689
[88] 0.026062 0.000086 0.092816 0.003022 617
[22] 0.088442 0.000107 0.075886 0.002982 681
[1] 0.066478 0.000096 0.074455 0.003035 553
[8] 0.107931 0.000127 0.071129 0.002974 633
[2] 0.122892 0.000097 0.064093 0.002995 665
[17] 0.046703 0.000087 0.077638 0.003007 617
[21] 0.126800 0.000120 0.065536 0.003049 641
[60] 0.054829 0.000134 0.081493 0.003032 633
[102] 0.032683 0.000093 0.100522 0.002986 649
[4] 0.227993 0.000123 0.024966 0.016415 665
[14] 0.035498 0.000120 0.077418 0.003016 641
[19] 0.048850 0.000081 0.077493 0.003044 577
[33] 0.042226 0.000103 0.080383 0.003128 601
[46] 0.151363 0.000125 0.058236 0.002963 633
[65] 0.017417 0.000106 0.091018 0.003027 681
[123] 0.022243 0.000087 0.107513 0.003036 609
[44] 0.154994 0.000137 0.070097 0.002996 641
[49] 0.167324 0.000103 0.079637 0.003039 641
[18] 0.097918 0.000107 0.077424 0.003064 609
[29] 0.132960 0.000112 0.077649 0.003050 601
[58] 0.028386 0.000092 0.087982 0.002998 625
[72] 0.073878 0.000109 0.084314 0.003010 601
[74] 0.130469 0.000100 0.079355 0.002979 657
[76] 0.119774 0.000097 0.080869 0.003025 561
[81] 0.010809 0.000093 0.094975 0.003000 577
[85] 0.061359 0.000079 0.094519 0.003006 665
[92] 0.057165 0.000111 0.092791 0.003001 585
[99] 0.163799 0.000095 0.081293 0.003134 633
[119] 0.040275 0.000097 0.101322 0.003109 673
[127] 0.005279 0.000106 0.105552 0.002988 633
[6] 0.122749 0.000125 0.074181 0.003100 665
[96] 0.056954 0.000085 0.090764 0.003045 545
[41] 0.111484 0.000099 0.081101 0.003036 529
[10] 0.053860 0.000120 0.075129 0.002987 713
[12] 0.172864 0.000121 0.054297 0.002983 689
[26] 0.035719 0.000102 0.080739 0.003120 617
[51] 0.019632 0.000102 0.090531 0.003064 633
[57] 0.033155 0.000098 0.086887 0.003025 617
[64] 0.064802 0.000122 0.081589 0.003048 657
[66] 0.073687 0.000104 0.090793 0.003007 649
[67] 0.071460 0.000088 0.090095 0.002980 545
[80] 0.031300 0.000101 0.093423 0.003012 617
[110] 0.065527 0.000092 0.091820 0.003031 625
[121] 0.028004 0.000087 0.102741 0.003021 649
[69] 0.091035 0.000096 0.077431 0.003109 649
[113] 0.145772 0.000100 0.093433 0.002979 617
[75] 0.100642 0.000112 0.091996 0.003029 649
[47] 0.125546 0.000111 0.076167 0.003083 641
[16] 0.064640 0.000130 0.069634 0.003036 697
[97] 0.014648 0.000106 0.097431 0.003006 641
[34] 0.111560 0.000094 0.074278 0.002974 633
[20] 0.138115 0.000138 0.064155 0.003079 601
[23] 0.080660 0.000136 0.078669 0.003169 713
[27] 0.124815 0.000108 0.079815 0.003015 617
[28] 0.094500 0.000104 0.072812 0.003025 649
[48] 0.191368 0.000110 0.043905 0.003037 641
[68] 0.107659 0.000126 0.086804 0.003042 697
[73] 0.114658 0.000118 0.091907 0.003010 641
[89] 0.070016 0.000103 0.092878 0.002989 673
[90] 0.164125 0.000121 0.088608 0.005266 705
[91] 0.044712 0.000114 0.095152 0.003118 617
[98] 0.088582 0.000098 0.089563 0.003002 609
[105] 0.071721 0.000094 0.087395 0.003128 577
[106] 0.113912 0.000107 0.084390 0.002979 633
[71] 0.018337 0.000090 0.094182 0.003066 609
[84] 0.097420 0.000116 0.087359 0.003056 689
[86] 0.059934 0.000125 0.085913 0.003023 729
[100] 0.098756 0.000109 0.091113 0.003277 641
[101] 0.042062 0.000101 0.096097 0.003044 641
[25] 0.094339 0.000095 0.079272 0.002994 545
[115] 0.166666 0.000087 0.075821 0.002962 601
[56] 0.019550 0.000089 0.087734 0.003035 641
[78] 0.049545 0.000098 0.094100 0.003085 657
[9] 0.146904 0.000117 0.062100 0.002998 617
[13] 0.135964 0.000125 0.076116 0.003106 649
[36] 0.135402 0.000106 0.071377 0.003037 601
[38] 0.092950 0.000086 0.073905 0.003031 625
[77] 0.082698 0.000081 0.090026 0.003026 585
[82] 0.063509 0.000112 0.091240 0.003028 697
[112] 0.156466 0.000082 0.076987 0.003090 585
[11] 0.146903 0.000123 0.066131 0.003082 609
[114] 0.014528 0.000090 0.101930 0.003006 689
[120] 0.005831 0.000103 0.101820 0.003027 657
[3] 0.091445 0.000118 0.073417 0.003069 672
[43] 0.097882 0.000105 0.083172 0.003016 665
[52] 0.077999 0.000108 0.079198 0.003040 633
[54] 0.066401 0.000087 0.086917 0.003023 585
[59] 0.111828 0.000103 0.079446 0.003089 713
[104] 0.075818 0.000100 0.095468 0.002994 665
[122] 0.173291 0.000118 0.077894 0.003009 673
[83] 0.173409 0.000101 0.076931 0.005755 673
[0] 0.101780 0.000118 0.066089 0.003048 625
[5] 0.131319 0.000113 0.071638 0.003040 649
[37] 0.083338 0.000108 0.082428 0.003062 593
[50] 0.051610 0.000135 0.082530 0.003067 713
[42] 0.123230 0.000116 0.084774 0.002984 657
[40] 0.101879 0.000129 0.075702 0.003030 689
[107] 0.053136 0.000097 0.099125 0.003082 585
[35] 0.043777 0.000107 0.081909 0.003091 585