[1 2]
[0] 12.570485 0.000183 0.000000 0.007071 897
[35] 12.542629 0.000220 0.000000 0.007398 1074
[129] 12.340262 0.000104 0.000000 0.065023 492
[145] 12.331025 0.000107 0.000000 0.054945 381
[1] 12.337369 0.000177 0.000000 0.039357 1062
[2] 12.573363 0.000102 0.000000 0.014351 222
[3] 12.562774 0.000109 0.000000 0.029983 82
[4] 12.488772 0.000137 0.000000 0.097020 663
[5] 12.320294 0.000145 0.000000 0.120423 771
[7] 12.527721 0.000183 0.000000 0.072901 776
[17] 12.349324 0.000123 0.000000 0.010775 444
[18] 12.583128 0.000096 0.000000 0.007060 278
[19] 12.584921 0.000211 0.000000 0.007089 1112
[22] 12.556852 0.000134 0.000000 0.066689 306
[23] 12.615484 0.000165 0.000000 0.012481 918
[44] 12.506292 0.000137 0.000000 0.024272 594
[69] 12.350419 0.000132 0.000000 0.114086 580
[76] 12.508621 0.000121 0.000000 0.090316 486
[82] 12.619464 0.000103 0.000000 0.007003 261
[90] 12.502172 0.000153 0.000000 0.111259 426
[106] 12.540614 0.000146 0.000000 0.007001 566
[131] 12.530037 0.000165 0.000000 0.068245 906
[133] 12.335540 0.000152 0.000000 0.137042 504
[152] 12.510404 0.000105 0.000000 0.049604 176
[154] 12.578918 0.000148 0.000000 0.014153 330
[176] 12.595152 0.000200 0.000000 0.007064 981
[179] 12.543566 0.000217 0.000000 0.086275 916
[6] 12.557668 0.000133 0.000000 0.011081 558
[8] 12.489762 0.000180 0.000000 0.057851 1007
[9] 12.321926 0.000147 0.000000 0.038668 650
[10] 12.506531 0.000178 0.000000 0.007021 842
[11] 12.536587 0.000101 0.000000 0.034313 311
[12] 12.487262 0.000144 0.000000 0.040590 538
[13] 12.327275 0.000102 0.000000 0.090201 321
[14] 12.468246 0.000095 0.000000 0.048454 82
[15] 12.466315 0.000155 0.000000 0.007065 466
[16] 12.494658 0.000155 0.000000 0.139310 559
[20] 12.606207 0.000115 0.000000 0.017144 282
[21] 12.320141 0.000170 0.000000 0.076322 1014
[24] 12.477316 0.000205 0.000000 0.066066 816
[25] 12.357233 0.000179 0.000000 0.007036 796
[26] 12.563758 0.000182 0.000000 0.018726 986
[27] 12.534954 0.000156 0.000000 0.067269 743
[28] 12.493522 0.000115 0.000000 0.076999 414
[29] 12.326800 0.000219 0.000000 0.070349 1332
[30] 12.530221 0.000181 0.000000 0.037467 853
[31] 12.468383 0.000122 0.000000 0.020386 406
[32] 12.562438 0.000165 0.000000 0.007056 746
[33] 12.323301 0.000179 0.000000 0.107953 952
[34] 12.565433 0.000105 0.000000 0.007038 89
[36] 12.475247 0.000106 0.000000 0.135227 438
[37] 12.314744 0.000138 0.000000 0.151625 534
[38] 12.584627 0.000086 0.000000 0.011426 314
[39] 12.583457 0.000238 0.000000 0.007044 1284
[40] 12.518031 0.000155 0.000000 0.006970 643
[41] 12.355306 0.000114 0.000000 0.016048 416
[42] 12.519084 0.000137 0.000000 0.007039 531
[43] 12.553441 0.000163 0.000000 0.007073 646
[45] 12.343846 0.000224 0.000000 0.100619 1726
[46] 12.481799 0.000136 0.000000 0.040700 510
[47] 12.460572 0.000178 0.000000 0.016890 789
[48] 12.584287 0.000111 0.000000 0.007065 156
[49] 12.334187 0.000149 0.000000 0.043368 786
[50] 12.607650 0.000167 0.000000 0.007098 756
[51] 12.615852 0.000114 0.000000 0.016029 314
[52] 12.540664 0.000133 0.000000 0.006984 358
[53] 12.341308 0.000155 0.000000 0.066793 853
[54] 12.491296 0.000175 0.000000 0.135911 498
[55] 12.562239 0.000164 0.000000 0.007035 614
[56] 12.494287 0.000207 0.000000 0.063218 1026
[57] 12.351541 0.000152 0.000000 0.035037 846
[58] 12.489100 0.000085 0.000000 0.038754 262
[59] 12.533951 0.000237 0.000000 0.030051 1417
[60] 12.495757 0.000220 0.000000 0.101978 1228
[61] 12.314357 0.000140 0.000000 0.120662 366
[62] 12.542729 0.000147 0.000000 0.007980 717
[63] 12.461542 0.000122 0.000000 0.033366 516
[64] 12.512179 0.000167 0.000000 0.089773 816
[65] 12.352241 0.000155 0.000000 0.053903 903
[66] 12.477558 0.000151 0.000000 0.142690 717
[67] 12.581841 0.000158 0.000000 0.007030 663
[68] 12.497978 0.000160 0.000000 0.142850 809
[70] 12.615400 0.000144 0.000000 0.019170 574
[71] 12.524535 0.000192 0.000000 0.105550 1020
[72] 12.484865 0.000140 0.000000 0.037502 690
[73] 12.352722 0.000183 0.000000 0.008583 678
[74] 12.486884 0.000167 0.000000 0.061482 894
[75] 12.622485 0.000129 0.000000 0.023085 330
[77] 12.323807 0.000159 0.000000 0.094087 744
[78] 12.539095 0.000169 0.000000 0.021336 890
[79] 12.478058 0.000142 0.000000 0.007072 456
[80] 12.502821 0.000094 0.000000 0.107908 83
[81] 12.340699 0.000180 0.000000 0.040741 864
[83] 12.533161 0.000165 0.000000 0.089280 789
[84] 12.504863 0.000157 0.000000 0.027222 787
[85] 12.319259 0.000184 0.000000 0.125027 1230
[86] 12.647477 0.000192 0.000000 0.007085 1020
[87] 12.536880 0.000187 0.000000 0.047791 1038
[88] 12.512799 0.000156 0.000000 0.115489 663
[89] 12.332534 0.000157 0.000000 0.061325 710
[91] 12.619451 0.000176 0.000000 0.028736 601
[92] 12.613411 0.000131 0.000000 0.024542 526
[93] 12.406133 0.000158 0.000000 0.007027 646
[94] 12.568181 0.000168 0.000000 0.042328 582
[95] 12.473751 0.000135 0.000000 0.014550 566
[96] 12.570091 0.000119 0.000000 0.007017 564
[97] 12.332872 0.000162 0.000000 0.125744 681
[98] 12.473722 0.000230 0.000000 0.135995 1002
[99] 12.547187 0.000131 0.000000 0.007041 426
[100] 12.613687 0.000135 0.000000 0.007007 480
[101] 12.328623 0.000129 0.000000 0.146941 736
[102] 12.487723 0.000169 0.000000 0.123132 826
[103] 12.539762 0.000141 0.000000 0.080307 630
[104] 12.512403 0.000166 0.000000 0.034529 468
[105] 12.421652 0.000209 0.000000 0.007070 886
[107] 12.531183 0.000162 0.000000 0.056894 609
[109] 12.345861 0.000139 0.000000 0.137474 401
[110] 12.497762 0.000152 0.000000 0.036422 672
[111] 12.461538 0.000184 0.000000 0.028636 955
[112] 12.508873 0.000204 0.000000 0.126762 926
[113] 12.340056 0.000123 0.000000 0.051796 492
[114] 12.616862 0.000141 0.000000 0.014149 654
[115] 12.542761 0.000146 0.000000 0.067697 306
[116] 12.512002 0.000145 0.000000 0.095408 386
[117] 12.330150 0.000114 0.000000 0.106605 361
[118] 12.569071 0.000212 0.000000 0.078476 1284
[119] 12.545040 0.000165 0.000000 0.068646 681
[120] 12.487325 0.000218 0.000000 0.046431 1238
[121] 12.329962 0.000115 0.000000 0.079258 552
[122] 12.479765 0.000161 0.000000 0.059272 765
[123] 12.616255 0.000205 0.000000 0.007014 930
[125] 12.333161 0.000177 0.000000 0.117451 894
[126] 12.486617 0.000106 0.000000 0.076449 243
[127] 12.477994 0.000120 0.000000 0.027579 326
[128] 12.653648 0.000152 0.000000 0.007087 726
[130] 12.590021 0.000116 0.000000 0.006981 444
[132] 12.514880 0.000211 0.000000 0.007049 1029
[134] 12.563605 0.000155 0.000000 0.007886 756
[135] 12.626380 0.000164 0.000000 0.012369 622
[136] 12.538885 0.000142 0.000000 0.006998 582
[137] 12.345724 0.000098 0.000000 0.035370 384
[138] 12.511671 0.000138 0.000000 0.014417 456
[139] 12.548797 0.000198 0.000000 0.036791 1041
[140] 12.597806 0.000231 0.000000 0.007049 1084
[141] 12.343795 0.000157 0.000000 0.107800 678
[142] 12.497553 0.000165 0.000000 0.025095 906
[143] 12.474615 0.000128 0.000000 0.025025 480
[144] 12.654811 0.000215 0.000000 0.007061 1176
[146] 12.546971 0.000113 0.000000 0.022094 331
[147] 12.595467 0.000209 0.000000 0.014181 897
[148] 12.656174 0.000206 0.000000 0.007085 1536
[149] 12.332864 0.000091 0.000000 0.108887 219
[150] 12.507626 0.000215 0.000000 0.104825 1086
[151] 12.629855 0.000204 0.000000 0.007063 915
[153] 12.332990 0.000168 0.000000 0.053564 846
[155] 12.532147 0.000141 0.000000 0.076669 396
[156] 12.632461 0.000212 0.000000 0.014044 1270
[157] 12.323699 0.000128 0.000000 0.104820 630
[158] 12.513018 0.000185 0.000000 0.008722 776
[159] 12.471347 0.000179 0.000000 0.038703 798
[160] 12.512554 0.000139 0.000000 0.108708 558
[161] 12.333143 0.000162 0.000000 0.134712 726
[162] 12.553756 0.000182 0.000000 0.007028 798
[163] 12.562135 0.000189 0.000000 0.007045 636
[164] 12.628332 0.000192 0.000000 0.030408 963
[165] 12.478050 0.000113 0.000000 0.007087 436
[166] 12.604439 0.000144 0.000000 0.006962 546
[167] 12.535037 0.000186 0.000000 0.124317 650
[168] 12.495857 0.000117 0.000000 0.061274 107
[169] 12.324165 0.000165 0.000000 0.086528 753
[170] 12.492510 0.000145 0.000000 0.036751 636
[171] 12.566506 0.000182 0.000000 0.007024 842
[172] 12.512540 0.000176 0.000000 0.045575 726
[173] 12.356302 0.000222 0.000000 0.118898 1191
[174] 12.520547 0.000158 0.000000 0.007040 882
[175] 12.482481 0.000142 0.000000 0.035031 686
[177] 12.397243 0.000104 0.000000 0.011057 270
[178] 12.623144 0.000117 0.000000 0.007013 468
[181] 12.340647 0.000163 0.000000 0.105619 638
[182] 12.626538 0.000191 0.000000 0.014269 710
[183] 12.554538 0.000127 0.000000 0.039272 545
[184] 12.584727 0.000165 0.000000 0.011036 771
[185] 12.363484 0.000199 0.000000 0.049237 1007
[186] 12.495834 0.000190 0.000000 0.043353 816
[187] 12.551934 0.000148 0.000000 0.013941 606
[188] 12.520617 0.000087 0.000000 0.062048 80
[189] 12.359067 0.000179 0.000000 0.111015 916
[190] 12.552961 0.000176 0.000000 0.014202 681
[191] 12.485229 0.000165 0.000000 0.034460 558
[192] 12.655652 0.000119 0.000000 0.007019 351
[193] 12.373557 0.000184 0.000000 0.065256 1046
[195] 12.553595 0.000206 0.000000 0.067862 1085
[196] 12.523826 0.000158 0.000000 0.129402 411
[197] 12.490955 0.000164 0.000000 0.006990 798
[198] 12.601116 0.000125 0.000000 0.007068 534
[199] 12.636512 0.000136 0.000000 0.023369 381
[200] 12.533721 0.000118 0.000000 0.007044 240
[201] 12.344197 0.000151 0.000000 0.037868 686
[202] 12.502172 0.000170 0.000000 0.052090 826
[203] 12.549061 0.000133 0.000000 0.044184 366
[207] 12.476786 0.000110 0.000000 0.032930 420
[209] 12.359433 0.000192 0.000000 0.041441 1116
[210] 12.509048 0.000238 0.000000 0.093329 1007
[211] 12.665939 0.000143 0.000000 0.007059 431
[218] 12.489631 0.000129 0.000000 0.141886 318
[229] 12.354859 0.000129 0.000000 0.147883 322
[108] 12.505649 0.000156 0.000000 0.077804 646
[180] 12.503765 0.000142 0.000000 0.120204 663
[194] 12.485546 0.000149 0.000000 0.108167 786
[204] 12.511878 0.000096 0.000000 0.111415 182
[205] 12.333500 0.000149 0.000000 0.134783 441
[206] 12.515087 0.000144 0.000000 0.041410 510
[208] 12.516947 0.000166 0.000000 0.071652 576
[212] 12.542551 0.000157 0.000000 0.007039 706
[213] 12.365535 0.000131 0.000000 0.111212 708
[214] 12.666286 0.000215 0.000000 0.007005 990
[215] 12.543497 0.000205 0.000000 0.122326 1026
[216] 12.507034 0.000147 0.000000 0.074934 663
[217] 12.331803 0.000159 0.000000 0.081174 735
[219] 12.586688 0.000162 0.000000 0.007040 678
[221] 12.439131 0.000151 0.000000 0.007037 517
[222] 12.503088 0.000114 0.000000 0.083853 376
[223] 12.486876 0.000120 0.000000 0.024231 361
[224] 12.639867 0.000161 0.000000 0.007071 721
[225] 12.358928 0.000154 0.000000 0.124142 744
[226] 12.584163 0.000094 0.000000 0.040536 146
[227] 12.555978 0.000183 0.000000 0.026947 726
[228] 12.512483 0.000175 0.000000 0.076309 663
[230] 12.506386 0.000161 0.000000 0.097234 580
[231] 12.639937 0.000126 0.000000 0.035613 358
[232] 12.542148 0.000160 0.000000 0.037825 754
[233] 12.350147 0.000166 0.000000 0.109938 717
[234] 12.514463 0.000214 0.000000 0.043444 886
[235] 12.561022 0.000176 0.000000 0.043439 810
[236] 12.523678 0.000168 0.000000 0.078774 732
[237] 12.495689 0.000134 0.000000 0.007065 559
[238] 12.518103 0.000097 0.000000 0.010769 154
[239] 12.513972 0.000161 0.000000 0.007153 671
[240] 12.573802 0.000096 0.000000 0.007025 396
[241] 12.427724 0.000180 0.000000 0.007070 994
[242] 12.505180 0.000166 0.000000 0.087011 678
[243] 12.641142 0.000212 0.000000 0.035197 955
[245] 12.374617 0.000132 0.000000 0.115102 630
[246] 12.510800 0.000186 0.000000 0.148871 670
[247] 12.641244 0.000169 0.000000 0.018544 552
[248] 12.537065 0.000141 0.000000 0.092417 503
[249] 12.347343 0.000186 0.000000 0.094049 1140
[250] 12.522683 0.000123 0.000000 0.011015 282
[251] 12.566229 0.000149 0.000000 0.060891 322
[252] 12.646210 0.000139 0.000000 0.009238 609
[253] 12.368987 0.000182 0.000000 0.116516 690
[254] 12.514984 0.000208 0.000000 0.015281 942
[255] 12.495197 0.000148 0.000000 0.032318 586
[124] 12.523489 0.000222 0.000000 0.045366 1302
[220] 12.602018 0.000131 0.000000 0.006992 526
[244] 12.642412 0.000158 0.000000 0.027133 645

[1 4]
[0] 7.981239 0.000144 0.000000 0.007060 654
[65] 7.853449 0.000170 0.000000 0.007393 834
[35] 8.062063 0.000169 0.000000 0.006990 896
[17] 8.101603 0.000131 0.000000 0.007139 736
[2] 7.996634 0.000074 0.000000 0.007055 150
[3] 8.001145 0.000103 0.000000 0.008702 82
[5] 7.985614 0.000136 0.000000 0.007375 516
[7] 8.027489 0.000153 0.000000 0.007119 776
[9] 7.956660 0.000119 0.000000 0.007136 282
[10] 7.899954 0.000134 0.000000 0.007010 614
[11] 7.881070 0.000070 0.000000 0.007041 189
[18] 7.830701 0.000100 0.000000 0.007172 550
[19] 7.934455 0.007597 0.000000 0.007095 480
[20] 8.037055 0.000130 0.000000 0.007120 627
[22] 8.021236 0.000132 0.000000 0.007033 306
[30] 7.954075 0.000133 0.000000 0.007088 622
[32] 7.963255 0.000152 0.000000 0.007149 746
[33] 8.040272 0.000153 0.000000 0.014307 608
[34] 8.033794 0.000073 0.000000 0.007041 89
[44] 8.015172 0.000165 0.000000 0.007095 678
[51] 8.024420 0.000100 0.000000 0.007103 314
[53] 7.944260 0.000152 0.000000 0.007360 776
[66] 7.934062 0.000172 0.000000 0.007080 796
[75] 7.880510 0.000129 0.000000 0.007101 573
[83] 7.926666 0.000150 0.000000 0.007036 702
[87] 8.103065 0.000175 0.000000 0.007060 780
[97] 7.979233 0.000158 0.000000 0.007094 606
[111] 7.956024 0.000162 0.000000 0.007093 882
[116] 7.990536 0.000157 0.000000 0.007060 538
[129] 8.029896 0.000198 0.000000 0.007116 816
[147] 8.021060 0.000184 0.000000 0.007071 1059
[179] 8.068860 0.000185 0.000000 0.007031 825
[1] 7.908890 0.000213 0.000000 0.007104 1062
[4] 8.028814 0.000124 0.000000 0.007056 517
[6] 7.977126 0.000073 0.000000 0.007082 213
[8] 7.913512 0.000211 0.000000 0.007132 1371
[12] 8.041147 0.000126 0.000000 0.007060 462
[13] 8.056760 0.000162 0.000000 0.007100 762
[14] 7.949347 0.000088 0.000000 0.007064 82
[15] 7.857493 0.000148 0.000000 0.007115 466
[16] 7.836523 0.000227 0.000000 0.007074 1270
[21] 7.945094 0.000176 0.000000 0.007065 1014
[23] 7.868441 0.000129 0.000000 0.007029 766
[24] 7.916558 0.000134 0.000000 0.007055 492
[25] 7.924167 0.000115 0.000000 0.007072 322
[26] 7.875406 0.000196 0.000000 0.007062 1196
[27] 7.886759 0.000101 0.000000 0.007076 676
[28] 7.872717 0.000151 0.000000 0.007135 958
[29] 7.893663 0.000144 0.000000 0.007388 552
[31] 7.975256 0.000179 0.000000 0.007071 726
[36] 7.941054 0.000133 0.000000 0.007118 582
[37] 8.068162 0.000109 0.000000 0.007085 358
[38] 7.979284 0.000107 0.000000 0.007072 237
[39] 7.912514 0.000173 0.000000 0.007121 929
[40] 7.924718 0.000166 0.000000 0.007075 643
[41] 7.907590 0.000136 0.000000 0.007332 416
[42] 7.995823 0.000168 0.000000 0.007096 831
[43] 8.011667 0.000144 0.000000 0.007068 726
[45] 8.042291 0.000166 0.000000 0.007103 866
[46] 8.066423 0.000186 0.000000 0.006984 1014
[47] 8.030677 0.000177 0.000000 0.007030 789
[48] 7.867806 0.000086 0.000000 0.007092 231
[49] 7.903368 0.000161 0.000000 0.007099 864
[50] 7.940987 0.000161 0.000000 0.007023 831
[52] 8.022441 0.000209 0.000000 0.007036 1062
[54] 8.049334 0.000132 0.000000 0.007079 662
[55] 8.061934 0.000182 0.000000 0.007098 994
[56] 7.931137 0.000167 0.000000 0.007100 856
[57] 7.901291 0.000152 0.000000 0.007043 846
[58] 7.942038 0.000107 0.000000 0.007050 454
[59] 7.972314 0.000235 0.000000 0.007086 1500
[60] 7.955152 0.000206 0.000000 0.007095 1228
[62] 8.041737 0.000158 0.000000 0.007099 638
[63] 7.926811 0.000115 0.000000 0.007065 431
[64] 7.861798 0.000139 0.000000 0.007105 654
[67] 7.901607 0.000121 0.000000 0.007101 444
[68] 8.056617 0.000150 0.000000 0.007096 882
[69] 7.890671 0.000147 0.000000 0.007069 580
[70] 7.978967 0.000135 0.000000 0.007042 645
[71] 7.901141 0.000147 0.000000 0.007033 630
[72] 7.909200 0.000158 0.000000 0.007067 842
[73] 8.083423 0.000158 0.000000 0.007045 582
[74] 7.850598 0.000134 0.000000 0.007030 672
[76] 7.954664 0.000127 0.000000 0.007061 326
[77] 8.032523 0.000123 0.000000 0.007394 334
[78] 7.910915 0.000105 0.000000 0.007118 550
[79] 7.862935 0.000147 0.000000 0.007108 606
[80] 8.109080 0.000098 0.000000 0.007337 237
[81] 8.100588 0.000112 0.000000 0.007363 396
[82] 8.111652 0.000151 0.000000 0.007957 686
[84] 8.041726 0.000114 0.000000 0.007110 432
[85] 8.102432 0.000152 0.000000 0.007107 686
[86] 7.920876 0.000148 0.000000 0.007096 630
[88] 7.918146 0.000114 0.000000 0.007091 371
[89] 7.837968 0.000130 0.000000 0.007254 710
[90] 7.858549 0.000154 0.000000 0.007115 762
[91] 7.880472 0.000201 0.000000 0.007087 1111
[92] 7.834642 0.000136 0.000000 0.007138 786
[93] 7.860651 0.000133 0.000000 0.007152 646
[94] 7.887942 0.000137 0.000000 0.007030 726
[95] 8.112504 0.000096 0.000000 0.007256 426
[96] 8.023185 0.000100 0.000000 0.007088 316
[98] 8.019368 0.000166 0.000000 0.007056 670
[99] 8.040408 0.000149 0.000000 0.007083 706
[100] 7.980570 0.000132 0.000000 0.007096 480
[101] 8.050385 0.000095 0.000000 0.007433 371
[102] 8.065712 0.000182 0.000000 0.007081 1154
[103] 8.077826 0.000112 0.000000 0.007107 474
[104] 7.899479 0.000130 0.000000 0.007108 468
[105] 8.015934 0.000169 0.000000 0.007089 806
[106] 7.924227 0.000139 0.000000 0.007034 726
[107] 8.038296 0.000151 0.000000 0.014161 609
[108] 8.062611 0.000093 0.000000 0.007098 198
[109] 8.002682 0.000118 0.000000 0.007087 322
[110] 8.034854 0.000164 0.000000 0.007018 820
[112] 8.112920 0.000177 0.000000 0.006994 834
[113] 7.941066 0.000113 0.000000 0.007357 249
[114] 7.926308 0.000170 0.000000 0.007087 798
[115] 7.895428 0.000161 0.000000 0.007049 606
[117] 7.881564 0.000110 0.000000 0.007100 361
[118] 8.065724 0.000193 0.000000 0.007012 1000
[119] 7.989490 0.000163 0.000000 0.007005 831
[120] 7.972893 0.000174 0.000000 0.007072 974
[121] 7.872566 0.000144 0.000000 0.007112 552
[122] 7.937142 0.000145 0.000000 0.007031 627
[123] 7.855672 0.000208 0.000000 0.007085 1266
[124] 7.911275 0.000150 0.000000 0.007040 816
[125] 7.879188 0.000146 0.000000 0.007287 820
[126] 8.049352 0.000129 0.000000 0.007063 401
[128] 7.917717 0.000141 0.000000 0.007102 786
[130] 7.999070 0.000115 0.000000 0.007090 517
[131] 8.086231 0.000134 0.000000 0.007028 606
[132] 8.076197 0.000144 0.000000 0.014243 657
[133] 8.038436 0.000137 0.000000 0.007084 504
[134] 8.059572 0.000207 0.000000 0.007063 906
[135] 8.066705 0.000151 0.000000 0.007106 534
[136] 7.996876 0.000132 0.000000 0.007042 582
[137] 7.989759 0.000138 0.000000 0.007374 573
[138] 7.895072 0.000131 0.000000 0.007139 606
[139] 7.967531 0.000117 0.000000 0.007061 351
[140] 8.018669 0.000212 0.000000 0.007088 986
[141] 7.947863 0.000118 0.000000 0.007128 342
[142] 8.057102 0.000182 0.000000 0.007026 981
[143] 8.006289 0.000182 0.000000 0.007018 796
[144] 7.861238 0.000180 0.000000 0.007115 816
[145] 7.857574 0.000111 0.000000 0.007102 306
[146] 8.103642 0.000123 0.000000 0.007027 266
[148] 7.952155 0.000211 0.000000 0.007097 1196
[149] 7.981025 0.000085 0.000000 0.007381 148
[150] 7.958332 0.000165 0.000000 0.007055 654
[151] 7.936539 0.000186 0.000000 0.007066 1016
[152] 7.880520 0.000122 0.000000 0.007099 176
[153] 7.850608 0.000143 0.000000 0.007085 706
[154] 7.878925 0.000098 0.000000 0.007010 249
[155] 7.961106 0.000129 0.000000 0.007030 630
[156] 7.908979 0.000204 0.000000 0.007102 1033
[157] 7.999320 0.000120 0.000000 0.007117 318
[159] 7.841765 0.000152 0.000000 0.007036 798
[160] 8.067873 0.000155 0.000000 0.007066 765
[161] 8.072701 0.000154 0.000000 0.007343 1086
[162] 8.036089 0.000160 0.000000 0.007082 654
[163] 8.105457 0.000178 0.000000 0.007042 816
[164] 8.092147 0.000130 0.000000 0.007100 528
[165] 8.089859 0.000167 0.000000 0.007129 780
[166] 8.105550 0.000164 0.000000 0.007000 906
[167] 7.854683 0.000185 0.000000 0.007024 834
[168] 8.018726 0.000108 0.000000 0.007049 107
[169] 8.034338 0.000149 0.000000 0.007103 504
[170] 7.880510 0.000108 0.000000 0.007041 321
[171] 7.976752 0.000121 0.000000 0.007111 386
[172] 8.088279 0.000165 0.000000 0.007667 886
[173] 8.085670 0.000189 0.000000 0.007374 1270
[174] 8.027202 0.000175 0.000000 0.007089 1028
[175] 8.059283 0.000144 0.000000 0.007050 618
[176] 8.010274 0.000198 0.000000 0.007108 831
[177] 8.013430 0.000109 0.000000 0.007078 468
[178] 7.911586 0.000129 0.000000 0.007029 468
[180] 8.083810 0.000161 0.000000 0.007067 663
[181] 8.024053 0.000217 0.000000 0.007057 1033
[182] 8.090047 0.000184 0.000000 0.010221 886
[183] 8.086354 0.000119 0.000000 0.007048 391
[184] 8.017522 0.000204 0.000000 0.007038 941
[185] 8.022217 0.000137 0.000000 0.007421 545
[186] 8.125604 0.000157 0.000000 0.007321 573
[187] 8.009625 0.000132 0.000000 0.007098 381
[188] 8.084150 0.000084 0.000000 0.007046 154
[189] 8.049244 0.000219 0.000000 0.007085 1189
[190] 7.984515 0.000166 0.000000 0.007036 981
[192] 7.902648 0.000087 0.000000 0.007091 213
[193] 7.957669 0.000175 0.000000 0.007099 726
[194] 7.923800 0.000176 0.000000 0.007039 942
[195] 8.066899 0.000223 0.000000 0.007076 1168
[197] 7.978994 0.000125 0.000000 0.007365 468
[198] 8.052431 0.000149 0.000000 0.007118 600
[199] 7.954472 0.000135 0.000000 0.007130 306
[200] 7.870625 0.000120 0.000000 0.007092 396
[201] 7.944660 0.000142 0.000000 0.007096 754
[202] 7.863829 0.000166 0.000000 0.007015 908
[203] 7.955917 0.000126 0.000000 0.007079 438
[204] 8.047668 0.000119 0.000000 0.007084 182
[205] 8.060400 0.000116 0.000000 0.007112 354
[206] 7.991515 0.000178 0.000000 0.007066 930
[207] 7.958816 0.000106 0.000000 0.007153 351
[209] 8.119009 0.000138 0.000000 0.007175 746
[210] 8.119225 0.000176 0.000000 0.007400 734
[211] 8.023657 0.000107 0.000000 0.007116 261
[212] 7.977583 0.000122 0.000000 0.007139 496
[213] 7.934843 0.000110 0.000000 0.007094 474
[214] 8.029158 0.007982 0.000000 0.007053 908
[215] 7.880034 0.000165 0.000000 0.007091 771
[216] 8.128698 0.000134 0.000000 0.007036 444
[217] 7.902027 0.000119 0.000000 0.007068 330
[218] 8.122087 0.000095 0.000000 0.007047 240
[219] 7.924725 0.000151 0.000000 0.007077 594
[221] 7.908646 0.000150 0.000000 0.007314 663
[222] 7.895119 0.000137 0.000000 0.007092 598
[223] 7.935250 0.000100 0.000000 0.007095 219
[224] 7.966304 0.000156 0.000000 0.007115 851
[225] 8.011473 0.000222 0.000000 0.007101 1236
[226] 7.976755 0.000147 0.000000 0.007027 706
[227] 8.029972 0.000196 0.000000 0.007006 1086
[228] 8.002178 0.000141 0.000000 0.007058 590
[229] 8.073294 0.000103 0.000000 0.007100 164
[230] 8.087380 0.000167 0.000000 0.007039 826
[231] 8.133392 0.000140 0.000000 0.026714 710
[233] 8.040534 0.000151 0.000000 0.007350 638
[234] 7.921908 0.000135 0.000000 0.007111 566
[235] 8.077977 0.000148 0.000000 0.007131 609
[236] 8.052160 0.000201 0.000000 0.007077 864
[238] 8.026522 0.000105 0.000000 0.007034 302
[239] 7.984472 0.000227 0.000000 0.007009 1146
[241] 7.976800 0.000184 0.000000 0.007092 766
[242] 8.101453 0.000144 0.000000 0.011641 594
[243] 8.025273 0.000194 0.000000 0.007071 1028
[245] 7.948095 0.000154 0.000000 0.007383 630
[61] 7.964621 0.000128 0.000000 0.007110 276
[127] 7.976781 0.000124 0.000000 0.007044 246
[158] 7.907499 0.000125 0.000000 0.007105 545
[191] 8.038618 0.000139 0.000000 0.007004 696
[196] 8.031168 0.000098 0.000000 0.007082 249
[208] 8.093969 0.000153 0.000000 0.013731 576
[220] 7.912828 0.000190 0.000000 0.007063 1046
[237] 8.086288 0.000164 0.000000 0.007077 638
[240] 7.857576 0.000116 0.000000 0.007076 552
[244] 8.090355 0.000167 0.000000 0.007022 787
[246] 7.997145 0.000210 0.000000 0.007084 919
[247] 8.051050 0.000125 0.000000 0.007059 396
[248] 7.908182 0.000152 0.000000 0.007099 716
[249] 8.003103 0.000219 0.000000 0.007119 978
[250] 7.957271 0.000139 0.000000 0.007022 627
[251] 7.938410 0.000131 0.000000 0.006991 559
[252] 7.959430 0.000146 0.000000 0.007043 676
[253] 7.919556 0.000155 0.000000 0.007077 842
[254] 8.019688 0.000201 0.000000 0.007097 786
[255] 8.012713 0.000159 0.000000 0.007129 752
[232] 7.986606 0.000135 0.000000 0.007090 550

[1 12]
[19] 19.998225 0.000187 0.000000 0.017041 796
[136] 20.090656 0.000130 0.000000 0.006993 438
[66] 20.113514 0.000248 0.000000 0.011098 1191
[33] 19.975716 0.000197 0.000000 0.021858 866
[51] 19.968230 0.000168 0.000000 0.012777 776
[164] 20.031668 0.000181 0.000000 0.129005 702
[0] 20.100250 0.000177 0.000000 0.007086 735
[2] 19.997045 0.000137 0.000000 0.129944 294
[3] 20.001022 0.000113 0.000000 0.030554 82
[4] 20.002043 0.000163 0.000000 0.065671 663
[11] 19.962678 0.000075 0.000000 0.022189 128
[22] 20.022243 0.000173 0.000000 0.074378 306
[35] 19.968679 0.000203 0.000000 0.007336 985
[43] 19.969218 0.000220 0.000000 0.037339 886
[58] 20.008857 0.000117 0.000000 0.138242 390
[65] 19.990517 0.000162 0.000000 0.007061 558
[67] 19.969771 0.000193 0.000000 0.027855 882
[75] 19.994730 0.000147 0.000000 0.018767 492
[79] 19.966048 0.000176 0.000000 0.039013 681
[82] 20.026458 0.000129 0.000000 0.081734 261
[83] 20.002175 0.000166 0.000000 0.007367 702
[87] 20.021025 0.000227 0.000000 0.023630 1210
[89] 20.124024 0.000163 0.000000 0.007002 798
[99] 19.977031 0.000210 0.000000 0.019674 1056
[101] 19.990427 0.000149 0.000000 0.023480 590
[115] 19.982342 0.000204 0.000000 0.009334 506
[116] 20.023321 0.000134 0.000000 0.136376 310
[135] 20.133474 0.000126 0.000000 0.007137 446
[137] 19.991340 0.000136 0.000000 0.094310 447
[142] 20.047242 0.000190 0.000000 0.007036 606
[143] 20.122400 0.000165 0.000000 0.007389 559
[163] 19.986950 0.000169 0.000000 0.053786 546
[179] 20.006806 0.000270 0.000000 0.007274 1644
[187] 20.139565 0.000138 0.000000 0.007096 531
[1] 19.945729 0.000198 0.000000 0.069929 1062
[5] 19.980047 0.000193 0.000000 0.041123 1026
[6] 20.023074 0.000163 0.000000 0.079740 765
[7] 20.055212 0.000180 0.000000 0.012453 699
[8] 20.014815 0.000256 0.000000 0.102979 1735
[9] 20.061500 0.000180 0.000000 0.007069 834
[10] 20.150995 0.000171 0.000000 0.007014 918
[12] 19.995963 0.000186 0.000000 0.077181 918
[13] 20.039639 0.000129 0.000000 0.012224 573
[14] 20.032315 0.000099 0.000000 0.007035 82
[15] 20.024257 0.000139 0.000000 0.018300 466
[16] 20.006487 0.000191 0.000000 0.135533 954
[17] 20.029639 0.000165 0.000000 0.007013 663
[18] 20.092575 0.000116 0.000000 0.015200 278
[20] 20.010692 0.000124 0.000000 0.125822 351
[21] 19.958319 0.000228 0.000000 0.015353 1266
[23] 20.065834 0.000153 0.000000 0.007626 614
[24] 19.994148 0.000213 0.000000 0.142718 1140
[25] 20.074583 0.000177 0.000000 0.007105 954
[26] 19.998044 0.000188 0.000000 0.121207 776
[27] 20.053187 0.000108 0.000000 0.011750 408
[28] 20.018275 0.000188 0.000000 0.102192 822
[29] 20.104738 0.000201 0.000000 0.007002 942
[30] 20.007199 0.000180 0.000000 0.066155 853
[31] 20.097984 0.000154 0.000000 0.007014 726
[32] 20.029607 0.000131 0.000000 0.079292 524
[34] 20.005007 0.000107 0.000000 0.133234 89
[36] 20.005317 0.000195 0.000000 0.112326 1014
[37] 19.983130 0.000139 0.000000 0.007763 446
[38] 20.135450 0.000137 0.000000 0.014035 468
[39] 19.954302 0.000191 0.000000 0.078920 929
[40] 20.026232 0.000157 0.000000 0.099926 552
[41] 19.986144 0.000165 0.000000 0.033762 662
[42] 20.151716 0.000204 0.000000 0.011132 981
[44] 20.083518 0.000166 0.000000 0.007057 594
[45] 19.952246 0.000195 0.000000 0.091606 1038
[46] 20.004922 0.000168 0.000000 0.057437 678
[47] 19.958236 0.000205 0.000000 0.053779 963
[48] 20.013096 0.000116 0.000000 0.114815 306
[49] 19.995513 0.000197 0.000000 0.008383 942
[50] 20.134554 0.000186 0.000000 0.027394 831
[52] 20.156549 0.000185 0.000000 0.007075 534
[53] 19.957975 0.000184 0.000000 0.015277 853
[54] 20.037838 0.000181 0.000000 0.066625 744
[55] 20.053679 0.000203 0.000000 0.013132 1146
[56] 20.023191 0.000213 0.000000 0.140837 1196
[57] 19.984464 0.000154 0.000000 0.033589 706
[59] 19.962263 0.000184 0.000000 0.094297 919
[60] 20.018033 0.000249 0.000000 0.087385 1228
[62] 20.008261 0.000188 0.000000 0.107125 796
[63] 20.005139 0.000152 0.000000 0.024209 516
[64] 20.032240 0.000223 0.000000 0.080536 1059
[68] 20.015771 0.000173 0.000000 0.048216 590
[69] 19.984588 0.000196 0.000000 0.048316 744
[70] 20.007901 0.000211 0.000000 0.078176 929
[71] 19.966702 0.000221 0.000000 0.104948 1176
[72] 20.023200 0.000218 0.000000 0.071914 1070
[73] 19.959578 0.000159 0.000000 0.042866 582
[74] 20.137786 0.000217 0.000000 0.011524 1116
[76] 20.012935 0.000120 0.000000 0.037666 246
[77] 20.036364 0.000178 0.000000 0.021319 744
[78] 20.017818 0.000193 0.000000 0.022688 1026
[80] 20.032696 0.000090 0.000000 0.098675 83
[81] 20.054691 0.000166 0.000000 0.007055 786
[84] 20.000516 0.000156 0.000000 0.139870 645
[85] 19.963634 0.000201 0.000000 0.020329 1298
[86] 20.006339 0.000184 0.000000 0.087171 1098
[88] 20.010695 0.000199 0.000000 0.095064 736
[90] 20.128974 0.000177 0.000000 0.007058 678
[91] 19.966405 0.000216 0.000000 0.052259 1196
[93] 20.086969 0.000144 0.000000 0.007083 486
[94] 20.054239 0.000165 0.000000 0.006963 654
[95] 20.093598 0.000131 0.000000 0.007244 496
[96] 20.002639 0.000188 0.000000 0.127199 812
[97] 19.982093 0.000147 0.000000 0.011520 606
[98] 20.010066 0.000195 0.000000 0.091051 670
[100] 20.018033 0.000124 0.000000 0.107193 322
[102] 20.090744 0.000250 0.000000 0.011050 1236
[103] 20.052278 0.000154 0.000000 0.013350 474
[104] 20.158468 0.000135 0.000000 0.007007 237
[105] 19.960430 0.000190 0.000000 0.058761 886
[106] 20.051929 0.000139 0.000000 0.043719 486
[107] 19.965952 0.000145 0.000000 0.025389 676
[108] 20.005773 0.000107 0.000000 0.058303 326
[109] 20.032674 0.000119 0.000000 0.009791 480
[110] 20.008461 0.000199 0.000000 0.034984 820
[111] 20.048429 0.000159 0.000000 0.012353 663
[112] 20.013989 0.000242 0.000000 0.107989 1018
[113] 19.988875 0.000127 0.000000 0.020158 330
[114] 20.033149 0.000188 0.000000 0.114275 870
[117] 19.965911 0.000112 0.000000 0.015901 290
[119] 19.970353 0.000158 0.000000 0.078840 756
[121] 20.043951 0.000174 0.000000 0.007219 708
[122] 20.161068 0.000179 0.000000 0.010060 696
[123] 19.973699 0.000259 0.000000 0.020515 1518
[126] 20.017537 0.000132 0.000000 0.074090 243
[127] 19.973764 0.000130 0.000000 0.067339 326
[128] 20.076864 0.000160 0.000000 0.007023 666
[129] 19.989503 0.000155 0.000000 0.069684 492
[130] 20.014607 0.000151 0.000000 0.105209 298
[131] 20.031725 0.000153 0.000000 0.007346 681
[132] 20.007148 0.000224 0.000000 0.046652 1029
[133] 20.038910 0.000135 0.000000 0.019920 338
[134] 20.010187 0.000223 0.000000 0.056151 906
[138] 20.022993 0.000267 0.000000 0.133271 1431
[139] 20.049669 0.000192 0.000000 0.012997 903
[140] 20.021178 0.000285 0.000000 0.030943 1770
[141] 20.121304 0.000155 0.000000 0.007087 678
[144] 20.075623 0.000234 0.000000 0.007078 996
[145] 20.118896 0.000154 0.000000 0.007032 606
[146] 20.030450 0.000156 0.000000 0.090936 526
[147] 20.060081 0.000178 0.000000 0.012087 735
[148] 20.029680 0.000206 0.000000 0.113547 1111
[149] 19.973352 0.000096 0.000000 0.015288 219
[150] 20.032193 0.000212 0.000000 0.071707 870
[151] 20.149826 0.000216 0.000000 0.007083 915
[152] 20.030854 0.000123 0.000000 0.076626 176
[153] 20.134887 0.000198 0.000000 0.007089 846
[154] 20.029491 0.000138 0.000000 0.111099 330
[155] 20.133466 0.000151 0.000000 0.015156 396
[156] 20.036724 0.000166 0.000000 0.007070 796
[158] 20.018780 0.000180 0.000000 0.044498 622
[159] 20.151848 0.000154 0.000000 0.007039 726
[160] 20.073515 0.000159 0.000000 0.006965 558
[161] 19.996727 0.000171 0.000000 0.049897 654
[162] 20.037380 0.000159 0.000000 0.111929 654
[165] 20.032257 0.000148 0.000000 0.007083 350
[166] 20.023950 0.000140 0.000000 0.110932 546
[167] 20.136164 0.000163 0.000000 0.008485 558
[168] 20.014780 0.000156 0.000000 0.132331 208
[169] 20.066736 0.000160 0.000000 0.012047 670
[170] 20.028144 0.000142 0.000000 0.091448 447
[171] 19.975873 0.000198 0.000000 0.054879 766
[172] 20.029663 0.000189 0.000000 0.038738 646
[173] 19.996622 0.000234 0.000000 0.087461 1270
[174] 20.024903 0.000189 0.000000 0.045530 590
[175] 20.099720 0.000183 0.000000 0.007103 686
[176] 20.112458 0.000198 0.000000 0.022807 1056
[177] 19.993970 0.000103 0.000000 0.059729 336
[178] 20.027440 0.000136 0.000000 0.113121 391
[180] 20.018510 0.000205 0.000000 0.144179 882
[181] 19.979212 0.000201 0.000000 0.010224 954
[182] 20.032823 0.000268 0.000000 0.069135 1238
[183] 20.116525 0.000129 0.000000 0.007104 468
[184] 20.149177 0.000147 0.000000 0.020119 431
[185] 20.110162 0.000222 0.000000 0.006996 1084
[186] 20.035573 0.000154 0.000000 0.145172 492
[190] 20.023036 0.000169 0.000000 0.064698 606
[192] 20.016798 0.000135 0.000000 0.065899 282
[193] 20.028589 0.000209 0.000000 0.018992 1046
[194] 20.028594 0.000225 0.000000 0.089902 1176
[195] 19.981450 0.000210 0.000000 0.060235 1002
[196] 20.052559 0.000160 0.000000 0.007021 492
[197] 20.000170 0.000124 0.000000 0.066207 468
[198] 20.030263 0.000200 0.000000 0.049672 732
[199] 20.092306 0.000138 0.000000 0.007091 381
[200] 20.028366 0.000146 0.000000 0.073022 318
[201] 19.998442 0.000170 0.000000 0.026523 822
[202] 20.034000 0.000188 0.000000 0.136440 990
[203] 19.977762 0.000131 0.000000 0.090784 294
[204] 20.018744 0.000136 0.000000 0.038961 182
[205] 20.078846 0.000159 0.000000 0.018824 528
[206] 20.042691 0.000181 0.000000 0.007041 510
[207] 19.975302 0.000127 0.000000 0.126816 420
[209] 20.097078 0.000219 0.000000 0.007047 1042
[210] 20.036399 0.000187 0.000000 0.103327 916
[211] 20.043697 0.000137 0.000000 0.015757 346
[212] 20.030981 0.000141 0.000000 0.044858 496
[214] 20.034009 0.000221 0.000000 0.121806 1154
[215] 19.981138 0.000245 0.000000 0.102345 1111
[216] 20.102457 0.000166 0.000000 0.007077 663
[217] 20.141416 0.000138 0.000000 0.007083 330
[218] 20.085940 0.000144 0.000000 0.007038 474
[219] 20.104476 0.000179 0.000000 0.007091 846
[220] 20.037738 0.000244 0.000000 0.062511 1046
[221] 20.141305 0.000143 0.000000 0.014088 590
[223] 20.135175 0.000113 0.000000 0.007059 219
[224] 20.034109 0.000150 0.000000 0.056457 461
[225] 20.009154 0.000219 0.000000 0.007095 1072
[226] 20.028926 0.000141 0.000000 0.070110 496
[227] 19.988209 0.000181 0.000000 0.052323 816
[229] 19.991692 0.000127 0.000000 0.040158 243
[230] 20.094991 0.000154 0.000000 0.007045 580
[231] 20.134773 0.000177 0.000000 0.007080 710
[232] 20.116812 0.000164 0.000000 0.011066 550
[233] 20.078493 0.000194 0.000000 0.007037 717
[234] 20.034185 0.000210 0.000000 0.142025 806
[235] 20.004875 0.000119 0.000000 0.008345 408
[236] 20.033338 0.000221 0.000000 0.038993 996
[237] 20.074582 0.000216 0.000000 0.014276 1033
[238] 20.053363 0.000135 0.000000 0.006952 376
[239] 20.042079 0.000196 0.000000 0.064688 956
[243] 19.982713 0.000158 0.000000 0.039452 736
[244] 20.033327 0.000174 0.000000 0.083741 574
[246] 20.087411 0.000191 0.000000 0.007059 504
[92] 20.104830 0.000168 0.000000 0.007038 721
[118] 20.096739 0.000245 0.000000 0.007004 1213
[120] 20.012655 0.000216 0.000000 0.146744 974
[124] 20.141352 0.000265 0.000000 0.007006 1383
[125] 20.017102 0.000202 0.000000 0.007045 1042
[188] 20.043447 0.000109 0.000000 0.089495 228
[189] 20.115518 0.000271 0.000000 0.007107 1462
[191] 20.118651 0.000146 0.000000 0.007329 627
[208] 20.027198 0.000160 0.000000 0.052958 386
[213] 19.975370 0.000128 0.000000 0.015752 552
[222] 20.063069 0.000144 0.000000 0.007046 450
[228] 20.115209 0.000221 0.000000 0.007047 882
[240] 20.180748 0.000226 0.000000 0.007058 1020
[242] 20.033067 0.000229 0.000000 0.118267 930
[245] 19.979417 0.000216 0.000000 0.014693 1176
[247] 20.052217 0.000138 0.000000 0.018819 396
[248] 20.037841 0.000177 0.000000 0.121438 716
[249] 20.092023 0.000223 0.000000 0.014284 1221
[250] 20.045123 0.000135 0.000000 0.096893 489
[251] 20.045783 0.000149 0.000000 0.014970 559
[252] 20.029469 0.000155 0.000000 0.047351 542
[254] 20.027628 0.000193 0.000000 0.062748 708
[255] 20.094288 0.000166 0.000000 0.007050 752
[61] 20.098278 0.000156 0.000000 0.007079 456
[157] 20.140588 0.000188 0.000000 0.007060 786
[241] 19.978179 0.000193 0.000000 0.063326 994
[253] 20.090160 0.000170 0.000000 0.007091 690

[2 12]
[13] 7.396827 0.000224 0.000000 0.007234 1014
[114] 7.442252 0.000205 0.000000 0.007162 1014
[39] 7.387941 0.000247 0.000000 0.007136 1000
[36] 7.383223 0.000349 0.000000 0.007215 1230
[67] 7.357450 0.000173 0.000000 0.007130 371
[238] 7.615507 0.000156 0.000000 0.009165 598
[111] 7.349893 0.000260 0.000000 0.021804 1174
[17] 7.351603 0.000204 0.000000 0.014312 809
[68] 7.395660 0.000231 0.000000 0.030506 955
[84] 7.472157 0.000244 0.000000 0.014323 1142
[65] 7.397428 0.000191 0.000000 0.007072 765
[46] 7.409650 0.000221 0.000000 0.016424 762
[110] 7.492802 0.000169 0.000000 0.007156 746
[14] 7.376651 0.000109 0.000000 0.007175 82
[88] 7.522161 0.000149 0.000000 0.012028 298
[93] 7.427895 0.000245 0.000000 0.043120 806
[18] 7.397164 0.000168 0.000000 0.007509 482
[20] 7.344020 0.000243 0.000000 0.007114 1179
[12] 7.354009 0.000200 0.000000 0.026685 766
[156] 7.338218 0.000313 0.000000 0.014567 1823
[108] 7.432453 0.000189 0.000000 0.051995 1030
[137] 7.408832 0.000169 0.000000 0.007690 762
[109] 7.333244 0.000216 0.000000 0.015422 717
[44] 7.384102 0.000289 0.000000 0.014412 1266
[117] 7.487137 0.000172 0.000000 0.007136 716
[47] 7.414725 0.000260 0.000000 0.007987 1050
[16] 7.367916 0.000236 0.000000 0.038824 796
[38] 7.315248 0.000214 0.000000 0.011264 545
[21] 7.365191 0.000295 0.000000 0.030325 1350
[85] 7.417257 0.000249 0.000000 0.058374 958
[91] 7.482339 0.000315 0.000000 0.007182 1366
[162] 7.549849 0.000257 0.000000 0.015065 1518
[42] 7.400678 0.000294 0.000000 0.007184 1206
[158] 7.581128 0.000298 0.000000 0.053435 1469
[19] 7.328017 0.000252 0.000000 0.035841 875
[70] 7.392146 0.000288 0.000000 0.010721 1213
[71] 7.403779 0.000182 0.000000 0.031691 708
[113] 7.495441 0.000134 0.000000 0.014263 330
[235] 7.584623 0.000224 0.000000 0.024472 1279
[119] 7.480035 0.000199 0.000000 0.023998 1131
[160] 7.540401 0.000183 0.000000 0.015348 903
[188] 7.379248 0.000108 0.000000 0.014392 228
[23] 7.344804 0.000214 0.000000 0.049712 766
[232] 7.598117 0.000129 0.000000 0.014950 482
[45] 7.389302 0.000227 0.000000 0.017227 694
[159] 7.572656 0.000233 0.000000 0.015552 1230
[94] 7.493389 0.000180 0.000000 0.007449 510
[92] 7.468169 0.000169 0.000000 0.021749 461
[86] 7.433995 0.000198 0.000000 0.014418 630
[62] 7.451705 0.000204 0.000000 0.007566 796
[37] 7.351902 0.000287 0.000000 0.008500 886
[63] 7.401258 0.000281 0.000000 0.007736 1026
[95] 7.497188 0.000201 0.000000 0.007365 916
[142] 7.532511 0.000172 0.000000 0.020520 756
[207] 7.360692 0.000201 0.000000 0.007143 903
[252] 7.626196 0.000189 0.000000 0.021688 944
[69] 7.335383 0.000246 0.000000 0.045434 908
[134] 7.477119 0.000211 0.000000 0.021965 831
[139] 7.537554 0.000187 0.000000 0.007404 696
[161] 7.542387 0.000197 0.000000 0.007110 942
[43] 7.406798 0.000316 0.000000 0.014415 1286
[191] 7.397986 0.000172 0.000000 0.014442 696
[116] 7.373649 0.000192 0.000000 0.007119 538
[157] 7.378953 0.000153 0.000000 0.007134 552
[253] 7.662371 0.000274 0.000000 0.007132 1374
[118] 7.555980 0.000236 0.000000 0.007888 1213
[90] 7.371887 0.000223 0.000000 0.021650 846
[165] 7.353610 0.000178 0.000000 0.015691 866
[254] 7.387806 0.000184 0.000000 0.021729 864
[87] 7.454498 0.000295 0.000000 0.014387 1210
[61] 7.405811 0.000257 0.000000 0.007737 816
[208] 7.612550 0.000170 0.000000 0.007601 386
[212] 7.549572 0.000200 0.000000 0.066444 916
[143] 7.341197 0.000232 0.000000 0.044346 1112
[40] 7.372610 0.000293 0.000000 0.007228 1189
[138] 7.397993 0.000234 0.000000 0.007339 1131
[186] 7.562471 0.000180 0.000000 0.029457 897
[228] 7.342974 0.000200 0.000000 0.044195 955
[206] 7.594872 0.000289 0.000000 0.007125 1686
[181] 7.501458 0.000203 0.000000 0.010553 875
[236] 7.599948 0.000217 0.000000 0.007182 930
[184] 7.565745 0.000146 0.000000 0.007454 516
[190] 7.637855 0.000158 0.000000 0.007374 606
[22] 7.320518 0.000204 0.000000 0.016808 406
[112] 7.351426 0.000392 0.000000 0.067673 2122
[64] 7.413944 0.000260 0.000000 0.031255 735
[187] 7.579825 0.000148 0.000000 0.007124 456
[141] 7.470544 0.000183 0.000000 0.068086 678
[66] 7.414545 0.000223 0.000000 0.007194 875
[185] 7.614175 0.000204 0.000000 0.007213 853
[132] 7.495337 0.000244 0.000000 0.074354 1029
[164] 7.398715 0.000308 0.000000 0.007186 1485
[135] 7.523492 0.000261 0.000000 0.007097 1150
[213] 7.401512 0.000322 0.000000 0.007220 1800
[136] 7.531955 0.000133 0.000000 0.007520 510
[133] 7.345087 0.000235 0.000000 0.019718 1002
[209] 7.615035 0.000203 0.000000 0.007091 968
[41] 7.317779 0.000217 0.000000 0.014353 744
[231] 7.548292 0.000285 0.000000 0.007155 1590
[182] 7.510966 0.000222 0.000000 0.029267 974
[60] 7.483515 0.000222 0.000000 0.007772 664
[89] 7.374076 0.000205 0.000000 0.007062 622
[237] 7.592928 0.000209 0.000000 0.008098 1033
[15] 7.385896 0.000227 0.000000 0.007083 558
[183] 7.578800 0.000198 0.000000 0.007140 853
[255] 7.635602 0.000254 0.000000 0.021654 1499
[239] 7.351599 0.000228 0.000000 0.007218 1051
[140] 7.552675 0.000233 0.000000 0.007446 986
[230] 7.674314 0.000275 0.000000 0.015064 1482
[229] 7.344712 0.000179 0.000000 0.020043 559
[180] 7.595267 0.000298 0.000000 0.007147 1393
[214] 7.606652 0.000191 0.000000 0.007179 990
[234] 7.573971 0.000198 0.000000 0.007244 886
[215] 7.617690 0.000203 0.000000 0.007115 1026
[233] 7.546220 0.000221 0.000000 0.021787 875
[211] 7.405133 0.000231 0.000000 0.007326 1111
[189] 7.620329 0.000221 0.000000 0.007418 825
[205] 7.565281 0.000165 0.000000 0.044615 528
[167] 7.345426 0.000241 0.000000 0.035307 1202
[115] 7.340314 0.000202 0.000000 0.007124 506
[210] 7.556263 0.000285 0.000000 0.007220 1280
[166] 7.331509 0.000259 0.000000 0.013131 1176
[163] 7.341189 0.000209 0.000000 0.017147 906
[204] 7.341083 0.000201 0.000000 0.060039 974
[27] 7.300066 0.000146 0.000000 0.007245 475
[58] 7.375175 0.000262 0.000000 0.007095 774
[224] 7.311766 0.000190 0.000000 0.007212 786
[153] 7.409845 0.000210 0.000000 0.007117 846
[11] 7.269431 0.023242 0.000000 0.007228 555
[48] 7.300877 0.000139 0.000000 0.007233 381
[99] 7.464676 0.000670 0.000000 0.007495 916
[57] 7.308651 0.000201 0.000000 0.007430 846
[2] 7.329664 0.000106 0.000000 0.007169 150
[6] 7.403524 0.000225 0.000000 0.021497 834
[26] 7.367242 0.000247 0.000000 0.007183 986
[7] 7.316884 0.000195 0.000000 0.007150 776
[244] 7.380845 0.000213 0.000000 0.007086 1213
[122] 7.318824 0.000230 0.000000 0.007215 1179
[146] 7.405671 0.000210 0.000000 0.007161 851
[54] 7.459765 0.000319 0.000000 0.007840 744
[101] 7.310042 0.000237 0.000000 0.007092 1174
[128] 7.385677 0.000192 0.000000 0.007130 786
[80] 7.333338 0.000150 0.000000 0.007192 391
[50] 7.300076 0.000177 0.000000 0.007168 531
[28] 7.296481 0.000377 0.000000 0.007106 754
[32] 7.365048 0.000275 0.000000 0.007178 1190
[201] 7.365249 0.000186 0.000000 0.007184 618
[171] 7.389789 0.000224 0.000000 0.007164 1070
[226] 7.309127 0.000193 0.000000 0.007059 916
[220] 7.413577 0.000181 0.000000 0.007110 851
[5] 7.349930 0.000178 0.000000 0.007058 431
[170] 7.356805 0.000150 0.000000 0.007147 321
[192] 7.383751 0.000149 0.000000 0.007150 420
[96] 7.363717 0.000202 0.000000 0.007155 626
[200] 7.354261 0.000196 0.000000 0.007113 786
[150] 7.311460 0.000171 0.000000 0.007210 654
[34] 7.438726 0.000140 0.000000 0.007718 255
[75] 7.364196 0.000763 0.000000 0.007169 897
[129] 7.371709 0.000239 0.000000 0.007198 816
[74] 7.325392 0.000244 0.000000 0.007180 968
[72] 7.325999 0.000428 0.000000 0.007198 918
[250] 7.356619 0.000262 0.000000 0.007113 1455
[97] 7.341742 0.000271 0.000000 0.007139 1281
[98] 7.429059 0.000175 0.000000 0.007099 587
[107] 7.355494 0.000189 0.000000 0.007465 810
[241] 7.387600 0.000230 0.000000 0.007167 1070
[4] 7.306716 0.000197 0.000000 0.007104 736
[125] 7.384203 0.000285 0.000000 0.007091 1190
[24] 7.322604 0.009722 0.000000 0.007170 1059
[53] 7.461538 0.000328 0.000000 0.008423 1007
[177] 7.401027 0.000161 0.000000 0.007152 534
[173] 7.354391 0.000311 0.000000 0.007071 1428
[169] 7.471452 0.000206 0.000000 0.007454 836
[31] 7.296068 0.000277 0.000000 0.007164 1286
[174] 7.356459 0.000210 0.000000 0.007173 736
[248] 7.336255 0.000177 0.000000 0.007128 858
[145] 7.312604 0.000188 0.000000 0.007216 756
[197] 7.346104 0.000188 0.000000 0.007083 666
[51] 7.314300 0.000209 0.000000 0.007240 622
[29] 7.316936 0.000141 0.000000 0.007150 318
[123] 7.438801 0.000267 0.000000 0.007118 930
[104] 7.456958 0.000151 0.000000 0.007772 545
[103] 7.453414 0.004234 0.000000 0.007748 1020
[251] 7.459016 0.000190 0.000000 0.007816 717
[30] 7.378911 0.000240 0.000000 0.007146 930
[83] 7.310481 0.000193 0.000000 0.007505 615
[176] 7.320798 0.000229 0.000000 0.007212 1056
[198] 7.443249 0.000227 0.000000 0.007697 1062
[25] 7.312123 0.000248 0.000000 0.007260 1112
[245] 7.458375 0.000275 0.000000 0.007054 1488
[77] 7.370874 0.000227 0.000000 0.007076 744
[0] 7.342509 0.000175 0.000000 0.007137 492
[100] 7.347099 0.000152 0.000000 0.007079 480
[243] 7.340732 0.000215 0.000000 0.007195 882
[33] 7.337156 0.000227 0.000000 0.007176 866
[106] 7.321759 0.000184 0.000000 0.007100 646
[249] 7.396346 0.000204 0.000000 0.007197 897
[120] 7.319673 0.000223 0.000000 0.007232 798
[9] 7.291004 0.000183 0.000000 0.007444 374
[1] 7.321422 0.000317 0.000000 0.007143 974
[78] 7.359930 0.000168 0.000000 0.007130 686
[217] 7.408297 0.000243 0.000000 0.007167 1140
[121] 7.366878 0.000185 0.000000 0.007151 552
[127] 7.373594 0.000172 0.000000 0.007166 486
[10] 7.380325 0.000226 0.000000 0.007101 766
[175] 7.321448 0.000248 0.000000 0.007312 686
[195] 7.361805 0.000275 0.000000 0.007158 1168
[196] 7.365983 0.000194 0.000000 0.007063 654
[216] 7.407299 0.000204 0.000000 0.007160 809
[154] 7.471673 0.000174 0.000000 0.027735 492
[102] 7.409944 0.002914 0.000000 0.015122 826
[223] 7.415756 0.000217 0.000000 0.007131 858
[246] 7.424250 0.000140 0.000000 0.009328 338
[49] 7.382953 0.000198 0.000000 0.007166 708
[56] 7.356872 0.000240 0.000000 0.007157 1111
[202] 7.364569 0.000280 0.000000 0.007083 1564
[221] 7.405556 0.000185 0.000000 0.007077 663
[130] 7.370876 0.000188 0.000000 0.007096 736
[203] 7.401183 0.000214 0.000000 0.007469 1158
[59] 7.373762 0.000456 0.000000 0.007451 1334
[79] 7.378975 0.000319 0.000000 0.007178 1581
[218] 7.400425 0.000172 0.000000 0.007221 942
[52] 7.332544 0.000257 0.000000 0.007098 1062
[242] 7.473967 0.000272 0.000000 0.007457 1350
[247] 7.347131 0.000205 0.000000 0.007112 786
[178] 7.318076 0.000175 0.000000 0.007128 699
[155] 7.411297 0.000266 0.000000 0.007509 1020
[147] 7.406965 0.000248 0.000000 0.007152 1302
[193] 7.445570 0.000226 0.000000 0.007135 966
[124] 7.392230 0.000209 0.000000 0.007099 978
[8] 7.388036 0.000408 0.000000 0.007134 1917
[240] 7.438458 0.000211 0.000000 0.007154 1098
[105] 7.456465 0.000233 0.000000 0.007724 806
[126] 7.376273 0.000232 0.000000 0.007184 875
[73] 7.350170 0.000345 0.000000 0.007162 966
[35] 7.336097 0.000230 0.000000 0.007456 985
[144] 7.390305 0.000190 0.000000 0.007355 546
[222] 7.409674 0.000144 0.000000 0.007137 450
[81] 7.330349 0.000168 0.000000 0.007268 552
[172] 7.386187 0.000145 0.000000 0.007083 566
[225] 7.332650 0.000318 0.000000 0.007351 1728
[82] 7.332599 0.000221 0.000000 0.007150 941
[219] 7.404324 0.000196 0.000000 0.007187 762
[55] 7.355831 0.000268 0.000000 0.007176 1146
[199] 7.357143 0.000269 0.000000 0.007155 1206
[227] 7.331659 0.000211 0.000000 0.007508 906
[149] 7.398376 0.000154 0.000000 0.014259 361
[151] 7.396530 0.000308 0.000000 0.007148 1420
[76] 7.455601 0.000224 0.000000 0.007358 966
[194] 7.370874 0.000236 0.000000 0.007137 864
[131] 7.368495 0.000237 0.000000 0.007476 1056
[152] 7.418254 0.000197 0.000000 0.007423 601
[168] 7.469439 0.000181 0.000000 0.007484 410
[179] 7.339859 0.000219 0.000000 0.007478 1098
[148] 7.331241 0.000276 0.000000 0.007064 1366
[3] 7.619568 0.000163 0.000000 0.017229 82
