[1 12]
[135] 0.285521 0.000180 0.486425 0.007171 802
[23] 0.455447 0.000136 0.347327 0.007087 694
[118] 0.392889 0.000127 0.473087 0.009035 649
[117] 0.326475 0.000146 0.471256 0.007214 649
[115] 0.212844 0.000203 0.464725 0.007157 910
[6] 0.504818 0.000176 0.338194 0.100616 631
[7] 0.400628 0.000190 0.332498 0.007121 703
[11] 0.394301 0.000161 0.335628 0.007051 559
[15] 0.388759 0.000202 0.340238 0.007092 838
[25] 0.241457 0.000182 0.357361 0.007154 721
[39] 0.417717 0.000161 0.380642 0.015935 649
[44] 0.349913 0.000187 0.380311 0.007079 766
[45] 0.384467 0.000195 0.378449 0.007129 784
[46] 0.467608 0.000209 0.376293 0.030919 766
[47] 0.404382 0.000200 0.374179 0.007063 793
[51] 0.462952 0.000166 0.385113 0.007071 703
[52] 0.428074 0.000201 0.393282 0.006995 802
[53] 0.218726 0.000193 0.389526 0.007116 703
[55] 0.365375 0.000182 0.391095 0.007155 694
[57] 0.587567 0.000145 0.395419 0.007653 640
[59] 0.220323 0.000156 0.394812 0.007041 757
[60] 0.227624 0.000199 0.395230 0.007311 856
[62] 0.436373 0.000147 0.418870 0.030194 721
[63] 0.335716 0.000181 0.417768 0.007101 775
[70] 0.519628 0.000141 0.411284 0.018748 649
[71] 0.311895 0.000163 0.410370 0.007072 712
[75] 0.253533 0.000186 0.425639 0.007120 739
[76] 0.318664 0.000176 0.420288 0.007313 730
[77] 0.245414 0.000184 0.429095 0.007072 748
[78] 0.454424 0.000167 0.422512 0.029608 622
[79] 0.392177 0.000165 0.420269 0.007102 685
[83] 0.234089 0.000156 0.421190 0.006999 793
[85] 0.339433 0.000149 0.424229 0.007153 622
[89] 0.193027 0.000197 0.442320 0.007066 802
[91] 0.200449 0.000185 0.433039 0.007149 775
[94] 0.434433 0.000151 0.438474 0.034981 658
[95] 0.357760 0.000165 0.435264 0.007065 640
[99] 0.332069 0.000156 0.446938 0.011732 640
[102] 0.413049 0.000156 0.447099 0.039971 748
[104] 0.326695 0.000176 0.455605 0.007048 703
[107] 0.283102 0.000140 0.475623 0.007044 613
[108] 0.343769 0.000147 0.453620 0.007428 586
[109] 0.348747 0.000181 0.463012 0.007093 721
[110] 0.410279 0.000166 0.456995 0.018744 676
[116] 0.360868 0.000171 0.466876 0.007079 694
[119] 0.368021 0.000146 0.467356 0.014319 685
[120] 0.205663 0.000150 0.469159 0.007462 802
[121] 0.206616 0.000156 0.466638 0.007125 712
[123] 0.173843 0.000187 0.469735 0.007153 766
[124] 0.258201 0.000155 0.474036 0.007071 739
[125] 0.300932 0.000172 0.484900 0.007027 676
[126] 0.371719 0.000170 0.480739 0.110897 721
[131] 0.256655 0.000153 0.495817 0.007075 685
[134] 0.466837 0.000150 0.482269 0.012848 685
[139] 0.262585 0.000183 0.494541 0.007088 631
[140] 0.257112 0.000184 0.494172 0.007144 892
[141] 0.289541 0.000157 0.494268 0.007174 766
[143] 0.271054 0.000145 0.511618 0.007025 721
[151] 0.351697 0.000214 0.505219 0.007140 919
[152] 0.147828 0.000176 0.505220 0.007091 775
[153] 0.177960 0.000160 0.504252 0.007093 640
[154] 0.441535 0.000157 0.507988 0.019891 739
[157] 0.290881 0.000170 0.507825 0.007149 712
[167] 0.322416 0.000173 0.518617 0.007041 838
[173] 0.291461 0.000140 0.535584 0.006983 721
[175] 0.277062 0.000149 0.539039 0.007107 622
[181] 0.131827 0.000145 0.536030 0.007084 721
[185] 0.116165 0.000152 0.544830 0.007093 703
[199] 0.239940 0.000136 0.570668 0.007717 685
[0] 0.268004 0.000218 0.322240 0.007098 739
[1] 0.712226 0.000216 0.257518 0.007062 802
[2] 0.512369 0.000173 0.326052 0.078675 658
[3] 0.405709 0.000169 0.329527 0.007260 702
[4] 0.413287 0.000173 0.337871 0.013005 667
[5] 0.486949 0.000183 0.330154 0.007123 775
[8] 0.320953 0.000177 0.339246 0.007152 829
[9] 0.266518 0.000219 0.338776 0.007100 838
[10] 0.512519 0.000185 0.335068 0.043422 694
[12] 0.357449 0.000175 0.336283 0.007160 694
[13] 0.275482 0.000147 0.359420 0.007106 577
[14] 0.512301 0.000162 0.340295 0.032445 694
[16] 0.407911 0.000211 0.341691 0.007557 721
[17] 0.606693 0.000178 0.347584 0.007014 667
[18] 0.552635 0.000157 0.355688 0.008062 622
[20] 0.449359 0.000154 0.357080 0.007062 631
[21] 0.292206 0.000199 0.349746 0.007544 766
[22] 0.264449 0.000180 0.348020 0.007058 910
[24] 0.623395 0.000166 0.348075 0.007098 739
[26] 0.478483 0.000136 0.351410 0.113287 640
[27] 0.613282 0.000147 0.351888 0.007161 613
[28] 0.285622 0.000153 0.354958 0.007016 622
[29] 0.389888 0.000181 0.364762 0.007015 712
[30] 0.509648 0.000196 0.364158 0.011897 703
[31] 0.413920 0.000180 0.368738 0.007139 730
[33] 0.269561 0.000185 0.360295 0.007119 784
[34] 0.470749 0.000181 0.366828 0.040972 757
[35] 0.308067 0.000207 0.379103 0.007023 811
[37] 0.446072 0.000187 0.365158 0.007038 802
[38] 0.476595 0.000147 0.370684 0.019631 703
[40] 0.255569 0.000250 0.367009 0.007107 829
[41] 0.655613 0.000163 0.324913 0.007005 748
[42] 0.485496 0.000169 0.369489 0.042006 685
[43] 0.268150 0.000193 0.375825 0.007115 730
[48] 0.266507 0.000162 0.374816 0.007336 685
[49] 0.236995 0.000151 0.380494 0.007164 712
[50] 0.530205 0.000178 0.379959 0.026700 685
[54] 0.475525 0.000189 0.383911 0.013123 748
[56] 0.291063 0.000189 0.389746 0.007058 775
[58] 0.445442 0.000146 0.392651 0.089134 586
[61] 0.397437 0.000220 0.398805 0.007087 820
[64] 0.267191 0.000210 0.401376 0.007069 739
[65] 0.336002 0.000149 0.413823 0.007026 631
[67] 0.296528 0.000178 0.406115 0.007106 667
[68] 0.392025 0.000196 0.412246 0.007098 667
[69] 0.393918 0.000177 0.407569 0.007072 748
[72] 0.321904 0.000169 0.415558 0.007373 694
[73] 0.274329 0.000202 0.413180 0.007133 874
[74] 0.419217 0.000164 0.430073 0.081184 676
[80] 0.331680 0.000181 0.429942 0.007100 703
[81] 0.555060 0.000187 0.422915 0.007078 712
[82] 0.566076 0.000188 0.420409 0.007684 775
[84] 0.396148 0.000142 0.433527 0.007458 649
[86] 0.225318 0.000191 0.429452 0.007081 712
[87] 0.370647 0.000163 0.427335 0.014749 784
[88] 0.271709 0.000170 0.427105 0.007014 667
[90] 0.487707 0.000196 0.432561 0.016413 766
[92] 0.176770 0.000125 0.448819 0.007184 595
[93] 0.268911 0.000172 0.440974 0.007091 730
[96] 0.362925 0.000140 0.458886 0.007453 568
[97] 0.277431 0.000170 0.445255 0.007099 685
[98] 0.414265 0.000171 0.443367 0.042914 757
[100] 0.397560 0.000177 0.448304 0.007000 721
[101] 0.384557 0.000149 0.457151 0.014223 667
[103] 0.384330 0.000140 0.448735 0.007119 712
[105] 0.211684 0.000159 0.453596 0.007086 730
[106] 0.399609 0.000180 0.467402 0.061475 730
[111] 0.337704 0.000171 0.460740 0.007829 667
[112] 0.329051 0.000192 0.467332 0.007068 838
[113] 0.273167 0.000164 0.465450 0.007013 739
[114] 0.174423 0.000173 0.461697 0.007174 658
[122] 0.364742 0.000169 0.483435 0.093755 631
[127] 0.346946 0.000166 0.480985 0.007117 730
[128] 0.180047 0.000144 0.483014 0.007060 550
[129] 0.253159 0.000174 0.485914 0.007090 739
[132] 0.314045 0.000209 0.478173 0.007411 847
[133] 0.362274 0.000159 0.480496 0.007083 757
[136] 0.289981 0.000150 0.501156 0.007022 658
[138] 0.367468 0.000166 0.487423 0.094723 685
[142] 0.419238 0.000156 0.491009 0.007689 685
[144] 0.259624 0.000195 0.496986 0.015043 820
[146] 0.490990 0.000117 0.495958 0.007026 595
[147] 0.125326 0.000170 0.498500 0.007101 739
[148] 0.339034 0.000153 0.502983 0.007035 775
[149] 0.252639 0.000177 0.498121 0.007315 649
[150] 0.164021 0.000152 0.501998 0.007103 658
[155] 0.102940 0.000152 0.509352 0.007095 712
[156] 0.163021 0.000160 0.504188 0.007398 721
[158] 0.345381 0.000155 0.508944 0.058216 703
[159] 0.305511 0.000144 0.517446 0.012330 658
[160] 0.301586 0.000143 0.516782 0.007013 631
[161] 0.282443 0.000143 0.515595 0.007064 658
[162] 0.378434 0.000156 0.518459 0.026608 658
[163] 0.261434 0.000187 0.516064 0.007085 820
[164] 0.476801 0.000193 0.518770 0.007056 793
[165] 0.326919 0.000146 0.526815 0.007065 784
[166] 0.351291 0.000192 0.517042 0.030933 820
[168] 0.210394 0.000177 0.529409 0.007212 919
[169] 0.222725 0.000166 0.523414 0.007087 757
[170] 0.364903 0.000119 0.528595 0.035810 577
[171] 0.152411 0.000155 0.522065 0.007072 694
[172] 0.251916 0.000176 0.526229 0.011720 730
[174] 0.336439 0.000161 0.540151 0.021518 667
[176] 0.221971 0.000132 0.542239 0.007096 685
[177] 0.202284 0.000129 0.550611 0.007120 604
[178] 0.121308 0.000165 0.531183 0.007065 703
[179] 0.119404 0.000152 0.532353 0.007021 829
[180] 0.307128 0.000151 0.545306 0.007377 667
[182] 0.306150 0.000152 0.546102 0.037279 802
[183] 0.282141 0.000180 0.536020 0.025074 703
[184] 0.216878 0.000165 0.537809 0.011763 775
[186] 0.313921 0.000153 0.547791 0.098187 739
[187] 0.130019 0.000148 0.543419 0.007102 685
[188] 0.180134 0.000155 0.549529 0.007087 676
[189] 0.287523 0.000207 0.552191 0.007131 829
[190] 0.312834 0.000136 0.553543 0.061963 685
[191] 0.240227 0.000133 0.573747 0.007075 631
[192] 0.236535 0.000119 0.554206 0.007411 631
[193] 0.235584 0.000152 0.550535 0.007151 730
[195] 0.236262 0.000158 0.551175 0.007383 757
[197] 0.289472 0.000128 0.563620 0.006992 604
[198] 0.438723 0.000143 0.560671 0.007076 604
[200] 0.244324 0.000127 0.557133 0.007138 712
[201] 0.213709 0.000150 0.560519 0.007105 622
[202] 0.418913 0.000149 0.567121 0.007034 748
[203] 0.217103 0.000143 0.561877 0.007034 658
[204] 0.255992 0.000151 0.560714 0.007407 802
[205] 0.231905 0.000166 0.565222 0.007183 793
[206] 0.315848 0.000160 0.565384 0.047079 766
[207] 0.284762 0.000116 0.563853 0.007084 631
[208] 0.248466 0.000149 0.567185 0.007025 865
[209] 0.104248 0.000137 0.574419 0.007036 676
[210] 0.118928 0.000147 0.569298 0.007143 829
[211] 0.169757 0.000169 0.577480 0.007086 775
[212] 0.272612 0.000114 0.582543 0.014898 640
[213] 0.213812 0.000149 0.587301 0.007108 712
[214] 0.098663 0.000153 0.582564 0.007091 748
[215] 0.283759 0.000150 0.589950 0.007183 775
[216] 0.211125 0.000130 0.574107 0.007436 667
[217] 0.182822 0.000154 0.578716 0.007124 739
[218] 0.038222 0.000154 0.580305 0.007129 712
[220] 0.090586 0.000108 0.587048 0.007050 595
[221] 0.215849 0.000136 0.597850 0.007098 667
[222] 0.395570 0.000139 0.586085 0.007069 676
[223] 0.270481 0.000129 0.584755 0.007075 649
[224] 0.268246 0.000119 0.589082 0.007080 595
[226] 0.265059 0.000123 0.598495 0.074445 640
[227] 0.235308 0.000134 0.603902 0.007044 820
[228] 0.419156 0.000140 0.585594 0.026947 667
[229] 0.270970 0.000140 0.595476 0.007145 721
[230] 0.264298 0.000141 0.591302 0.070843 748
[231] 0.269249 0.000155 0.608421 0.007169 802
[232] 0.226922 0.000116 0.609612 0.006985 622
[233] 0.187501 0.000139 0.602148 0.007071 721
[234] 0.328163 0.000126 0.599216 0.020355 730
[235] 0.193518 0.000108 0.602219 0.007094 613
[237] 0.245847 0.000118 0.608222 0.007051 721
[238] 0.269633 0.000126 0.600497 0.043458 676
[239] 0.265078 0.000144 0.599195 0.007060 865
[240] 0.227426 0.000146 0.602420 0.007468 712
[241] 0.168702 0.000134 0.604632 0.007158 694
[242] 0.082078 0.000154 0.603345 0.007080 766
[243] 0.156696 0.000108 0.610787 0.007134 667
[244] 0.273357 0.000129 0.606161 0.007016 649
[245] 0.210798 0.000131 0.615881 0.007053 712
[246] 0.270536 0.000139 0.603703 0.016663 757
[247] 0.272462 0.000141 0.605113 0.007201 712
[249] 0.161337 0.000148 0.609630 0.007169 739
[250] 0.356250 0.000117 0.607244 0.012717 631
[252] 0.164876 0.000142 0.604814 0.007419 613
[254] 0.356176 0.000123 0.620050 0.007086 712
[19] 0.247946 0.000178 0.354292 0.007167 721
[32] 0.417177 0.000116 0.374661 0.007126 676
[36] 0.464244 0.000154 0.379564 0.007416 658
[66] 0.199250 0.000200 0.406403 0.007176 721
[130] 0.458349 0.000141 0.480828 0.007103 667
[137] 0.229976 0.000150 0.488447 0.007048 577
[145] 0.510156 0.000149 0.460635 0.007044 685
[196] 0.307206 0.000141 0.557742 0.007031 739
[219] 0.078585 0.000170 0.590167 0.007145 766
[225] 0.244306 0.000128 0.588144 0.007078 748
[236] 0.244173 0.000110 0.606725 0.007105 604
[248] 0.170995 0.000125 0.618858 0.007116 649
[251] 0.080751 0.000131 0.606520 0.007032 721
[253] 0.226265 0.000147 0.622344 0.007121 694
[255] 0.240801 0.000126 0.622143 0.007079 757
[194] 0.088963 0.000124 0.554309 0.007130 712

[3 12]
[70] 1.965695 0.000146 0.168549 0.050582 649
[26] 1.713831 0.000129 0.383981 0.066033 640
[137] 1.811465 0.000116 0.216233 0.014717 577
[27] 1.653738 0.000128 0.411705 0.045574 613
[128] 1.931457 0.000094 0.171029 0.007174 550
[13] 1.681219 0.000130 0.388040 0.015289 577
[114] 1.955084 0.000137 0.168740 0.007193 658
[107] 1.928921 0.000120 0.166412 0.015194 613
[28] 1.660302 0.000121 0.407411 0.043183 622
[31] 1.670452 0.000123 0.387579 0.007185 730
[175] 2.069465 0.000128 0.171752 0.007234 622
[82] 1.876707 0.000170 0.182396 0.009301 775
[99] 1.823572 0.000135 0.200264 0.040092 640
[136] 1.952158 0.000120 0.215312 0.034732 658
[30] 1.837737 0.000114 0.410131 0.051601 703
[17] 1.656214 0.000133 0.387982 0.014380 667
[57] 1.981210 0.000134 0.178464 0.022142 640
[92] 1.850077 0.000131 0.198792 0.023602 595
[58] 1.792708 0.000125 0.335351 0.017703 586
[78] 1.855060 0.000104 0.171470 0.007422 622
[250] 1.944390 0.000137 0.121324 0.047355 631
[153] 1.799364 0.000129 0.181283 0.011328 640
[2] 1.614587 0.000127 0.468155 0.007128 658
[18] 1.614161 0.000126 0.391033 0.015370 622
[20] 1.612921 0.000111 0.424874 0.012334 631
[110] 1.778520 0.000135 0.280935 0.009839 676
[19] 1.618684 0.000129 0.415742 0.016417 721
[96] 1.889344 0.000202 0.166063 0.069070 568
[85] 1.923905 0.000121 0.282478 0.027018 622
[104] 1.895683 0.000146 0.164991 0.069681 703
[174] 2.098455 0.000137 0.186027 0.042959 667
[139] 2.006121 0.000118 0.194291 0.019257 631
[118] 1.918724 0.000138 0.205840 0.007105 649
[29] 1.662371 0.000152 0.411183 0.045600 712
[131] 1.869795 0.000145 0.173592 0.007133 685
[55] 2.013952 0.000133 0.188879 0.029858 694
[25] 1.694603 0.000134 0.383707 0.014670 721
[108] 1.844462 0.000119 0.175868 0.007969 586
[32] 1.698804 0.000121 0.380983 0.048832 676
[122] 1.805325 0.000130 0.201550 0.024032 631
[111] 1.784833 0.000128 0.175105 0.036202 667
[71] 1.777270 0.000139 0.296300 0.014238 712
[11] 1.578247 0.000107 0.405020 0.012489 559
[93] 1.839077 0.000151 0.281178 0.007170 730
[125] 1.971980 0.000137 0.223269 0.007893 676
[232] 2.118392 0.000145 0.131563 0.007124 622
[21] 1.651121 0.000141 0.410982 0.007198 766
[103] 2.011607 0.000157 0.199785 0.007138 712
[170] 1.995606 0.000115 0.166948 0.035396 577
[88] 1.871872 0.000125 0.195741 0.025680 667
[34] 1.690393 0.000128 0.410172 0.031496 757
[23] 1.665295 0.000128 0.387617 0.026038 694
[65] 1.736984 0.000134 0.300294 0.023378 631
[177] 2.076993 0.000121 0.034996 0.024836 604
[130] 1.925218 0.000145 0.172146 0.007179 667
[138] 1.795074 0.000154 0.272846 0.046360 685
[67] 1.711949 0.000126 0.291687 0.017701 667
[95] 1.863998 0.000119 0.220459 0.036001 640
[12] 1.692287 0.000138 0.447192 0.007535 694
[59] 2.098911 0.000160 0.176478 0.019009 757
[224] 1.894728 0.000112 0.175828 0.014512 595
[126] 1.759880 0.000137 0.282957 0.007173 721
[192] 1.879168 0.000112 0.172422 0.007265 631
[84] 2.034648 0.000119 0.199732 0.030036 649
[6] 1.630999 0.000117 0.443674 0.007227 631
[197] 2.003158 0.000108 0.171891 0.036705 604
[149] 1.802972 0.000150 0.181522 0.007065 649
[101] 1.973082 0.000142 0.164412 0.007047 667
[24] 1.640835 0.000152 0.424136 0.065976 739
[113] 1.803126 0.000154 0.167050 0.053858 739
[69] 1.843467 0.000142 0.167203 0.027116 748
[124] 1.930640 0.000135 0.297408 0.007090 739
[117] 1.814763 0.000144 0.169498 0.040209 649
[51] 2.094352 0.000139 0.186399 0.010809 703
[10] 1.658371 0.000127 0.418694 0.007176 694
[244] 2.191417 0.000129 0.118336 0.054415 649
[94] 1.751085 0.000140 0.282473 0.030649 658
[160] 1.899035 0.000130 0.172000 0.038150 631
[146] 1.926074 0.000141 0.197067 0.007143 595
[162] 1.855761 0.000118 0.206826 0.030347 658
[158] 1.969769 0.000131 0.219167 0.045008 703
[7] 1.533232 0.000150 0.436413 0.037193 703
[188] 1.859892 0.000151 0.200951 0.007190 676
[226] 1.869749 0.000136 0.174137 0.007181 640
[159] 2.103115 0.000116 0.215521 0.007108 658
[64] 1.778236 0.000128 0.291530 0.065723 739
[97] 1.850342 0.000129 0.197972 0.050632 685
[134] 1.945217 0.000121 0.214086 0.040730 685
[218] 1.937898 0.000142 0.179302 0.007118 712
[157] 1.818683 0.000125 0.220920 0.049485 712
[61] 1.833661 0.000151 0.194271 0.007149 820
[33] 1.649718 0.000162 0.409393 0.007164 784
[16] 1.587826 0.000165 0.456600 0.048256 721
[86] 1.863780 0.000117 0.300731 0.038352 712
[66] 2.025728 0.000137 0.299314 0.030467 721
[220] 1.929751 0.000105 0.119189 0.007119 595
[199] 1.851985 0.000130 0.184312 0.054031 685
[201] 1.996846 0.000121 0.156687 0.029690 622
[79] 1.713459 0.000134 0.267248 0.015848 685
[14] 1.604675 0.000143 0.411337 0.007216 694
[52] 1.825653 0.000138 0.189566 0.037167 802
[46] 1.806895 0.000168 0.297970 0.007147 766
[116] 1.900770 0.000121 0.168349 0.007222 694
[251] 1.918531 0.000171 0.119367 0.015141 721
[39] 1.577538 0.000130 0.395398 0.036125 649
[106] 1.900208 0.000141 0.177922 0.052153 730
[89] 1.761132 0.000175 0.280283 0.021801 802
[129] 1.860138 0.000137 0.183536 0.014610 739
[36] 1.632877 0.000133 0.383597 0.035430 658
[236] 2.001050 0.000125 0.185697 0.043542 604
[42] 1.763685 0.000141 0.334587 0.007196 685
[121] 1.935920 0.000123 0.200704 0.007101 712
[54] 1.884521 0.000143 0.310754 0.007423 748
[161] 1.890402 0.000152 0.196803 0.007091 658
[235] 2.080500 0.000109 0.131841 0.037523 613
[4] 1.615277 0.000158 0.469311 0.007066 667
[173] 2.084974 0.000142 0.034876 0.042307 721
[98] 1.891334 0.000147 0.175157 0.040828 757
[198] 2.125563 0.000134 0.025664 0.025985 604
[238] 2.080353 0.000127 0.190655 0.007202 676
[143] 1.825582 0.000117 0.178518 0.029509 721
[127] 1.759387 0.000133 0.277680 0.021816 730
[56] 1.964065 0.000165 0.174860 0.009460 775
[87] 1.971424 0.000146 0.223484 0.028661 784
[68] 1.818403 0.000136 0.353683 0.010670 667
[178] 1.854182 0.000137 0.205777 0.071252 703
[49] 1.847186 0.000154 0.300722 0.027522 712
[241] 2.158444 0.000145 0.051376 0.019239 694
[91] 1.783964 0.000160 0.282563 0.046879 775
[195] 2.096805 0.000151 0.194010 0.011187 757
[102] 2.100345 0.000161 0.165724 0.071394 748
[0] 1.229634 0.000134 0.862392 0.007172 739
[172] 1.993833 0.000133 0.166810 0.060596 730
[62] 1.926687 0.000128 0.311223 0.014378 721
[183] 1.773399 0.000162 0.183614 0.057341 703
[196] 1.997596 0.000148 0.185261 0.051492 739
[156] 1.838776 0.000118 0.205188 0.007240 721
[228] 1.940027 0.000123 0.065394 0.025925 667
[203] 2.058868 0.000123 0.025008 0.007123 658
[252] 1.934314 0.000124 0.133346 0.007479 613
[215] 2.193118 0.000132 0.036038 0.014964 775
[105] 1.925366 0.000154 0.166252 0.097080 730
[53] 2.140212 0.000140 0.177727 0.007089 703
[234] 2.071826 0.000156 0.180624 0.007182 730
[123] 1.902679 0.000157 0.200095 0.036137 766
[216] 2.053066 0.000133 0.051348 0.007257 667
[211] 1.971412 0.000133 0.036868 0.023732 775
[63] 1.671331 0.000181 0.341549 0.027400 775
[166] 1.850824 0.000169 0.155361 0.022455 820
[100] 1.847914 0.000136 0.197684 0.065231 721
[154] 1.881372 0.000142 0.195906 0.014380 739
[90] 1.804406 0.000155 0.197779 0.038320 766
[48] 1.826897 0.000157 0.175682 0.040118 685
[164] 1.915152 0.000161 0.093001 0.007301 793
[231] 2.035049 0.000181 0.190859 0.007159 802
[229] 1.857420 0.000133 0.183031 0.051753 721
[191] 1.825349 0.000123 0.148361 0.030938 631
[43] 1.636569 0.000173 0.347375 0.007188 730
[165] 1.855295 0.000165 0.182529 0.037133 784
[142] 2.050325 0.000133 0.216407 0.034936 685
[194] 2.008399 0.000125 0.172126 0.007175 712
[209] 2.212781 0.000139 0.040477 0.032444 676
[202] 1.938897 0.000152 0.185584 0.007082 748
[213] 1.983569 0.000159 0.035017 0.011167 712
[230] 2.076325 0.000122 0.064763 0.028599 748
[204] 1.965114 0.000168 0.139818 0.027624 802
[200] 1.982028 0.000124 0.025189 0.030431 712
[22] 1.655292 0.000180 0.428139 0.026720 910
[247] 2.210577 0.000134 0.049025 0.026070 712
[223] 1.920641 0.000114 0.050468 0.048623 649
[50] 1.747895 0.000145 0.362540 0.007258 685
[212] 2.012588 0.000124 0.184898 0.051973 640
[141] 1.913301 0.000161 0.210776 0.007180 766
[169] 2.006482 0.000149 0.032551 0.016145 757
[120] 1.925756 0.000147 0.201687 0.020782 802
[167] 1.888463 0.000166 0.185701 0.007084 838
[176] 1.987113 0.000123 0.165893 0.071905 685
[206] 2.080459 0.000166 0.119407 0.020065 766
[74] 1.820771 0.000143 0.204448 0.007746 676
[15] 1.620694 0.000163 0.415886 0.025001 838
[233] 2.086241 0.000143 0.185107 0.029293 721
[72] 1.718352 0.000112 0.295635 0.026857 694
[193] 2.168290 0.000127 0.022069 0.007157 730
[243] 2.047901 0.000132 0.116124 0.049409 667
[163] 1.946640 0.000146 0.093762 0.022138 820
[245] 2.141984 0.000141 0.050648 0.045174 712
[152] 1.923163 0.000138 0.196004 0.007164 775
[237] 2.094469 0.000152 0.185339 0.007149 721
[109] 1.781587 0.000148 0.187469 0.055815 721
[214] 2.172013 0.000144 0.034762 0.051351 748
[246] 2.232662 0.000135 0.088758 0.071793 757
[205] 2.081925 0.000156 0.045912 0.027520 793
[75] 1.792693 0.000163 0.170008 0.055627 739
[248] 1.903183 0.000128 0.163587 0.046378 649
[155] 1.794649 0.000149 0.180022 0.043786 712
[171] 2.068421 0.000162 0.033993 0.045749 694
[240] 2.255605 0.000134 0.045837 0.040241 712
[35] 1.654725 0.000163 0.381032 0.007118 811
[135] 1.923226 0.000152 0.177239 0.052976 802
[189] 1.922574 0.000168 0.048799 0.038888 829
[150] 1.890099 0.000135 0.219893 0.007175 658
[151] 1.758779 0.000146 0.217864 0.034401 919
[187] 1.831822 0.000162 0.142268 0.027906 685
[222] 1.934244 0.000139 0.118773 0.010019 676
[239] 1.944876 0.000150 0.098717 0.022099 865
[210] 2.209987 0.000186 0.109360 0.049981 829
[242] 2.192762 0.000144 0.046230 0.071447 766
[184] 1.969409 0.000157 0.151692 0.007106 775
[249] 2.170065 0.000136 0.084158 0.037679 739
[207] 1.895283 0.000128 0.120993 0.047069 631
[44] 1.806487 0.000175 0.294910 0.007158 766
[168] 2.017182 0.000166 0.034475 0.059204 919
[80] 1.837238 0.000154 0.203233 0.007366 703
[179] 2.179301 0.000185 0.031178 0.007093 829
[190] 2.006937 0.000150 0.053702 0.012678 685
[133] 1.840208 0.000155 0.178971 0.043185 757
[221] 1.926548 0.000119 0.050775 0.034284 667
[132] 1.931201 0.000154 0.193048 0.062550 847
[81] 1.808768 0.000168 0.169090 0.038324 712
[208] 2.191214 0.000190 0.032713 0.047113 865
[60] 1.858624 0.000157 0.341556 0.068672 856
[119] 1.817263 0.000143 0.164183 0.031856 685
[181] 1.913674 0.000139 0.051565 0.045396 721
[185] 1.728256 0.000137 0.245153 0.023585 703
[145] 1.753675 0.000151 0.217997 0.020627 685
[182] 1.844727 0.000184 0.183221 0.012016 802
[147] 1.797641 0.000155 0.182008 0.011195 739
[254] 1.995970 0.000122 0.067946 0.012251 712
[1] 1.556509 0.000142 0.409954 0.034707 802
[219] 1.793525 0.000156 0.174353 0.057096 766
[45] 1.625545 0.000149 0.344484 0.033886 784
[83] 1.808713 0.000170 0.168989 0.046870 793
[5] 1.487283 0.000160 0.484111 0.044039 775
[38] 1.601217 0.000139 0.442432 0.007294 703
[76] 1.829597 0.000172 0.205112 0.012158 730
[140] 1.981446 0.000183 0.182074 0.042950 892
[180] 1.856627 0.000144 0.155452 0.023264 667
[225] 1.866955 0.000145 0.108069 0.047492 748
[47] 1.835150 0.000155 0.144398 0.012180 793
[41] 1.710314 0.000131 0.271358 0.021894 748
[144] 1.816526 0.000179 0.196250 0.037174 820
[9] 1.609683 0.000146 0.365624 0.021904 838
[148] 1.781692 0.000174 0.249229 0.028980 775
[227] 1.801279 0.000161 0.171346 0.037404 820
[217] 1.935825 0.000144 0.046009 0.007177 739
[253] 1.827309 0.000136 0.138888 0.040270 694
[40] 1.731434 0.000175 0.336015 0.007316 829
[186] 1.899155 0.000137 0.153624 0.013285 739
[8] 1.466143 0.000169 0.571964 0.014742 829
[255] 1.906645 0.000158 0.065272 0.033581 757
[37] 1.643147 0.000176 0.333607 0.039774 802
[112] 1.864889 0.000161 0.167510 0.009867 838
[77] 1.794651 0.000152 0.183931 0.041002 748
[115] 1.717568 0.000145 0.253682 0.052465 910
[73] 1.954383 0.000163 0.019771 0.045768 874
[3] 1.796911 0.000131 0.442558 0.010073 702
