[1 2]
[3] 14.151730 0.000133 0.000000 0.218898 82
[23] 14.151325 0.000201 0.000000 0.011655 1070
[64] 15.472653 0.000162 0.000000 0.006974 654
[74] 16.496612 0.000170 0.000000 0.007683 672
[0] 14.176490 0.000234 0.000000 0.007097 1221
[1] 14.001072 0.000183 0.000000 0.011074 1238
[2] 14.177757 0.000099 0.000000 0.007289 222
[4] 14.179325 0.000127 0.000000 0.007076 298
[5] 13.996402 0.000199 0.000000 0.007017 1111
[6] 14.200620 0.000131 0.000000 0.007110 627
[7] 14.161721 0.000153 0.000000 0.012090 776
[8] 15.505621 0.000223 0.000000 0.007047 1644
[9] 13.942873 0.000145 0.000000 0.098972 742
[11] 15.340725 0.000106 0.000000 0.007078 128
[12] 14.199552 0.000177 0.000000 0.011702 766
[13] 13.973023 0.000112 0.000000 0.007101 447
[16] 16.407282 0.000197 0.000000 0.007036 1033
[17] 14.046371 0.000143 0.000000 0.038758 590
[19] 16.397950 0.000214 0.000000 0.007044 875
[24] 14.198950 0.000152 0.000000 0.007227 735
[28] 14.156425 0.000154 0.000000 0.010108 550
[30] 16.640108 0.000183 0.000000 0.008345 1007
[31] 15.402003 0.000206 0.000000 0.007121 966
[32] 15.710141 0.000129 0.000000 0.007073 524
[33] 13.966759 0.000198 0.000000 0.091949 952
[34] 14.213502 0.000091 0.000000 0.007345 89
[35] 14.203441 0.000195 0.000000 0.007003 1074
[37] 14.072024 0.000165 0.000000 0.011119 622
[41] 13.938971 0.000119 0.000000 0.088650 334
[42] 14.213342 0.000140 0.000000 0.007075 606
[43] 16.593209 0.000142 0.000000 0.007038 406
[44] 16.325645 0.000182 0.000000 0.007183 762
[45] 13.978886 0.000230 0.000000 0.052548 1210
[46] 16.485897 0.000182 0.000000 0.006981 846
[48] 16.462220 0.000114 0.000000 0.007278 231
[53] 14.067688 0.000186 0.000000 0.006975 1007
[54] 14.189672 0.000148 0.000000 0.007072 662
[55] 16.356356 0.000192 0.000000 0.007051 918
[56] 14.186950 0.000227 0.000000 0.007109 1196
[57] 14.115959 0.000134 0.000000 0.007141 706
[58] 15.461076 0.000138 0.000000 0.007018 582
[60] 14.099484 0.000219 0.000000 0.007134 1416
[61] 14.035152 0.000137 0.000000 0.022100 366
[62] 14.107021 0.000157 0.000000 0.007094 559
[65] 13.958906 0.000148 0.000000 0.028749 627
[66] 14.124302 0.000216 0.000000 0.010409 1033
[67] 14.215114 0.000145 0.000000 0.007121 298
[68] 14.205559 0.000163 0.000000 0.011786 809
[71] 15.684373 0.000202 0.000000 0.007034 1098
[72] 15.920080 0.000187 0.000000 0.007065 842
[73] 13.959426 0.000166 0.000000 0.017942 678
[76] 16.563998 0.000155 0.000000 0.009090 646
[77] 13.967397 0.000186 0.000000 0.006987 908
[81] 14.053918 0.000157 0.000000 0.031073 786
[82] 14.196635 0.000163 0.000000 0.014524 601
[85] 13.954543 0.000174 0.000000 0.045602 1026
[88] 16.100081 0.000153 0.000000 0.006985 663
[89] 13.951029 0.000157 0.000000 0.054875 534
[90] 16.444373 0.000180 0.000000 0.007049 678
[91] 15.729656 0.000248 0.000000 0.007098 1366
[92] 16.558574 0.000164 0.000000 0.007052 721
[93] 13.972238 0.000180 0.000000 0.049505 726
[94] 16.639966 0.000119 0.000000 0.008062 366
[95] 14.158522 0.000150 0.000000 0.008203 496
[97] 13.948391 0.000163 0.000000 0.085341 831
[98] 14.102764 0.000182 0.000000 0.007075 836
[100] 14.118835 0.000093 0.000000 0.007091 243
[102] 14.165364 0.000226 0.000000 0.008700 1236
[105] 13.963471 0.000188 0.000000 0.040619 1126
[106] 15.289439 0.000203 0.000000 0.007048 566
[107] 16.550800 0.000175 0.000000 0.007014 1011
[108] 15.388406 0.000128 0.000000 0.007078 390
[109] 13.947673 0.000127 0.000000 0.050634 480
[110] 15.377851 0.000217 0.000000 0.007039 1338
[114] 15.742122 0.000189 0.000000 0.007047 870
[115] 16.543038 0.000145 0.000000 0.007025 306
[116] 15.331628 0.000136 0.000000 0.007106 462
[117] 13.985918 0.000110 0.000000 0.066062 361
[118] 14.181246 0.000220 0.000000 0.008770 1142
[120] 16.589568 0.000193 0.000000 0.009740 974
[121] 13.954305 0.000115 0.000000 0.059894 552
[122] 14.196584 0.000180 0.000000 0.011742 696
[124] 15.872423 0.000277 0.000000 0.007015 1464
[125] 13.953245 0.000196 0.000000 0.089698 1116
[129] 13.959658 0.000147 0.000000 0.075384 573
[130] 16.067993 0.000128 0.000000 0.006999 225
[131] 14.128187 0.000135 0.000000 0.007118 531
[134] 14.168220 0.000227 0.000000 0.008236 1131
[140] 16.387259 0.000252 0.000000 0.007100 1476
[186] 16.402540 0.000179 0.000000 0.007068 654
[201] 13.994685 0.000137 0.000000 0.031656 618
[10] 16.510159 0.000183 0.000000 0.007006 918
[14] 16.465362 0.000104 0.000000 0.007481 82
[15] 15.696973 0.000156 0.000000 0.007047 374
[18] 16.036291 0.000108 0.000000 0.007077 414
[20] 14.143250 0.000118 0.000000 0.009774 765
[21] 13.957558 0.000146 0.000000 0.030632 678
[22] 16.080194 0.000130 0.000000 0.007034 206
[25] 13.956004 0.000189 0.000000 0.010576 717
[26] 15.881306 0.000184 0.000000 0.007104 916
[27] 14.162372 0.000127 0.000000 0.007035 542
[29] 13.944702 0.000181 0.000000 0.066806 1176
[36] 14.129530 0.000140 0.000000 0.007093 582
[38] 14.130945 0.000128 0.000000 0.007088 237
[39] 15.635404 0.000176 0.000000 0.007048 858
[40] 14.204394 0.000209 0.000000 0.011652 734
[47] 16.393495 0.000170 0.000000 0.007012 963
[49] 14.067474 0.000197 0.000000 0.022188 1176
[50] 15.647278 0.000232 0.000000 0.007041 1056
[51] 16.569392 0.000125 0.000000 0.009393 622
[52] 15.438375 0.000151 0.000000 0.007000 446
[59] 14.189503 0.000194 0.000000 0.007035 1085
[63] 14.184150 0.000129 0.000000 0.007160 431
[69] 13.961821 0.000182 0.000000 0.028111 744
[70] 14.153964 0.000152 0.000000 0.008819 574
[75] 15.877493 0.000185 0.000000 0.007047 654
[78] 15.972086 0.000128 0.000000 0.007088 346
[79] 16.036752 0.000129 0.000000 0.007054 456
[80] 15.397089 0.000097 0.000000 0.007066 160
[83] 16.608245 0.000163 0.000000 0.007565 441
[84] 14.160971 0.000167 0.000000 0.008250 787
[86] 14.164810 0.000149 0.000000 0.011697 552
[87] 16.483133 0.000223 0.000000 0.007375 1210
[96] 14.145668 0.000182 0.000000 0.007083 874
[99] 16.072057 0.000171 0.000000 0.007032 776
[101] 13.948217 0.000106 0.000000 0.094837 590
[103] 14.148344 0.000187 0.000000 0.012098 708
[104] 14.117656 0.000117 0.000000 0.010330 391
[111] 15.509771 0.000187 0.000000 0.007066 955
[112] 15.622965 0.000193 0.000000 0.007006 834
[113] 13.947029 0.000122 0.000000 0.080149 411
[119] 15.611635 0.000205 0.000000 0.007023 1056
[123] 15.368074 0.000195 0.000000 0.007073 930
[126] 14.191700 0.000152 0.000000 0.007094 401
[127] 14.175770 0.000133 0.000000 0.009618 326
[128] 14.123635 0.000160 0.000000 0.017390 666
[132] 16.347223 0.000161 0.000000 0.007041 564
[133] 14.022292 0.000143 0.000000 0.011054 421
[135] 14.121636 0.000166 0.000000 0.007150 798
[136] 14.204966 0.000133 0.000000 0.007016 366
[137] 13.950618 0.000134 0.000000 0.085739 447
[138] 15.918208 0.000189 0.000000 0.007066 756
[139] 14.215926 0.000225 0.000000 0.007105 1179
[141] 14.031683 0.000146 0.000000 0.008607 594
[142] 15.949031 0.000213 0.000000 0.007008 1206
[143] 15.439124 0.000225 0.000000 0.007041 1033
[144] 15.602443 0.000212 0.000000 0.007059 816
[145] 14.116609 0.000115 0.000000 0.007115 381
[146] 15.503789 0.000143 0.000000 0.007044 526
[147] 16.327542 0.000151 0.000000 0.007062 654
[148] 14.157897 0.000262 0.000000 0.006999 1366
[149] 14.065175 0.000092 0.000000 0.007002 219
[150] 15.428002 0.000182 0.000000 0.007038 726
[151] 15.638832 0.000254 0.000000 0.007068 1218
[152] 14.120838 0.000120 0.000000 0.018302 176
[153] 14.045753 0.000154 0.000000 0.033490 776
[154] 14.208237 0.000148 0.000000 0.007278 249
[155] 14.142281 0.000143 0.000000 0.007029 396
[156] 15.768454 0.000217 0.000000 0.007053 1191
[157] 14.019045 0.000173 0.000000 0.046898 786
[158] 15.961551 0.000178 0.000000 0.007076 622
[159] 14.205057 0.000169 0.000000 0.007018 798
[160] 14.218019 0.000194 0.000000 0.007158 834
[161] 14.120747 0.000190 0.000000 0.007009 1014
[162] 14.142697 0.000193 0.000000 0.008737 726
[163] 14.202667 0.000217 0.000000 0.007119 1176
[164] 14.193731 0.000187 0.000000 0.007137 789
[165] 14.068230 0.000149 0.000000 0.031788 608
[166] 15.464427 0.000198 0.000000 0.006988 726
[167] 16.002701 0.000207 0.000000 0.007017 834
[168] 15.674068 0.000161 0.000000 0.007022 208
[169] 13.955393 0.000145 0.000000 0.108654 587
[170] 16.040125 0.000183 0.000000 0.007089 699
[171] 16.516521 0.000143 0.000000 0.007806 614
[172] 16.471689 0.000190 0.000000 0.006972 886
[173] 14.078359 0.000174 0.000000 0.021680 875
[174] 16.631360 0.000168 0.000000 0.007660 809
[175] 15.330084 0.000154 0.000000 0.007107 686
[176] 15.801480 0.000202 0.000000 0.007068 981
[177] 14.123573 0.000114 0.000000 0.007183 468
[178] 16.641591 0.000162 0.000000 0.008009 391
[179] 15.761580 0.000304 0.000000 0.007030 1553
[180] 16.032192 0.000174 0.000000 0.007043 663
[181] 14.081287 0.000206 0.000000 0.037459 1033
[182] 15.320951 0.000207 0.000000 0.007088 710
[183] 14.226360 0.000115 0.000000 0.007037 391
[184] 15.944858 0.000218 0.000000 0.007012 856
[185] 14.077724 0.000215 0.000000 0.041707 1007
[187] 15.975826 0.000148 0.000000 0.007154 306
[188] 14.168086 0.000119 0.000000 0.012146 154
[189] 14.117726 0.000170 0.000000 0.007071 552
[190] 14.192320 0.000143 0.000000 0.013173 456
[191] 15.836701 0.000152 0.000000 0.007005 627
[192] 14.178120 0.000124 0.000000 0.011705 282
[193] 13.966488 0.000145 0.000000 0.085250 886
[194] 14.159751 0.000177 0.000000 0.007109 708
[195] 14.145030 0.000237 0.000000 0.015306 1417
[196] 15.569394 0.000128 0.000000 0.007037 330
[197] 14.007942 0.000137 0.000000 0.006976 468
[198] 15.550155 0.000154 0.000000 0.007094 600
[199] 14.159338 0.000137 0.000000 0.009599 306
[200] 14.220443 0.000104 0.000000 0.008355 240
[202] 15.850303 0.000180 0.000000 0.006988 744
[203] 14.234506 0.000148 0.000000 0.007006 438
[204] 15.502309 0.000143 0.000000 0.007086 182
[205] 13.984067 0.000147 0.000000 0.038232 528
[206] 16.670414 0.000184 0.000000 0.012596 846
[207] 15.314301 0.000111 0.000000 0.007068 282
[208] 15.796539 0.000177 0.000000 0.007020 386
[209] 14.070725 0.000183 0.000000 0.046643 968
[210] 16.386782 0.000203 0.000000 0.007029 916
[211] 16.451808 0.000128 0.000000 0.007081 516
[212] 16.018345 0.000157 0.000000 0.007075 776
[213] 13.985998 0.000148 0.000000 0.047123 708
[214] 15.562217 0.000209 0.000000 0.007054 744
[215] 16.071912 0.000154 0.000000 0.006984 431
[216] 14.214799 0.000161 0.000000 0.007085 590
[217] 13.975048 0.000144 0.000000 0.025269 573
[218] 15.787419 0.000142 0.000000 0.007072 396
[219] 15.591858 0.000164 0.000000 0.007060 762
[220] 16.546013 0.000196 0.000000 0.008310 851
[221] 13.976171 0.000153 0.000000 0.028600 663
[222] 15.828537 0.000124 0.000000 0.007044 302
[223] 15.544019 0.000131 0.000000 0.007079 361
[224] 15.693014 0.000135 0.000000 0.007086 591
[226] 14.168787 0.000153 0.000000 0.010448 636
[228] 14.132377 0.000167 0.000000 0.007084 809
[229] 14.094568 0.000143 0.000000 0.010525 322
[230] 14.235562 0.000212 0.000000 0.007125 908
[232] 14.185543 0.000139 0.000000 0.012619 550
[233] 13.995254 0.000129 0.000000 0.006987 559
[237] 13.976505 0.000148 0.000000 0.086807 401
[239] 16.472822 0.000185 0.000000 0.007016 861
[240] 15.877141 0.000119 0.000000 0.007049 396
[241] 14.091107 0.000182 0.000000 0.029828 842
[244] 15.717505 0.000153 0.000000 0.006974 645
[245] 14.090927 0.000159 0.000000 0.014368 552
[246] 14.179679 0.000170 0.000000 0.010279 587
[247] 15.922223 0.000164 0.000000 0.007068 708
[248] 16.447157 0.000157 0.000000 0.007045 716
[250] 15.586507 0.000198 0.000000 0.007037 765
[251] 16.373518 0.000147 0.000000 0.007010 480
[254] 15.606908 0.000169 0.000000 0.007065 552
[225] 13.995118 0.000211 0.000000 0.104337 1154
[227] 14.204394 0.000201 0.000000 0.007055 726
[234] 15.358611 0.000131 0.000000 0.007317 326
[235] 15.819925 0.000129 0.000000 0.007040 475
[236] 16.030963 0.000182 0.000000 0.007063 798
[238] 16.002503 0.000148 0.000000 0.006994 598
[242] 16.100123 0.000177 0.000000 0.007083 594
[249] 13.980369 0.000196 0.000000 0.117210 1059
[252] 16.534053 0.000209 0.000000 0.008057 1011
[253] 13.965697 0.000153 0.000000 0.120425 766
[243] 15.866773 0.000162 0.000000 0.007087 517
[231] 14.152217 0.000162 0.000000 0.017733 622
[255] 14.227984 0.000173 0.000000 0.007097 669

[1 4]
[3] 18.868444 0.000116 0.000000 0.017181 82
[74] 17.873900 0.000176 0.000000 0.007091 968
[6] 19.357083 0.000124 0.000000 0.007315 213
[33] 18.984022 0.000226 0.000000 0.007125 1038
[132] 16.683331 0.000211 0.000000 0.007093 1029
[0] 18.301522 0.000129 0.000000 0.007056 573
[1] 18.375052 0.000201 0.000000 0.007068 974
[2] 16.633993 0.000096 0.000000 0.007068 222
[4] 18.039015 0.000167 0.000000 0.007039 882
[5] 16.666808 0.000206 0.000000 0.007062 1111
[7] 19.359421 0.000169 0.000000 0.007318 622
[8] 16.645468 0.000167 0.000000 0.007119 1098
[9] 17.911257 0.000155 0.000000 0.007056 558
[10] 19.352708 0.000165 0.000000 0.007385 690
[11] 18.699816 0.000131 0.000000 0.006994 372
[12] 16.721157 0.000190 0.000000 0.007095 766
[13] 16.693380 0.000108 0.000000 0.007071 447
[14] 18.346805 0.000112 0.000000 0.007066 82
[15] 19.014335 0.000156 0.000000 0.007066 374
[16] 17.843202 0.000167 0.000000 0.007049 717
[17] 16.704660 0.000132 0.000000 0.007045 444
[18] 18.029119 0.000178 0.000000 0.007053 890
[19] 18.712323 0.000167 0.000000 0.007074 875
[20] 16.657830 0.000095 0.000000 0.007107 489
[21] 16.694561 0.000140 0.000000 0.009906 594
[22] 18.218562 0.000159 0.000000 0.007053 406
[23] 19.349648 0.000183 0.000000 0.007295 766
[24] 16.643321 0.000164 0.000000 0.007092 978
[25] 16.736438 0.000158 0.000000 0.007052 638
[26] 19.331204 0.000167 0.000000 0.007087 706
[27] 18.779458 0.000168 0.000000 0.007042 676
[29] 19.350856 0.000162 0.000000 0.006978 786
[30] 16.602765 0.000186 0.000000 0.020070 1007
[31] 19.248898 0.000192 0.000000 0.007121 886
[32] 18.053466 0.000157 0.000000 0.007073 598
[34] 16.607975 0.000114 0.000000 0.007070 172
[35] 18.797861 0.000198 0.000000 0.006989 985
[36] 18.194186 0.000151 0.000000 0.007049 726
[37] 18.186348 0.000150 0.000000 0.007086 710
[38] 16.665337 0.000118 0.000000 0.007118 468
[39] 16.667470 0.000204 0.000000 0.007087 1284
[40] 16.646586 0.000175 0.000000 0.007038 916
[41] 18.749502 0.000185 0.000000 0.007005 908
[42] 19.284615 0.000178 0.000000 0.007065 756
[43] 19.030578 0.000248 0.000000 0.007065 1286
[44] 19.359993 0.000149 0.000000 0.007403 258
[45] 16.663321 0.000222 0.000000 0.007094 1124
[46] 16.673392 0.000169 0.000000 0.007222 930
[47] 19.325376 0.000208 0.000000 0.007014 1311
[48] 18.676358 0.000100 0.000000 0.007038 156
[50] 16.711792 0.000185 0.000000 0.007091 906
[52] 18.341039 0.000136 0.000000 0.006974 358
[53] 16.730519 0.000142 0.000000 0.007901 699
[54] 18.450769 0.000174 0.000000 0.007085 826
[55] 16.719588 0.000146 0.000000 0.007124 766
[56] 18.123863 0.000213 0.000000 0.007079 1026
[57] 18.422894 0.000209 0.000000 0.007058 916
[58] 19.297191 0.000103 0.000000 0.006989 198
[59] 18.924128 0.000203 0.000000 0.006997 1251
[64] 16.725696 0.000225 0.000000 0.007021 1302
[65] 19.365224 0.000170 0.000000 0.006984 627
[66] 16.714769 0.000190 0.000000 0.007061 1033
[67] 18.848946 0.000139 0.000000 0.007076 444
[68] 18.442000 0.000156 0.000000 0.007023 809
[69] 17.832555 0.000197 0.000000 0.007147 1072
[70] 17.895205 0.000176 0.000000 0.007041 787
[71] 16.692538 0.000187 0.000000 0.007009 1020
[72] 16.686650 0.000113 0.000000 0.007086 386
[75] 18.870018 0.000120 0.000000 0.007070 330
[76] 18.279287 0.000131 0.000000 0.007016 566
[77] 17.885630 0.000141 0.000000 0.007014 498
[78] 18.117784 0.000146 0.000000 0.007078 754
[79] 19.356928 0.000164 0.000000 0.007388 531
[80] 18.334220 0.000086 0.000000 0.007071 160
[81] 16.723859 0.000114 0.000000 0.007079 396
[82] 18.575429 0.000113 0.000000 0.007012 176
[83] 18.614033 0.000201 0.000000 0.007041 789
[84] 18.155560 0.000143 0.000000 0.007103 432
[85] 17.826947 0.000209 0.000000 0.007086 1026
[88] 18.107858 0.000134 0.000000 0.007004 444
[89] 18.084095 0.000160 0.000000 0.007077 446
[90] 16.727115 0.000131 0.000000 0.007065 510
[91] 18.822344 0.000206 0.000000 0.007065 941
[95] 19.371067 0.000105 0.000000 0.007308 286
[96] 16.742124 0.000114 0.000000 0.012085 378
[97] 19.345486 0.000184 0.000000 0.011149 681
[98] 19.349842 0.000133 0.000000 0.007051 504
[99] 18.701113 0.000162 0.000000 0.007077 566
[100] 18.692295 0.000169 0.000000 0.007036 638
[101] 18.568711 0.000153 0.000000 0.007026 663
[104] 17.846308 0.000193 0.000000 0.007104 545
[105] 18.768382 0.000189 0.000000 0.007038 726
[106] 16.650635 0.000127 0.000000 0.007162 486
[107] 18.863241 0.000135 0.000000 0.007048 609
[108] 19.373458 0.000135 0.000000 0.007206 518
[111] 16.704851 0.000122 0.000000 0.007075 517
[112] 18.953702 0.000266 0.000000 0.006994 1570
[113] 18.018245 0.000165 0.000000 0.007041 735
[114] 18.370562 0.000160 0.000000 0.007055 726
[116] 18.548595 0.000151 0.000000 0.007064 386
[117] 18.401497 0.000142 0.000000 0.007055 503
[118] 18.240966 0.000206 0.000000 0.007002 929
[119] 16.661596 0.000155 0.000000 0.007028 831
[122] 16.669004 0.000155 0.000000 0.007117 834
[123] 18.818604 0.000211 0.000000 0.007094 930
[128] 17.949236 0.000131 0.000000 0.007102 486
[129] 18.216507 0.000126 0.000000 0.007065 492
[130] 16.727785 0.000130 0.000000 0.007379 590
[131] 19.008150 0.000158 0.000000 0.006991 606
[133] 16.672473 0.000168 0.000000 0.007097 587
[134] 16.691658 0.000202 0.000000 0.007060 1056
[135] 16.666001 0.000143 0.000000 0.007087 358
[136] 19.375248 0.000186 0.000000 0.007037 1086
[137] 16.752512 0.000113 0.000000 0.011668 384
[138] 16.625015 0.000127 0.000000 0.022205 606
[139] 18.660337 0.000242 0.000000 0.007051 1041
[141] 16.688360 0.000229 0.000000 0.007115 1098
[142] 16.667434 0.000130 0.000000 0.007216 681
[143] 16.649849 0.000137 0.000000 0.007010 638
[144] 16.727913 0.000200 0.000000 0.007066 996
[145] 19.376323 0.000164 0.000000 0.007104 531
[146] 17.819203 0.000173 0.000000 0.007049 916
[147] 18.753788 0.000225 0.000000 0.007027 1059
[148] 19.368168 0.000227 0.000000 0.006956 1026
[149] 16.701448 0.000100 0.000000 0.007079 219
[151] 16.700854 0.000241 0.000000 0.007121 1117
[152] 19.367323 0.000137 0.000000 0.007380 176
[153] 16.641589 0.000114 0.000000 0.014965 496
[154] 19.320940 0.000160 0.000000 0.007059 654
[155] 18.846931 0.000191 0.000000 0.007049 864
[159] 19.278760 0.000202 0.000000 0.007078 1014
[160] 18.532941 0.000117 0.000000 0.007028 420
[161] 18.013436 0.000190 0.000000 0.007020 942
[162] 16.626109 0.000137 0.000000 0.020062 726
[163] 18.927786 0.000160 0.000000 0.007084 276
[165] 18.176298 0.000152 0.000000 0.007048 350
[167] 16.737312 0.000142 0.000000 0.006999 558
[169] 18.522593 0.000154 0.000000 0.007035 338
[170] 19.380308 0.000155 0.000000 0.007034 573
[171] 19.024824 0.000163 0.000000 0.007080 614
[172] 16.696331 0.000142 0.000000 0.006996 566
[174] 17.876579 0.000242 0.000000 0.007043 1539
[175] 16.682741 0.000150 0.000000 0.007109 618
[176] 18.282862 0.000183 0.000000 0.007089 831
[177] 16.718836 0.000091 0.000000 0.012134 270
[178] 17.922611 0.000172 0.000000 0.007038 776
[180] 16.751960 0.000160 0.000000 0.009867 663
[181] 16.688308 0.000167 0.000000 0.007133 875
[182] 18.600366 0.000172 0.000000 0.007045 710
[183] 16.745869 0.000137 0.000000 0.007116 468
[184] 16.684953 0.000150 0.000000 0.007035 516
[185] 18.431318 0.000196 0.000000 0.007050 853
[186] 19.362671 0.000182 0.000000 0.007042 735
[187] 18.983997 0.000193 0.000000 0.007048 681
[192] 18.975269 0.000129 0.000000 0.007056 213
[193] 18.792619 0.000170 0.000000 0.007037 486
[194] 18.152497 0.000199 0.000000 0.007039 864
[196] 16.753736 0.000159 0.000000 0.007002 573
[199] 16.751123 0.000176 0.000000 0.007110 756
[202] 18.112540 0.000221 0.000000 0.006995 990
[203] 18.678946 0.000133 0.000000 0.007022 294
[206] 18.482155 0.000190 0.000000 0.007052 846
[209] 16.661387 0.000180 0.000000 0.007015 1042
[247] 16.771733 0.000132 0.000000 0.007133 396
[28] 16.686231 0.000116 0.000000 0.007041 414
[49] 16.722668 0.000193 0.000000 0.007046 786
[51] 18.639338 0.000187 0.000000 0.007067 853
[60] 19.354848 0.000200 0.000000 0.007033 946
[61] 16.712357 0.000160 0.000000 0.007096 456
[62] 16.695366 0.000157 0.000000 0.007114 638
[86] 16.742294 0.000136 0.000000 0.007087 708
[87] 19.362544 0.000203 0.000000 0.007037 866
[92] 16.747565 0.000134 0.000000 0.007092 461
[93] 16.635221 0.000107 0.000000 0.007112 326
[94] 16.712831 0.000139 0.000000 0.007175 726
[102] 16.698773 0.000260 0.000000 0.007123 1482
[103] 16.685161 0.000137 0.000000 0.007094 552
[110] 16.733664 0.000172 0.000000 0.007078 672
[115] 18.559771 0.000200 0.000000 0.007081 706
[120] 18.493397 0.000222 0.000000 0.007077 1238
[124] 17.995987 0.000155 0.000000 0.007019 654
[125] 16.728340 0.000136 0.000000 0.006996 524
[126] 18.189655 0.000104 0.000000 0.007071 243
[127] 16.718449 0.000100 0.000000 0.007167 246
[140] 16.698201 0.000248 0.000000 0.007171 1280
[150] 16.748602 0.000169 0.000000 0.007143 654
[156] 19.290220 0.000197 0.000000 0.007117 796
[157] 19.355409 0.000178 0.000000 0.014088 630
[158] 18.302295 0.000224 0.000000 0.007077 1007
[164] 16.744622 0.000232 0.000000 0.007128 1050
[166] 16.743815 0.000167 0.000000 0.007347 636
[168] 17.965926 0.000132 0.000000 0.007107 208
[173] 16.680300 0.000181 0.000000 0.007038 1033
[179] 18.647351 0.000188 0.000000 0.006989 916
[188] 19.335588 0.000098 0.000000 0.007060 80
[189] 19.382324 0.000220 0.000000 0.007379 916
[190] 16.765167 0.000142 0.000000 0.007439 681
[191] 16.696868 0.000161 0.000000 0.007038 903
[195] 18.954929 0.000186 0.000000 0.007045 753
[197] 16.753653 0.000181 0.000000 0.013201 1062
[198] 18.318758 0.000154 0.000000 0.007055 600
[200] 16.633207 0.000116 0.000000 0.007147 318
[201] 16.755344 0.000161 0.000000 0.007073 618
[204] 19.363694 0.000142 0.000000 0.007081 182
[205] 16.705016 0.000123 0.000000 0.007053 441
[208] 16.655321 0.000150 0.000000 0.007016 481
[210] 17.836895 0.000213 0.000000 0.007045 825
[211] 18.689060 0.000201 0.000000 0.007068 771
[212] 16.697611 0.000160 0.000000 0.007118 846
[213] 16.707853 0.000154 0.000000 0.007048 786
[214] 18.751310 0.000193 0.000000 0.007009 744
[215] 16.723048 0.000194 0.000000 0.007018 771
[216] 18.044565 0.000177 0.000000 0.007030 809
[217] 18.164870 0.000145 0.000000 0.007032 492
[218] 18.193338 0.000213 0.000000 0.007092 630
[220] 16.733468 0.000208 0.000000 0.007036 1176
[221] 19.374746 0.000189 0.000000 0.021321 736
[222] 18.519150 0.000100 0.000000 0.007083 228
[223] 16.674001 0.000160 0.000000 0.007121 574
[225] 18.278924 0.000228 0.000000 0.007019 1318
[226] 16.715099 0.000115 0.000000 0.007332 426
[227] 18.815814 0.000147 0.000000 0.006988 456
[228] 16.721454 0.000156 0.000000 0.007069 517
[229] 17.952149 0.000130 0.000000 0.007084 322
[230] 17.997386 0.000182 0.000000 0.007060 908
[232] 18.497516 0.000158 0.000000 0.007001 618
[233] 18.427235 0.000149 0.000000 0.007003 559
[234] 16.633346 0.000196 0.000000 0.012474 806
[235] 18.903006 0.000161 0.000000 0.007063 676
[238] 18.269832 0.000165 0.000000 0.007029 672
[239] 16.758505 0.000199 0.000000 0.007039 861
[240] 18.398992 0.000148 0.000000 0.007032 786
[242] 18.926742 0.000213 0.000000 0.007061 846
[244] 16.770333 0.000198 0.000000 0.007031 929
[245] 18.241385 0.000145 0.000000 0.006987 552
[246] 18.647232 0.000186 0.000000 0.007038 587
[249] 18.458973 0.000210 0.000000 0.007070 978
[250] 16.701309 0.000125 0.000000 0.014900 351
[251] 18.916416 0.000180 0.000000 0.007016 401
[253] 19.367779 0.000151 0.000000 0.021289 538
[254] 18.556830 0.000143 0.000000 0.007072 474
[63] 19.366775 0.000190 0.000000 0.007167 771
[109] 18.075638 0.000157 0.000000 0.007050 638
[207] 16.704206 0.000140 0.000000 0.007084 627
[237] 17.986791 0.000165 0.000000 0.007046 559
[241] 16.671692 0.000198 0.000000 0.007099 1146
[252] 16.685252 0.000155 0.000000 0.007106 609
[224] 18.847796 0.000125 0.000000 0.007073 266
[243] 18.627566 0.000195 0.000000 0.007042 1028
[73] 18.321620 0.000231 0.000000 0.007060 1254
[121] 18.600827 0.000202 0.000000 0.007014 942
[248] 16.726977 0.000124 0.000000 0.007090 361
[219] 18.998726 0.000221 0.000000 0.007071 1014
[231] 16.772297 0.000172 0.000000 0.007122 886
[236] 16.741697 0.000151 0.000000 0.007129 534
[255] 16.742666 0.000143 0.000000 0.007105 752

[1 12]
[3] 13.490431 0.000110 0.000000 0.243685 82
[55] 13.461081 0.000175 0.000000 0.009865 614
[0] 13.515622 0.000159 0.000000 0.014742 654
[1] 13.386923 0.000170 0.000000 0.011734 974
[2] 13.298727 0.000091 0.000000 0.007081 294
[4] 13.388244 0.000144 0.000000 0.007010 809
[6] 13.475438 0.000124 0.000000 0.024480 351
[7] 13.358848 0.000139 0.000000 0.011769 622
[8] 13.558845 0.000283 0.000000 0.007049 1553
[9] 13.533621 0.000165 0.000000 0.007079 742
[11] 13.427763 0.000104 0.000000 0.012097 372
[12] 13.533414 0.000153 0.000000 0.059490 690
[13] 13.330868 0.000111 0.000000 0.007087 447
[14] 13.538015 0.000089 0.000000 0.007049 82
[16] 13.540022 0.000143 0.000000 0.041637 638
[17] 13.552273 0.000086 0.000000 0.007085 371
[19] 13.434050 0.000143 0.000000 0.008837 559
[20] 13.417832 0.000112 0.000000 0.007107 420
[21] 13.323828 0.000146 0.000000 0.007096 762
[22] 13.541960 0.000128 0.000000 0.007088 206
[23] 13.320209 0.000174 0.000000 0.007039 918
[25] 13.512568 0.000110 0.000000 0.007052 401
[26] 13.337498 0.000143 0.000000 0.007084 636
[28] 13.345822 0.000151 0.000000 0.007005 890
[29] 13.391900 0.000160 0.000000 0.007036 942
[30] 13.541853 0.000175 0.000000 0.007032 1084
[31] 13.460079 0.000155 0.000000 0.012096 566
[33] 13.443513 0.000200 0.000000 0.016831 1038
[34] 13.304411 0.000116 0.000000 0.007076 172
[35] 13.611272 0.000165 0.000000 0.007075 896
[36] 13.518864 0.000114 0.000000 0.082914 438
[37] 13.345650 0.000115 0.000000 0.007100 534
[38] 13.477195 0.000116 0.000000 0.009764 314
[40] 13.548102 0.000170 0.000000 0.007019 643
[42] 13.613837 0.000131 0.000000 0.007018 606
[43] 13.571842 0.000139 0.000000 0.012762 646
[44] 13.535103 0.000177 0.000000 0.062953 678
[45] 13.357681 0.000174 0.000000 0.007118 1038
[46] 13.517071 0.000154 0.000000 0.011718 426
[50] 13.373386 0.000169 0.000000 0.007065 756
[52] 13.287912 0.000139 0.000000 0.007035 534
[53] 13.435030 0.000187 0.000000 0.007042 930
[56] 13.533322 0.000251 0.000000 0.022266 1281
[57] 13.560882 0.000129 0.000000 0.007064 776
[58] 13.616842 0.000082 0.000000 0.006985 262
[59] 13.607675 0.000221 0.000000 0.007028 1500
[60] 13.538610 0.000206 0.000000 0.055060 946
[61] 13.477282 0.000140 0.000000 0.007058 456
[62] 13.511283 0.000124 0.000000 0.007124 401
[65] 13.448384 0.000111 0.000000 0.007237 489
[66] 13.392541 0.000179 0.000000 0.007164 875
[68] 13.381235 0.000187 0.000000 0.007057 882
[69] 13.625182 0.000174 0.000000 0.007177 826
[70] 13.518302 0.000152 0.000000 0.009302 645
[71] 13.354711 0.000142 0.000000 0.007023 630
[73] 13.415778 0.000145 0.000000 0.007065 486
[74] 13.322805 0.000148 0.000000 0.007078 672
[75] 13.320902 0.000118 0.000000 0.007079 492
[76] 13.338076 0.000114 0.000000 0.007023 486
[77] 13.627010 0.000190 0.000000 0.006971 908
[78] 13.548321 0.000118 0.000000 0.014181 414
[79] 13.389567 0.000180 0.000000 0.007087 906
[80] 13.627129 0.000081 0.000000 0.007109 83
[82] 13.445104 0.000127 0.000000 0.007068 431
[84] 13.434959 0.000143 0.000000 0.007276 716
[85] 13.626782 0.000192 0.000000 0.007077 1162
[86] 13.562537 0.000160 0.000000 0.007079 630
[88] 13.550371 0.000121 0.000000 0.047374 371
[89] 13.459286 0.000149 0.000000 0.010148 446
[90] 13.347222 0.000150 0.000000 0.007119 678
[91] 13.559868 0.000222 0.000000 0.007107 1111
[92] 13.415408 0.000131 0.000000 0.007129 591
[93] 13.383073 0.000140 0.000000 0.009961 566
[94] 13.567693 0.000131 0.000000 0.007046 294
[95] 13.473727 0.000131 0.000000 0.009684 566
[97] 13.541194 0.000191 0.000000 0.007083 906
[100] 13.564206 0.000108 0.000000 0.039395 322
[101] 13.309584 0.000149 0.000000 0.007047 736
[102] 13.492817 0.000203 0.000000 0.009895 1072
[103] 13.332726 0.000131 0.000000 0.007118 630
[104] 13.537790 0.000136 0.000000 0.031175 391
[105] 13.485314 0.000157 0.000000 0.011763 726
[106] 13.610734 0.000146 0.000000 0.007020 566
[107] 13.455451 0.000169 0.000000 0.007045 609
[108] 13.572713 0.000119 0.000000 0.019869 454
[109] 13.385518 0.000156 0.000000 0.007047 638
[112] 13.552821 0.000144 0.000000 0.064701 650
[113] 13.488310 0.000126 0.000000 0.011683 330
[115] 13.449498 0.000128 0.000000 0.011772 306
[116] 13.330417 0.000118 0.000000 0.007088 462
[118] 13.554489 0.000207 0.000000 0.014244 929
[119] 13.409914 0.000117 0.000000 0.007014 456
[121] 13.572706 0.000203 0.000000 0.007100 1098
[122] 13.623861 0.000136 0.000000 0.007053 489
[124] 13.318476 0.000152 0.000000 0.007055 816
[125] 13.382744 0.000191 0.000000 0.007028 820
[128] 13.541181 0.000114 0.000000 0.063335 426
[129] 13.322116 0.000130 0.000000 0.007151 654
[130] 13.376370 0.000135 0.000000 0.007092 444
[131] 13.594722 0.000164 0.000000 0.007075 981
[132] 13.399539 0.000151 0.000000 0.015423 564
[133] 13.625856 0.000136 0.000000 0.007072 587
[136] 13.572512 0.000138 0.000000 0.014486 510
[137] 13.436718 0.000130 0.000000 0.007086 447
[140] 13.368683 0.000213 0.000000 0.007090 1084
[143] 13.400087 0.000204 0.000000 0.007134 954
[5] 13.333348 0.000199 0.000000 0.006998 1026
[10] 13.619414 0.000185 0.000000 0.007065 994
[15] 13.465460 0.000145 0.000000 0.016576 374
[18] 13.397395 0.000103 0.000000 0.012121 278
[24] 13.564131 0.000199 0.000000 0.007293 897
[27] 13.637787 0.000125 0.000000 0.007217 609
[32] 13.539229 0.000146 0.000000 0.007048 746
[41] 13.585278 0.000136 0.000000 0.007034 580
[47] 13.549916 0.000200 0.000000 0.007042 1137
[48] 13.538843 0.000104 0.000000 0.007425 156
[49] 13.591172 0.000160 0.000000 0.007105 786
[51] 13.558583 0.000127 0.000000 0.007179 622
[54] 13.515343 0.000176 0.000000 0.028850 744
[64] 13.615670 0.000194 0.000000 0.007013 735
[67] 13.479046 0.000104 0.000000 0.007144 371
[72] 13.524598 0.000190 0.000000 0.058255 842
[81] 13.442751 0.000154 0.000000 0.012224 1020
[83] 13.579033 0.000185 0.000000 0.007043 876
[87] 13.397018 0.000176 0.000000 0.007551 952
[98] 13.361282 0.000217 0.000000 0.007090 1085
[110] 13.549948 0.000198 0.000000 0.014266 1116
[111] 13.489974 0.000145 0.000000 0.011708 444
[114] 13.407624 0.000163 0.000000 0.009871 942
[117] 13.388512 0.000154 0.000000 0.012151 716
[120] 13.533123 0.000163 0.000000 0.007370 622
[126] 13.541595 0.000128 0.000000 0.007727 243
[134] 13.500234 0.000190 0.000000 0.013910 831
[135] 13.632104 0.000161 0.000000 0.007088 798
[138] 13.310744 0.000115 0.000000 0.007086 531
[139] 13.420708 0.000231 0.000000 0.007074 1248
[141] 13.425392 0.000190 0.000000 0.010040 1098
[142] 13.506895 0.000190 0.000000 0.009242 906
[144] 13.305948 0.000233 0.000000 0.007247 1176
[145] 13.438340 0.000126 0.000000 0.007069 381
[146] 13.451358 0.000144 0.000000 0.007050 656
[147] 13.304475 0.000125 0.000000 0.007152 573
[148] 13.448655 0.000214 0.000000 0.007024 1196
[149] 13.427877 0.000115 0.000000 0.007054 219
[150] 13.496428 0.000146 0.000000 0.026661 510
[151] 13.313917 0.000179 0.000000 0.007092 713
[152] 13.552050 0.000102 0.000000 0.036966 261
[153] 13.615346 0.000172 0.000000 0.007065 706
[154] 13.390277 0.000113 0.000000 0.007051 249
[155] 13.483320 0.000107 0.000000 0.012134 240
[156] 13.425041 0.000207 0.000000 0.007396 954
[157] 13.499315 0.000194 0.000000 0.007131 864
[158] 13.510103 0.000118 0.000000 0.011715 391
[160] 13.561723 0.000190 0.000000 0.034657 696
[161] 13.372037 0.000151 0.000000 0.007028 798
[162] 13.382182 0.000137 0.000000 0.007108 654
[163] 13.586297 0.000152 0.000000 0.009326 636
[165] 13.311774 0.000110 0.000000 0.007160 436
[166] 13.496109 0.000183 0.000000 0.007032 816
[167] 13.391421 0.000165 0.000000 0.007037 742
[168] 13.563035 0.000134 0.000000 0.007393 107
[169] 13.476938 0.000159 0.000000 0.007109 504
[170] 13.637753 0.000160 0.000000 0.007037 825
[171] 13.484350 0.000137 0.000000 0.013165 538
[172] 13.638716 0.000180 0.000000 0.007025 966
[174] 13.541309 0.000204 0.000000 0.010539 955
[175] 13.506932 0.000159 0.000000 0.007097 550
[176] 13.551106 0.000243 0.000000 0.070392 1131
[177] 13.517292 0.000113 0.000000 0.007070 336
[178] 13.437284 0.000137 0.000000 0.007055 468
[179] 13.501212 0.000198 0.000000 0.007127 1007
[180] 13.331231 0.000156 0.000000 0.007259 663
[181] 13.333596 0.000168 0.000000 0.007086 875
[182] 13.537241 0.000188 0.000000 0.021497 710
[183] 13.350896 0.000110 0.000000 0.007126 391
[184] 13.582075 0.000137 0.000000 0.006995 431
[185] 13.522148 0.000232 0.000000 0.012041 1238
[186] 13.347311 0.000145 0.000000 0.007109 573
[187] 13.621622 0.000112 0.000000 0.007112 381
[188] 13.634906 0.000092 0.000000 0.007094 154
[189] 13.434733 0.000156 0.000000 0.012169 552
[190] 13.516291 0.000127 0.000000 0.011648 231
[192] 13.640006 0.000100 0.000000 0.007390 282
[193] 13.409652 0.000187 0.000000 0.008510 1126
[194] 13.433146 0.000177 0.000000 0.007077 942
[196] 13.430458 0.000141 0.000000 0.007296 573
[197] 13.322518 0.000124 0.000000 0.014373 666
[198] 13.512524 0.000160 0.000000 0.007737 798
[199] 13.415904 0.000176 0.000000 0.007061 531
[200] 13.552154 0.000098 0.000000 0.079014 240
[203] 13.451174 0.000122 0.000000 0.009913 366
[204] 13.410552 0.000122 0.000000 0.007396 182
[205] 13.311001 0.000129 0.000000 0.007145 441
[206] 13.545572 0.000125 0.000000 0.011709 90
[207] 13.486830 0.000113 0.000000 0.010766 351
[208] 13.386600 0.000126 0.000000 0.007017 481
[209] 13.523557 0.000169 0.000000 0.009582 820
[210] 13.466630 0.000153 0.000000 0.007089 461
[211] 13.557782 0.000120 0.000000 0.007075 261
[212] 13.463780 0.000136 0.000000 0.007063 566
[213] 13.364793 0.000169 0.000000 0.007104 786
[214] 13.552845 0.000175 0.000000 0.007188 826
[215] 13.386054 0.000160 0.000000 0.007025 941
[216] 13.626559 0.000470 0.000000 0.007341 298
[217] 13.556639 0.000102 0.000000 0.014307 330
[218] 13.411418 0.000164 0.000000 0.007109 708
[221] 13.500702 0.000165 0.000000 0.008184 736
[222] 13.583957 0.000103 0.000000 0.007073 302
[223] 13.446080 0.000122 0.000000 0.007083 503
[224] 13.553738 0.000173 0.000000 0.059447 786
[225] 13.456701 0.000148 0.000000 0.025127 580
[226] 13.422469 0.000108 0.000000 0.007080 356
[227] 13.535473 0.000190 0.000000 0.012091 906
[228] 13.394390 0.000152 0.000000 0.007378 736
[229] 13.384781 0.000122 0.000000 0.007063 243
[230] 13.505987 0.000114 0.000000 0.013165 252
[232] 13.570729 0.000114 0.000000 0.056656 414
[233] 13.568372 0.000137 0.000000 0.007061 638
[234] 13.648819 0.000125 0.000000 0.007077 486
[235] 13.543653 0.000160 0.000000 0.007107 743
[236] 13.319841 0.000167 0.000000 0.007100 864
[237] 13.460953 0.000113 0.000000 0.008045 401
[238] 13.558495 0.000168 0.000000 0.011648 820
[239] 13.444058 0.000216 0.000000 0.007025 861
[244] 13.400579 0.000146 0.000000 0.007054 574
[245] 13.412736 0.000170 0.000000 0.007031 630
[246] 13.543854 0.000141 0.000000 0.010035 421
[247] 13.371959 0.000105 0.000000 0.007096 396
[248] 13.602084 0.000154 0.000000 0.007070 574
[249] 13.501951 0.000180 0.000000 0.009329 978
[250] 13.380422 0.000126 0.000000 0.007063 420
[251] 13.536515 0.000134 0.000000 0.009656 401
[252] 13.357517 0.000173 0.000000 0.007315 810
[39] 13.422629 0.000113 0.000000 0.014527 574
[96] 13.561719 0.000136 0.000000 0.007399 564
[164] 13.358639 0.000181 0.000000 0.007077 876
[173] 13.473467 0.000217 0.000000 0.012335 1112
[191] 13.505347 0.000182 0.000000 0.011607 765
[195] 13.427526 0.000160 0.000000 0.007151 670
[201] 13.531185 0.000140 0.000000 0.007079 550
[202] 13.358172 0.000215 0.000000 0.007045 1236
[220] 13.436188 0.000117 0.000000 0.011566 461
[240] 13.369841 0.000141 0.000000 0.007394 630
[241] 13.469605 0.000153 0.000000 0.011766 690
[253] 13.468500 0.000170 0.000000 0.008553 842
[254] 13.548847 0.000191 0.000000 0.007252 786
[159] 13.463676 0.000181 0.000000 0.007199 870
[242] 13.449408 0.000155 0.000000 0.007094 594
[127] 13.371399 0.000105 0.000000 0.007534 326
[99] 13.369472 0.000151 0.000000 0.007081 706
[123] 13.586252 0.000214 0.000000 0.007092 1182
[231] 13.375031 0.000136 0.000000 0.007149 534
[219] 13.542635 0.000176 0.000000 0.007040 846
[255] 13.422570 0.000207 0.000000 0.011700 835
[63] 13.373464 0.000151 0.000000 0.007072 686
[243] 13.452817 0.000173 0.000000 0.007150 736

[2 12]
[27] 9.057537 0.000186 0.000000 0.009074 609
[11] 9.052576 0.000154 0.000000 0.007101 494
[13] 9.048365 0.000204 0.000000 0.009052 636
[224] 7.227845 0.000216 0.000000 0.012207 1046
[58] 8.891491 0.000176 0.000000 0.007096 518
[57] 8.819236 0.000228 0.000000 0.007154 986
[36] 7.243058 0.000216 0.000000 0.007188 726
[153] 7.170798 0.000170 0.000000 0.011897 566
[114] 7.307352 0.000234 0.000000 0.010539 1158
[7] 8.803183 0.000193 0.000000 0.007131 853
[39] 7.237531 0.000313 0.000000 0.011876 1142
[48] 7.198468 0.000169 0.000000 0.015074 306
[68] 7.285290 0.000229 0.000000 0.009670 882
[17] 8.660949 0.000268 0.000000 0.007059 1028
[32] 8.665416 0.000276 0.000000 0.007171 1338
[99] 7.194856 0.000201 0.000000 0.007954 776
[88] 8.868477 0.000156 0.000000 0.007129 517
[111] 7.210892 0.000221 0.000000 0.009822 955
[93] 8.774487 0.000262 0.000000 0.007176 1286
[238] 8.600277 0.000133 0.000000 0.007077 524
[65] 7.237958 0.000226 0.000000 0.012189 903
[14] 8.754199 0.000105 0.000000 0.007082 158
[156] 7.180427 0.000272 0.000000 0.016898 1507
[6] 7.152387 0.000167 0.000000 0.007233 558
[46] 7.282097 0.000278 0.000000 0.007430 1434
[108] 7.342040 0.000231 0.000000 0.012246 966
[109] 7.247816 0.000207 0.000000 0.014374 559
[146] 8.789855 0.000186 0.000000 0.007138 591
[244] 8.631680 0.000185 0.000000 0.007067 858
[26] 8.988535 0.000254 0.000000 0.007707 1056
[137] 7.230827 0.000165 0.000000 0.007100 510
[150] 9.039370 0.000218 0.000000 0.007179 726
[162] 7.383558 0.000228 0.000000 0.007868 1302
[110] 7.334877 0.000206 0.000000 0.011882 1042
[80] 7.184177 0.000121 0.000000 0.007152 160
[18] 7.242838 0.000178 0.000000 0.007137 482
[20] 8.357971 0.000208 0.000000 0.007118 765
[67] 7.250499 0.000189 0.000000 0.009830 736
[84] 7.291782 0.000242 0.000000 0.009906 1142
[2] 7.221010 0.000147 0.000000 0.009763 222
[12] 9.039528 0.000212 0.000000 0.009033 538
[122] 7.189254 0.000244 0.000000 0.007251 1317
[101] 7.148795 0.000269 0.000000 0.007174 1466
[38] 7.161386 0.000467 0.000000 0.010869 545
[54] 7.168811 0.000259 0.000000 0.007413 744
[201] 7.154351 0.000188 0.000000 0.007241 890
[50] 7.158360 0.000268 0.000000 0.007182 981
[188] 8.690447 0.000096 0.000000 0.007127 154
[97] 7.149235 0.000281 0.000000 0.007281 1431
[47] 7.256351 0.000271 0.000000 0.008412 1137
[170] 8.656669 0.000160 0.000000 0.007153 636
[159] 7.374392 0.000197 0.000000 0.010497 1014
[250] 7.191340 0.000105 0.000000 0.014823 351
[171] 8.559560 0.000253 0.000000 0.007186 1298
[107] 8.847943 0.000150 0.000000 0.007074 676
[158] 7.375249 0.000308 0.000000 0.009626 1700
[200] 8.785151 0.000168 0.000000 0.007154 474
[220] 8.986406 0.000238 0.000000 0.007302 916
[192] 8.695333 0.000147 0.000000 0.007146 420
[28] 7.144344 0.000871 0.000000 0.009943 686
[5] 7.152970 0.000224 0.000000 0.008534 686
[91] 8.796052 0.000426 0.000000 0.007346 2471
[85] 7.332031 0.000266 0.000000 0.007145 1298
[44] 8.467107 0.000357 0.000000 0.007124 1854
[4] 7.188654 0.000630 0.000000 0.012132 882
[139] 8.538802 0.000163 0.000000 0.007132 420
[252] 7.444029 0.000215 0.000000 0.017466 1078
[75] 7.202991 0.000211 0.000000 0.011885 816
[34] 7.219391 0.000141 0.000000 0.012165 172
[128] 8.885906 0.000190 0.000000 0.007135 726
[72] 8.623512 0.000241 0.000000 0.007122 1070
[42] 7.337856 0.000298 0.000000 0.007170 1356
[241] 8.777618 0.000233 0.000000 0.007171 994
[70] 7.247742 0.000233 0.000000 0.014747 1071
[129] 8.494103 0.000231 0.000000 0.007141 978
[24] 7.137123 0.000316 0.000000 0.007839 1221
[113] 7.361776 0.000170 0.000000 0.007073 654
[117] 8.510214 0.000175 0.000000 0.007133 503
[226] 7.169177 0.000175 0.000000 0.007236 846
[74] 7.228565 0.000329 0.000000 0.012203 1116
[21] 7.270304 0.000303 0.000000 0.014379 1350
[16] 7.200979 0.000279 0.000000 0.007142 1270
[98] 7.135443 0.000178 0.000000 0.008288 587
[19] 7.248756 0.000277 0.000000 0.012167 796
[134] 7.375853 0.000252 0.000000 0.014491 1056
[96] 7.141840 0.000200 0.000000 0.015690 750
[169] 7.199763 0.000194 0.000000 0.009522 919
[37] 7.158893 0.000354 0.000000 0.009823 1150
[125] 8.541763 0.000278 0.000000 0.007075 1412
[31] 7.157731 0.000293 0.000000 0.007249 1046
[160] 7.434731 0.000315 0.000000 0.014122 1938
[30] 9.058873 0.000865 0.000000 0.007219 1007
[161] 7.349355 0.000270 0.000000 0.009715 1158
[71] 7.287112 0.000229 0.000000 0.011888 1176
[62] 7.344462 0.000228 0.000000 0.007235 1112
[198] 7.232151 0.000212 0.000000 0.012209 1062
[119] 7.287062 0.000218 0.000000 0.009647 981
[253] 8.688555 0.000206 0.000000 0.007108 842
[177] 8.949785 0.000196 0.000000 0.007170 864
[142] 9.216808 0.000256 0.000000 0.010110 1056
[103] 7.139092 0.000202 0.000000 0.007186 864
[173] 7.208662 0.000250 0.000000 0.007119 1270
[174] 8.706422 0.000233 0.000000 0.007167 1101
[208] 7.499934 0.000201 0.000000 0.009738 671
[197] 7.247947 0.000166 0.000000 0.014356 534
[236] 7.426868 0.000230 0.000000 0.007289 1194
[165] 7.185143 0.000233 0.000000 0.007203 866
[43] 7.325456 0.000282 0.000000 0.021858 1126
[23] 8.408140 0.000297 0.000000 0.007312 1146
[63] 8.416361 0.000236 0.000000 0.007145 941
[33] 7.209268 0.000223 0.000000 0.007140 866
[106] 8.565505 0.000187 0.000000 0.007061 486
[121] 8.724022 0.000145 0.000000 0.007153 630
[94] 8.661617 0.000202 0.000000 0.007075 654
[86] 7.304029 0.000216 0.000000 0.010041 942
[45] 8.475245 0.000251 0.000000 0.007115 1124
[232] 7.487153 0.000157 0.000000 0.007114 482
[56] 7.241022 0.000301 0.000000 0.007174 1536
[190] 8.972502 0.000180 0.000000 0.007152 756
[92] 8.715549 0.000155 0.000000 0.007133 396
[29] 7.157077 0.000234 0.000000 0.011930 864
[186] 8.843726 0.000249 0.000000 0.007108 1140
[157] 7.199658 0.000203 0.000000 0.007115 786
[145] 8.921216 0.000186 0.000000 0.007094 681
[0] 8.898024 0.000167 0.000000 0.007132 654
[176] 8.435186 0.000252 0.000000 0.007165 1281
[191] 8.737900 0.000271 0.000000 0.007033 1248
[243] 7.183930 0.000219 0.000000 0.007134 882
[138] 7.234652 0.000212 0.000000 0.007273 681
[10] 7.239396 0.000275 0.000000 0.007137 1222
[251] 8.520799 0.000199 0.000000 0.007117 796
[206] 8.787911 0.000336 0.000000 0.007134 1518
[207] 8.800951 0.000187 0.000000 0.007075 765
[123] 7.200221 0.000255 0.000000 0.012331 1266
[254] 7.282525 0.000167 0.000000 0.007155 708
[77] 8.511707 0.000181 0.000000 0.007098 744
[130] 7.173814 0.000202 0.000000 0.012056 809
[61] 8.568641 0.000255 0.000000 0.007113 636
[69] 7.205900 0.000209 0.000000 0.007132 662
[248] 7.161002 0.000206 0.000000 0.007463 929
[78] 9.045384 0.000206 0.000000 0.007278 686
[83] 8.467790 0.000201 0.000000 0.007095 876
[51] 7.135601 0.000236 0.000000 0.007174 930
[181] 7.421715 0.000243 0.000000 0.007431 1349
[53] 8.794590 0.000271 0.000000 0.007051 1238
[59] 8.586631 0.000290 0.000000 0.007061 1168
[195] 8.884280 0.000348 0.000000 0.007139 1583
[25] 7.155819 0.000230 0.000000 0.011984 875
[143] 9.049964 0.000277 0.000000 0.009463 1112
[118] 7.327953 0.000237 0.000000 0.015030 1000
[182] 8.834938 0.000193 0.000000 0.007108 886
[116] 7.252426 0.000170 0.000000 0.007176 538
[175] 7.194726 0.000205 0.000000 0.011855 958
[49] 7.190582 0.000294 0.000000 0.011875 1332
[102] 7.151549 0.000298 0.000000 0.007553 1400
[127] 8.963267 0.000156 0.000000 0.007156 326
[40] 8.560045 0.000324 0.000000 0.007196 1553
[9] 8.427891 0.000218 0.000000 0.007129 466
[185] 8.915208 0.000171 0.000000 0.007085 776
[228] 7.188561 0.000194 0.000000 0.009600 955
[22] 7.225780 0.000189 0.000000 0.007396 306
[154] 7.228318 0.000187 0.000000 0.009753 411
[184] 7.391171 0.000212 0.000000 0.007153 686
[223] 8.427859 0.000180 0.000000 0.007134 787
[212] 7.468864 0.000212 0.000000 0.011990 916
[90] 7.258269 0.000218 0.000000 0.014435 846
[209] 7.478545 0.000259 0.000000 0.007065 1116
[231] 7.430169 0.000299 0.000000 0.007149 1678
[1] 7.151293 0.000257 0.000000 0.008895 1062
[35] 7.203052 0.000320 0.000000 0.014361 1252
[164] 7.269072 0.000280 0.000000 0.007182 1311
[178] 8.938370 0.000183 0.000000 0.007116 699
[155] 7.176548 0.000281 0.000000 0.007154 786
[249] 7.181180 0.000240 0.000000 0.009496 1059
[237] 7.527464 0.000148 0.000000 0.007153 796
[235] 8.738525 0.000199 0.000000 0.007153 1078
[230] 7.399252 0.000305 0.000000 0.009418 1728
[87] 7.314566 0.000280 0.000000 0.012199 1296
[95] 7.357465 0.000181 0.000000 0.007089 636
[217] 8.541576 0.000146 0.000000 0.007108 654
[112] 7.229273 0.000247 0.000000 0.007122 1202
[120] 7.175709 0.000303 0.000000 0.007521 1326
[203] 7.222969 0.000165 0.000000 0.007157 582
[60] 8.660906 0.000248 0.000000 0.007123 758
[126] 7.219639 0.000173 0.000000 0.009824 480
[247] 7.198958 0.000188 0.000000 0.010395 786
[255] 8.861960 0.000262 0.000000 0.007145 1333
[239] 7.215143 0.000233 0.000000 0.012128 956
[89] 8.747918 0.000224 0.000000 0.007100 446
[202] 7.188718 0.000272 0.000000 0.017190 1318
[183] 8.675002 0.000144 0.000000 0.007197 545
[229] 7.183086 0.000151 0.000000 0.012223 480
[8] 7.161398 0.000314 0.000000 0.007139 1371
[246] 8.475603 0.000159 0.000000 0.007150 504
[66] 7.238485 0.000280 0.000000 0.007253 1033
[41] 7.221316 0.000256 0.000000 0.014302 662
[222] 8.462680 0.000192 0.000000 0.007130 746
[245] 7.255047 0.000262 0.000000 0.007067 1254
[213] 7.251145 0.000201 0.000000 0.007146 864
[124] 7.156376 0.000251 0.000000 0.012302 1302
[133] 7.223680 0.000213 0.000000 0.011859 753
[187] 7.421974 0.000152 0.000000 0.007186 531
[240] 7.255605 0.000177 0.000000 0.013216 708
[73] 7.231586 0.000265 0.000000 0.012205 1158
[141] 7.374299 0.000193 0.000000 0.007178 846
[104] 7.209980 0.000192 0.000000 0.009874 545
[216] 8.997761 0.000189 0.000000 0.007609 882
[79] 9.063660 0.000224 0.000000 0.007125 906
[100] 7.137717 0.000160 0.000000 0.007181 401
[233] 7.418750 0.000189 0.000000 0.007165 875
[135] 7.385976 0.000243 0.000000 0.007153 1062
[214] 8.781523 0.000225 0.000000 0.007079 1154
[82] 8.599967 0.000223 0.000000 0.007111 771
[55] 8.573146 0.000232 0.000000 0.007111 1070
[131] 9.012083 0.000221 0.000000 0.007084 756
[218] 8.675831 0.000191 0.000000 0.007137 708
[147] 8.863972 0.000254 0.000000 0.007116 1302
[105] 7.187122 0.000267 0.000000 0.009800 1206
[64] 8.416301 0.000217 0.000000 0.007090 816
[81] 8.636214 0.000209 0.000000 0.007149 630
[196] 7.248749 0.000215 0.000000 0.014377 978
[234] 8.694448 0.000199 0.000000 0.007118 966
[132] 8.682214 0.000259 0.000000 0.007108 1215
[136] 8.812734 0.000168 0.000000 0.007048 582
[199] 7.231274 0.000195 0.000000 0.007185 756
[15] 7.238585 0.000206 0.000000 0.007150 374
[193] 7.244614 0.000187 0.000000 0.009796 806
[221] 9.035609 0.000197 0.000000 0.008256 663
[225] 7.204839 0.000348 0.000000 0.012215 2138
[215] 8.697075 0.000194 0.000000 0.007092 1111
[242] 7.244067 0.000238 0.000000 0.021807 1182
[140] 7.357315 0.000276 0.000000 0.007173 1280
[211] 7.208475 0.000284 0.000000 0.009589 1366
[151] 8.485823 0.000240 0.000000 0.007144 814
[172] 8.754588 0.000232 0.000000 0.007061 1126
[219] 8.850040 0.000247 0.000000 0.007124 1266
[144] 7.243608 0.000212 0.000000 0.014220 996
[205] 8.719558 0.000180 0.000000 0.007150 615
[194] 7.184778 0.000245 0.000000 0.007242 1020
[204] 7.266606 0.000124 0.000000 0.007135 358
[210] 8.918098 0.000283 0.000000 0.007096 1189
[149] 8.739662 0.000126 0.000000 0.007054 219
[180] 8.557191 0.000220 0.000000 0.007135 882
[189] 8.932908 0.000248 0.000000 0.007101 1007
[227] 7.157547 0.000231 0.000000 0.007990 1086
[76] 7.235829 0.000202 0.000000 0.007109 726
[168] 7.211071 0.000194 0.000000 0.007575 410
[167] 7.268508 0.000234 0.000000 0.007077 834
[115] 7.178409 0.000197 0.000000 0.007160 706
[166] 7.210413 0.000232 0.000000 0.007369 726
[152] 8.954538 0.000167 0.000000 0.007146 346
[179] 7.204748 0.000299 0.000000 0.007122 1644
[52] 8.704039 0.000219 0.000000 0.007072 798
[148] 7.199345 0.000280 0.000000 0.010031 1281
[163] 7.203362 0.000280 0.000000 0.011931 1356
[3] 7.521411 0.000136 0.000000 0.018607 82

[3 12]
[11] 5.865518 0.000151 0.000000 0.007080 433
[78] 5.450205 0.000180 0.000000 0.007308 754
[114] 5.591127 0.000264 0.000000 0.007559 1374
[2] 6.117639 0.000111 0.000000 0.022982 150
[252] 5.480437 0.000209 0.000000 0.008094 1011
[118] 5.897738 0.000243 0.000000 0.007075 1071
[224] 5.974880 0.000162 0.000000 0.007103 786
[111] 6.103546 0.000239 0.000000 0.010440 955
[110] 5.418710 0.000223 0.000000 0.007890 894
[82] 5.567599 0.000209 0.000000 0.007142 601
[108] 5.666147 0.000209 0.000000 0.007812 902
[6] 5.755901 0.000222 0.000000 0.007155 834
[4] 5.958884 0.000245 0.000000 0.007101 955
[42] 5.695599 0.000282 0.000000 0.007445 1056
[149] 5.932448 0.000105 0.000000 0.007059 219
[220] 5.527010 0.000165 0.000000 0.007192 721
[36] 5.258421 0.000247 0.000000 0.008227 1086
[72] 5.341823 0.000146 0.000000 0.008465 538
[188] 5.691039 0.000106 0.000000 0.007220 154
[153] 5.678893 0.000159 0.000000 0.007231 566
[46] 6.038732 0.000296 0.000000 0.007035 1014
[117] 5.849136 0.000142 0.000000 0.007132 503
[146] 5.603347 0.000143 0.000000 0.007254 396
[75] 5.330472 0.000229 0.000000 0.007773 978
[113] 5.356289 0.000106 0.000000 0.007497 249
[10] 6.006097 0.000249 0.000000 0.007053 842
[226] 5.490988 0.000199 0.000000 0.007504 776
[218] 5.951239 0.000179 0.000000 0.007167 708
[74] 5.318813 0.000234 0.000000 0.007349 968
[0] 5.731712 0.000176 0.000000 0.007125 330
[39] 5.632520 0.000190 0.000000 0.007258 574
[7] 5.919257 0.000242 0.000000 0.007158 1007
[216] 6.116687 0.000166 0.000000 0.010874 663
[79] 5.376559 0.000219 0.000000 0.007165 906
[191] 5.908885 0.000185 0.000000 0.007048 903
[116] 5.748212 0.000168 0.000000 0.007145 538
[1] 5.779344 0.000237 0.000000 0.007114 886
[221] 6.170592 0.000174 0.000000 0.012832 663
[150] 5.990441 0.000250 0.000000 0.007137 1158
[5] 5.855297 0.000171 0.000000 0.007127 346
[222] 6.149614 0.000165 0.000000 0.009046 598
[76] 5.545218 0.000225 0.000000 0.007307 726
[44] 5.385042 0.000389 0.000000 0.007338 1350
[109] 5.535131 0.000173 0.000000 0.007174 559
[80] 5.998379 0.000293 0.000000 0.007134 237
[41] 5.825172 0.000304 0.000000 0.007089 1236
[43] 5.836346 0.000287 0.000000 0.007142 966
[81] 5.579030 0.000138 0.000000 0.007282 240
[40] 5.643445 0.000350 0.000000 0.007347 1644
[145] 5.250961 0.000196 0.000000 0.007444 681
[185] 5.615396 0.000148 0.000000 0.007557 391
[119] 5.308102 0.000225 0.000000 0.007626 906
[190] 5.401751 0.000172 0.000000 0.007422 531
[183] 5.286741 0.000163 0.000000 0.007568 699
[45] 5.234987 0.000215 0.000000 0.007364 694
[254] 6.129525 0.000235 0.000000 0.011329 1098
[189] 5.369830 0.000237 0.000000 0.007275 1098
[187] 5.560302 0.000141 0.000000 0.007503 456
[155] 5.818632 0.000199 0.000000 0.007055 786
[223] 6.033982 0.000143 0.000000 0.007106 574
[38] 5.803023 0.000203 0.000000 0.007150 545
[253] 5.630472 0.000240 0.000000 0.007267 994
[148] 6.095243 0.000315 0.000000 0.010070 1366
[154] 5.774027 0.000174 0.000000 0.007083 492
[184] 5.798070 0.000159 0.000000 0.007113 601
[77] 5.461707 0.000175 0.000000 0.007637 416
[181] 5.881455 0.000222 0.000000 0.007109 796
[147] 5.956610 0.000198 0.000000 0.007114 654
[151] 5.297518 0.000239 0.000000 0.007437 1016
[182] 5.275779 0.000328 0.000000 0.007435 1414
[152] 5.512582 0.000133 0.000000 0.007405 261
[83] 5.655423 0.000244 0.000000 0.007136 963
[9] 6.059288 0.000208 0.000000 0.007851 558
[219] 5.412344 0.000272 0.000000 0.007786 1350
[186] 5.229095 0.000162 0.000000 0.007393 573
[115] 5.710860 0.000182 0.000000 0.007228 406
[47] 5.496430 0.000262 0.000000 0.007160 1050
[8] 6.047834 0.000284 0.000000 0.007754 1007
[180] 6.021543 0.000235 0.000000 0.008122 955
[225] 5.918357 0.000295 0.000000 0.007151 1400
[144] 5.979869 0.000201 0.000000 0.007663 636
[37] 5.936047 0.000360 0.000000 0.007109 1678
[255] 5.894675 0.000273 0.000000 0.007169 1416
[217] 6.087202 0.000189 0.000000 0.009831 654
[112] 5.429723 0.000315 0.000000 0.007123 1386
[73] 5.438039 0.000362 0.000000 0.007243 1446
[227] 6.078279 0.000286 0.000000 0.008044 1266
[3] 5.992542 0.000149 0.000000 0.017598 82
[26] 5.791620 0.000271 0.000000 0.056539 846
[70] 5.818781 0.000207 0.000000 0.054208 787
[137] 5.751805 0.001488 0.000000 0.073447 384
[27] 5.782602 0.000211 0.000000 0.066533 1011
[13] 6.011418 0.000214 0.000000 0.060707 951
[28] 5.760239 0.000203 0.000000 0.049358 822
[175] 5.903110 0.000190 0.000000 0.046457 754
[128] 6.220125 0.000169 0.000000 0.041016 546
[17] 5.981248 0.000232 0.000000 0.010169 882
[99] 5.753758 0.000209 0.000000 0.060198 916
[107] 5.825872 0.000202 0.000000 0.047624 877
[250] 5.787499 0.000163 0.000000 0.037886 696
[58] 6.058837 0.000129 0.000000 0.022202 390
[57] 6.059722 0.000250 0.000000 0.027768 1126
[20] 5.967587 0.000204 0.000000 0.019599 765
[31] 5.769555 0.000248 0.000000 0.044121 1126
[104] 5.772507 0.000180 0.000000 0.035941 776
[25] 5.762179 0.000192 0.000000 0.074465 796
[136] 5.884059 0.000230 0.000000 0.072144 1086
[30] 5.807531 0.000311 0.000000 0.045091 930
[174] 5.891162 0.000233 0.000000 0.055614 809
[85] 6.077694 0.000272 0.000000 0.058508 1094
[101] 5.850116 0.000203 0.000000 0.058256 809
[65] 5.805841 0.000262 0.000000 0.047783 1179
[96] 5.811246 0.000144 0.000000 0.086851 502
[122] 5.971673 0.000253 0.000000 0.060382 1179
[18] 5.966938 0.000167 0.000000 0.028666 414
[71] 5.825137 0.000151 0.000000 0.038110 474
[139] 5.859334 0.000162 0.000000 0.068303 351
[93] 6.061545 0.000246 0.000000 0.013452 966
[19] 5.968753 0.000211 0.000000 0.041990 559
[29] 5.775509 0.000204 0.000000 0.057033 474
[170] 5.892737 0.000108 0.000000 0.082006 195
[32] 5.798305 0.000309 0.000000 0.056776 1042
[197] 6.226982 0.000185 0.000000 0.082656 864
[88] 6.062732 0.000192 0.000000 0.060189 517
[23] 6.007929 0.000192 0.000000 0.017811 462
[92] 6.124532 0.000212 0.000000 0.029048 721
[131] 5.972164 0.000213 0.000000 0.065161 906
[95] 6.050104 0.000152 0.000000 0.056407 566
[130] 6.208228 0.000164 0.000000 0.033685 590
[84] 6.042829 0.000218 0.000000 0.065459 929
[59] 6.047503 0.000283 0.000000 0.047597 1085
[21] 5.987841 0.000319 0.000000 0.024444 1266
[68] 5.814840 0.000310 0.000000 0.046591 955
[55] 6.073472 0.000240 0.000000 0.009775 918
[51] 6.021675 0.000241 0.000000 0.010166 853
[199] 5.987999 0.000189 0.000000 0.042700 681
[103] 5.860967 0.000219 0.000000 0.031368 630
[12] 5.992957 0.000222 0.000000 0.074939 1070
[161] 6.206394 0.000181 0.000000 0.045896 726
[192] 5.985928 0.000134 0.000000 0.062699 420
[124] 6.151928 0.000250 0.000000 0.050611 1302
[159] 6.178649 0.000183 0.000000 0.043183 726
[209] 5.942083 0.000247 0.000000 0.077945 1190
[177] 5.946135 0.000144 0.000000 0.041291 336
[67] 5.767430 0.000177 0.000000 0.039811 517
[232] 6.234345 0.000130 0.000000 0.066564 482
[34] 5.768316 0.000149 0.000000 0.063704 338
[138] 5.772850 0.000291 0.000000 0.062942 1056
[24] 5.789441 0.000280 0.000000 0.066915 1059
[69] 5.788188 0.000258 0.000000 0.019043 990
[64] 5.825097 0.000362 0.000000 0.041826 654
[125] 6.202229 0.000250 0.000000 0.061815 1116
[97] 5.825526 0.000306 0.000000 0.075547 1431
[238] 6.239640 0.000292 0.000000 0.067797 1412
[201] 6.239033 0.000236 0.000000 0.039542 958
[244] 5.955157 0.000186 0.000000 0.080597 716
[53] 6.043732 0.000193 0.000000 0.069108 622
[162] 6.211689 0.000272 0.000000 0.029145 1230
[33] 5.781594 0.000446 0.000000 0.020011 952
[94] 6.109449 0.000174 0.000000 0.059449 654
[235] 6.211522 0.000242 0.000000 0.064725 1279
[157] 5.967122 0.000307 0.000000 0.080010 552
[61] 5.742478 0.000220 0.000000 0.057122 546
[52] 5.983016 0.000250 0.000000 0.034144 1150
[100] 5.756623 0.000171 0.000000 0.059733 559
[66] 5.833184 0.000198 0.000000 0.038413 638
[198] 6.265580 0.000248 0.000000 0.010863 1194
[14] 5.962443 0.000117 0.000000 0.074629 82
[86] 6.070457 0.000186 0.000000 0.067528 630
[129] 6.013630 0.000245 0.000000 0.033600 1059
[134] 5.856369 0.000215 0.000000 0.038621 831
[203] 5.976709 0.000161 0.000000 0.031230 654
[142] 5.894286 0.000227 0.000000 0.055413 981
[106] 5.773686 0.000234 0.000000 0.040808 566
[126] 6.015145 0.000140 0.000000 0.031088 401
[243] 5.941622 0.000244 0.000000 0.073756 1247
[49] 6.034358 0.000223 0.000000 0.033833 864
[98] 5.755503 0.000143 0.000000 0.069566 421
[91] 6.205108 0.000283 0.000000 0.064609 1111
[158] 6.224145 0.000346 0.000000 0.073745 1854
[236] 6.238863 0.000205 0.000000 0.031913 864
[212] 5.973318 0.000191 0.000000 0.053405 706
[251] 5.783033 0.000149 0.000000 0.058477 401
[63] 5.754702 0.000213 0.000000 0.078463 686
[16] 6.002101 0.000499 0.000000 0.032327 1033
[195] 6.187919 0.000278 0.000000 0.053009 1500
[241] 5.936183 0.000289 0.000000 0.070579 1146
[176] 5.895152 0.000199 0.000000 0.032195 831
[164] 6.004526 0.000212 0.000000 0.023986 963
[172] 5.946754 0.000178 0.000000 0.042461 566
[89] 5.974753 0.000204 0.000000 0.055167 710
[56] 6.093280 0.000248 0.000000 0.025201 856
[54] 6.070874 0.000170 0.000000 0.017978 416
[245] 5.974159 0.000285 0.000000 0.045670 1410
[228] 5.996863 0.000219 0.000000 0.042318 882
[87] 6.094072 0.000278 0.000000 0.059735 1124
[160] 6.188150 0.000268 0.000000 0.066539 1386
[121] 6.134342 0.000191 0.000000 0.069778 708
[127] 5.974376 0.000147 0.000000 0.071794 246
[196] 6.192640 0.000188 0.000000 0.081721 654
[173] 5.927175 0.000232 0.000000 0.027622 954
[62] 5.880431 0.000304 0.000000 0.051839 1112
[141] 5.873033 0.000181 0.000000 0.066042 510
[230] 6.257328 0.000369 0.000000 0.053567 1728
[102] 5.811616 0.000166 0.000000 0.053964 662
[178] 5.770657 0.000246 0.000000 0.030185 1161
[105] 5.840964 0.000249 0.000000 0.050332 1046
[211] 5.792387 0.000191 0.000000 0.036305 601
[48] 5.963800 0.000136 0.000000 0.042176 306
[207] 5.768876 0.000188 0.000000 0.023859 558
[234] 6.256292 0.000196 0.000000 0.017115 886
[123] 6.144262 0.000303 0.000000 0.065826 1434
[202] 6.217923 0.000226 0.000000 0.049906 990
[169] 5.747854 0.000184 0.000000 0.062008 670
[143] 5.769604 0.000186 0.000000 0.066351 717
[229] 5.972966 0.000130 0.000000 0.063137 401
[156] 5.966114 0.000277 0.000000 0.075154 1191
[233] 6.232538 0.000184 0.000000 0.057881 717
[90] 5.970366 0.000221 0.000000 0.020568 846
[194] 6.220821 0.000217 0.000000 0.057984 1020
[246] 5.971486 0.000176 0.000000 0.044251 504
[193] 6.198992 0.000226 0.000000 0.061501 966
[215] 5.939661 0.000307 0.000000 0.053586 1451
[165] 5.969724 0.000302 0.000000 0.027115 694
[166] 5.973390 0.000213 0.000000 0.023572 726
[50] 6.008009 0.000208 0.000000 0.041988 681
[200] 6.011866 0.000179 0.000000 0.027880 630
[163] 5.978750 0.000173 0.000000 0.054777 366
[231] 6.221576 0.000312 0.000000 0.083516 1502
[213] 5.780457 0.000214 0.000000 0.048525 864
[22] 5.965434 0.000167 0.000000 0.076707 306
[240] 5.936685 0.000181 0.000000 0.044420 708
[247] 5.982349 0.000198 0.000000 0.029059 630
[237] 6.285980 0.000205 0.000000 0.028158 796
[120] 6.133328 0.000255 0.000000 0.059484 1150
[248] 5.784913 0.000184 0.000000 0.036882 645
[167] 5.974283 0.000249 0.000000 0.059240 742
[15] 5.970310 0.000195 0.000000 0.075721 466
[135] 5.870647 0.000242 0.000000 0.050551 1150
[214] 5.964066 0.000299 0.000000 0.049308 1564
[35] 5.770710 0.000608 0.000000 0.058731 1341
[171] 5.916570 0.000227 0.000000 0.048307 1070
[205] 5.924878 0.000200 0.000000 0.074790 789
[204] 5.772705 0.000155 0.000000 0.045523 358
[206] 5.969490 0.000282 0.000000 0.039861 1434
[239] 5.980107 0.000319 0.000000 0.069902 1431
[133] 5.746094 0.000196 0.000000 0.067492 753
[242] 5.991226 0.000218 0.000000 0.039287 930
[210] 5.966662 0.000299 0.000000 0.055523 1098
[168] 5.756076 0.000141 0.000000 0.060757 208
[179] 5.901055 0.000193 0.000000 0.044840 825
[249] 5.984067 0.000223 0.000000 0.064330 816
[60] 5.828417 0.000193 0.000000 0.043853 570
[132] 5.858654 0.000279 0.000000 0.073146 936
[208] 5.866594 0.000359 0.000000 0.069765 576
[140] 5.908343 0.000203 0.000000 0.064088 790
