[1 8]
[23] 0.252571 0.000085 0.403535 0.002479 391
[39] 0.348481 0.000140 0.416168 0.002480 521
[15] 0.330592 0.000101 0.388678 0.002477 411
[54] 0.378444 0.000123 0.436607 0.002440 431
[31] 0.325975 0.000117 0.409499 0.002460 371
[143] 0.237331 0.000087 0.543178 0.002503 361
[7] 0.359826 0.000166 0.379848 0.002452 501
[70] 0.454042 0.000106 0.391223 0.002451 481
[103] 0.260231 0.000087 0.495267 0.002440 391
[110] 0.238461 0.000098 0.505037 0.002441 381
[117] 0.363946 0.000091 0.490988 0.002623 301
[125] 0.144886 0.000088 0.530658 0.002456 371
[152] 0.119222 0.000097 0.565937 0.002633 451
[199] 0.107817 0.000059 0.613322 0.002445 351
[221] 0.243038 0.000097 0.623391 0.002478 511
[238] 0.114288 0.000111 0.669542 0.002471 521
[13] 0.260769 0.000118 0.406081 0.002459 391
[24] 0.400877 0.000119 0.386479 0.002472 381
[25] 0.441913 0.000079 0.393647 0.002452 311
[27] 0.357337 0.000144 0.411097 0.002468 461
[28] 0.292616 0.000123 0.415070 0.002433 371
[29] 0.434095 0.000113 0.402214 0.002455 411
[30] 0.236779 0.000111 0.422665 0.002458 421
[34] 0.297401 0.000121 0.419089 0.002478 531
[38] 0.455147 0.000139 0.372476 0.002511 411
[40] 0.314672 0.000100 0.452749 0.002453 341
[45] 0.267974 0.000110 0.424673 0.002450 421
[46] 0.259713 0.000101 0.451003 0.002492 391
[47] 0.309421 0.000089 0.441389 0.002462 391
[48] 0.273180 0.000107 0.441649 0.002477 451
[50] 0.288347 0.000082 0.425769 0.002457 351
[52] 0.411528 0.000087 0.414658 0.002454 341
[53] 0.373111 0.000094 0.436013 0.002438 401
[55] 0.263590 0.000108 0.445018 0.002450 351
[56] 0.276186 0.000115 0.445075 0.002576 381
[60] 0.314704 0.000113 0.444229 0.002488 381
[61] 0.347477 0.000111 0.430725 0.002460 381
[62] 0.259889 0.000096 0.439239 0.002462 401
[63] 0.267712 0.000119 0.443550 0.002488 421
[71] 0.208478 0.000115 0.467553 0.002461 461
[75] 0.267282 0.000099 0.466075 0.002465 401
[76] 0.209126 0.000078 0.480556 0.002434 361
[77] 0.250481 0.000103 0.450728 0.002489 461
[78] 0.327196 0.000129 0.464777 0.002456 371
[79] 0.258140 0.000126 0.469114 0.002468 491
[84] 0.435173 0.000109 0.393244 0.002450 511
[87] 0.341898 0.000120 0.445333 0.002474 451
[88] 0.300053 0.000095 0.482626 0.002434 401
[89] 0.322164 0.000099 0.462206 0.002468 411
[91] 0.288041 0.000099 0.483407 0.002435 341
[92] 0.177492 0.000104 0.492752 0.002545 401
[93] 0.157830 0.000070 0.511584 0.002441 281
[94] 0.279892 0.000110 0.506403 0.002457 391
[95] 0.193022 0.000103 0.498067 0.002458 361
[96] 0.192312 0.000094 0.489444 0.002499 381
[101] 0.203948 0.000079 0.489826 0.002448 331
[102] 0.335644 0.000117 0.503604 0.002444 471
[104] 0.316607 0.000072 0.459896 0.002583 321
[105] 0.185831 0.000091 0.504945 0.002441 381
[107] 0.234892 0.000085 0.500745 0.002481 381
[109] 0.222213 0.000092 0.486800 0.002450 331
[111] 0.269900 0.000086 0.512693 0.002462 401
[112] 0.213086 0.000128 0.511608 0.002442 521
[113] 0.342787 0.000088 0.492083 0.002434 421
[114] 0.207021 0.000086 0.512578 0.002473 411
[115] 0.199397 0.000092 0.525384 0.002483 431
[116] 0.432065 0.000100 0.417547 0.002496 461
[118] 0.374810 0.000087 0.452011 0.002433 301
[119] 0.139467 0.000121 0.547914 0.002476 451
[120] 0.145309 0.000098 0.531459 0.002480 351
[121] 0.291713 0.000120 0.501343 0.002456 511
[122] 0.146831 0.000109 0.529201 0.002443 441
[123] 0.248070 0.000104 0.522524 0.002481 511
[126] 0.156335 0.000086 0.540240 0.002463 381
[133] 0.303383 0.000091 0.519965 0.002439 441
[134] 0.361552 0.000085 0.485330 0.002465 351
[135] 0.119271 0.000108 0.549016 0.002457 371
[137] 0.296254 0.000095 0.527955 0.002429 461
[139] 0.223446 0.000109 0.558900 0.002440 441
[140] 0.213161 0.000082 0.543799 0.002628 311
[141] 0.114122 0.000079 0.554867 0.002474 341
[142] 0.205333 0.000090 0.547081 0.002476 381
[144] 0.190502 0.000081 0.549305 0.002471 341
[151] 0.255883 0.000089 0.543242 0.002452 421
[153] 0.296698 0.000113 0.531267 0.002432 471
[155] 0.167905 0.000074 0.557231 0.002470 381
[156] 0.165508 0.000093 0.569673 0.002482 401
[157] 0.291506 0.000090 0.542445 0.002448 351
[158] 0.107748 0.000090 0.567634 0.002465 421
[159] 0.205570 0.000068 0.563272 0.002482 321
[162] 0.216818 0.000089 0.563965 0.002443 381
[165] 0.248622 0.000086 0.550258 0.002469 411
[166] 0.334456 0.000069 0.511750 0.002445 361
[167] 0.142009 0.000087 0.572215 0.002480 421
[168] 0.212383 0.000079 0.575638 0.002500 351
[169] 0.226887 0.000058 0.567018 0.002441 331
[170] 0.277284 0.000059 0.532510 0.002451 351
[171] 0.408754 0.000074 0.454184 0.015654 371
[172] 0.187813 0.000097 0.590530 0.002443 461
[173] 0.079037 0.000077 0.615715 0.002426 301
[174] 0.194534 0.000112 0.585548 0.002465 501
[175] 0.228228 0.000062 0.576589 0.002452 301
[176] 0.183181 0.000060 0.584721 0.002581 391
[177] 0.260067 0.000082 0.560065 0.002437 401
[178] 0.142553 0.000070 0.620812 0.002468 301
[180] 0.339555 0.000070 0.520849 0.002447 301
[181] 0.242786 0.000132 0.571901 0.002447 481
[182] 0.279390 0.000094 0.556539 0.002435 401
[183] 0.105471 0.000087 0.593468 0.002476 381
[184] 0.160090 0.000086 0.596881 0.002433 381
[185] 0.255667 0.000090 0.577221 0.002448 401
[187] 0.190561 0.000072 0.603202 0.002463 371
[188] 0.185066 0.000104 0.591128 0.002532 461
[189] 0.258979 0.000099 0.579048 0.002465 511
[190] 0.117386 0.000115 0.604782 0.002468 511
[191] 0.186699 0.000094 0.610862 0.005101 401
[196] 0.276382 0.000061 0.562169 0.002442 391
[197] 0.202024 0.000104 0.593796 0.002472 431
[198] 0.248178 0.000083 0.614053 0.002484 411
[200] 0.081072 0.000075 0.630828 0.002550 321
[201] 0.268526 0.000057 0.589836 0.002432 281
[202] 0.157724 0.000078 0.629994 0.002473 441
[203] 0.149357 0.000083 0.615259 0.002458 361
[204] 0.101933 0.000066 0.623849 0.002467 431
[205] 0.058324 0.000091 0.626942 0.002446 411
[206] 0.237631 0.000097 0.572771 0.002439 451
[207] 0.136054 0.000066 0.626939 0.002464 371
[208] 0.090587 0.000086 0.634119 0.002460 501
[209] 0.209041 0.000096 0.611188 0.002532 431
[210] 0.119766 0.000092 0.624613 0.002434 431
[212] 0.311718 0.000077 0.533450 0.002481 361
[213] 0.220217 0.000073 0.609555 0.002442 411
[214] 0.278819 0.000099 0.579277 0.002534 471
[215] 0.162303 0.000092 0.639926 0.002464 421
[216] 0.173576 0.000105 0.626289 0.002463 481
[217] 0.210598 0.000081 0.616146 0.002446 491
[218] 0.047941 0.000077 0.647298 0.002436 451
[219] 0.049078 0.000079 0.642232 0.002477 501
[220] 0.074610 0.000082 0.641035 0.002440 381
[222] 0.154942 0.000083 0.649936 0.002439 421
[223] 0.071114 0.000085 0.646667 0.002515 441
[224] 0.090318 0.000055 0.645122 0.002608 371
[226] 0.111784 0.000070 0.664146 0.002478 511
[228] 0.291539 0.000067 0.578500 0.003007 351
[229] 0.066819 0.000085 0.641956 0.002454 441
[230] 0.263662 0.000080 0.601405 0.002440 411
[231] 0.046812 0.000056 0.651174 0.002490 351
[232] 0.135221 0.000067 0.659512 0.002441 301
[233] 0.020483 0.000078 0.660841 0.002441 401
[234] 0.123051 0.000073 0.654308 0.002454 391
[235] 0.114104 0.000086 0.665398 0.002450 431
[237] 0.030557 0.000052 0.669845 0.002452 291
[239] 0.131487 0.000072 0.666372 0.002490 401
[241] 0.178503 0.000060 0.646344 0.002447 341
[244] 0.235400 0.000084 0.630928 0.002427 411
[245] 0.207916 0.000078 0.651754 0.002442 431
[0] 0.273425 0.000116 0.381081 0.002504 431
[1] 0.452532 0.000145 0.356596 0.002464 461
[2] 0.377448 0.000115 0.367166 0.002446 411
[3] 0.333720 0.000088 0.389412 0.002650 350
[4] 0.500596 0.000094 0.330978 0.002463 421
[5] 0.416426 0.000099 0.363129 0.002455 311
[6] 0.443099 0.000084 0.377099 0.002432 331
[8] 0.329299 0.000113 0.391293 0.002596 411
[9] 0.412547 0.000137 0.362756 0.002476 521
[10] 0.379213 0.000129 0.391910 0.002473 371
[11] 0.348212 0.000111 0.412354 0.002491 411
[14] 0.317777 0.000129 0.383097 0.002437 481
[16] 0.312292 0.000095 0.409850 0.002425 391
[17] 0.417139 0.000150 0.376511 0.002459 451
[18] 0.320747 0.000147 0.406540 0.002468 401
[19] 0.277335 0.000122 0.398642 0.002496 501
[21] 0.449409 0.000092 0.373598 0.002438 321
[22] 0.480696 0.000133 0.337554 0.002441 381
[26] 0.264587 0.000096 0.412854 0.002441 371
[32] 0.280725 0.000107 0.418331 0.002580 381
[33] 0.401438 0.000106 0.403116 0.002447 421
[35] 0.281868 0.000107 0.435121 0.002456 341
[37] 0.234924 0.000084 0.421898 0.002479 321
[41] 0.240265 0.000088 0.431612 0.002436 331
[42] 0.347227 0.000106 0.423895 0.002450 381
[43] 0.234997 0.000075 0.430895 0.002444 331
[44] 0.301689 0.000111 0.429989 0.002601 411
[49] 0.389628 0.000083 0.418683 0.002442 381
[51] 0.284106 0.000098 0.432328 0.002483 381
[57] 0.410744 0.000118 0.423759 0.002453 451
[58] 0.276595 0.000103 0.451212 0.002486 411
[59] 0.314797 0.000127 0.441881 0.002491 411
[64] 0.228324 0.000090 0.451956 0.002446 371
[65] 0.384090 0.000100 0.438949 0.002441 381
[66] 0.309438 0.000118 0.451672 0.002442 421
[67] 0.202175 0.000136 0.461194 0.002447 431
[68] 0.464137 0.000118 0.356722 0.002489 371
[69] 0.211103 0.000108 0.461447 0.002449 371
[72] 0.233798 0.000124 0.460017 0.002484 481
[73] 0.216353 0.000101 0.463645 0.002473 371
[74] 0.336922 0.000105 0.432851 0.002457 391
[80] 0.200660 0.000082 0.481081 0.002600 271
[81] 0.345493 0.000116 0.459765 0.002460 381
[82] 0.209935 0.000113 0.489541 0.002488 421
[83] 0.192193 0.000062 0.477525 0.002466 311
[85] 0.381836 0.000089 0.456555 0.002437 371
[86] 0.401494 0.000107 0.428375 0.002469 471
[90] 0.185375 0.000087 0.490162 0.002441 351
[97] 0.377462 0.000136 0.472408 0.002470 461
[98] 0.251287 0.000100 0.483608 0.002440 401
[99] 0.188133 0.000066 0.520792 0.002479 351
[100] 0.407617 0.000155 0.445480 0.002547 511
[106] 0.237421 0.000065 0.503684 0.002471 361
[124] 0.209549 0.000117 0.532703 0.002442 441
[127] 0.215750 0.000118 0.524362 0.002453 491
[128] 0.161705 0.000067 0.533175 0.002573 281
[129] 0.300785 0.000087 0.507869 0.002457 391
[130] 0.241854 0.000125 0.532121 0.002460 411
[131] 0.227719 0.000067 0.544792 0.002452 321
[136] 0.220045 0.000120 0.539560 0.002437 481
[138] 0.245012 0.000081 0.541997 0.002454 351
[145] 0.278623 0.000080 0.528553 0.002455 371
[146] 0.208425 0.000112 0.545377 0.002433 421
[147] 0.154999 0.000086 0.547148 0.002453 341
[148] 0.333986 0.000086 0.511738 0.002448 411
[149] 0.273881 0.000092 0.544674 0.002427 461
[150] 0.293107 0.000075 0.556497 0.002461 361
[154] 0.114414 0.000081 0.579596 0.002467 361
[160] 0.203025 0.000101 0.568614 0.002435 451
[161] 0.267972 0.000097 0.548350 0.002432 451
[163] 0.207175 0.000118 0.569244 0.002453 551
[164] 0.324081 0.000106 0.475638 0.002628 441
[179] 0.160573 0.000060 0.593907 0.002470 321
[186] 0.150472 0.000081 0.608345 0.002472 401
[192] 0.099105 0.000062 0.602821 0.002478 291
[193] 0.235069 0.000078 0.586583 0.002443 381
[194] 0.196156 0.000103 0.584232 0.002463 501
[195] 0.062209 0.000081 0.619981 0.002475 411
[211] 0.076917 0.000091 0.630331 0.002445 431
[225] 0.215718 0.000079 0.618076 0.002446 431
[227] 0.080734 0.000075 0.649433 0.002475 331
[236] 0.096022 0.000077 0.667122 0.002595 401
[240] 0.105566 0.000097 0.662747 0.002482 521
[242] 0.086527 0.000101 0.658829 0.002433 421
[246] 0.165842 0.000086 0.678427 0.002459 371
[247] 0.015680 0.000055 0.682863 0.002441 341
[248] 0.056848 0.000067 0.675267 0.002546 381
[249] 0.155883 0.000083 0.646451 0.002471 461
[250] 0.039140 0.000069 0.674885 0.002473 331
[251] 0.030431 0.000066 0.688336 0.002491 411
[253] 0.189149 0.000073 0.662855 0.002460 431
[254] 0.033560 0.000078 0.679892 0.002442 441
[255] 0.097152 0.000092 0.676719 0.002466 481
[20] 0.527338 0.000095 0.301870 0.002490 331
[36] 0.380813 0.000116 0.401231 0.002488 381
[243] 0.085165 0.000074 0.674871 0.002489 381
[252] 0.095960 0.000057 0.679609 0.002476 361
[132] 0.384119 0.000101 0.463997 0.002467 381
[108] 0.202699 0.000108 0.504147 0.002488 411
[12] 0.335287 0.000126 0.397590 0.002497 461

[2 12]
[2] 0.558415 0.000073 0.721886 0.002514 411
[93] 1.485478 0.000045 0.177251 0.002490 281
[21] 1.210317 0.000069 0.222854 0.002534 321
[248] 1.295406 0.000057 0.006164 0.002503 381
[104] 1.192738 0.000052 0.100087 0.002534 321
[231] 1.400254 0.000058 0.017668 0.002516 351
[73] 1.033594 0.000061 0.235648 0.002527 371
[1] 0.307592 0.000078 1.014749 0.002536 461
[99] 1.050528 0.000055 0.258756 0.002520 351
[24] 1.090314 0.000066 0.234996 0.002555 381
[5] 0.820416 0.000069 0.479966 0.002489 311
[105] 1.165002 0.000057 0.156318 0.002519 381
[41] 1.287688 0.000051 0.231378 0.002511 331
[128] 1.244985 0.000057 0.037475 0.002519 281
[192] 1.209253 0.000068 0.076036 0.002716 291
[117] 1.502071 0.000055 0.127525 0.002485 301
[6] 0.957191 0.000058 0.307126 0.002536 331
[159] 1.299230 0.000069 0.100137 0.002529 321
[170] 1.302582 0.000065 0.051400 0.002533 351
[92] 1.424325 0.000071 0.116793 0.002578 401
[247] 1.304112 0.000070 0.044523 0.002521 341
[49] 1.150351 0.000062 0.205208 0.002506 381
[26] 1.053711 0.000076 0.267698 0.002516 371
[40] 1.445764 0.000063 0.196380 0.002486 341
[22] 1.038155 0.000080 0.349041 0.002495 381
[177] 1.244079 0.000067 0.092291 0.002528 401
[60] 1.106243 0.000063 0.197119 0.002532 381
[83] 1.237711 0.000056 0.101813 0.002625 311
[145] 1.257146 0.000078 0.085317 0.002521 371
[118] 1.575309 0.000061 0.064131 0.002520 301
[95] 1.421967 0.000064 0.173749 0.002513 361
[56] 1.121553 0.000064 0.216853 0.002546 381
[80] 1.195818 0.000056 0.155466 0.002482 271
[224] 1.291883 0.000079 0.037654 0.002527 371
[69] 1.226716 0.000062 0.213044 0.002516 371
[55] 1.138648 0.000075 0.217340 0.002570 351
[141] 1.384765 0.000055 0.112214 0.002501 341
[237] 1.357810 0.000054 0.119267 0.002527 291
[23] 1.179803 0.000090 0.236396 0.002546 391
[175] 1.248652 0.000041 0.051768 0.002522 301
[33] 1.126632 0.000072 0.220718 0.002553 421
[180] 1.586026 0.000066 0.067795 0.002495 301
[140] 1.458469 0.000059 0.089520 0.002634 311
[50] 1.257038 0.000059 0.099759 0.002485 351
[178] 1.214339 0.000058 0.126050 0.002527 301
[232] 1.497306 0.000051 0.076663 0.002575 301
[61] 1.198334 0.000066 0.199491 0.002507 381
[94] 1.339096 0.000060 0.254261 0.002485 391
[35] 0.986233 0.000063 0.368908 0.002668 341
[68] 1.207545 0.000071 0.227214 0.002658 371
[0] 0.509714 0.000070 0.824427 0.002657 431
[25] 1.013462 0.000051 0.300943 0.002507 311
[8] 1.031066 0.000077 0.279279 0.002515 411
[82] 1.074795 0.000066 0.214200 0.002541 421
[143] 1.414607 0.000069 0.097871 0.002502 361
[37] 1.331168 0.000065 0.094218 0.002493 321
[147] 1.217069 0.000076 0.119081 0.002532 341
[173] 1.179088 0.000049 0.114901 0.002541 301
[169] 1.155944 0.000066 0.142419 0.002527 331
[29] 0.953768 0.000070 0.311595 0.002518 411
[200] 1.283975 0.000066 0.085990 0.002495 321
[81] 1.241296 0.000078 0.099911 0.002543 381
[74] 1.174073 0.000057 0.158239 0.002530 391
[57] 1.090712 0.000086 0.263350 0.002504 451
[28] 0.950199 0.000076 0.349414 0.002485 371
[134] 1.257086 0.000069 0.045315 0.002536 351
[52] 1.145417 0.000066 0.210923 0.002518 341
[96] 1.138063 0.000081 0.217396 0.002556 381
[186] 1.279172 0.000070 0.077775 0.002620 401
[111] 1.358848 0.000083 0.115807 0.002521 401
[239] 1.430192 0.000067 0.055272 0.002507 401
[125] 1.242459 0.000054 0.100868 0.002516 371
[45] 1.112998 0.000086 0.390923 0.002490 421
[10] 0.673229 0.000073 0.670089 0.002530 371
[51] 1.262115 0.000066 0.093076 0.002525 381
[135] 1.264485 0.000078 0.164540 0.002524 371
[59] 1.251674 0.000075 0.097209 0.002731 411
[106] 1.250123 0.000063 0.103298 0.002514 361
[150] 1.202819 0.000065 0.099718 0.002496 361
[31] 1.037307 0.000069 0.268122 0.002520 371
[58] 1.059664 0.000072 0.297871 0.002502 411
[168] 1.239139 0.000065 0.079131 0.002590 351
[250] 1.241793 0.000078 0.057646 0.002504 331
[64] 1.361703 0.000060 0.306592 0.002501 371
[165] 1.448244 0.000074 0.109906 0.002506 411
[89] 1.429782 0.000075 0.114599 0.002522 411
[129] 1.110456 0.000083 0.159971 0.002534 391
[195] 1.234064 0.000082 0.037394 0.002520 411
[122] 1.112078 0.000096 0.198603 0.002531 441
[144] 1.284826 0.000055 0.060523 0.002622 341
[20] 1.056971 0.000067 0.349825 0.005312 331
[157] 1.364857 0.000068 0.057877 0.002517 351
[48] 1.043272 0.000086 0.225943 0.002669 451
[32] 1.123009 0.000082 0.234059 0.002498 381
[120] 1.202129 0.000058 0.110555 0.002518 351
[17] 1.200023 0.000084 0.236177 0.002488 451
[42] 1.167809 0.000064 0.215695 0.002564 381
[183] 1.544076 0.000073 0.108847 0.002538 381
[201] 1.290161 0.000059 0.076710 0.002519 281
[193] 1.243552 0.000068 0.037839 0.002577 381
[227] 1.315455 0.000055 0.044094 0.002690 331
[184] 1.592870 0.000068 0.111102 0.002509 381
[203] 1.285671 0.000064 0.079427 0.002613 361
[176] 1.235253 0.000069 0.090083 0.002540 391
[131] 1.183225 0.000052 0.107174 0.002636 321
[87] 1.370762 0.000087 0.114383 0.002516 451
[36] 1.176208 0.000066 0.226619 0.002540 381
[154] 1.242247 0.000068 0.066279 0.002516 361
[53] 1.255702 0.000061 0.102209 0.002564 401
[30] 0.882946 0.000095 0.454450 0.002499 421
[43] 1.278402 0.000063 0.195660 0.002515 331
[27] 1.008513 0.000094 0.335534 0.002529 461
[213] 1.443425 0.000052 0.047134 0.002508 411
[39] 1.269592 0.000103 0.156698 0.002524 521
[110] 1.428695 0.000080 0.126708 0.002507 381
[199] 1.274670 0.000069 0.048854 0.002520 351
[97] 1.151132 0.000095 0.184090 0.002508 461
[146] 1.152486 0.000074 0.141960 0.002538 421
[243] 1.317814 0.000074 0.034900 0.002515 381
[246] 1.253244 0.000063 0.039075 0.002573 371
[162] 1.445071 0.000079 0.088731 0.002527 381
[196] 1.186577 0.000055 0.088927 0.002502 391
[236] 1.224207 0.000062 0.106736 0.002624 401
[9] 1.008980 0.000105 0.302017 0.002525 521
[245] 1.291065 0.000080 0.026876 0.002488 431
[109] 1.192144 0.000056 0.118267 0.002491 331
[156] 1.240965 0.000081 0.075086 0.002522 401
[210] 1.378875 0.000077 0.079489 0.002501 431
[54] 1.276709 0.000094 0.094164 0.013129 431
[164] 1.519856 0.000087 0.049548 0.002582 441
[207] 1.277346 0.000053 0.101632 0.002482 371
[86] 1.277261 0.000094 0.198096 0.002570 471
[126] 1.240957 0.000063 0.111388 0.002533 381
[15] 1.120286 0.000065 0.237037 0.002564 411
[251] 1.261495 0.000075 0.040607 0.002605 411
[88] 1.420803 0.000074 0.117081 0.002519 401
[241] 1.321972 0.000077 0.028360 0.002519 341
[242] 1.314931 0.000088 0.026561 0.002525 421
[62] 1.030755 0.000074 0.304258 0.003080 401
[212] 1.408049 0.000084 0.103460 0.002643 361
[204] 1.225069 0.000078 0.101467 0.002556 431
[75] 1.213582 0.000076 0.157503 0.002512 401
[218] 1.210963 0.000081 0.060706 0.002566 451
[108] 1.385902 0.000081 0.064095 0.002546 411
[44] 1.266216 0.000070 0.097606 0.003507 411
[191] 1.578939 0.000118 0.099801 0.002517 401
[76] 1.156181 0.000070 0.154482 0.002492 361
[202] 1.227460 0.000076 0.097168 0.002506 441
[91] 1.498369 0.000075 0.117696 0.002496 341
[90] 1.433869 0.000074 0.118710 0.002610 351
[214] 1.477351 0.000069 0.017133 0.002490 471
[166] 1.543490 0.000067 0.049750 0.002501 361
[119] 1.479233 0.000094 0.172050 0.002514 451
[153] 1.258223 0.000091 0.038254 0.002527 471
[244] 1.196457 0.000075 0.091064 0.002500 411
[230] 1.354195 0.000083 0.039935 0.002532 411
[66] 1.334524 0.000071 0.095507 0.002543 421
[124] 1.208651 0.000090 0.134021 0.002506 441
[228] 1.402327 0.000057 0.049532 0.002510 351
[114] 1.524327 0.000078 0.115944 0.002544 411
[70] 1.182766 0.000106 0.227886 0.002631 481
[171] 1.197176 0.000060 0.092193 0.002530 371
[220] 1.319207 0.000062 0.054441 0.003124 381
[216] 1.314657 0.000109 0.054389 0.002599 481
[4] 0.844553 0.000071 0.472827 0.002493 421
[217] 1.318710 0.000087 0.050911 0.002489 491
[206] 1.334967 0.000076 0.056787 0.002525 451
[215] 1.270559 0.000082 0.055193 0.002490 421
[78] 1.115937 0.000068 0.197361 0.002538 371
[79] 1.154675 0.000101 0.214281 0.002576 491
[107] 1.208261 0.000077 0.103561 0.002602 381
[102] 1.231158 0.000100 0.099089 0.002499 471
[155] 1.270694 0.000069 0.049058 0.002612 381
[219] 1.307714 0.000089 0.022613 0.002549 501
[11] 1.077546 0.000075 0.199693 0.002593 411
[103] 1.187145 0.000074 0.130101 0.002550 391
[197] 1.241865 0.000086 0.123483 0.002508 431
[182] 1.465303 0.000068 0.129374 0.002551 401
[179] 1.193367 0.000064 0.139529 0.002589 321
[13] 1.016381 0.000079 0.312886 0.002535 391
[121] 1.208286 0.000091 0.101380 0.002511 511
[138] 1.445646 0.000067 0.119931 0.005216 351
[198] 1.231954 0.000064 0.130838 0.002533 411
[194] 1.363294 0.000097 0.005427 0.002584 501
[116] 1.213450 0.000085 0.114750 0.002621 461
[7] 0.859564 0.000098 0.480771 0.002520 501
[38] 1.070792 0.000099 0.311146 0.003258 411
[172] 1.280705 0.000100 0.051560 0.002494 461
[130] 1.286732 0.000061 0.083634 0.002501 411
[161] 1.260630 0.000077 0.110993 0.002484 451
[249] 1.296402 0.000082 0.005913 0.002510 461
[222] 1.230149 0.000067 0.051485 0.002630 421
[234] 1.303451 0.000072 0.043412 0.002641 391
[149] 1.238513 0.000072 0.107225 0.002575 461
[72] 1.174224 0.000077 0.099908 0.002653 481
[252] 1.389533 0.000079 0.045786 0.002583 361
[123] 1.293566 0.000107 0.029750 0.002508 511
[101] 1.211778 0.000054 0.099204 0.002509 331
[240] 1.236191 0.000105 0.061131 0.002689 521
[151] 1.285660 0.000082 0.046725 0.002523 421
[181] 1.328601 0.000108 0.068722 0.002516 481
[136] 1.519466 0.000077 0.058296 0.002519 481
[148] 1.306682 0.000079 0.037790 0.002501 411
[152] 1.207216 0.000076 0.066256 0.002516 451
[226] 1.269840 0.000093 0.005254 0.002554 511
[98] 1.267344 0.000093 0.046891 0.002529 401
[127] 1.213636 0.000102 0.071950 0.002543 491
[100] 1.211576 0.000094 0.143632 0.002490 511
[225] 1.257850 0.000081 0.025682 0.002517 431
[188] 1.592468 0.000092 0.076915 0.002769 461
[34] 1.283069 0.000089 0.033318 0.002512 531
[63] 1.292910 0.000088 0.104002 0.002532 421
[223] 1.246655 0.000091 0.023063 0.002517 441
[167] 1.533579 0.000074 0.050688 0.002587 421
[77] 1.178352 0.000083 0.100496 0.002536 461
[65] 1.092031 0.000083 0.352861 0.002488 381
[174] 1.198474 0.000115 0.124852 0.002532 501
[187] 1.458801 0.000052 0.095074 0.002512 371
[142] 1.256061 0.000059 0.073832 0.002481 381
[132] 1.187765 0.000066 0.113069 0.002520 381
[115] 1.225462 0.000083 0.150550 0.002508 431
[209] 1.372308 0.000086 0.108027 0.002507 431
[221] 1.218468 0.000102 0.112908 0.002502 511
[235] 1.441053 0.000079 0.053767 0.002510 431
[158] 1.309579 0.000090 0.100156 0.002524 421
[139] 1.431225 0.000088 0.049829 0.002505 441
[85] 1.221953 0.000073 0.238129 0.002495 371
[113] 1.464501 0.000074 0.105069 0.002480 421
[14] 1.004695 0.000079 0.361057 0.002534 481
[46] 1.109301 0.000078 0.341633 0.002494 391
[47] 1.255107 0.000070 0.221959 0.002551 391
[205] 1.338383 0.000075 0.017905 0.002487 411
[160] 1.590581 0.000102 0.049275 0.002496 451
[71] 1.373765 0.000078 0.098788 0.002496 461
[67] 1.085562 0.000105 0.234591 0.002530 431
[185] 1.601826 0.000083 0.053277 0.002492 401
[189] 1.676856 0.000104 0.037539 0.002504 511
[254] 1.367529 0.000074 0.060540 0.002535 441
[137] 1.245590 0.000113 0.077460 0.002506 461
[255] 1.368125 0.000079 0.042173 0.002522 481
[133] 1.293022 0.000079 0.072821 0.002500 441
[211] 1.401503 0.000072 0.074222 0.002631 431
[12] 1.122458 0.000080 0.269815 0.002613 461
[16] 1.108977 0.000064 0.481091 0.002493 391
[238] 1.288377 0.000105 0.054949 0.002494 521
[18] 1.199665 0.000079 0.234712 0.002590 401
[19] 0.900396 0.000086 0.487159 0.002512 501
[233] 1.427247 0.000073 0.064697 0.002520 401
[253] 1.387976 0.000086 0.042117 0.002500 431
[163] 1.454349 0.000099 0.118059 0.002558 551
[112] 1.605393 0.000091 0.063643 0.002503 521
[229] 1.247721 0.000077 0.071393 0.002501 441
[190] 1.426142 0.000096 0.109956 0.002499 511
[84] 1.364926 0.000092 0.110203 0.002570 511
[208] 1.487096 0.000089 0.111532 0.002498 501
[3] 1.381578 0.000059 0.249088 0.002689 350