[1 12]
[71] 0.266511 0.000073 0.000000 0.002545 501
[121] 0.411462 0.000091 0.000000 0.002434 506
[31] 0.274712 0.000067 0.000000 0.002477 402
[15] 0.269730 0.000040 0.000000 0.002547 286
[39] 0.320637 0.000110 0.000000 0.002660 669
[21] 0.429850 0.000055 0.000000 0.002443 347
[7] 0.292534 0.000103 0.000000 0.002570 839
[22] 0.364580 0.000040 0.000000 0.002463 117
[23] 0.292797 0.000058 0.000000 0.002524 424
[28] 0.454967 0.000049 0.000000 0.002439 150
[44] 0.486278 0.000045 0.000000 0.002432 46
[54] 0.320436 0.000060 0.000000 0.002496 258
[59] 0.362534 0.000060 0.000000 0.002575 326
[60] 0.435569 0.000062 0.000000 0.002441 117
[65] 0.393425 0.000065 0.000000 0.002445 339
[67] 0.364538 0.000051 0.000000 0.002482 132
[74] 0.278854 0.000031 0.000000 0.002476 44
[78] 0.342574 0.000075 0.000000 0.002470 366
[83] 0.369885 0.000060 0.000000 0.002537 336
[87] 0.291736 0.000055 0.000000 0.002579 402
[89] 0.436291 0.000067 0.000000 0.002446 366
[93] 0.446135 0.000039 0.000000 0.002446 114
[95] 0.530965 0.000028 0.000000 0.002491 181
[106] 0.312185 0.000044 0.000000 0.002499 286
[114] 0.365118 0.000043 0.000000 0.002450 206
[115] 0.377165 0.000028 0.000000 0.002475 90
[119] 0.318916 0.000052 0.000000 0.002556 226
[123] 0.537811 0.000071 0.000000 0.002878 456
[125] 0.420268 0.000102 0.000000 0.020174 546
[130] 0.336863 0.000080 0.000000 0.002484 406
[134] 0.323153 0.000047 0.000000 0.002494 108
[135] 0.316571 0.000052 0.000000 0.002951 222
[137] 0.405407 0.000076 0.000000 0.002448 411
[172] 0.513511 0.000068 0.000000 0.002432 276
[179] 0.371399 0.000043 0.000000 0.002573 192
[185] 0.433556 0.000069 0.000000 0.002464 396
[199] 0.303749 0.000046 0.000000 0.002525 414
[211] 0.380112 0.000055 0.000000 0.002470 258
[214] 0.369746 0.000068 0.000000 0.002481 466
[0] 0.517874 0.000081 0.000000 0.002454 426
[1] 0.390518 0.000070 0.000000 0.002450 411
[2] 0.327457 0.000055 0.000000 0.002444 286
[3] 0.355138 0.000063 0.000000 0.002654 39
[4] 0.259875 0.000044 0.000000 0.002493 375
[5] 0.413288 0.000051 0.000000 0.002444 246
[6] 0.290632 0.000038 0.000000 0.002457 230
[8] 0.453467 0.000074 0.000000 0.002480 486
[9] 0.392782 0.000093 0.000000 0.002459 465
[10] 0.287675 0.000039 0.000000 0.002650 150
[11] 0.345228 0.000056 0.000000 0.002574 286
[12] 0.455706 0.000051 0.000000 0.002435 231
[13] 0.429503 0.000056 0.000000 0.002458 272
[14] 0.355749 0.000063 0.000000 0.002467 241
[16] 0.455896 0.000071 0.000000 0.002430 348
[17] 0.419935 0.000050 0.000000 0.002461 182
[18] 0.320258 0.000065 0.000000 0.002486 396
[19] 0.376615 0.000057 0.000000 0.002459 251
[20] 0.517014 0.000059 0.000000 0.002439 326
[24] 0.439252 0.000052 0.000000 0.002438 154
[25] 0.428694 0.000061 0.000000 0.002467 276
[26] 0.341222 0.000040 0.000000 0.002462 330
[27] 0.355574 0.000063 0.000000 0.002481 276
[29] 0.439180 0.000059 0.000000 0.002488 246
[30] 0.346811 0.000070 0.000000 0.002439 416
[32] 0.506759 0.000083 0.000000 0.002436 487
[33] 0.381150 0.000084 0.000000 0.002452 416
[34] 0.357764 0.000082 0.000000 0.002461 630
[35] 0.344271 0.000048 0.000000 0.002587 369
[36] 0.517330 0.000046 0.000000 0.002436 43
[37] 0.409509 0.000062 0.000000 0.002439 409
[38] 0.296815 0.000043 0.000000 0.002463 246
[40] 0.480292 0.000059 0.000000 0.002439 171
[41] 0.396277 0.000031 0.000000 0.002459 166
[42] 0.328770 0.000056 0.000000 0.002484 228
[43] 0.351501 0.000025 0.000000 0.002484 102
[45] 0.427378 0.000072 0.000000 0.002464 293
[46] 0.337848 0.000041 0.000000 0.002498 272
[47] 0.328918 0.000067 0.000000 0.002542 310
[48] 0.455073 0.000046 0.000000 0.002437 94
[49] 0.418305 0.000057 0.000000 0.002453 265
[50] 0.367925 0.000073 0.000000 0.002475 448
[51] 0.364109 0.000046 0.000000 0.002476 154
[52] 0.450094 0.000075 0.000000 0.002446 501
[53] 0.414198 0.000067 0.000000 0.002481 357
[55] 0.309146 0.000049 0.000000 0.002522 278
[56] 0.438124 0.000059 0.000000 0.002439 339
[57] 0.421216 0.000047 0.000000 0.002456 182
[58] 0.344086 0.000053 0.000000 0.002473 206
[61] 0.439584 0.000062 0.000000 0.002436 339
[62] 0.331462 0.000045 0.000000 0.002454 201
[63] 0.343609 0.000053 0.000000 0.002534 334
[64] 0.456582 0.000056 0.000000 0.002436 294
[66] 0.286799 0.000089 0.000000 0.002463 744
[68] 0.467850 0.000081 0.000000 0.002457 438
[69] 0.404859 0.000055 0.000000 0.002438 258
[70] 0.288188 0.000057 0.000000 0.002487 382
[72] 0.455411 0.000076 0.000000 0.002441 335
[73] 0.388984 0.000042 0.000000 0.002439 222
[75] 0.350298 0.000067 0.000000 0.002499 318
[76] 0.473541 0.000046 0.000000 0.002446 216
[77] 0.436982 0.000076 0.000000 0.002447 411
[79] 0.294185 0.000046 0.000000 0.002510 246
[82] 0.275817 0.000061 0.000000 0.002604 416
[84] 0.467057 0.000074 0.000000 0.002448 356
[85] 0.427902 0.000055 0.000000 0.002455 150
[86] 0.287463 0.000074 0.000000 0.002501 512
[88] 0.449791 0.000069 0.000000 0.002450 357
[90] 0.367525 0.000064 0.000000 0.002493 414
[91] 0.377956 0.000046 0.000000 0.002477 336
[92] 0.456627 0.000061 0.000000 0.002443 318
[94] 0.357125 0.000047 0.000000 0.002458 234
[97] 0.387375 0.000071 0.000000 0.002441 366
[98] 0.310154 0.000046 0.000000 0.002488 201
[99] 0.339615 0.000050 0.000000 0.002485 244
[100] 0.510812 0.000051 0.000000 0.002430 206
[103] 0.321428 0.000066 0.000000 0.002545 348
[105] 0.399109 0.000048 0.000000 0.002437 191
[107] 0.342404 0.000067 0.000000 0.002568 302
[108] 0.472771 0.000078 0.000000 0.002452 446
[110] 0.360664 0.000044 0.000000 0.002449 228
[111] 0.308016 0.000052 0.000000 0.002524 357
[112] 0.455433 0.000120 0.000000 0.002458 720
[113] 0.413780 0.000097 0.000000 0.002451 457
[116] 0.464330 0.000073 0.000000 0.002455 321
[118] 0.329768 0.000048 0.000000 0.002515 383
[120] 0.445823 0.000051 0.000000 0.002447 448
[124] 0.448056 0.000072 0.000000 0.002438 350
[126] 0.386384 0.000062 0.000000 0.002474 265
[131] 0.379813 0.000056 0.000000 0.002608 378
[138] 0.299664 0.000047 0.000000 0.002447 346
[140] 0.525655 0.000059 0.000000 0.002426 396
[142] 0.326851 0.000041 0.000000 0.002496 154
[143] 0.293624 0.000039 0.000000 0.002530 251
[146] 0.331012 0.000060 0.000000 0.002526 375
[147] 0.365546 0.000051 0.000000 0.002470 270
[149] 0.438203 0.000088 0.000000 0.002463 366
[150] 0.327049 0.000053 0.000000 0.002481 286
[151] 0.315726 0.000067 0.000000 0.002515 416
[152] 0.458037 0.000058 0.000000 0.002475 226
[153] 0.437909 0.000098 0.000000 0.002447 558
[154] 0.323812 0.000055 0.000000 0.002507 496
[155] 0.541659 0.000040 0.000000 0.012522 228
[156] 0.470666 0.000050 0.000000 0.002498 240
[157] 0.453841 0.000046 0.000000 0.002472 210
[158] 0.393476 0.000058 0.000000 0.002484 416
[159] 0.325938 0.000039 0.000000 0.002542 192
[161] 0.396503 0.000054 0.000000 0.002453 50
[162] 0.366643 0.000048 0.000000 0.002474 265
[163] 0.353774 0.000061 0.000000 0.002460 222
[164] 0.275774 0.000062 0.000000 0.002489 393
[167] 0.337577 0.000061 0.000000 0.002900 457
[169] 0.408654 0.000059 0.000000 0.002451 422
[173] 0.436861 0.000050 0.000000 0.002450 209
[175] 0.283854 0.000046 0.000000 0.002509 296
[177] 0.431603 0.000080 0.000000 0.002445 513
[178] 0.372590 0.000046 0.000000 0.002457 267
[180] 0.500968 0.000067 0.000000 0.002433 325
[182] 0.389465 0.000069 0.000000 0.002478 435
[184] 0.458151 0.000052 0.000000 0.002438 265
[187] 0.354493 0.000052 0.000000 0.002468 258
[188] 0.460756 0.000086 0.000000 0.002474 411
[189] 0.454777 0.000067 0.000000 0.002441 356
[193] 0.401840 0.000049 0.000000 0.002445 80
[194] 0.284134 0.000044 0.000000 0.002492 251
[195] 0.379629 0.000061 0.000000 0.002472 326
[196] 0.544235 0.000100 0.000000 0.002463 652
[198] 0.327841 0.000090 0.000000 0.002481 726
[200] 0.497971 0.000046 0.000000 0.002433 161
[201] 0.405515 0.000053 0.000000 0.002432 168
[202] 0.548016 0.000042 0.000000 0.002466 264
[203] 0.360805 0.000045 0.000000 0.002590 216
[204] 0.532854 0.000051 0.000000 0.002437 48
[205] 0.446068 0.000074 0.000000 0.002446 246
[206] 0.311075 0.000045 0.000000 0.002480 226
[207] 0.314312 0.000048 0.000000 0.002520 222
[208] 0.485465 0.000098 0.000000 0.002448 496
[209] 0.431965 0.000063 0.000000 0.002445 300
[210] 0.290838 0.000046 0.000000 0.002470 342
[212] 0.484642 0.000057 0.000000 0.002435 251
[213] 0.439415 0.000055 0.000000 0.002438 246
[216] 0.466085 0.000063 0.000000 0.002447 335
[217] 0.450581 0.000091 0.000000 0.002453 438
[218] 0.360533 0.000080 0.000000 0.002464 490
[219] 0.392934 0.000086 0.000000 0.002486 545
[220] 0.474412 0.000062 0.000000 0.002450 228
[221] 0.458440 0.000077 0.000000 0.002453 206
[224] 0.525237 0.000036 0.000000 0.002440 114
[225] 0.403418 0.000069 0.000000 0.002445 342
[226] 0.301653 0.000095 0.000000 0.002567 456
[227] 0.340904 0.000042 0.000000 0.002581 262
[228] 0.551093 0.000051 0.000000 0.002462 278
[232] 0.513729 0.000051 0.000000 0.002446 151
[233] 0.412928 0.000081 0.000000 0.002439 357
[234] 0.325919 0.000035 0.000000 0.002470 158
[235] 0.354959 0.000071 0.000000 0.002492 384
[237] 0.437419 0.000055 0.000000 0.002440 202
[240] 0.474105 0.000104 0.000000 0.002448 516
[242] 0.373581 0.000064 0.000000 0.002464 375
[243] 0.399069 0.000051 0.000000 0.002494 265
[245] 0.433230 0.000045 0.000000 0.002466 174
[80] 0.452171 0.000048 0.000000 0.002460 292
[81] 0.426869 0.000063 0.000000 0.002433 302
[96] 0.499356 0.000056 0.000000 0.002435 228
[101] 0.409500 0.000041 0.000000 0.002439 198
[102] 0.340639 0.000085 0.000000 0.002489 328
[104] 0.460385 0.000037 0.000000 0.002446 130
[122] 0.366320 0.000064 0.000000 0.002438 565
[127] 0.335281 0.000061 0.000000 0.002521 246
[128] 0.534947 0.000051 0.000000 0.002463 249
[132] 0.279594 0.000042 0.000000 0.002540 228
[136] 0.521349 0.000058 0.000000 0.002430 147
[139] 0.355636 0.000082 0.000000 0.002500 307
[144] 0.517731 0.000049 0.000000 0.002445 204
[148] 0.534110 0.000067 0.000000 0.002430 326
[160] 0.530549 0.000055 0.000000 0.002441 182
[166] 0.379086 0.000042 0.000000 0.002452 146
[170] 0.340683 0.000090 0.000000 0.002492 788
[171] 0.382013 0.000064 0.000000 0.002476 366
[174] 0.388675 0.000087 0.000000 0.002458 496
[176] 0.476904 0.000068 0.000000 0.002434 386
[183] 0.352987 0.000061 0.000000 0.002488 376
[186] 0.379925 0.003533 0.000000 0.002447 396
[190] 0.394326 0.000066 0.000000 0.002474 506
[191] 0.319468 0.000045 0.000000 0.002536 240
[192] 0.492590 0.000057 0.000000 0.002443 258
[197] 0.419169 0.000113 0.000000 0.002459 678
[223] 0.548391 0.000070 0.000000 0.002452 479
[230] 0.330375 0.000042 0.000000 0.002511 166
[231] 0.340248 0.000051 0.000000 0.002744 278
[236] 0.519957 0.000037 0.000000 0.002462 45
[239] 0.300121 0.000052 0.000000 0.002535 318
[241] 0.424477 0.000057 0.000000 0.002440 369
[244] 0.487550 0.000079 0.000000 0.002451 366
[246] 0.369401 0.000058 0.000000 0.002454 258
[247] 0.344838 0.000067 0.000000 0.002541 402
[248] 0.465735 0.000071 0.000000 0.002436 376
[250] 0.358018 0.000075 0.000000 0.002484 422
[251] 0.401090 0.000052 0.000000 0.002587 406
[252] 0.465692 0.000063 0.000000 0.002449 356
[253] 0.447278 0.000092 0.000000 0.002444 384
[254] 0.389441 0.000053 0.000000 0.002458 307
[222] 0.391165 0.000063 0.000000 0.002451 539
[181] 0.422536 0.000043 0.000000 0.002454 147
[255] 0.307493 0.000038 0.000000 0.002540 193
[238] 0.323446 0.000052 0.000000 0.002496 108
[109] 0.421155 0.000026 0.000000 0.002442 38
[133] 0.418499 0.000094 0.000000 0.002463 565
[141] 0.441367 0.000079 0.000000 0.002449 402
[145] 0.427206 0.000102 0.000000 0.002445 654
[168] 0.514963 0.000049 0.000000 0.002439 278
[215] 0.310222 0.000046 0.000000 0.002529 88
[249] 0.425996 0.000106 0.000000 0.002454 681
[165] 0.421587 0.000097 0.000000 0.002460 486
[117] 0.419145 0.000047 0.000000 0.002454 267
[129] 0.404315 0.000057 0.000000 0.002442 386
[229] 0.411988 0.000069 0.000000 0.002459 350

[2 12]
[2] 3.142064 0.000103 0.000000 0.002520 406
[73] 3.162586 0.000124 0.000000 0.002498 690
[24] 3.145518 0.000097 0.000000 0.002487 376
[6] 3.134410 0.000076 0.000000 0.002484 230
[104] 3.135206 0.000087 0.000000 0.002505 378
[99] 3.174218 0.000111 0.000000 0.002475 516
[170] 3.186430 0.000140 0.000000 0.002509 822
[1] 3.135700 0.000130 0.000000 0.002477 456
[105] 3.130672 0.000119 0.000000 0.002485 487
[247] 3.156401 0.000094 0.000000 0.002484 435
[248] 3.193165 0.000085 0.000000 0.002495 302
[5] 3.145835 0.000073 0.000000 0.002501 336
[80] 3.144109 0.000110 0.000000 0.002479 474
[49] 3.150546 0.000143 0.000000 0.002493 524
[178] 3.168605 0.000071 0.000000 0.002494 383
[74] 3.141794 0.000084 0.000000 0.002506 120
[26] 3.153273 0.000093 0.000000 0.002509 294
[33] 3.146892 0.000157 0.000000 0.002482 744
[122] 3.166592 0.000123 0.000000 0.002497 651
[192] 3.151483 0.000082 0.000000 0.002492 426
[55] 3.180931 0.000100 0.000000 0.002500 312
[177] 3.141088 0.000096 0.000000 0.002492 357
[128] 3.159592 0.000079 0.000000 0.002483 357
[83] 3.140843 0.000082 0.000000 0.002682 246
[56] 3.121590 0.000111 0.000000 0.002489 413
[224] 3.176384 0.000088 0.000000 0.002482 366
[145] 3.131428 0.000111 0.000000 0.002488 546
[81] 3.155046 0.000092 0.000000 0.002493 450
[25] 3.131381 0.000073 0.000000 0.002497 216
[8] 3.122689 0.000104 0.000000 0.002502 406
[82] 3.150610 0.000086 0.000000 0.002521 252
[29] 3.179897 0.000093 0.000000 0.002544 246
[31] 3.160393 0.000096 0.000000 0.002492 330
[125] 3.160576 0.000095 0.000000 0.002533 474
[51] 3.123854 0.000078 0.000000 0.002503 228
[32] 3.179525 0.000110 0.000000 0.002502 524
[175] 3.145619 0.000082 0.000000 0.002525 383
[28] 3.122597 0.000093 0.000000 0.002499 438
[35] 3.174907 0.000112 0.000000 0.002657 468
[50] 3.128180 0.000085 0.000000 0.002508 414
[96] 3.179777 0.000156 0.000000 0.002494 857
[250] 3.177555 0.000069 0.000000 0.002487 230
[147] 3.148325 0.000130 0.000000 0.002495 732
[52] 3.141004 0.000085 0.000000 0.002476 270
[10] 3.119509 0.000113 0.000000 0.002480 330
[227] 3.196354 0.000089 0.000000 0.002719 454
[173] 3.167572 0.000060 0.000000 0.002515 354
[58] 3.133141 0.000113 0.000000 0.002479 446
[150] 3.166724 0.000091 0.000000 0.002481 391
[9] 3.139806 0.000185 0.000000 0.002496 771
[106] 3.131590 0.000069 0.000000 0.002505 286
[0] 3.148616 0.000150 0.000000 0.002471 720
[168] 3.146349 0.000098 0.000000 0.002483 516
[57] 3.158230 0.000100 0.000000 0.002506 358
[246] 3.196723 0.000110 0.000000 0.002499 654
[169] 3.189372 0.000095 0.000000 0.002511 390
[59] 3.144534 0.000116 0.000000 0.002692 526
[75] 3.162250 0.000129 0.000000 0.002478 513
[144] 3.128115 0.000075 0.000000 0.002484 204
[120] 3.131174 0.000088 0.000000 0.002495 414
[242] 3.164652 0.000133 0.000000 0.002512 826
[251] 3.174077 0.000130 0.000000 0.002703 766
[97] 3.158901 0.000126 0.000000 0.002499 366
[30] 3.129048 0.000124 0.000000 0.002488 457
[131] 3.126004 0.000099 0.000000 0.002539 347
[27] 3.133538 0.000110 0.000000 0.002498 321
[54] 3.153725 0.000152 0.000000 0.002497 678
[201] 3.174352 0.000082 0.000000 0.002477 357
[203] 3.173186 0.000094 0.000000 0.002660 426
[200] 3.158028 0.000097 0.000000 0.002487 564
[48] 3.157061 0.000099 0.000000 0.002479 226
[53] 3.143751 0.000105 0.000000 0.002498 513
[193] 3.139126 0.000046 0.000000 0.002504 117
[146] 3.142669 0.000117 0.000000 0.002519 498
[154] 3.162216 0.000107 0.000000 0.002491 636
[195] 3.156359 0.000117 0.000000 0.002492 686
[78] 3.177517 0.000086 0.000000 0.002505 222
[176] 3.166442 0.000147 0.000000 0.002482 842
[4] 3.143084 0.000119 0.000000 0.002499 539
[243] 3.169700 0.000084 0.000000 0.002509 265
[124] 3.179397 0.000115 0.000000 0.002492 608
[129] 3.144795 0.000086 0.000000 0.002485 386
[126] 3.154764 0.000069 0.000000 0.002493 265
[218] 3.136194 0.000130 0.000000 0.002506 622
[179] 3.164002 0.000087 0.000000 0.002703 378
[244] 3.170651 0.000086 0.000000 0.002492 326
[202] 3.185665 0.000134 0.000000 0.002513 737
[107] 3.132436 0.000095 0.000000 0.002717 302
[199] 3.130506 0.000123 0.000000 0.002493 856
[102] 3.129082 0.000128 0.000000 0.002476 466
[79] 3.176831 0.000127 0.000000 0.002522 726
[76] 3.163200 0.000091 0.000000 0.002479 391
[149] 3.129624 0.000101 0.000000 0.002501 366
[7] 3.126988 0.000181 0.000000 0.002502 839
[103] 3.150653 0.000107 0.000000 0.002497 424
[11] 3.146451 0.000113 0.000000 0.002709 246
[196] 3.140094 0.000103 0.000000 0.002491 538
[130] 3.145414 0.000101 0.000000 0.002471 526
[245] 3.146520 0.000135 0.000000 0.002500 678
[194] 3.128243 0.000152 0.000000 0.002527 545
[219] 3.164157 0.000142 0.000000 0.002490 692
[197] 3.136476 0.000101 0.000000 0.002510 510
[121] 3.180515 0.000161 0.000000 0.002494 656
[101] 3.142545 0.000108 0.000000 0.002513 518
[151] 3.132919 0.000095 0.000000 0.002485 416
[171] 3.186882 0.000112 0.000000 0.002492 582
[220] 3.192750 0.000079 0.000000 0.002491 413
[216] 3.143230 0.000155 0.000000 0.002483 852
[198] 3.179596 0.000111 0.000000 0.002485 686
[249] 3.192844 0.000102 0.000000 0.002487 411
[222] 3.133967 0.000108 0.000000 0.002483 498
[72] 3.166056 0.000131 0.000000 0.002471 476
[155] 3.141258 0.000091 0.000000 0.002691 339
[241] 3.158359 0.000089 0.000000 0.002483 369
[153] 3.130327 0.000117 0.000000 0.002496 604
[127] 3.158769 0.000146 0.000000 0.002491 726
[217] 3.131359 0.000102 0.000000 0.002484 438
[77] 3.178104 0.000142 0.000000 0.002493 771
[100] 3.154992 0.000105 0.000000 0.002474 306
[123] 3.135645 0.000145 0.000000 0.002472 606
[223] 3.169981 0.000135 0.000000 0.002488 823
[226] 3.195969 0.000166 0.000000 0.002478 956
[152] 3.144927 0.000128 0.000000 0.002504 578
[98] 3.167315 0.000118 0.000000 0.002524 591
[172] 3.145092 0.000115 0.000000 0.002527 546
[225] 3.188961 0.000071 0.000000 0.002506 258
[148] 3.127492 0.000068 0.000000 0.002479 246
[34] 3.142034 0.000155 0.000000 0.002483 630
[221] 3.179070 0.000077 0.000000 0.002488 206
[240] 3.195156 0.000161 0.000000 0.002485 771
[174] 3.151787 0.000190 0.000000 0.002486 1035
[3] 3.454320 0.000066 0.000000 0.013754 39
[231] 3.471692 0.000107 0.000000 0.002483 550
[21] 3.182982 0.000115 0.000000 0.002500 440
[93] 3.261387 0.000073 0.000000 0.002490 303
[41] 3.197183 0.000074 0.000000 0.002597 134
[117] 3.281955 0.000069 0.000000 0.002537 180
[61] 3.138596 0.000057 0.000000 0.002489 117
[40] 3.144031 0.000114 0.000000 0.002528 435
[69] 3.176711 0.000113 0.000000 0.002585 402
[92] 3.264082 0.000122 0.000000 0.002536 747
[140] 3.322562 0.000097 0.000000 0.002516 456
[159] 3.305344 0.000103 0.000000 0.002527 378
[180] 3.326376 0.000083 0.000000 0.002503 702
[237] 3.473679 0.000070 0.000000 0.002483 314
[141] 3.281044 0.000111 0.000000 0.002487 600
[118] 3.246236 0.000121 0.000000 0.002515 238
[22] 3.097082 0.000068 0.000000 0.002500 228
[45] 3.196920 0.000111 0.000000 0.002520 457
[60] 3.157218 0.000059 0.000000 0.002470 154
[232] 3.466999 0.000103 0.000000 0.012651 180
[157] 3.335036 0.000098 0.000000 0.002495 244
[44] 3.083997 0.000075 0.000000 0.002550 86
[186] 3.090713 0.000104 0.000000 0.002538 474
[68] 3.232860 0.000120 0.000000 0.002523 582
[95] 3.261955 0.000050 0.000000 0.002523 111
[143] 3.302907 0.000098 0.000000 0.002573 496
[20] 3.134542 0.000114 0.000000 0.002509 518
[23] 3.194103 0.000075 0.000000 0.002487 158
[134] 3.166191 0.000075 0.000000 0.002490 380
[183] 3.343395 0.000092 0.000000 0.002526 228
[37] 3.208673 0.000072 0.000000 0.002501 316
[239] 3.467816 0.000092 0.000000 0.002502 396
[89] 3.196637 0.000091 0.000000 0.002616 566
[94] 3.222432 0.000102 0.000000 0.002524 386
[87] 3.238456 0.000230 0.000000 0.002493 490
[213] 3.386565 0.000111 0.000000 0.002603 646
[36] 3.140950 0.000072 0.000000 0.002592 154
[212] 3.475426 0.000090 0.000000 0.002547 321
[135] 3.331121 0.000096 0.000000 0.002476 294
[165] 3.335844 0.000138 0.000000 0.002621 686
[156] 3.136714 0.000085 0.000000 0.002481 201
[111] 3.304693 0.000066 0.000000 0.002508 240
[191] 3.356498 0.000109 0.000000 0.002506 435
[207] 3.385073 0.000078 0.000000 0.002493 330
[184] 3.316909 0.000140 0.000000 0.002523 894
[214] 3.397109 0.000109 0.000000 0.002518 512
[110] 3.260902 0.000104 0.000000 0.002562 376
[236] 3.160942 0.000062 0.000000 0.002524 240
[15] 3.074811 0.000173 0.000000 0.002657 766
[162] 3.364903 0.000099 0.000000 0.002552 413
[17] 3.108601 0.000101 0.000000 0.002574 270
[166] 3.393919 0.000079 0.000000 0.002508 461
[164] 3.306315 0.000109 0.000000 0.002530 522
[109] 3.164981 0.000041 0.000000 0.002506 70
[64] 3.193029 0.000096 0.000000 0.002546 186
[210] 3.381056 0.000115 0.000000 0.002522 468
[90] 3.247464 0.000088 0.000000 0.002506 380
[228] 3.437429 0.000111 0.000000 0.002491 584
[43] 3.203655 0.000067 0.000000 0.002496 262
[42] 3.138341 0.000087 0.000000 0.002522 302
[204] 3.148798 0.000063 0.000000 0.002484 90
[230] 3.414197 0.000094 0.000000 0.002487 406
[38] 3.131080 0.001467 0.000000 0.002495 286
[70] 3.157909 0.000137 0.000000 0.002514 664
[114] 3.305969 0.000101 0.000000 0.002518 366
[215] 3.087455 0.000060 0.000000 0.002579 170
[234] 3.162395 0.000118 0.000000 0.002539 500
[182] 3.316670 0.000115 0.000000 0.002486 669
[108] 3.326526 0.000082 0.000000 0.002486 246
[142] 3.134972 0.000042 0.000000 0.002509 80
[62] 3.233823 0.000165 0.000000 0.002809 786
[66] 3.182931 0.000144 0.000000 0.002546 621
[205] 3.362231 0.000120 0.000000 0.002493 566
[39] 3.153298 0.000094 0.000000 0.002538 312
[88] 3.217892 0.000139 0.000000 0.002521 747
[138] 3.221795 0.000085 0.000000 0.002780 380
[86] 3.169564 0.000148 0.000000 0.002678 558
[63] 3.194507 0.000145 0.000000 0.002637 621
[139] 3.266967 0.000163 0.000000 0.002492 823
[119] 3.300614 0.000140 0.000000 0.002521 622
[91] 3.175520 0.000064 0.000000 0.002492 138
[85] 3.182237 0.000123 0.000000 0.002528 474
[115] 3.133680 0.000081 0.000000 0.002487 132
[206] 3.448393 0.000124 0.000000 0.002504 402
[65] 3.180657 0.000099 0.000000 0.002586 413
[46] 3.125443 0.000075 0.000000 0.002544 310
[161] 3.112017 0.000075 0.000000 0.002651 94
[187] 3.350202 0.000098 0.000000 0.002486 438
[136] 3.274168 0.000096 0.000000 0.002548 241
[13] 3.112687 0.000077 0.000000 0.002483 196
[188] 3.308414 0.000113 0.000000 0.002566 501
[181] 3.096757 0.000097 0.000000 0.002518 288
[254] 3.391817 0.000090 0.000000 0.002555 479
[252] 3.406253 0.000078 0.000000 0.002500 391
[16] 3.177616 0.000133 0.000000 0.002486 500
[116] 3.135094 0.000096 0.000000 0.002528 276
[132] 3.095018 0.000087 0.000000 0.002528 339
[209] 3.409662 0.000077 0.000000 0.002634 216
[211] 3.365496 0.000094 0.000000 0.002494 468
[18] 3.176803 0.000122 0.000000 0.002518 474
[14] 3.121460 0.000094 0.000000 0.002496 241
[167] 3.357139 0.000147 0.000000 0.002547 662
[47] 3.149061 0.000133 0.000000 0.002524 690
[189] 3.378165 0.000154 0.000000 0.002559 756
[71] 3.184579 0.000104 0.000000 0.002530 411
[253] 3.397163 0.000122 0.000000 0.002608 552
[137] 3.131320 0.000088 0.000000 0.002583 231
[158] 3.337706 0.000123 0.000000 0.002498 416
[235] 3.435987 0.000107 0.000000 0.002484 384
[185] 3.354869 0.000145 0.000000 0.002587 747
[12] 3.153716 0.000160 0.000000 0.002629 681
[160] 3.329071 0.000090 0.000000 0.002539 314
[133] 3.255486 0.000146 0.000000 0.002705 608
[233] 3.331884 0.000118 0.000000 0.002646 669
[67] 3.109191 0.000112 0.000000 0.002564 300
[113] 3.273142 0.000083 0.000000 0.002627 334
[238] 3.158930 0.000131 0.000000 0.002502 669
[229] 3.156916 0.000078 0.000000 0.002495 264
[255] 3.411783 0.000119 0.000000 0.002516 616
[19] 3.159567 0.000066 0.000000 0.002512 153
[190] 3.390796 0.000113 0.000000 0.002512 406
[84] 3.225904 0.000136 0.000000 0.002507 606
[163] 3.306208 0.000104 0.000000 0.002479 438
[208] 3.413918 0.000202 0.000000 0.002527 1133
[112] 3.205394 0.000186 0.000000 0.002491 924

[3 12]
[43] 2.504173 0.000090 0.000000 0.002501 326
[6] 2.554377 0.000089 0.000000 0.002540 262
[2] 2.520914 0.000109 0.000000 0.002496 486
[5] 2.538413 0.000054 0.000000 0.002501 186
[80] 2.522278 0.000099 0.000000 0.002489 396
[117] 2.534788 0.000057 0.000000 0.002493 267
[81] 2.528981 0.000107 0.000000 0.002489 413
[47] 2.516221 0.000088 0.000000 0.002550 348
[37] 2.535468 0.000076 0.000000 0.002497 254
[184] 2.560401 0.000115 0.000000 0.002501 524
[76] 2.535494 0.000103 0.000000 0.002478 391
[46] 2.532669 0.000085 0.000000 0.002557 234
[150] 2.532714 0.000061 0.000000 0.002515 181
[73] 2.564076 0.000100 0.000000 0.002532 330
[78] 2.539455 0.000089 0.000000 0.002510 294
[41] 2.556942 0.000064 0.000000 0.002503 166
[40] 2.552959 0.000107 0.000000 0.002485 402
[74] 2.563703 0.000055 0.000000 0.002515 82
[116] 2.532429 0.000098 0.000000 0.002500 276
[118] 2.523033 0.000082 0.000000 0.002477 296
[109] 2.562698 0.000055 0.000000 0.002518 102
[42] 2.543616 0.000084 0.000000 0.002513 302
[145] 2.525048 0.000119 0.000000 0.002484 618
[38] 2.534726 0.000118 0.000000 0.002491 406
[83] 2.501945 0.000081 0.000000 0.015609 186
[227] 2.514413 0.000101 0.000000 0.002537 454
[220] 2.535382 0.000126 0.000000 0.002477 598
[146] 2.529979 0.000089 0.000000 0.002482 293
[36] 2.555686 0.000084 0.000000 0.002501 228
[180] 2.522547 0.000105 0.000000 0.002481 586
[187] 2.510977 0.000122 0.000000 0.002484 510
[82] 2.529503 0.000103 0.000000 0.002466 293
[154] 2.558479 0.000115 0.000000 0.002485 566
[185] 2.535745 0.000128 0.000000 0.002506 786
[110] 2.541026 0.000105 0.000000 0.002503 487
[45] 2.549991 0.000093 0.000000 0.002502 293
[183] 2.502468 0.000089 0.000000 0.002495 376
[10] 2.522447 0.000088 0.000000 0.002487 294
[182] 2.535090 0.000142 0.000000 0.002494 747
[0] 2.528692 0.000171 0.000000 0.002485 720
[186] 2.538098 0.000108 0.000000 0.002510 474
[8] 2.522734 0.000113 0.000000 0.002473 326
[151] 2.512496 0.000092 0.000000 0.002484 416
[44] 2.536948 0.000064 0.000000 0.002481 86
[115] 2.504217 0.000059 0.000000 0.002485 90
[253] 2.533482 0.000137 0.000000 0.002487 762
[11] 2.499386 0.000109 0.000000 0.008482 446
[155] 2.503803 0.000100 0.000000 0.012864 339
[147] 2.517263 0.000094 0.000000 0.002507 435
[252] 2.546203 0.000108 0.000000 0.002519 601
[148] 2.528796 0.000119 0.000000 0.002482 526
[4] 2.537021 0.000117 0.000000 0.002595 457
[113] 2.525193 0.000105 0.000000 0.002506 416
[225] 2.525339 0.000125 0.000000 0.002502 510
[153] 2.539368 0.000105 0.000000 0.002493 328
[77] 2.536737 0.000111 0.000000 0.002493 456
[1] 2.529495 0.000096 0.000000 0.002499 321
[144] 2.529135 0.000098 0.000000 0.002500 336
[149] 2.530297 0.000125 0.000000 0.002486 546
[188] 2.537180 0.000117 0.000000 0.002492 591
[9] 2.538955 0.000123 0.000000 0.002482 363
[75] 2.511362 0.000103 0.000000 0.002535 513
[111] 2.509858 0.000075 0.000000 0.006526 279
[108] 2.536833 0.000119 0.000000 0.002493 526
[39] 2.503452 0.000132 0.000000 0.006431 465
[223] 2.505892 0.000084 0.000000 0.012714 393
[152] 2.553520 0.000090 0.000000 0.002478 270
[221] 2.564365 0.000059 0.000000 0.002484 106
[79] 2.517867 0.000139 0.000000 0.002509 438
[216] 2.558167 0.000116 0.000000 0.002496 570
[224] 2.555054 0.000092 0.000000 0.005035 438
[112] 2.523591 0.000132 0.000000 0.002474 363
[114] 2.527695 0.000147 0.000000 0.002524 566
[189] 2.527417 0.000119 0.000000 0.002488 506
[181] 2.522141 0.000100 0.000000 0.002495 335
[254] 2.526327 0.000127 0.000000 0.002499 479
[218] 2.564780 0.000101 0.000000 0.002489 446
[7] 2.512462 0.000195 0.000000 0.002511 937
[191] 2.505223 0.000112 0.000000 0.002506 474
[72] 2.522597 0.000134 0.000000 0.002496 523
[217] 2.550992 0.000141 0.000000 0.002481 630
[255] 2.511070 0.000109 0.000000 0.003523 428
[119] 2.502877 0.000138 0.000000 0.006117 490
[219] 2.505849 0.000151 0.000000 0.002525 594
[190] 2.540827 0.000107 0.000000 0.002495 456
[222] 2.524479 0.000115 0.000000 0.002501 457
[226] 2.553785 0.000112 0.000000 0.002482 456
[3] 2.851933 0.000065 0.000000 0.002684 39
[173] 2.675214 0.003648 0.000000 0.002510 238
[52] 2.584578 0.000087 0.000000 0.002511 171
[128] 2.821911 0.000062 0.000000 0.002497 249
[50] 2.612714 0.000076 0.000000 0.002536 346
[21] 2.564013 0.000126 0.000000 0.002499 564
[199] 2.784933 0.000071 0.000000 0.002485 278
[159] 2.781406 0.000092 0.000000 0.002521 471
[20] 2.588976 0.000177 0.000000 0.002495 614
[104] 2.612783 0.000345 0.000000 0.002523 409
[93] 2.695451 0.000087 0.000000 0.002481 330
[65] 2.622293 0.000105 0.000000 0.002495 487
[131] 2.514849 0.000090 0.000000 0.002489 347
[201] 2.821229 0.000061 0.000000 0.002481 276
[169] 2.717213 0.000083 0.000000 0.002519 454
[192] 2.564357 0.000082 0.000000 0.002492 342
[99] 2.628952 0.000109 0.000000 0.002493 618
[15] 2.536131 0.000141 0.000000 0.015379 726
[88] 2.658993 0.000113 0.000000 0.002537 435
[89] 2.672594 0.000372 0.000000 0.002519 406
[25] 2.488255 0.000078 0.000000 0.002531 276
[232] 2.836324 0.000103 0.000000 0.002507 528
[68] 2.590333 0.000130 0.000000 0.002522 186
[237] 2.868248 0.000070 0.000000 0.002491 286
[55] 2.552125 0.000434 0.000000 0.002490 312
[63] 2.573484 0.000085 0.000000 0.002524 252
[179] 2.720786 0.000083 0.000000 0.002599 316
[86] 2.615650 0.000130 0.000000 0.002536 512
[200] 2.867736 0.000109 0.000000 0.002490 440
[142] 2.478752 0.000041 0.000000 0.002504 43
[178] 2.721821 0.000086 0.000000 0.002503 354
[91] 2.737742 0.000071 0.000000 0.002519 237
[69] 2.550384 0.000127 0.000000 0.002560 510
[231] 2.803774 0.000092 0.000000 0.002498 346
[53] 2.574293 0.000089 0.000000 0.002598 279
[16] 2.553439 0.000092 0.000000 0.002509 386
[140] 2.601715 0.000083 0.000000 0.002511 366
[96] 2.565447 0.000117 0.000000 0.002515 524
[175] 2.684462 0.000108 0.000000 0.002483 470
[168] 2.704701 0.000090 0.000000 0.002517 448
[138] 2.650994 0.000105 0.000000 0.002540 414
[105] 2.644194 0.000098 0.000000 0.012689 450
[129] 2.805617 0.000109 0.000000 0.002494 424
[64] 2.597623 0.000108 0.000000 0.002520 474
[90] 2.788137 0.000175 0.000000 0.002521 346
[135] 2.691486 0.000090 0.000000 0.002492 366
[166] 2.838049 0.000093 0.000000 0.002480 356
[56] 2.648510 0.000092 0.000000 0.002521 339
[85] 2.655791 0.000125 0.000000 0.002517 618
[107] 2.657789 0.000104 0.000000 0.011283 413
[54] 2.655344 0.000164 0.000000 0.002489 678
[49] 2.585749 0.000149 0.000000 0.002476 672
[94] 2.659242 0.000106 0.000000 0.002484 386
[22] 2.558509 0.000101 0.000000 0.002499 339
[157] 2.827124 0.000078 0.000000 0.002485 244
[92] 2.683192 0.000144 0.000000 0.002478 669
[27] 2.515228 0.000077 0.000000 0.002479 186
[101] 2.550636 0.000111 0.000000 0.002503 486
[207] 2.733695 0.000093 0.000000 0.002485 438
[26] 2.506566 0.000100 0.000000 0.002532 294
[243] 2.832940 0.000080 0.000000 0.002468 302
[18] 2.572738 0.000095 0.000000 0.002498 318
[212] 2.741572 0.000066 0.000000 0.002507 251
[120] 2.727663 0.000111 0.000000 0.002505 482
[31] 2.567232 0.000124 0.000000 0.002488 510
[171] 2.724333 0.000099 0.000000 0.002478 474
[58] 2.593480 0.000144 0.000000 0.002500 526
[230] 2.805830 0.000133 0.000000 0.002515 686
[247] 2.838929 0.000084 0.000000 0.002508 336
[250] 2.716054 0.000108 0.000000 0.002517 550
[170] 2.636382 0.000105 0.000000 0.002507 550
[35] 2.515824 0.000103 0.000000 0.012958 468
[132] 2.462572 0.000075 0.000000 0.002522 265
[66] 2.600469 0.000183 0.000000 0.002527 457
[228] 2.814724 0.000121 0.000000 0.002506 482
[126] 2.794183 0.000134 0.000000 0.002504 561
[176] 2.712553 0.000107 0.000000 0.002493 462
[28] 2.562656 0.000098 0.000000 0.002509 366
[125] 2.733032 0.000100 0.000000 0.002703 402
[158] 2.812871 0.000163 0.000000 0.002534 867
[165] 2.820580 0.000139 0.000000 0.002495 726
[17] 2.549767 0.000090 0.000000 0.002717 358
[209] 2.655135 0.000099 0.000000 0.002551 468
[162] 2.785020 0.000090 0.000000 0.002490 228
[106] 2.504882 0.000063 0.000000 0.002503 181
[141] 2.670443 0.000141 0.000000 0.002517 699
[57] 2.635741 0.000129 0.000000 0.002491 402
[48] 2.523912 0.000089 0.000000 0.002484 182
[134] 2.483646 0.000078 0.000000 0.002520 278
[193] 2.529083 0.000063 0.000000 0.002493 117
[234] 2.556834 0.000103 0.000000 0.002494 424
[143] 2.696627 0.000117 0.000000 0.009244 706
[198] 2.839501 0.000137 0.000000 0.002477 606
[32] 2.571769 0.000068 0.000000 0.002508 265
[103] 2.605961 0.000089 0.000000 0.002496 386
[13] 2.552484 0.000088 0.000000 0.002488 272
[95] 2.648050 0.000056 0.000000 0.010190 76
[196] 2.821052 0.000094 0.000000 0.002525 538
[177] 2.624764 0.000136 0.000000 0.002612 669
[23] 2.575755 0.000088 0.000000 0.002493 272
[195] 2.773277 0.000099 0.000000 0.002535 486
[229] 2.538833 0.000074 0.000000 0.002509 307
[60] 2.482409 0.000051 0.000000 0.002523 117
[211] 2.730634 0.000073 0.000000 0.002494 300
[51] 2.580030 0.000098 0.000000 0.002502 265
[161] 2.522513 0.000064 0.000000 0.005278 94
[203] 2.777038 0.000094 0.000000 0.002507 426
[241] 2.766776 0.000126 0.000000 0.002483 501
[210] 2.710541 0.000141 0.000000 0.002504 636
[133] 2.631265 0.000123 0.000000 0.002522 608
[59] 2.611752 0.000347 0.000000 0.002502 446
[156] 2.548687 0.000089 0.000000 0.002477 279
[205] 2.667109 0.000088 0.000000 0.002528 326
[24] 2.547158 0.000117 0.000000 0.002488 339
[14] 2.530122 0.000098 0.000000 0.002523 241
[102] 2.544570 0.000178 0.000000 0.002513 880
[167] 2.758408 0.000152 0.000000 0.002491 621
[61] 2.650121 0.000183 0.000000 0.002992 265
[206] 2.733649 0.000095 0.000000 0.002477 402
[122] 2.693649 0.000139 0.000000 0.002525 608
[160] 2.804804 0.000095 0.000000 0.002526 842
[213] 2.694763 0.000128 0.000000 0.002618 526
[197] 2.847901 0.000183 0.000000 0.002591 846
[62] 2.526089 0.000158 0.000000 0.002519 318
[236] 2.559880 0.000075 0.000000 0.002483 240
[33] 2.587677 0.000135 0.000000 0.002490 539
[139] 2.672382 0.000124 0.000000 0.002489 479
[235] 2.817875 0.000119 0.000000 0.002493 594
[163] 2.701416 0.000107 0.000000 0.002494 438
[98] 2.616857 0.000112 0.000000 0.002532 396
[87] 2.672324 0.000135 0.000000 0.002495 534
[233] 2.868865 0.000109 0.000000 0.002587 435
[30] 2.567353 0.000113 0.000000 0.002507 457
[202] 2.822852 0.000112 0.000000 0.002479 479
[164] 2.809051 0.000144 0.000000 0.002490 479
[204] 2.474135 0.000063 0.000000 0.002526 132
[130] 2.761326 0.000145 0.000000 0.002478 686
[124] 2.711399 0.000131 0.000000 0.002491 522
[19] 2.508154 0.000080 0.000000 0.002519 104
[123] 2.688431 0.000103 0.000000 0.002506 406
[239] 2.821314 0.000101 0.000000 0.007640 396
[127] 2.755243 0.000130 0.000000 0.002487 582
[121] 2.719322 0.000189 0.000000 0.002503 906
[12] 2.586288 0.000458 0.000000 0.002484 591
[194] 2.834792 0.000147 0.000000 0.002524 692
[238] 2.555791 0.000070 0.000000 0.002478 108
[208] 2.744506 0.000108 0.000000 0.002503 447
[172] 2.626180 0.000126 0.000000 0.002505 636
[242] 2.682798 0.000139 0.000000 0.002524 703
[67] 2.527220 0.000115 0.000000 0.002483 384
[97] 2.532873 0.000093 0.000000 0.002484 231
[84] 2.684493 0.000124 0.000000 0.002504 456
[251] 2.772521 0.000133 0.000000 0.002543 686
[136] 2.621426 0.000241 0.000000 0.002523 429
[137] 2.501716 0.000088 0.000000 0.002502 276
[214] 2.731132 0.000138 0.000000 0.002492 512
[244] 2.809294 0.000157 0.000000 0.002514 726
[29] 2.557585 0.000098 0.000000 0.002530 326
[215] 2.520696 0.000076 0.000000 0.004451 252
[248] 2.791021 0.000120 0.000000 0.002513 561
[246] 2.873224 0.000124 0.000000 0.002502 546
[245] 2.789833 0.000133 0.000000 0.002623 636
[71] 2.587653 0.000144 0.000000 0.007400 636
[249] 2.808497 0.000133 0.000000 0.002623 456
[70] 2.522013 0.000133 0.000000 0.002525 476
[240] 2.734811 0.000126 0.000000 0.002483 618
[100] 2.577907 0.000144 0.000000 0.002535 556
[174] 2.697520 0.000162 0.000000 0.002545 741
[34] 2.514686 0.000125 0.000000 0.002521 474

[4 12]
[5] 2.709108 0.000110 0.000000 0.002476 486
[99] 2.700948 0.000115 0.000000 0.012883 448
[104] 2.715547 0.000080 0.000000 0.002639 285
[49] 2.711696 0.000152 0.000000 0.002496 820
[6] 2.700434 0.000079 0.000000 0.002500 262
[55] 2.697344 0.000099 0.000000 0.002533 380
[192] 2.703880 0.000060 0.000000 0.002500 202
[50] 2.709078 0.000095 0.000000 0.002487 278
[10] 2.699373 0.000078 0.000000 0.002495 150
[201] 2.701496 0.000086 0.000000 0.002505 330
[2] 2.710308 0.000837 0.000000 0.002483 606
[105] 2.707705 0.000123 0.000000 0.002589 487
[52] 2.705043 0.000112 0.000000 0.002491 336
[247] 2.709368 0.000116 0.000000 0.002487 468
[147] 2.702792 0.000153 0.000000 0.002491 633
[101] 2.705503 0.000133 0.000000 0.002478 454
[193] 2.713293 0.000044 0.000000 0.002489 43
[248] 2.702554 0.000142 0.000000 0.002523 672
[199] 2.707742 0.000081 0.000000 0.005169 380
[106] 2.715660 0.000066 0.000000 0.002608 251
[96] 2.715210 0.000123 0.000000 0.002556 413
[57] 2.701010 0.000384 0.000000 0.002486 578
[8] 2.710373 0.000155 0.000000 0.002594 446
[56] 2.708875 0.000108 0.000000 0.002606 450
[200] 2.704746 0.000108 0.000000 0.002497 409
[0] 2.709507 0.000137 0.000000 0.002518 468
[150] 2.701654 0.000094 0.000000 0.002501 356
[51] 2.699492 0.000083 0.000000 0.005513 265
[107] 2.708307 0.000110 0.000000 0.002632 376
[11] 2.713309 0.000100 0.000000 0.002725 246
[250] 2.710459 0.000106 0.000000 0.002490 358
[103] 2.711920 0.000170 0.000000 0.003626 766
[144] 2.707778 0.000079 0.000000 0.002526 402
[245] 2.702441 0.000122 0.000000 0.002524 678
[242] 2.710181 0.000110 0.000000 0.002519 457
[149] 2.704251 0.000123 0.000000 0.012740 321
[145] 2.699964 0.000150 0.000000 0.002504 726
[54] 2.696304 0.000138 0.000000 0.002495 552
[195] 2.709026 0.000161 0.000000 0.002516 646
[246] 2.713149 0.000090 0.000000 0.002608 330
[1] 2.713202 0.000142 0.000000 0.002564 411
[148] 2.703725 0.000112 0.000000 0.002494 406
[203] 2.701238 0.000132 0.000000 0.002494 671
[7] 2.707792 0.000166 0.000000 0.004809 643
[197] 2.706524 0.000157 0.000000 0.005041 972
[154] 2.713901 0.000143 0.000000 0.002601 496
[244] 2.718226 0.000141 0.000000 0.002486 646
[9] 2.710712 0.000100 0.000000 0.002580 210
[58] 2.708121 0.000172 0.000000 0.002603 766
[243] 2.702079 0.000075 0.000000 0.002491 228
[48] 2.707716 0.000439 0.000000 0.002492 138
[59] 2.699653 0.000096 0.000000 0.004083 286
[4] 2.696231 0.000132 0.000000 0.002506 457
[249] 2.708958 0.000116 0.000000 0.002479 411
[152] 2.707964 0.000156 0.000000 0.002495 622
[241] 2.709188 0.000128 0.000000 0.002485 501
[97] 2.707963 0.000111 0.000000 0.002505 366
[202] 2.701513 0.000154 0.000000 0.002497 608
[53] 2.701411 0.000110 0.000000 0.008666 357
[102] 2.715523 0.000170 0.000000 0.002631 650
[251] 2.706246 0.000153 0.000000 0.003743 806
[153] 2.717132 0.000173 0.000000 0.002608 696
[146] 2.704418 0.000186 0.000000 0.002481 662
[155] 2.714489 0.000095 0.000000 0.002681 339
[151] 2.703907 0.000142 0.000000 0.002481 539
[100] 2.712807 0.000159 0.000000 0.005069 606
[98] 2.712931 0.000120 0.000000 0.005052 435
[196] 2.712125 0.000118 0.000000 0.002499 500
[194] 2.702727 0.000183 0.000000 0.002501 937
[198] 2.709069 0.000159 0.000000 0.002543 726
[240] 2.702296 0.000180 0.000000 0.002529 720
[3] 2.983663 0.000164 0.000000 0.008226 39
[93] 2.786062 0.000097 0.000000 0.002608 384
[231] 2.945904 0.000084 0.000000 0.002602 244
[43] 2.777940 0.000133 0.000000 0.007995 518
[21] 2.743944 0.000147 0.000000 0.002535 502
[40] 2.736883 0.000130 0.000000 0.002634 567
[41] 2.749662 0.000083 0.000000 0.002596 262
[80] 2.823803 0.000108 0.000000 0.002737 500
[237] 2.897763 0.000113 0.000000 0.002617 454
[180] 2.806962 0.000130 0.000000 0.002606 760
[24] 2.774400 0.000168 0.000000 0.002517 672
[140] 2.791289 0.000150 0.000000 0.002622 726
[173] 2.840206 0.000119 0.000000 0.002487 528
[117] 2.873915 0.000090 0.000000 0.020088 441
[168] 2.905241 0.000113 0.000000 0.002489 414
[35] 2.683022 0.000104 0.000000 0.002745 402
[134] 2.715250 0.000083 0.000000 0.002607 244
[125] 2.842388 0.000140 0.000000 0.002508 582
[91] 2.789991 0.000122 0.000000 0.002608 402
[25] 2.700508 0.000119 0.000000 0.002550 396
[22] 2.724616 0.000117 0.000000 0.002492 524
[64] 2.771726 0.000126 0.000000 0.018037 510
[20] 2.765562 0.000156 0.000000 0.006570 582
[31] 2.736610 0.000117 0.000000 0.002734 474
[89] 2.789876 0.000132 0.000000 0.002596 566
[232] 2.899471 0.000130 0.000000 0.002594 702
[37] 2.747136 0.000110 0.000000 0.002613 378
[234] 2.722939 0.000125 0.000000 0.002614 614
[61] 2.750915 0.000097 0.000000 0.002494 376
[73] 2.744652 0.000131 0.000000 0.002544 510
[90] 2.805594 0.000104 0.000000 0.002619 380
[128] 2.857986 0.000093 0.000000 0.002746 276
[29] 2.731256 0.000090 0.000000 0.002490 206
[23] 2.775476 0.000126 0.000000 0.002504 462
[175] 2.924183 0.000098 0.000000 0.002777 354
[178] 2.870254 0.000082 0.000000 0.002739 267
[126] 2.889831 0.000123 0.000000 0.002709 376
[159] 2.918424 0.000122 0.000000 0.002510 471
[36] 2.769145 0.000121 0.000000 0.002595 339
[109] 2.731513 0.000053 0.000000 0.009338 70
[28] 2.701707 0.000134 0.000000 0.002480 474
[82] 2.780365 0.000083 0.000000 0.002751 293
[87] 2.800456 0.000182 0.000000 0.002607 930
[184] 2.830072 0.000186 0.000000 0.002598 635
[83] 2.695687 0.000092 0.000000 0.002746 396
[32] 2.740983 0.000112 0.000000 0.002776 339
[78] 2.789898 0.000089 0.000000 0.005500 258
[131] 2.693062 0.000106 0.000000 0.002717 471
[26] 2.726365 0.000132 0.000000 0.002501 510
[179] 2.923891 0.000075 0.000000 0.002785 161
[162] 2.939254 0.000131 0.000000 0.002517 561
[138] 2.818110 0.000123 0.000000 0.002597 414
[118] 2.906485 0.000093 0.000000 0.002503 383
[141] 2.836449 0.000143 0.000000 0.002607 765
[182] 2.832915 0.000149 0.000000 0.005294 669
[47] 2.775126 0.000119 0.000000 0.002754 386
[92] 2.826257 0.000135 0.000000 0.002639 474
[30] 2.719798 0.000136 0.000000 0.002812 539
[124] 2.900851 0.000117 0.000000 0.002522 608
[227] 2.933564 0.000123 0.000000 0.002728 582
[42] 2.725370 0.000117 0.000000 0.002617 413
[95] 2.799625 0.000071 0.000000 0.002868 111
[94] 2.818230 0.000189 0.000000 0.002609 956
[38] 2.726832 0.000091 0.000000 0.002634 246
[228] 2.869499 0.000127 0.000000 0.002604 618
[88] 2.808599 0.000120 0.000000 0.002580 396
[18] 2.772931 0.000105 0.000000 0.006576 318
[76] 2.828093 0.000148 0.000000 0.002500 566
[169] 2.848891 0.000122 0.000000 0.002533 550
[81] 2.753518 0.000126 0.000000 0.002837 450
[135] 2.829846 0.000133 0.000000 0.002601 402
[44] 2.718405 0.000073 0.000000 0.002616 126
[33] 2.742076 0.000125 0.000000 0.002736 416
[85] 2.797891 0.000146 0.000000 0.002604 510
[122] 2.859086 0.000170 0.000000 0.002583 608
[45] 2.739617 0.000130 0.000000 0.002636 375
[170] 2.824854 0.000131 0.000000 0.002512 584
[183] 2.844470 0.000167 0.000000 0.002610 783
[143] 2.815323 0.000116 0.000000 0.002895 496
[186] 2.725395 0.000110 0.000000 0.002590 396
[129] 2.844028 0.000126 0.000000 0.002735 424
[177] 2.921875 0.000161 0.000000 0.002766 630
[132] 2.716871 0.000095 0.000000 0.002629 376
[46] 2.761384 0.000156 0.000000 0.002647 576
[15] 2.777691 0.000130 0.000000 0.012041 486
[239] 2.917807 0.000138 0.000000 0.002806 591
[108] 2.916199 0.000090 0.000000 0.002486 366
[27] 2.683079 0.000134 0.000000 0.002522 501
[60] 2.720983 0.000082 0.000000 0.002498 228
[230] 2.855877 0.000143 0.000000 0.002600 726
[185] 2.862708 0.000156 0.000000 0.002597 708
[74] 2.687279 0.000060 0.000000 0.002542 82
[224] 2.942856 0.000101 0.000000 0.002734 366
[120] 2.907226 0.000155 0.000000 0.002508 686
[233] 2.901482 0.000136 0.000000 0.002595 669
[69] 2.794719 0.000129 0.000000 0.002516 402
[187] 2.849061 0.000115 0.000000 0.002618 438
[236] 2.731328 0.000069 0.000000 0.002648 123
[66] 2.810285 0.000165 0.000000 0.002481 826
[142] 2.717451 0.000054 0.000000 0.002592 80
[213] 2.982845 0.000146 0.000000 0.002487 566
[77] 2.749212 0.000136 0.000000 0.002493 456
[139] 2.820135 0.000152 0.000000 0.004534 651
[191] 2.843518 0.000136 0.000000 0.002948 552
[218] 2.944302 0.000147 0.000000 0.002526 490
[207] 2.963132 0.000089 0.000000 0.017676 294
[235] 2.923754 0.000106 0.000000 0.002613 384
[130] 2.903368 0.000146 0.000000 0.002735 646
[65] 2.763293 0.000122 0.000000 0.002554 413
[39] 2.761417 0.000144 0.000000 0.002613 465
[229] 2.725116 0.000101 0.000000 0.002616 221
[188] 2.839294 0.000167 0.000000 0.002607 771
[136] 2.793560 0.000123 0.000000 0.002610 476
[137] 2.722295 0.000137 0.000000 0.002586 456
[86] 2.782902 0.000097 0.000000 0.002650 696
[189] 2.838726 0.000199 0.000000 0.002600 906
[181] 2.721115 0.000121 0.000000 0.002609 382
[157] 2.973053 0.000091 0.000000 0.002508 312
[176] 2.901916 0.000115 0.000000 0.002730 424
[13] 2.720946 0.000139 0.000000 0.002486 196
[220] 2.939901 0.000177 0.000000 0.002485 857
[225] 2.953300 0.000142 0.000000 0.002743 678
[62] 2.883775 0.000113 0.000000 0.002512 357
[133] 2.842615 0.000230 0.000000 0.002612 995
[238] 2.723949 0.000076 0.000000 0.002598 210
[171] 2.895818 0.000144 0.000000 0.002490 618
[190] 2.834586 0.000152 0.000000 0.002610 606
[84] 2.825649 0.000154 0.000000 0.002625 556
[68] 2.812292 0.000316 0.000000 0.002499 474
[114] 2.891279 0.000151 0.000000 0.015452 606
[172] 2.839801 0.000155 0.000000 0.002507 771
[79] 2.785705 0.000182 0.000000 0.002841 774
[17] 2.755126 0.000109 0.000000 0.002483 446
[75] 2.792077 0.000146 0.000000 0.002563 474
[223] 2.943573 0.000181 0.000000 0.002729 823
[127] 2.856316 0.000155 0.000000 0.002791 726
[215] 2.724130 0.000067 0.000000 0.007584 129
[217] 2.942923 0.000165 0.000000 0.002494 822
[111] 2.914826 0.000099 0.000000 0.016966 396
[219] 2.907541 0.000177 0.000000 0.002493 888
[222] 2.944609 0.000142 0.000000 0.002796 580
[16] 2.793233 0.000190 0.000000 0.002480 804
[72] 2.824181 0.000147 0.000000 0.002652 523
[121] 2.870492 0.000160 0.000000 0.002589 656
[226] 2.960386 0.000139 0.000000 0.002745 606
[34] 2.728733 0.000203 0.000000 0.002739 734
[216] 2.941738 0.000185 0.000000 0.002568 852
[123] 2.846679 0.000199 0.000000 0.002593 806
[174] 2.886768 0.000213 0.000000 0.002743 1084
[221] 2.688575 0.000061 0.000000 0.002497 106
[166] 2.957766 0.000120 0.000000 0.018038 601
[210] 2.978332 0.000163 0.000000 0.017925 846
[165] 2.898504 0.000178 0.000000 0.017593 886
[110] 2.835563 0.001492 0.000000 0.015517 487
[156] 2.721213 0.000067 0.000000 0.002494 201
[212] 2.907551 0.000123 0.000000 0.016396 496
[252] 3.008420 0.000123 0.000000 0.013521 636
[209] 2.948385 0.000093 0.000000 0.022682 552
[115] 2.726060 0.000060 0.000000 0.014785 90
[63] 2.868623 0.000116 0.000000 0.002515 785
[67] 2.732641 0.000090 0.000000 0.002507 300
[71] 2.839353 0.000193 0.000000 0.002472 996
[161] 2.739659 0.000073 0.000000 0.013822 94
[211] 2.926967 0.000134 0.000000 0.002503 846
[204] 2.720060 0.000062 0.000000 0.020906 90
[160] 2.934976 0.000160 0.000000 0.002492 710
[14] 2.723409 0.000101 0.000000 0.002499 194
[253] 2.947845 0.000166 0.000000 0.017914 762
[206] 2.964933 0.000094 0.000000 0.006123 490
[70] 2.861003 0.000149 0.000000 0.002531 664
[158] 2.902049 0.000215 0.000000 0.020338 662
[12] 2.737403 0.000155 0.000000 0.002474 951
[214] 2.952685 0.000151 0.000000 0.014937 696
[164] 2.938836 0.000136 0.000000 0.005070 608
[205] 2.915577 0.000152 0.000000 0.014647 766
[113] 2.885837 0.000157 0.000000 0.020700 744
[19] 2.725917 0.000068 0.000000 0.002535 153
[116] 2.731514 0.000113 0.000000 0.002524 411
[119] 2.889129 0.000161 0.000000 0.002483 754
[255] 3.003156 0.000099 0.000000 0.002497 428
[167] 2.920808 0.000129 0.000000 0.016601 826
[254] 2.972223 0.000151 0.000000 0.017801 565
[208] 2.970026 0.000154 0.000000 0.012874 692
[112] 2.840945 0.000210 0.000000 0.020380 924
[163] 2.876735 0.000129 0.000000 0.020034 384
