[1 12]
[0] 84.255475 0.000365 0.000000 0.111043 1449
[35] 84.249537 0.000454 0.000000 0.127618 1410
[101] 84.241791 0.000520 0.000000 0.184293 1644
[165] 84.229689 0.000583 0.000000 0.296324 1403
[4] 84.215187 0.000354 0.000000 0.307491 1422
[7] 84.206803 0.000352 0.000000 0.275127 1086
[69] 84.633728 0.000387 0.000000 0.016307 1293
[146] 84.216589 0.000425 0.000000 0.139008 1501
[2] 84.180715 0.000382 0.000000 0.248970 1488
[3] 84.293651 0.000246 0.000000 0.071431 117
[5] 84.250121 0.000391 0.000000 0.191562 1206
[8] 84.236673 0.000354 0.000000 0.279413 1290
[11] 84.279179 0.000433 0.000000 0.238145 1910
[19] 84.233927 0.000395 0.000000 0.145377 1302
[21] 84.230852 0.000346 0.000000 0.215678 1005
[23] 84.226619 0.000351 0.000000 0.250368 1166
[33] 84.229733 0.000328 0.000000 0.083498 811
[41] 84.275273 0.000470 0.000000 0.120299 1696
[46] 84.220419 0.000336 0.000000 0.298901 974
[52] 84.257478 0.000430 0.000000 0.231422 1271
[55] 84.248651 0.000514 0.000000 0.275488 1932
[65] 84.253764 0.000515 0.000000 0.078420 1553
[67] 84.588211 0.000519 0.000000 0.015733 1630
[71] 84.233780 0.000479 0.000000 0.134242 1574
[79] 84.223051 0.000493 0.000000 0.095662 1226
[87] 84.253366 0.000529 0.000000 0.209147 1963
[89] 84.251510 0.000462 0.000000 0.210301 1542
[99] 84.239943 0.000334 0.000000 0.281181 894
[119] 84.251028 0.000619 0.000000 0.185299 1836
[134] 84.201763 0.000419 0.000000 0.233436 902
[135] 84.229806 0.000553 0.000000 0.273411 2484
[140] 84.619350 0.000344 0.000000 0.015666 636
[147] 84.621445 0.000496 0.000000 0.015816 1104
[149] 84.256537 0.000410 0.000000 0.111426 1005
[155] 84.231395 0.000495 0.000000 0.183255 1728
[163] 84.222972 0.000468 0.000000 0.234941 1236
[1] 84.588166 0.000329 0.000000 0.031531 1196
[6] 84.230819 0.000425 0.000000 0.301004 1821
[9] 84.206847 0.000404 0.000000 0.130333 1986
[10] 84.207256 0.000362 0.000000 0.252154 1216
[12] 84.297235 0.000557 0.000000 0.023957 2514
[13] 84.246757 0.000543 0.000000 0.266549 2506
[14] 84.216236 0.000448 0.000000 0.293287 1644
[15] 84.207016 0.000494 0.000000 0.272856 2267
[16] 84.233039 0.000402 0.000000 0.223983 1670
[17] 84.280424 0.000379 0.000000 0.058690 1196
[18] 84.221896 0.000427 0.000000 0.273369 1574
[20] 84.437904 0.000439 0.000000 0.033440 1630
[22] 84.247419 0.000406 0.000000 0.083184 1278
[24] 84.208587 0.000480 0.000000 0.193421 2328
[25] 84.244346 0.000510 0.000000 0.305535 1774
[26] 84.200335 0.000257 0.000000 0.201065 222
[27] 84.251960 0.000470 0.000000 0.119360 2182
[28] 84.259249 0.000451 0.000000 0.288218 1386
[29] 84.255773 0.000393 0.000000 0.112830 1041
[30] 84.212982 0.000342 0.000000 0.250785 996
[31] 84.228957 0.000526 0.000000 0.174908 1942
[32] 84.242025 0.000416 0.000000 0.179082 1140
[34] 84.227011 0.000481 0.000000 0.179097 1791
[36] 84.215737 0.000379 0.000000 0.315850 1410
[37] 84.229338 0.000430 0.000000 0.250893 1059
[38] 84.238102 0.000365 0.000000 0.222200 990
[39] 84.221192 0.000381 0.000000 0.308293 1271
[40] 84.215925 0.000452 0.000000 0.198560 1422
[42] 84.226150 0.000534 0.000000 0.104516 2046
[43] 84.203109 0.000477 0.000000 0.300813 1403
[44] 84.247686 0.000593 0.000000 0.087253 2233
[45] 84.209832 0.000410 0.000000 0.280368 1248
[47] 84.220888 0.000529 0.000000 0.193342 1714
[48] 84.214576 0.000523 0.000000 0.135647 1866
[49] 84.228487 0.000294 0.000000 0.158156 470
[50] 84.223763 0.000432 0.000000 0.093817 1784
[51] 84.230724 0.000441 0.000000 0.153985 1293
[53] 84.261038 0.000532 0.000000 0.219909 2026
[54] 84.238527 0.000465 0.000000 0.168587 1716
[56] 84.236279 0.000510 0.000000 0.218967 1806
[57] 84.218852 0.000496 0.000000 0.194512 1825
[58] 84.610961 0.000381 0.000000 0.015357 1046
[59] 84.596711 0.000556 0.000000 0.015737 1696
[60] 84.228389 0.000460 0.000000 0.324257 2096
[61] 84.234251 0.000462 0.000000 0.093604 1770
[62] 84.233317 0.000691 0.000000 0.134329 2746
[63] 84.541399 0.000346 0.000000 0.015786 926
[64] 84.322846 0.000445 0.000000 0.043231 1470
[66] 84.223228 0.000404 0.000000 0.148156 1560
[68] 84.580423 0.000372 0.000000 0.015732 1462
[70] 84.233596 0.000563 0.000000 0.279355 1961
[72] 84.267616 0.000503 0.000000 0.213454 2206
[73] 84.246412 0.000601 0.000000 0.156613 2106
[74] 84.196378 0.000653 0.000000 0.134606 2712
[75] 84.229914 0.000355 0.000000 0.244499 1023
[76] 84.227835 0.000532 0.000000 0.126432 1846
[77] 84.244946 0.000423 0.000000 0.249508 1203
[78] 84.226304 0.000492 0.000000 0.264208 1475
[80] 84.277350 0.000293 0.000000 0.134608 482
[81] 84.596109 0.000515 0.000000 0.015735 1686
[82] 84.226715 0.000424 0.000000 0.196226 1370
[83] 84.556031 0.000594 0.000000 0.015538 1722
[84] 84.224868 0.000476 0.000000 0.293173 1574
[85] 84.599121 0.000479 0.000000 0.015671 2182
[86] 84.247133 0.000513 0.000000 0.145244 2130
[88] 84.251130 0.000390 0.000000 0.230590 1117
[90] 84.236873 0.000357 0.000000 0.113110 1005
[91] 84.238268 0.000573 0.000000 0.239610 2112
[92] 84.250403 0.000415 0.000000 0.298990 1403
[93] 84.217943 0.000536 0.000000 0.176092 1350
[94] 84.223108 0.000476 0.000000 0.233160 1216
[95] 84.259477 0.000475 0.000000 0.085960 1830
[96] 84.235537 0.000387 0.000000 0.220129 755
[97] 84.239764 0.000516 0.000000 0.221974 1734
[98] 84.193213 0.000531 0.000000 0.167551 1458
[100] 84.236219 0.000417 0.000000 0.272928 1104
[102] 84.259280 0.000408 0.000000 0.104985 1014
[103] 84.207977 0.000513 0.000000 0.166718 1226
[104] 84.287647 0.000534 0.000000 0.093128 2080
[105] 84.214447 0.000565 0.000000 0.251297 1671
[106] 84.278483 0.000397 0.000000 0.087465 1196
[107] 84.247172 0.000316 0.000000 0.113898 546
[108] 84.218277 0.000447 0.000000 0.151812 1830
[109] 84.264877 0.000596 0.000000 0.166398 2076
[110] 84.613797 0.000602 0.000000 0.015736 1910
[111] 84.252166 0.000430 0.000000 0.078360 1176
[112] 84.235801 0.000423 0.000000 0.105998 1206
[113] 84.599999 0.000518 0.000000 0.031136 1566
[114] 84.588035 0.000524 0.000000 0.015691 1384
[115] 84.250610 0.000568 0.000000 0.100228 2568
[116] 84.274549 0.000605 0.000000 0.081391 2076
[117] 84.222009 0.000682 0.000000 0.268012 2153
[118] 84.242082 0.000435 0.000000 0.112302 1326
[120] 84.244422 0.000486 0.000000 0.200883 1862
[121] 84.243673 0.000347 0.000000 0.324799 601
[122] 84.564934 0.000420 0.000000 0.015735 1077
[123] 84.598850 0.000482 0.000000 0.015727 1566
[124] 84.226237 0.000511 0.000000 0.325623 1256
[125] 84.576709 0.000576 0.000000 0.015421 1446
[126] 84.616508 0.000458 0.000000 0.015725 1374
[127] 84.569825 0.000607 0.000000 0.015669 1574
[128] 84.419071 0.000381 0.000000 0.028530 1136
[129] 84.220875 0.000566 0.000000 0.189600 1518
[130] 84.235001 0.000475 0.000000 0.303608 1782
[131] 84.255729 0.000651 0.000000 0.066759 1974
[132] 84.242889 0.000443 0.000000 0.331527 774
[133] 84.243074 0.000525 0.000000 0.268841 2346
[136] 84.228995 0.000626 0.000000 0.220299 1766
[137] 84.278563 0.000544 0.000000 0.141964 1644
[138] 84.251195 0.000690 0.000000 0.235391 2306
[139] 84.237936 0.000393 0.000000 0.268969 811
[141] 84.523130 0.000580 0.000000 0.015853 2421
[142] 84.275820 0.000373 0.000000 0.276475 684
[143] 84.272248 0.000616 0.000000 0.246906 1672
[144] 84.258590 0.000395 0.000000 0.178930 830
[145] 84.264299 0.000490 0.000000 0.109170 1139
[148] 84.280098 0.000671 0.000000 0.178552 1776
[150] 84.231200 0.000612 0.000000 0.172565 1961
[151] 84.217249 0.000272 0.000000 0.188661 354
[152] 84.268603 0.000409 0.000000 0.104492 1282
[153] 84.224307 0.000403 0.000000 0.140861 1156
[154] 84.222099 0.000560 0.000000 0.265092 1410
[156] 84.255512 0.000536 0.000000 0.294289 1942
[157] 84.244281 0.000547 0.000000 0.144935 1436
[158] 84.240099 0.000386 0.000000 0.280320 870
[159] 84.250173 0.000700 0.000000 0.171974 2038
[160] 84.226729 0.000754 0.000000 0.304480 2366
[161] 84.252204 0.000438 0.000000 0.142506 1194
[162] 84.232230 0.000336 0.000000 0.292710 566
[164] 84.283779 0.000683 0.000000 0.229128 1574
[166] 84.227916 0.000608 0.000000 0.287087 2568
[167] 84.232334 0.000409 0.000000 0.235146 1196
[168] 84.226984 0.000576 0.000000 0.253448 1371
[170] 84.223901 0.000274 0.000000 0.204014 442
[171] 84.285539 0.000424 0.000000 0.235460 1527
[172] 84.241318 0.000652 0.000000 0.092495 2202
[173] 84.302425 0.000658 0.000000 0.238540 1714
[174] 84.230598 0.000664 0.000000 0.306426 1722
[175] 84.238419 0.000567 0.000000 0.228979 1956
[176] 84.278919 0.000805 0.000000 0.133486 2547
[177] 84.219295 0.033507 0.000000 0.186559 1644
[178] 84.255564 0.000640 0.000000 0.155273 1611
[179] 84.238104 0.000403 0.000000 0.275248 1086
[180] 84.231951 0.000365 0.000000 0.276629 987
[181] 84.264777 0.000535 0.000000 0.298686 1926
[182] 84.205800 0.000556 0.000000 0.295879 2295
[183] 84.239997 0.000602 0.000000 0.208688 1359
[185] 84.296515 0.000678 0.000000 0.153550 1876
[186] 84.245919 0.000729 0.000000 0.189322 1851
[187] 84.238854 0.000329 0.000000 0.110916 486
[188] 84.538776 0.000708 0.000000 0.028805 2085
[191] 84.592881 0.000476 0.000000 0.015638 950
[192] 84.230026 0.000545 0.000000 0.204173 1266
[193] 84.255708 0.000681 0.000000 0.114581 1700
[194] 84.234597 0.000450 0.000000 0.278958 1462
[195] 84.232700 0.000619 0.000000 0.206803 1470
[196] 84.606058 0.000790 0.000000 0.015459 2184
[197] 84.251155 0.000634 0.000000 0.267553 1348
[199] 84.233242 0.000471 0.000000 0.216020 1050
[200] 84.256089 0.000378 0.000000 0.148403 780
[201] 84.240136 0.000421 0.000000 0.213338 1095
[202] 84.262144 0.000712 0.000000 0.140212 1714
[203] 84.246017 0.000762 0.000000 0.304613 2114
[205] 84.255932 0.000677 0.000000 0.258137 1716
[206] 84.217479 0.000335 0.000000 0.327285 393
[207] 84.237131 0.000502 0.000000 0.226555 1728
[208] 84.263365 0.000740 0.000000 0.144179 2446
[209] 84.616833 0.000490 0.000000 0.015422 1106
[210] 84.267588 0.000743 0.000000 0.071055 2457
[211] 84.627587 0.000868 0.000000 0.015723 2734
[212] 84.271487 0.000364 0.000000 0.258847 852
[213] 84.246365 0.000458 0.000000 0.141998 933
[214] 84.233286 0.000657 0.000000 0.158982 1423
[215] 84.254490 0.000565 0.000000 0.235065 2039
[216] 84.240341 0.000520 0.000000 0.172364 1927
[217] 84.283195 0.000688 0.000000 0.208333 1588
[218] 84.220353 0.000483 0.000000 0.273418 1458
[219] 84.263342 0.000454 0.000000 0.118581 996
[221] 84.456239 0.000437 0.000000 0.032925 1056
[222] 84.282555 0.000611 0.000000 0.194469 1851
[223] 84.229090 0.000631 0.000000 0.150088 2184
[224] 84.260829 0.000467 0.000000 0.245655 818
[225] 84.245133 0.000739 0.000000 0.282143 2130
[226] 84.279814 0.000460 0.000000 0.231851 1502
[227] 84.242335 0.000467 0.000000 0.220417 930
[229] 84.299437 0.000764 0.000000 0.164139 2346
[231] 84.383909 0.000357 0.000000 0.037549 811
[232] 84.246790 0.000540 0.000000 0.203554 1022
[234] 84.280071 0.000425 0.000000 0.123511 867
[235] 84.240167 0.000674 0.000000 0.200319 1410
[236] 84.284005 0.000491 0.000000 0.059753 1227
[237] 84.228244 0.000545 0.000000 0.264612 1410
[239] 84.247798 0.000757 0.000000 0.166157 1894
[241] 84.294180 0.000605 0.000000 0.069481 2226
[242] 84.608207 0.000266 0.000000 0.015727 506
[243] 84.287236 0.000425 0.000000 0.084671 1096
[244] 84.245120 0.000686 0.000000 0.178550 1588
[245] 84.555260 0.000860 0.000000 0.017269 2731
[247] 84.264300 0.000479 0.000000 0.222989 1227
[249] 84.244678 0.000628 0.000000 0.109686 1926
[250] 84.278925 0.000772 0.000000 0.067501 2362
[251] 84.263669 0.000375 0.000000 0.089448 1139
[253] 84.595453 0.000598 0.000000 0.017543 1420
[254] 84.213171 0.000491 0.000000 0.192414 1326
[169] 84.253053 0.000507 0.000000 0.172452 1196
[184] 84.269389 0.000792 0.000000 0.122282 2346
[189] 84.245225 0.000703 0.000000 0.149577 2077
[190] 84.254554 0.000463 0.000000 0.205546 1041
[204] 84.628615 0.000568 0.000000 0.015700 2210
[233] 84.287254 0.000550 0.000000 0.252117 1256
[238] 84.239682 0.000654 0.000000 0.215204 1560
[248] 84.278538 0.000810 0.000000 0.210592 2831
[252] 84.249672 0.000598 0.000000 0.318399 1436
[220] 84.243276 0.000413 0.000000 0.317125 853
[230] 84.235737 0.000564 0.000000 0.235219 1096
[240] 84.278270 0.000736 0.000000 0.083979 1731
[255] 84.590534 0.000669 0.000000 0.015670 1756
[228] 84.236228 0.000674 0.000000 0.311369 1824
[198] 84.262429 0.000732 0.000000 0.201320 1961
[246] 84.241967 0.000699 0.000000 0.211839 1626

[3 12]
[87] 12.175076 0.000397 0.000000 0.420402 1345
[53] 12.088456 0.000439 0.000000 0.116004 1723
[114] 12.259373 0.000495 0.000000 0.042548 2126
[30] 12.285920 0.000447 0.000000 0.213346 996
[58] 12.059160 0.000334 0.000000 0.145566 942
[57] 12.112491 0.000468 0.000000 0.144211 3002
[107] 12.305955 0.000283 0.000000 0.198656 654
[8] 12.348709 0.000409 0.000000 0.016052 1290
[34] 12.290883 0.000454 0.000000 0.116853 1581
[22] 12.101063 0.000562 0.000000 0.148412 1808
[26] 12.298286 0.000275 0.000000 0.111640 330
[90] 12.152110 0.000519 0.000000 0.447743 2337
[67] 12.292681 0.000452 0.000000 0.212158 1630
[15] 12.093879 0.000502 0.000000 0.108989 1910
[88] 12.208457 0.000252 0.000000 0.109407 410
[72] 12.260025 0.000422 0.000000 0.117634 1326
[144] 12.252527 0.000345 0.000000 0.039443 624
[55] 12.108198 0.001929 0.000000 0.137699 1825
[56] 12.136909 0.000424 0.000000 0.428885 1326
[19] 12.062444 0.000488 0.000000 0.140546 1626
[75] 12.239279 0.000619 0.000000 0.082465 1588
[96] 12.291712 0.000372 0.000000 0.121611 969
[11] 12.346006 0.000490 0.000000 0.016186 1686
[33] 12.288650 0.000458 0.000000 0.119037 1501
[29] 12.292685 0.000375 0.000000 0.206611 1156
[97] 12.373113 0.000429 0.000000 0.106502 1626
[23] 12.093887 0.002405 0.000000 0.138496 1630
[0] 12.252007 0.000396 0.000000 0.108146 1338
[68] 12.348656 0.000461 0.000000 0.118678 1686
[134] 12.293748 0.000506 0.000000 0.213980 2134
[105] 12.301647 0.000542 0.000000 0.111741 2226
[1] 12.335548 0.001042 0.000000 0.024391 2624
[178] 12.417216 0.000291 0.000000 0.111515 755
[52] 12.080378 0.000442 0.000000 0.124239 1846
[21] 12.125676 0.000429 0.000000 0.133243 1338
[120] 12.217541 0.000398 0.000000 0.124710 1282
[117] 12.269823 0.000501 0.000000 0.025101 1927
[6] 12.350744 0.000473 0.000000 0.016068 2184
[242] 12.467388 0.000234 0.000000 0.106106 606
[71] 12.294612 0.000559 0.000000 0.116979 2470
[243] 12.300680 0.000390 0.000000 0.105981 1423
[251] 12.493946 0.000546 0.000000 0.210277 2272
[10] 12.256544 0.000311 0.000000 0.045647 732
[35] 12.292404 0.000454 0.000000 0.117525 1761
[81] 12.265840 0.000489 0.000000 0.069460 1238
[162] 12.072313 0.000258 0.000000 0.436314 454
[69] 12.329664 0.000336 0.000000 0.119971 708
[76] 12.361489 0.000429 0.000000 0.015836 1616
[9] 12.370361 0.000396 0.000000 0.015887 1106
[157] 12.092255 0.000453 0.000000 0.416666 1546
[253] 12.350108 0.000468 0.000000 0.037485 1824
[31] 12.305284 0.000514 0.000000 0.117728 1700
[125] 12.190052 0.000453 0.000000 0.317952 2046
[101] 12.371539 0.000511 0.000000 0.120924 2346
[213] 12.461106 0.000514 0.000000 0.205157 2272
[37] 12.241688 0.001109 0.000000 0.094713 2229
[209] 12.306969 0.000366 0.000000 0.111384 1546
[70] 12.293093 0.000418 0.000000 0.070351 1501
[145] 12.345631 0.000388 0.000000 0.045689 1551
[185] 12.253165 0.000454 0.000000 0.069525 2426
[20] 12.058856 0.000577 0.000000 0.144155 2210
[199] 12.067094 0.000373 0.000000 0.143988 1282
[205] 12.466952 0.000489 0.000000 0.068344 1944
[129] 12.204127 0.000411 0.000000 0.142786 1302
[168] 12.408594 0.000411 0.000000 0.130991 1476
[170] 12.293862 0.000237 0.000000 0.174154 442
[60] 12.320334 0.000403 0.000000 0.220719 1216
[171] 12.434773 0.000352 0.000000 0.204710 1293
[153] 12.354196 0.000406 0.000000 0.015955 1041
[5] 12.247018 0.000397 0.000000 0.045908 1206
[32] 12.318947 0.000466 0.000000 0.180910 1392
[39] 12.245124 0.000390 0.000000 0.063234 1271
[16] 12.090810 0.001060 0.000000 0.419264 2054
[7] 12.242831 0.000416 0.000000 0.044136 1446
[49] 12.084844 0.000232 0.000000 0.415464 122
[127] 12.186154 0.000413 0.000000 0.142592 1574
[98] 12.291224 0.000559 0.000000 0.121919 2184
[128] 12.064649 0.000556 0.000000 0.143297 2379
[63] 12.338656 0.000337 0.000000 0.122312 811
[122] 12.254629 0.000410 0.000000 0.120532 1434
[102] 12.293521 0.000291 0.000000 0.107711 678
[241] 12.493117 0.000342 0.000000 0.120102 1338
[27] 12.305545 0.000477 0.000000 0.088628 1670
[36] 12.245247 0.000501 0.000000 0.066728 1878
[188] 12.271663 0.000378 0.000000 0.080344 996
[149] 12.251245 0.000295 0.000000 0.081868 561
[221] 12.381248 0.000393 0.000000 0.082139 1371
[180] 12.249633 0.000230 0.000000 0.093164 333
[147] 12.253591 0.000438 0.000000 0.048366 1470
[38] 12.241187 0.000412 0.000000 0.042972 1236
[18] 12.083805 0.000342 0.000000 0.139628 790
[176] 12.405461 0.000675 0.000000 0.211522 2789
[91] 12.064039 0.000519 0.000000 0.438400 1878
[238] 12.062362 0.000402 0.000000 0.151900 1893
[126] 12.060859 0.000364 0.000000 0.147187 1260
[164] 12.222843 0.000617 0.000000 0.142846 2134
[194] 12.086129 0.000504 0.000000 0.423228 2022
[228] 12.318339 0.000467 0.000000 0.418794 1824
[215] 12.451875 0.000323 0.000000 0.111312 1076
[135] 12.385482 0.000552 0.000000 0.174423 2602
[48] 12.182546 0.000520 0.000000 0.126071 2114
[237] 12.084400 0.000520 0.000000 0.129710 1626
[82] 12.261102 0.000553 0.000000 0.033123 2610
[193] 12.089738 0.000401 0.000000 0.121214 1700
[2] 12.242680 0.000360 0.000000 0.111993 1146
[84] 12.312173 0.000537 0.000000 0.018785 2246
[86] 12.193482 0.000467 0.000000 0.121850 1540
[4] 12.247436 0.000359 0.000000 0.046541 1068
[43] 12.358402 0.000436 0.000000 0.016052 1657
[191] 12.265160 0.000266 0.000000 0.068239 950
[139] 12.293421 0.000392 0.000000 0.212101 1156
[246] 12.478801 0.000376 0.000000 0.125464 1518
[130] 12.196528 0.000432 0.000000 0.452619 1671
[158] 12.266195 0.000342 0.000000 0.418589 1194
[165] 12.066147 0.000413 0.000000 0.438805 1022
[116] 12.276908 0.000514 0.000000 0.020020 2306
[136] 12.364806 0.000414 0.000000 0.225999 1546
[103] 12.353184 0.000597 0.000000 0.114140 2812
[230] 12.089789 0.000374 0.000000 0.123070 1423
[99] 12.292059 0.000434 0.000000 0.121190 1671
[51] 12.143135 0.000394 0.000000 0.122695 942
[54] 12.059627 0.000495 0.000000 0.144514 2400
[93] 12.070061 0.000331 0.000000 0.435813 790
[89] 12.083614 0.000432 0.000000 0.421013 1158
[160] 12.244103 0.000480 0.000000 0.411932 1422
[66] 12.315892 0.000478 0.000000 0.222345 1671
[106] 12.387733 0.000302 0.000000 0.113656 958
[94] 12.124595 0.000468 0.000000 0.447238 1700
[78] 12.245229 0.000494 0.000000 0.042810 1927
[28] 12.299667 0.000462 0.000000 0.127507 1846
[85] 12.174920 0.000705 0.000000 0.121958 3334
[110] 12.243268 0.000530 0.000000 0.056536 2470
[123] 12.213728 0.000438 0.000000 0.123945 1686
[151] 12.251182 0.000357 0.000000 0.085910 586
[17] 12.093597 0.000401 0.000000 0.109427 1196
[142] 12.298006 0.000286 0.000000 0.209294 684
[235] 12.082948 0.000376 0.000000 0.130081 1518
[143] 12.356611 0.000597 0.000000 0.074026 2981
[13] 12.101551 0.000568 0.000000 0.423746 2006
[121] 12.095054 0.000345 0.000000 0.112746 720
[104] 12.366235 0.000496 0.000000 0.100107 1714
[247] 12.306660 0.000459 0.000000 0.114373 1893
[183] 12.247869 0.000585 0.000000 0.089677 2343
[95] 12.197739 0.000380 0.000000 0.444155 1032
[59] 12.094763 0.000489 0.000000 0.109820 1566
[131] 12.074998 0.000381 0.000000 0.430424 1482
[196] 12.304837 0.000441 0.000000 0.113034 1458
[113] 12.253800 0.000328 0.000000 0.032193 846
[111] 12.243425 0.000375 0.000000 0.100502 1293
[150] 12.246908 0.000364 0.000000 0.088157 1041
[207] 12.456899 0.000493 0.000000 0.208777 1851
[245] 12.495614 0.000388 0.000000 0.214778 1641
[203] 12.278717 0.000580 0.000000 0.141216 2486
[167] 12.245969 0.000476 0.000000 0.135922 1791
[248] 12.475912 0.000481 0.000000 0.118595 1814
[24] 12.291012 0.000545 0.000000 0.081902 2199
[154] 12.261294 0.000416 0.000000 0.058782 1410
[255] 12.369430 0.000597 0.000000 0.016151 2374
[175] 12.447538 0.000674 0.000000 0.211230 3126
[166] 12.262771 0.000304 0.000000 0.123909 860
[14] 12.096437 0.000412 0.000000 0.420862 1140
[189] 12.280049 0.000403 0.000000 0.070993 1096
[50] 12.170603 0.000664 0.000000 0.101928 1784
[231] 12.093358 0.000249 0.000000 0.119639 696
[80] 12.272027 0.000281 0.000000 0.036375 482
[197] 12.084599 0.000408 0.000000 0.422080 1592
[219] 12.255399 0.000387 0.000000 0.036098 1546
[244] 12.479797 0.000446 0.000000 0.227352 1927
[169] 12.297034 0.000432 0.000000 0.119198 1434
[138] 12.362637 0.000441 0.000000 0.106326 1271
[100] 12.289106 0.000433 0.000000 0.080622 1348
[182] 12.255635 0.000372 0.000000 0.069053 1641
[108] 12.247386 0.000379 0.000000 0.080476 1488
[152] 12.376769 0.000413 0.000000 0.016015 1398
[132] 12.284679 0.000343 0.000000 0.113532 902
[223] 12.256896 0.000532 0.000000 0.062627 2305
[179] 12.404793 0.000250 0.000000 0.205769 606
[64] 12.311109 0.000347 0.000000 0.129841 616
[12] 12.104141 0.000793 0.000000 0.425755 3570
[124] 12.087480 0.000428 0.000000 0.120439 1756
[236] 12.284585 0.000504 0.000000 0.140304 1893
[177] 12.412252 0.000389 0.000000 0.209122 1293
[61] 12.339188 0.000663 0.000000 0.094951 2652
[25] 12.315044 0.000674 0.000000 0.213264 2726
[192] 12.299121 0.000347 0.000000 0.123262 1140
[140] 12.295135 0.000376 0.000000 0.212427 1014
[208] 12.458861 0.000431 0.000000 0.209574 1714
[184] 12.260753 0.000498 0.000000 0.079869 1878
[118] 12.278199 0.000480 0.000000 0.063811 2406
[250] 12.503748 0.000479 0.000000 0.206317 2114
[233] 12.304845 0.000493 0.000000 0.062999 2131
[65] 12.296702 0.000440 0.000000 0.207961 1553
[202] 12.247305 0.000401 0.000000 0.152712 1836
[161] 12.264822 0.000550 0.000000 0.128246 2382
[200] 12.074041 0.000269 0.000000 0.436637 651
[204] 12.461862 0.000325 0.000000 0.215196 1166
[159] 12.096702 0.000544 0.000000 0.112221 2292
[133] 12.376374 0.000515 0.000000 0.081395 2086
[229] 12.325692 0.000901 0.000000 0.109242 4101
[198] 12.265630 0.000311 0.000000 0.150145 1731
[172] 12.284472 0.000512 0.000000 0.083462 2202
[224] 12.270294 0.000396 0.000000 0.073434 1050
[201] 12.291600 0.000435 0.000000 0.438945 1700
[234] 12.290751 0.000278 0.000000 0.142470 744
[62] 12.324124 0.000541 0.000000 0.210547 1787
[174] 12.287836 0.000415 0.000000 0.218916 1194
[240] 12.469832 0.000500 0.000000 0.131940 2306
[173] 12.412829 0.000504 0.000000 0.071816 2080
[239] 12.339450 0.000489 0.000000 0.102953 2012
[92] 12.146071 0.000559 0.000000 0.442647 2419
[163] 12.075432 0.000397 0.000000 0.433051 1113
[195] 12.089439 0.000595 0.000000 0.420984 2324
[137] 12.366481 0.000487 0.000000 0.116627 1896
[214] 12.450480 0.000343 0.000000 0.117918 1532
[211] 12.419450 0.000469 0.000000 0.212144 2114
[141] 12.408618 0.000422 0.000000 0.197155 1501
[206] 12.302960 0.000405 0.000000 0.102736 1683
[249] 12.313217 0.000441 0.000000 0.095545 1446
[210] 12.433284 0.000457 0.000000 0.126652 1683
[156] 12.273841 0.000405 0.000000 0.128368 1579
[46] 12.256759 0.000356 0.000000 0.070985 853
[155] 12.260393 0.000527 0.000000 0.045941 2220
[190] 12.358853 0.000639 0.000000 0.015736 2076
[42] 12.245333 0.000471 0.000000 0.065043 1446
[217] 12.261217 0.000578 0.000000 0.037047 2718
[232] 12.316098 0.000565 0.000000 0.421068 2419
[212] 12.302698 0.000631 0.000000 0.115426 2544
[79] 12.252500 0.000392 0.000000 0.072669 1226
[112] 12.264875 0.000380 0.000000 0.024101 1566
[252] 12.255397 0.000651 0.000000 0.109584 2976
[218] 12.248668 0.000437 0.000000 0.100731 1216
[220] 12.272815 0.000395 0.000000 0.081914 1216
[254] 12.369851 0.000550 0.000000 0.016141 1926
[47] 12.371016 0.000751 0.000000 0.016085 2080
[74] 12.240150 0.000618 0.000000 0.066607 2958
[115] 12.247358 0.000498 0.000000 0.056602 2446
[109] 12.246891 0.000548 0.000000 0.070862 2536
[40] 12.251271 0.000419 0.000000 0.070099 1540
[83] 12.259361 0.000548 0.000000 0.056082 2118
[216] 12.250475 0.000467 0.000000 0.056934 1814
[225] 12.271364 0.000515 0.000000 0.056391 3074
[187] 12.251451 0.000322 0.000000 0.098575 486
[181] 12.253531 0.000426 0.000000 0.078102 1806
[44] 12.262004 0.001582 0.000000 0.059232 2626
[119] 12.259086 0.000704 0.000000 0.083671 3300
[146] 12.246991 0.000438 0.000000 0.086938 1846
[41] 12.348427 0.000714 0.000000 0.015723 2346
[45] 12.262111 0.000505 0.000000 0.045429 2766
[148] 12.252714 0.000414 0.000000 0.061303 1422
[77] 12.248852 0.000404 0.000000 0.057190 1070
[186] 12.254382 0.000361 0.000000 0.094503 744
[222] 12.249823 0.000511 0.000000 0.075625 1851
[73] 12.243456 0.000716 0.000000 0.060151 2666
[226] 12.380736 0.000608 0.000000 0.016329 2726
[227] 12.273740 0.000482 0.000000 0.024186 1458
[3] 12.483094 0.000323 0.000000 0.119540 117