[1 4]
[7] 0.548200 0.000275 0.256626 0.192064 1090
[11] 0.338713 0.000236 0.259775 0.024677 1018
[30] 0.513830 0.000242 0.289024 0.130626 1000
[135] 0.402908 0.000235 0.401385 0.240177 1072
[52] 0.527551 0.000232 0.317636 0.159417 1045
[21] 0.259731 0.000247 0.267601 0.104927 1009
[15] 0.520931 0.034341 0.264149 0.120606 1081
[18] 0.526057 0.000266 0.267588 0.148345 1018
[19] 0.550465 0.000250 0.269523 0.106579 982
[23] 0.524431 0.000232 0.287240 0.244071 1054
[25] 0.586201 0.000324 0.275315 0.249707 1234
[27] 0.768182 0.000246 0.293777 0.015660 1162
[29] 0.586764 0.000265 0.283330 0.206642 1045
[31] 0.321821 0.000217 0.281928 0.045934 1099
[35] 0.512394 0.000240 0.295997 0.236124 1063
[37] 0.575515 0.000266 0.292251 0.213934 1063
[38] 0.489635 0.000223 0.290104 0.272311 1117
[40] 0.519251 0.000249 0.299462 0.221336 1072
[41] 0.573901 0.000262 0.298657 0.248056 1180
[43] 0.512905 0.000237 0.307057 0.139428 1153
[49] 0.567887 0.000236 0.310348 0.276362 1054
[53] 0.563206 0.000208 0.313226 0.241186 919
[54] 0.487269 0.000235 0.315814 0.226614 1036
[56] 0.493783 0.000287 0.317256 0.149389 1090
[58] 0.507415 0.000212 0.318790 0.256417 946
[59] 0.500340 0.000243 0.321646 0.110191 1180
[60] 0.502750 0.000238 0.322386 0.109329 1000
[62] 0.469534 0.000274 0.318041 0.207611 1243
[63] 0.212477 0.000259 0.321972 0.102701 1045
[67] 0.465762 0.000260 0.331192 0.237542 1054
[71] 0.492403 0.000220 0.328899 0.234193 1018
[72] 0.459760 0.044244 0.330226 0.185238 1000
[75] 0.235419 0.000247 0.350214 0.095747 1027
[79] 0.241469 0.000246 0.361850 0.118641 1108
[82] 0.469763 0.000242 0.353596 0.135842 1126
[83] 0.451395 0.000262 0.360887 0.185690 1198
[84] 0.463596 0.000246 0.357314 0.219479 1018
[85] 0.528031 0.000247 0.360414 0.046256 1162
[86] 0.442089 0.000226 0.351184 0.269434 1072
[87] 0.432063 0.000190 0.363120 0.183643 937
[89] 0.524707 0.000274 0.357079 0.205597 1162
[90] 0.188589 0.000246 0.358076 0.101479 1009
[91] 0.452419 0.000210 0.360569 0.186195 1063
[92] 0.292062 0.000263 0.363114 0.035722 1153
[94] 0.464732 0.000201 0.368349 0.210361 1099
[101] 0.492539 0.000251 0.366823 0.096275 1063
[102] 0.456201 0.000252 0.365571 0.208063 1018
[104] 0.482903 0.000242 0.367538 0.148510 1108
[107] 0.430809 0.000232 0.373666 0.204607 982
[108] 0.240103 0.000214 0.371881 0.015856 1036
[112] 0.446572 0.000240 0.379644 0.155145 1090
[116] 0.201046 0.000206 0.387814 0.135027 1045
[117] 0.488182 0.000225 0.387637 0.214407 1027
[118] 0.435771 0.000215 0.385402 0.234999 1090
[120] 0.402415 0.000232 0.396934 0.132972 1054
[121] 0.497816 0.000218 0.399023 0.221525 1081
[122] 0.685114 0.000245 0.391534 0.015715 1081
[124] 0.300725 0.000253 0.400210 0.024755 1135
[125] 0.225068 0.000243 0.399335 0.015491 1090
[126] 0.447131 0.000240 0.406649 0.082279 1036
[131] 0.408426 0.000239 0.401205 0.226149 1117
[133] 0.482080 0.000236 0.399522 0.074404 1180
[134] 0.408736 0.000247 0.407097 0.161192 1018
[136] 0.419226 0.000192 0.414514 0.189835 1000
[139] 0.174835 0.103600 0.410262 0.024505 1045
[143] 0.405844 0.000216 0.412469 0.226504 1081
[144] 0.396429 0.000209 0.419521 0.254010 937
[146] 0.362266 0.000246 0.429986 0.167849 1045
[147] 0.408205 0.000239 0.418821 0.120429 1108
[149] 0.559982 0.000215 0.425793 0.174374 1009
[155] 0.184963 0.000246 0.428596 0.041970 1117
[158] 0.338317 0.000209 0.448413 0.229603 982
[163] 0.384824 0.000236 0.436132 0.248086 1117
[166] 0.399267 0.000241 0.449792 0.226332 1108
[168] 0.363765 0.000201 0.452439 0.174637 955
[169] 0.443389 0.000258 0.444989 0.231045 1081
[174] 0.367450 0.000209 0.448764 0.265034 1198
[176] 0.362339 0.000245 0.462606 0.199431 1099
[178] 0.366013 0.000195 0.468920 0.198140 973
[179] 0.364132 0.000247 0.454888 0.237152 1090
[181] 0.429410 0.000218 0.464331 0.218118 1090
[182] 0.335006 0.000208 0.459561 0.286077 991
[184] 0.411721 0.000202 0.462250 0.075943 1063
[185] 0.428798 0.000215 0.475964 0.208272 1000
[190] 0.384074 0.000191 0.471002 0.217503 1045
[129] 0.511364 0.000226 0.404668 0.034129 982
[130] 0.281550 0.000230 0.396089 0.024967 1009
[140] 0.440277 0.000237 0.419620 0.081218 1144
[145] 0.238966 0.000207 0.418077 0.015738 937
[150] 0.400226 0.000231 0.421764 0.228987 1045
[151] 0.399902 0.000238 0.425757 0.254918 1054
[152] 0.384620 0.000197 0.436124 0.214117 1054
[153] 0.449740 0.000227 0.430274 0.242508 1045
[156] 0.107706 0.000229 0.427585 0.112433 1099
[157] 0.485060 0.000192 0.435272 0.193895 1000
[165] 0.457638 0.000240 0.438781 0.272849 1153
[167] 0.367642 0.000240 0.448676 0.264519 1081
[171] 0.373368 0.000209 0.462459 0.191485 1063
[177] 0.429788 0.000203 0.452704 0.256438 1063
[180] 0.384060 0.000183 0.459993 0.116332 991
[183] 0.349732 0.000222 0.463207 0.253911 1117
[186] 0.613145 0.000246 0.471339 0.015726 1117
[187] 0.335678 0.000229 0.476491 0.146096 1090
[189] 0.419160 0.000234 0.471181 0.230691 991
[195] 0.344632 0.000232 0.485428 0.244201 1108
[197] 0.166370 0.000234 0.483596 0.015472 1108
[198] 0.340099 0.000177 0.490978 0.236541 1045
[199] 0.348422 0.000237 0.485982 0.245311 1054
[200] 0.342387 0.000263 0.491537 0.199988 1171
[202] 0.138804 0.000184 0.487664 0.044827 1108
[203] 0.352066 0.000221 0.491862 0.127386 1126
[204] 0.658992 0.000212 0.485754 0.029852 1054
[206] 0.291017 0.000200 0.499948 0.269623 1171
[207] 0.317046 0.000257 0.503805 0.195044 1117
[208] 0.341396 0.000220 0.498072 0.177576 1108
[209] 0.214486 0.000211 0.505209 0.015436 1000
[210] 0.346205 0.000240 0.503831 0.138231 1171
[211] 0.315671 0.000210 0.505495 0.217966 1126
[212] 0.341544 0.000246 0.496604 0.210447 1279
[213] 0.404238 0.000196 0.504438 0.038098 937
[214] 0.337470 0.000202 0.497032 0.162683 991
[215] 0.304876 0.000203 0.513451 0.221863 973
[216] 0.307204 0.000212 0.501148 0.166978 1027
[217] 0.380098 0.000191 0.509421 0.264357 1027
[218] 0.082288 0.000217 0.501006 0.073360 1099
[220] 0.093829 0.000221 0.514068 0.053046 1099
[221] 0.391738 0.000174 0.519934 0.264484 955
[222] 0.299436 0.000214 0.515945 0.198731 1117
[224] 0.318668 0.000218 0.524515 0.128227 1054
[225] 0.407691 0.000194 0.509901 0.253057 1072
[226] 0.328326 0.000261 0.510783 0.226648 1234
[227] 0.307880 0.000230 0.512397 0.174053 1198
[229] 0.397851 0.000217 0.523958 0.249569 1063
[230] 0.291083 0.000170 0.524927 0.254182 991
[232] 0.354178 0.000229 0.529870 0.103371 1153
[233] 0.367254 0.000210 0.529081 0.237514 1135
[234] 0.079030 0.000208 0.520648 0.048842 1117
[235] 0.289262 0.000196 0.531379 0.250575 982
[236] 0.567479 0.000206 0.522310 0.015647 1009
[237] 0.359662 0.000173 0.533027 0.249456 982
[238] 0.312461 0.000192 0.525938 0.210889 1009
[240] 0.287588 0.000243 0.525554 0.242975 1045
[241] 0.162944 0.000194 0.526063 0.057279 1009
[242] 0.269919 0.000190 0.538844 0.240777 910
[243] 0.184859 0.000170 0.526618 0.026291 991
[244] 0.082156 0.000214 0.533720 0.058800 1027
[245] 0.384385 0.000189 0.539185 0.228627 991
[246] 0.293466 0.000196 0.529045 0.161390 982
[248] 0.103065 0.000198 0.529498 0.015777 1027
[249] 0.400198 0.000197 0.527675 0.190069 1090
[250] 0.312270 0.000196 0.534599 0.251057 1126
[254] 0.263416 0.000213 0.534861 0.238344 1090
[0] 0.541602 0.000235 0.247408 0.210454 1009
[1] 0.604863 0.000236 0.257496 0.088158 1081
[2] 0.501711 0.000282 0.265445 0.154309 1036
[3] 0.553400 0.000237 0.265532 0.227920 1017
[4] 0.575647 0.000226 0.250803 0.224299 1072
[5] 0.578027 0.000257 0.273701 0.104271 1090
[6] 0.543773 0.000257 0.269339 0.240540 1099
[8] 0.541277 0.000278 0.263337 0.252296 973
[9] 0.586640 0.000219 0.273485 0.265828 1000
[10] 0.389544 0.000231 0.265829 0.056678 1099
[12] 0.532761 0.000301 0.260044 0.166454 1198
[13] 0.310321 0.000258 0.261274 0.065851 1135
[14] 0.506435 0.000253 0.263284 0.243081 1144
[16] 0.555101 0.000275 0.265983 0.208726 1162
[17] 0.389977 0.000252 0.271756 0.015483 1081
[20] 0.535099 0.000253 0.272378 0.227327 1054
[22] 0.546670 0.000263 0.271440 0.209516 964
[24] 0.401770 0.000249 0.286559 0.016053 1171
[26] 0.372853 0.000236 0.278913 0.049806 982
[28] 0.550049 0.000210 0.285532 0.103271 1045
[32] 0.532656 0.000283 0.290951 0.219221 1144
[33] 0.245933 0.000229 0.288074 0.114040 1045
[34] 0.525487 0.000228 0.289328 0.181280 955
[36] 0.515969 0.000264 0.295429 0.238591 1063
[39] 0.503379 0.000269 0.297581 0.258949 1045
[42] 0.372303 0.000247 0.308025 0.029058 1090
[44] 0.265929 0.000270 0.292068 0.089511 1189
[45] 0.574760 0.000279 0.300915 0.237307 1252
[46] 0.538790 0.000256 0.300675 0.168237 1099
[47] 0.498528 0.000235 0.314175 0.148675 1108
[48] 0.479737 0.000227 0.312108 0.252046 1126
[50] 0.490283 0.000291 0.304888 0.161876 1153
[51] 0.492245 0.000260 0.313352 0.220851 1063
[55] 0.481416 0.000272 0.317308 0.226759 973
[57] 0.632642 0.000239 0.322859 0.140859 973
[61] 0.552708 0.000271 0.315259 0.256048 1144
[64] 0.510657 0.000249 0.320118 0.222523 1108
[65] 0.542648 0.000255 0.323771 0.107965 1081
[66] 0.470866 0.000248 0.326724 0.211073 1009
[68] 0.481697 0.000243 0.344027 0.227275 1018
[69] 0.531212 0.000264 0.336665 0.105404 1063
[70] 0.494334 0.000238 0.332625 0.138327 1045
[73] 0.272884 0.000285 0.331676 0.031181 1270
[74] 0.270918 0.000251 0.332795 0.068737 1117
[76] 0.327682 0.000239 0.335600 0.029936 1045
[77] 0.561923 0.000237 0.336551 0.033516 1207
[78] 0.457633 0.000244 0.337916 0.208493 1027
[80] 0.505001 0.000226 0.350637 0.116448 1081
[81] 0.516339 0.000229 0.357322 0.080833 1018
[88] 0.488488 0.000202 0.351433 0.119672 919
[93] 0.308207 0.000224 0.367382 0.042786 1018
[95] 0.350441 0.000257 0.358819 0.015628 1036
[96] 0.454216 0.000200 0.358606 0.215351 973
[97] 0.212470 0.000196 0.360620 0.128119 982
[98] 0.410840 0.000250 0.370997 0.259428 1099
[99] 0.471450 0.000220 0.362429 0.137505 1009
[100] 0.174546 0.000235 0.370601 0.088453 1108
[103] 0.431766 0.000239 0.371963 0.213182 1108
[105] 0.512347 0.000228 0.368637 0.264049 1009
[106] 0.236135 0.000257 0.381591 0.015508 1081
[109] 0.500972 0.000234 0.372918 0.252526 1045
[110] 0.393643 0.000234 0.387699 0.161828 1018
[111] 0.410937 0.000221 0.387074 0.134303 1063
[113] 0.522213 0.000207 0.377164 0.046071 1090
[114] 0.435577 0.000219 0.397644 0.188428 964
[115] 0.197467 0.000245 0.380898 0.070540 1108
[119] 0.408932 0.000248 0.398167 0.211752 1108
[123] 0.168466 0.000230 0.392580 0.066590 1090
[127] 0.141715 0.000233 0.408504 0.091044 1018
[128] 0.444690 0.000207 0.401437 0.102220 1027
[132] 0.411879 0.000276 0.409021 0.187629 1162
[137] 0.506075 0.000266 0.406120 0.229912 1144
[138] 0.176240 0.000220 0.416432 0.092210 1045
[141] 0.131494 0.000252 0.407904 0.095943 1045
[142] 0.429666 0.000201 0.412790 0.237533 1027
[148] 0.405591 0.000238 0.429142 0.206902 1072
[154] 0.164125 0.000249 0.437525 0.051705 1063
[159] 0.381980 0.000233 0.440948 0.144246 1153
[160] 0.407138 0.000241 0.431444 0.243124 1072
[161] 0.454724 0.000257 0.442256 0.255782 1198
[162] 0.358552 0.000208 0.449992 0.248462 1018
[164] 0.388512 0.000252 0.456308 0.169720 1018
[170] 0.144272 0.000230 0.446362 0.069611 991
[172] 0.622960 0.000245 0.461648 0.015398 1108
[173] 0.427382 0.000225 0.463899 0.228327 1108
[175] 0.366555 0.000237 0.451306 0.169721 1180
[188] 0.092350 0.000201 0.475139 0.088096 901
[191] 0.079003 0.000203 0.480487 0.112958 1072
[192] 0.662882 0.000229 0.478236 0.061150 1144
[193] 0.436667 0.000204 0.473068 0.078097 1099
[194] 0.336598 0.000190 0.480381 0.231996 1018
[196] 0.344107 0.000240 0.489557 0.205729 1099
[205] 0.397825 0.000228 0.496877 0.264212 1036
[219] 0.316647 0.000210 0.503753 0.205364 1000
[223] 0.309090 0.000211 0.509549 0.155355 1099
[228] 0.064120 0.000167 0.496618 0.108250 919
[231] 0.323853 0.000191 0.516966 0.226515 1045
[239] 0.286413 0.000180 0.542279 0.138326 1072
[247] 0.300208 0.000170 0.528864 0.235147 1009
[251] 0.172514 0.000162 0.536789 0.015583 937
[252] 0.140586 0.000171 0.534905 0.016078 1000
[253] 0.346399 0.000184 0.546355 0.261684 919
[255] 0.063311 0.000187 0.539331 0.071870 937
[201] 0.410592 0.000243 0.487680 0.248807 1099

[1 8]
[47] 0.301211 0.000270 0.312516 0.205363 1108
[143] 0.199941 0.000239 0.424307 0.187043 1081
[127] 0.216539 0.000261 0.413275 0.245871 1018
[110] 0.194520 0.000226 0.389572 0.177833 1018
[114] 0.158292 0.000257 0.396409 0.300994 964
[100] 0.186679 0.000223 0.374837 0.183546 1108
[70] 0.263323 0.000229 0.345282 0.302267 1045
[120] 0.166367 0.000229 0.398297 0.299436 1054
[6] 0.286371 0.000239 0.261757 0.182877 1099
[7] 0.399618 0.000217 0.268359 0.150153 1090
[11] 0.346367 0.000230 0.269815 0.158105 1018
[14] 0.292573 0.000278 0.272444 0.247953 1144
[15] 0.415384 0.000238 0.274063 0.081751 1081
[21] 0.676379 0.000237 0.282297 0.015604 1009
[27] 0.315549 0.000254 0.291862 0.144087 1162
[28] 0.267707 0.000242 0.293076 0.327286 1045
[29] 0.289648 0.000243 0.293404 0.199234 1045
[31] 0.312608 0.000282 0.293476 0.265226 1099
[38] 0.279633 0.000272 0.300988 0.152413 1117
[40] 0.249351 0.000232 0.309020 0.297720 1072
[42] 0.241184 0.000258 0.309049 0.319012 1090
[44] 0.248371 0.000284 0.307235 0.265125 1189
[45] 0.260185 0.000250 0.313871 0.150897 1252
[49] 0.612152 0.000258 0.317658 0.061354 1054
[53] 0.619150 0.000193 0.329027 0.031102 919
[55] 0.285175 0.000211 0.326492 0.161978 973
[56] 0.237468 0.000223 0.306287 0.348955 1090
[58] 0.241554 0.000224 0.325520 0.332850 946
[62] 0.255003 0.000316 0.330820 0.278575 1243
[63] 0.266671 0.000260 0.335636 0.165241 1045
[68] 0.194504 0.000186 0.340758 0.341945 1018
[71] 0.269331 0.000229 0.342071 0.219073 1018
[75] 0.252956 0.000238 0.344703 0.254829 1027
[76] 0.231348 0.000222 0.346689 0.205458 1045
[77] 0.258128 0.000265 0.347405 0.217045 1207
[78] 0.232804 0.000255 0.348603 0.279174 1027
[79] 0.278595 0.000222 0.360401 0.246537 1108
[83] 0.255065 0.000288 0.355747 0.314227 1198
[84] 0.226658 0.000214 0.351774 0.304336 1018
[85] 0.572164 0.000288 0.359064 0.050624 1162
[86] 0.248886 0.000245 0.362006 0.297184 1072
[89] 0.236217 0.000253 0.361307 0.127861 1162
[91] 0.254104 0.000245 0.368989 0.174601 1063
[92] 0.203752 0.000243 0.367194 0.277885 1153
[93] 0.238595 0.000243 0.369644 0.206571 1018
[94] 0.240158 0.000248 0.367756 0.248444 1099
[101] 0.235152 0.000250 0.379056 0.202110 1063
[102] 0.194584 0.000237 0.377462 0.340392 1018
[106] 0.193195 0.000211 0.382750 0.263951 1081
[107] 0.228979 0.000224 0.389894 0.239375 982
[109] 0.224841 0.000238 0.386806 0.164897 1045
[113] 0.214529 0.000266 0.391208 0.158453 1090
[115] 0.244086 0.000244 0.396702 0.290398 1108
[116] 0.171565 0.000245 0.389832 0.207388 1045
[117] 0.211766 0.000218 0.396469 0.167626 1027
[118] 0.186728 0.000235 0.400844 0.159730 1090
[119] 0.225666 0.000237 0.401417 0.168615 1108
[122] 0.210197 0.000217 0.407560 0.279396 1081
[123] 0.214649 0.000232 0.407234 0.182310 1090
[124] 0.262190 0.000254 0.412546 0.214512 1135
[134] 0.539652 0.000213 0.414387 0.045799 1018
[140] 0.127438 0.000230 0.418117 0.196290 1144
[141] 0.152723 0.000218 0.429407 0.217941 1045
[145] 0.507511 0.000199 0.430084 0.040286 937
[147] 0.165846 0.000229 0.429152 0.333946 1108
[149] 0.180863 0.000203 0.431207 0.302060 1009
[165] 0.134885 0.000196 0.451321 0.247591 1153
[167] 0.160028 0.000265 0.454264 0.264529 1081
[175] 0.177635 0.000253 0.463246 0.156340 1180
[183] 0.131271 0.000201 0.476237 0.235197 1117
[184] 0.096890 0.000227 0.475698 0.308291 1063
[185] 0.143483 0.000210 0.487157 0.243932 1000
[186] 0.123159 0.000233 0.473943 0.303309 1117
[191] 0.137138 0.000191 0.486871 0.252097 1072
[0] 0.333160 0.000252 0.254142 0.146615 1009
[1] 0.365915 0.000226 0.257200 0.106541 1081
[2] 0.310143 0.000278 0.258000 0.191944 1036
[3] 0.350692 0.000262 0.260630 0.354706 1017
[4] 0.286427 0.000288 0.266238 0.201802 1072
[5] 0.317325 0.000260 0.262402 0.123241 1090
[8] 0.294264 0.000238 0.259702 0.322905 973
[9] 0.317951 0.000237 0.265749 0.242244 1000
[10] 0.294508 0.000310 0.267912 0.324778 1099
[12] 0.270827 0.000268 0.269359 0.218477 1198
[13] 0.320385 0.000270 0.271185 0.127902 1135
[16] 0.289985 0.000266 0.275632 0.137255 1162
[17] 0.664152 0.000263 0.281673 0.015462 1081
[18] 0.268455 0.000265 0.278279 0.274680 1018
[19] 0.603504 0.000252 0.279891 0.029674 982
[20] 0.260271 0.000242 0.281509 0.203957 1054
[22] 0.283731 0.000209 0.284143 0.157247 964
[23] 0.333838 0.000242 0.289428 0.115917 1054
[24] 0.290859 0.000288 0.287723 0.211608 1171
[25] 0.643793 0.000237 0.286150 0.026825 1234
[26] 0.274249 0.000232 0.291588 0.270652 982
[30] 0.254629 0.000245 0.291638 0.341705 1000
[32] 0.270023 0.000278 0.289951 0.306133 1144
[33] 0.274702 0.000304 0.299213 0.200188 1045
[34] 0.269880 0.000255 0.303446 0.246889 955
[35] 0.308047 0.000236 0.300084 0.342853 1063
[36] 0.245060 0.026417 0.297915 0.204152 1063
[37] 0.306975 0.000211 0.303420 0.136326 1063
[39] 0.288254 0.000248 0.299666 0.155114 1045
[41] 0.308373 0.000265 0.308826 0.258661 1180
[43] 0.344589 0.000232 0.307777 0.192372 1153
[46] 0.280489 0.000252 0.312299 0.188231 1099
[48] 0.231647 0.000239 0.316096 0.345916 1126
[50] 0.273229 0.000255 0.318674 0.279371 1153
[51] 0.273304 0.000226 0.317626 0.331057 1063
[52] 0.243029 0.000261 0.319584 0.238538 1045
[54] 0.234182 0.000226 0.325592 0.189968 1036
[57] 0.244716 0.000223 0.326610 0.229749 973
[59] 0.307541 0.000257 0.326213 0.178528 1180
[60] 0.643933 0.000241 0.333300 0.044595 1000
[61] 0.252440 0.000265 0.328762 0.256067 1144
[64] 0.265321 0.000249 0.334053 0.133561 1108
[65] 0.289631 0.000273 0.338027 0.118739 1081
[66] 0.239168 0.000240 0.338155 0.233546 1009
[67] 0.309983 0.000220 0.343528 0.301437 1054
[69] 0.260804 0.000230 0.339017 0.149527 1063
[72] 0.206446 0.000266 0.342375 0.237719 1000
[73] 0.252931 0.000280 0.343600 0.282101 1270
[74] 0.238292 0.000261 0.344909 0.226584 1117
[80] 0.196040 0.000266 0.345584 0.232565 1081
[81] 0.238236 0.000224 0.352489 0.127645 1018
[82] 0.219722 0.000265 0.356133 0.304572 1126
[87] 0.232077 0.000208 0.361071 0.143047 937
[88] 0.193313 0.000238 0.364560 0.296346 919
[90] 0.210022 0.000217 0.364228 0.210511 1009
[95] 0.285228 0.000247 0.369541 0.225000 1036
[96] 0.178570 0.000243 0.371397 0.208150 973
[97] 0.210212 0.000245 0.374115 0.235461 982
[98] 0.219277 0.000228 0.372343 0.191625 1099
[99] 0.249374 0.000220 0.375287 0.317591 1009
[103] 0.228987 0.000247 0.383772 0.228017 1108
[104] 0.159181 0.000260 0.380915 0.325498 1108
[105] 0.191304 0.000220 0.382815 0.294007 1009
[108] 0.164740 0.000236 0.389671 0.183266 1036
[111] 0.209731 0.000242 0.393828 0.274427 1063
[112] 0.156013 0.000265 0.393254 0.330180 1090
[121] 0.192271 0.000214 0.400496 0.280649 1081
[125] 0.190775 0.000225 0.408655 0.174651 1090
[126] 0.151350 0.000237 0.409574 0.262648 1036
[128] 0.152536 0.000215 0.407431 0.188765 1027
[129] 0.175877 0.000261 0.411477 0.159296 982
[130] 0.168298 0.000186 0.410967 0.298318 1009
[131] 0.217767 0.000230 0.415580 0.330169 1117
[132] 0.147238 0.000265 0.411971 0.168718 1162
[133] 0.218444 0.000269 0.413841 0.089617 1180
[135] 0.191900 0.000225 0.415386 0.121961 1072
[136] 0.176087 0.000202 0.416965 0.206795 1000
[137] 0.164374 0.000266 0.424158 0.289449 1144
[138] 0.160005 0.000253 0.422652 0.197594 1045
[139] 0.187360 0.000247 0.423437 0.256290 1045
[142] 0.159773 0.000188 0.425505 0.311413 1027
[144] 0.132148 0.000207 0.431288 0.264006 937
[146] 0.152719 0.000236 0.430739 0.150403 1045
[150] 0.133762 0.000220 0.434863 0.202879 1045
[151] 0.175767 0.000222 0.438651 0.160001 1054
[153] 0.185541 0.000219 0.435806 0.290309 1045
[154] 0.164363 0.000243 0.438084 0.171173 1063
[155] 0.178229 0.000188 0.443381 0.147081 1117
[156] 0.139407 0.000205 0.440441 0.259272 1099
[157] 0.206586 0.000238 0.442065 0.165777 1000
[158] 0.180775 0.000220 0.444846 0.266894 982
[159] 0.164515 0.000247 0.446431 0.217930 1153
[160] 0.131605 0.000236 0.446642 0.265833 1072
[162] 0.112240 0.000219 0.451681 0.161298 1018
[163] 0.491816 0.000230 0.451297 0.028221 1117
[166] 0.152580 0.000203 0.460271 0.116854 1108
[168] 0.171893 0.000199 0.455431 0.273675 955
[169] 0.144317 0.000242 0.455323 0.298129 1081
[170] 0.123357 0.000202 0.458501 0.286389 991
[171] 0.144169 0.000197 0.462778 0.286677 1063
[172] 0.243907 0.000229 0.460472 0.130899 1108
[173] 0.159811 0.000251 0.459534 0.224525 1108
[174] 0.116178 0.000232 0.461442 0.314377 1198
[176] 0.092115 0.000236 0.458395 0.315820 1099
[177] 0.145377 0.000225 0.463786 0.163342 1063
[178] 0.125729 0.000212 0.476781 0.217700 973
[179] 0.184814 0.000209 0.465716 0.294053 1090
[180] 0.097524 0.000199 0.476622 0.288369 991
[181] 0.431806 0.000226 0.469997 0.018185 1090
[182] 0.486474 0.000236 0.471222 0.034206 991
[187] 0.150635 0.000223 0.477932 0.200054 1090
[188] 0.097414 0.000212 0.466517 0.341222 901
[189] 0.119811 0.000182 0.481175 0.258271 991
[190] 0.116847 0.000231 0.481269 0.189836 1045
[195] 0.158437 0.000217 0.484188 0.329100 1108
[196] 0.111197 0.000211 0.492079 0.225270 1099
[197] 0.125983 0.000213 0.486108 0.201885 1108
[198] 0.090436 0.000216 0.487877 0.340359 1045
[199] 0.125575 0.000232 0.491349 0.142826 1054
[200] 0.109422 0.000236 0.489734 0.230223 1171
[201] 0.107798 0.000248 0.490207 0.303404 1099
[202] 0.117832 0.000201 0.496444 0.264259 1108
[203] 0.175799 0.000226 0.495182 0.229581 1126
[204] 0.087796 0.000226 0.495143 0.142201 1054
[205] 0.130193 0.000199 0.495731 0.246112 1036
[206] 0.099891 0.000229 0.497016 0.219782 1171
[207] 0.122400 0.000236 0.498260 0.235580 1117
[208] 0.085722 0.000221 0.500864 0.333695 1108
[209] 0.099832 0.000223 0.507821 0.144647 1000
[210] 0.071656 0.000220 0.502300 0.243599 1171
[211] 0.398800 0.000213 0.503119 0.046319 1126
[212] 0.052103 0.000245 0.506666 0.240983 1279
[213] 0.081235 0.000208 0.510667 0.333522 937
[214] 0.483058 0.000203 0.510615 0.016273 991
[215] 0.110703 0.000209 0.519745 0.158465 973
[218] 0.105014 0.000219 0.513601 0.229666 1099
[219] 0.109013 0.000192 0.518725 0.197805 1000
[220] 0.075007 0.000206 0.517256 0.197957 1099
[221] 0.086210 0.000211 0.517587 0.254889 955
[222] 0.057719 0.000207 0.515507 0.284322 1117
[223] 0.120561 0.000220 0.523266 0.180186 1099
[225] 0.069294 0.000212 0.519480 0.284568 1072
[227] 0.128939 0.000226 0.521538 0.311998 1198
[228] 0.049259 0.000172 0.525673 0.254347 919
[230] 0.439683 0.000219 0.528244 0.021274 991
[232] 0.123001 0.000204 0.531429 0.116179 1153
[233] 0.138625 0.000230 0.536233 0.233217 1135
[234] 0.040492 0.000204 0.530984 0.237758 1117
[235] 0.085229 0.000191 0.536175 0.151035 982
[236] 0.064267 0.000198 0.532597 0.144574 1009
[238] 0.068778 0.000178 0.537910 0.256646 1009
[239] 0.126401 0.000206 0.534297 0.251900 1072
[240] 0.066050 0.000205 0.534671 0.294226 1045
[242] 0.087034 0.000192 0.537921 0.184380 910
[244] 0.061453 0.000176 0.541256 0.261628 1027
[245] 0.070773 0.000187 0.539428 0.186113 991
[249] 0.053852 0.000191 0.538255 0.310378 1090
[252] 0.047043 0.000200 0.537887 0.275408 1000
[254] 0.052291 0.000208 0.544719 0.172261 1090
[148] 0.153186 0.000202 0.435613 0.141419 1072
[161] 0.145490 0.000247 0.448553 0.267422 1198
[192] 0.080015 0.000232 0.482811 0.354467 1144
[193] 0.121333 0.000188 0.485703 0.188710 1099
[194] 0.129130 0.000206 0.482924 0.115377 1018
[216] 0.058690 0.000218 0.511775 0.312696 1027
[224] 0.073844 0.000184 0.518543 0.135802 1054
[226] 0.072793 0.000239 0.521328 0.178323 1234
[237] 0.080363 0.000193 0.532997 0.278515 982
[246] 0.039608 0.000212 0.537556 0.170183 982
[247] 0.100714 0.000191 0.537486 0.112369 1009
[248] 0.026244 0.000199 0.537580 0.261834 1027
[250] 0.102607 0.000202 0.537901 0.177951 1126
[251] 0.099087 0.000190 0.540700 0.226798 937
[229] 0.092631 0.000216 0.529899 0.223888 1063
[164] 0.098237 0.000212 0.451546 0.296640 1018
[231] 0.111111 0.000193 0.526189 0.169664 1045
[217] 0.122825 0.000178 0.512347 0.143836 1027
[152] 0.140651 0.000236 0.439888 0.222999 1054
[255] 0.071643 0.000170 0.556575 0.252504 937
[241] 0.112665 0.000189 0.535915 0.165046 1009
[243] 0.069021 0.000188 0.539869 0.343587 991
[253] 0.119086 0.000181 0.559834 0.189217 919