1
[0] 0.060000 0.140000 0.130000

2
[0] 0.110000 0.180000 0.100000
[1] 0.080000 0.170000 0.000000

4
[0] 0.200000 0.270000 0.100000
[1] 0.160000 0.300000 0.000000
[2] 0.230000 0.390000 0.000000
[3] 0.110000 0.430000 0.000000

8
[0] 0.250000 0.080000 0.100000
[1] 0.260000 0.160000 0.000000
[2] 0.270000 0.140000 0.000000
[3] 0.190000 0.140000 0.000000
[4] 0.030000 0.160000 0.000000
[5] 0.100000 0.230000 0.000000
[6] 0.050000 0.260000 0.000000
[7] 0.070000 0.280000 0.000000

16
[0] 0.180000 0.090000 0.100000
[1] 0.240000 0.190000 0.000000
[2] 0.160000 0.140000 0.000000
[3] 0.110000 0.140000 0.000000
[4] 0.030000 0.200000 0.000000
[5] 0.050000 0.270000 0.000000
[6] 0.060000 0.300000 0.000000
[7] 0.010000 0.320000 0.000000
[8] 0.010000 0.330000 0.000000
[9] 0.030000 0.370000 0.000000
[10] 0.010000 0.380000 0.000000
[11] 0.080000 0.420000 0.000000
[12] 0.020000 0.440000 0.000000
[13] 0.040000 0.440000 0.000000
[14] 0.010000 0.450000 0.000000
[15] 0.050000 0.460000 0.000000

32
[0] 0.150000 0.110000 0.100000
[1] 0.160000 0.100000 0.000000
[2] 0.100000 0.060000 0.000000
[3] 0.030000 0.080000 0.000000
[4] 0.030000 0.110000 0.000000
[5] 0.040000 0.160000 0.000000
[6] 0.050000 0.180000 0.000000
[7] 0.020000 0.190000 0.000000
[8] 0.050000 0.200000 0.000000
[9] 0.010000 0.210000 0.000000
[10] 0.030000 0.240000 0.000000
[11] 0.020000 0.250000 0.000000
[12] 0.100000 0.270000 0.000000
[13] 0.020000 0.290000 0.000000
[14] 0.010000 0.290000 0.000000
[15] 0.010000 0.300000 0.000000
[16] 0.020000 0.320000 0.000000
[17] 0.000000 0.320000 0.000000
[18] 0.000000 0.370000 0.000000
[19] 0.010000 0.390000 0.000000
[20] 0.010000 0.410000 0.000000
[21] 0.020000 0.420000 0.000000
[22] 0.030000 0.460000 0.000000
[23] 0.010000 0.460000 0.000000
[24] 0.050000 0.480000 0.000000
[25] 0.040000 0.500000 0.000000
[26] 0.010000 0.500000 0.000000
[27] 0.030000 0.500000 0.000000
[28] 0.000000 0.510000 0.000000
[29] 0.020000 0.520000 0.000000
[30] 0.050000 0.550000 0.000000
[31] 0.030000 0.580000 0.000000

64
[0] 0.110000 0.030000 0.090000
[1] 0.200000 0.200000 0.000000
[2] 0.040000 0.060000 0.000000
[3] 0.100000 0.130000 0.000000
[4] 0.060000 0.150000 0.000000
[5] 0.080000 0.200000 0.000000
[6] 0.050000 0.230000 0.000000
[7] 0.040000 0.240000 0.000000
[8] 0.020000 0.270000 0.000000
[9] 0.030000 0.290000 0.000000
[10] 0.010000 0.300000 0.000000
[11] 0.000000 0.310000 0.000000
[12] 0.000000 0.320000 0.000000
[13] 0.010000 0.330000 0.000000
[14] 0.020000 0.330000 0.000000
[15] 0.030000 0.370000 0.000000
[16] 0.030000 0.390000 0.000000
[17] 0.030000 0.410000 0.000000
[18] 0.020000 0.420000 0.000000
[19] 0.000000 0.430000 0.000000
[20] 0.020000 0.460000 0.000000
[21] 0.010000 0.500000 0.000000
[22] 0.010000 0.500000 0.000000
[23] 0.010000 0.500000 0.000000
[24] 0.030000 0.530000 0.000000
[25] 0.010000 0.560000 0.000000
[26] 0.020000 0.580000 0.000000
[27] 0.000000 0.590000 0.000000
[28] 0.020000 0.600000 0.000000
[29] 0.030000 0.630000 0.000000
[30] 0.020000 0.630000 0.000000
[31] 0.030000 0.650000 0.000000
[32] 0.030000 0.690000 0.000000
[33] 0.020000 0.710000 0.000000
[34] 0.010000 0.740000 0.000000
[35] 0.020000 0.780000 0.000000
[36] 0.010000 0.810000 0.000000
[37] 0.020000 0.840000 0.000000
[38] 0.010000 0.860000 0.000000
[39] 0.030000 0.860000 0.000000
[40] 0.040000 0.870000 0.000000
[41] 0.020000 0.910000 0.000000
[42] 0.000000 0.920000 0.000000
[43] 0.030000 0.950000 0.000000
[44] 0.020000 0.980000 0.000000
[45] 0.040000 1.000000 0.000000
[46] 0.040000 1.010000 0.000000
[47] 0.020000 1.020000 0.000000
[48] 0.020000 1.030000 0.000000
[49] 0.030000 1.050000 0.000000
[50] 0.010000 1.080000 0.000000
[51] 0.010000 1.110000 0.000000
[52] 0.050000 1.140000 0.000000
[53] 0.030000 1.140000 0.000000
[54] 0.020000 1.170000 0.000000
[55] 0.020000 1.200000 0.000000
[56] 0.020000 1.230000 0.000000
[57] 0.010000 1.240000 0.000000
[58] 0.020000 1.240000 0.000000
[59] 0.000000 1.290000 0.000000
[60] 0.020000 1.320000 0.000000
[61] 0.020000 1.340000 0.000000
[62] 0.040000 1.370000 0.000000
[63] 0.060000 1.390000 0.000000

128
[0] 0.080000 0.040000 0.110000
[1] 0.150000 0.160000 0.000000
[2] 0.040000 0.030000 0.000000
[3] 0.030000 0.060000 0.000000
[4] 0.040000 0.080000 0.000000
[5] 0.020000 0.130000 0.000000
[6] 0.000000 0.150000 0.000000
[7] 0.010000 0.150000 0.000000
[8] 0.010000 0.160000 0.000000
[9] 0.020000 0.180000 0.000000
[10] 0.000000 0.200000 0.000000
[11] 0.000000 0.220000 0.000000
[12] 0.020000 0.260000 0.000000
[13] 0.060000 0.290000 0.000000
[14] 0.020000 0.350000 0.000000
[15] 0.020000 0.360000 0.000000
[16] 0.000000 0.380000 0.000000
[17] 0.020000 0.380000 0.000000
[18] 0.020000 0.410000 0.000000
[19] 0.010000 0.440000 0.000000
[20] 0.030000 0.450000 0.000000
[21] 0.030000 0.460000 0.000000
[22] 0.040000 0.460000 0.000000
[23] 0.020000 0.470000 0.000000
[24] 0.010000 0.480000 0.000000
[25] 0.010000 0.490000 0.000000
[26] 0.020000 0.520000 0.000000
[27] 0.010000 0.530000 0.000000
[28] 0.040000 0.530000 0.000000
[29] 0.030000 0.540000 0.000000
[30] 0.010000 0.560000 0.000000
[31] 0.020000 0.590000 0.000000
[32] 0.020000 0.610000 0.000000
[33] 0.030000 0.630000 0.000000
[34] 0.010000 0.650000 0.000000
[35] 0.020000 0.650000 0.000000
[36] 0.020000 0.670000 0.000000
[37] 0.000000 0.670000 0.000000
[38] 0.020000 0.680000 0.000000
[39] 0.010000 0.690000 0.000000
[40] 0.010000 0.700000 0.000000
[41] 0.000000 0.730000 0.000000
[42] 0.010000 0.760000 0.000000
[43] 0.010000 0.780000 0.000000
[44] 0.010000 0.790000 0.000000
[45] 0.030000 0.790000 0.000000
[46] 0.010000 0.810000 0.000000
[47] 0.000000 0.840000 0.000000
[48] 0.000000 0.840000 0.000000
[49] 0.010000 0.860000 0.000000
[50] 0.010000 0.870000 0.000000
[51] 0.020000 0.910000 0.000000
[52] 0.020000 0.930000 0.000000
[53] 0.010000 0.940000 0.000000
[54] 0.020000 0.960000 0.000000
[55] 0.040000 0.970000 0.000000
[56] 0.000000 1.000000 0.000000
[57] 0.010000 1.020000 0.000000
[58] 0.030000 1.020000 0.000000
[59] 0.030000 1.030000 0.000000
[60] 0.000000 1.040000 0.000000
[61] 0.030000 1.040000 0.000000
[62] 0.030000 1.060000 0.000000
[63] 0.020000 1.090000 0.000000
[64] 0.010000 1.110000 0.000000
[65] 0.010000 1.150000 0.000000
[66] 0.010000 1.180000 0.000000
[67] 0.040000 1.180000 0.000000
[68] 0.010000 1.190000 0.000000
[69] 0.020000 1.200000 0.000000
[70] 0.030000 1.210000 0.000000
[71] 0.020000 1.210000 0.000000
[72] 0.030000 1.230000 0.000000
[73] 0.010000 1.250000 0.000000
[74] 0.000000 1.260000 0.000000
[75] 0.010000 1.260000 0.000000
[76] 0.020000 1.280000 0.000000
[77] 0.000000 1.290000 0.000000
[78] 0.010000 1.310000 0.000000
[79] 0.010000 1.330000 0.000000
[80] 0.000000 1.350000 0.000000
[81] 0.010000 1.350000 0.000000
[82] 0.010000 1.360000 0.000000
[83] 0.010000 1.380000 0.000000
[84] 0.010000 1.390000 0.000000
[85] 0.000000 1.400000 0.000000
[86] 0.000000 1.420000 0.000000
[87] 0.020000 1.430000 0.000000
[88] 0.000000 1.440000 0.000000
[89] 0.020000 1.490000 0.000000
[90] 0.030000 1.500000 0.000000
[91] 0.020000 1.510000 0.000000
[92] 0.050000 1.510000 0.000000
[93] 0.000000 1.520000 0.000000
[94] 0.020000 1.530000 0.000000
[95] 0.030000 1.540000 0.000000
[96] 0.040000 1.550000 0.000000
[97] 0.050000 1.550000 0.000000
[98] 0.000000 1.550000 0.000000
[99] 0.020000 1.570000 0.000000
[100] 0.030000 1.580000 0.000000
[101] 0.000000 1.590000 0.000000
[102] 0.020000 1.600000 0.000000
[103] 0.000000 1.610000 0.000000
[104] 0.020000 1.620000 0.000000
[105] 0.010000 1.640000 0.000000
[106] 0.020000 1.690000 0.000000
[107] 0.020000 1.700000 0.000000
[108] 0.020000 1.730000 0.000000
[109] 0.030000 1.760000 0.000000
[110] 0.040000 1.760000 0.000000
[111] 0.030000 1.790000 0.000000
[112] 0.010000 1.790000 0.000000
[113] 0.010000 1.820000 0.000000
[114] 0.010000 1.840000 0.000000
[115] 0.020000 1.860000 0.000000
[116] 0.010000 1.870000 0.000000
[117] 0.010000 1.870000 0.000000
[118] 0.010000 1.890000 0.000000
[119] 0.010000 1.890000 0.000000
[120] 0.020000 1.890000 0.000000
[121] 0.000000 1.950000 0.000000
[122] 0.020000 1.980000 0.000000
[123] 0.000000 1.990000 0.000000
[124] 0.020000 2.010000 0.000000
[125] 0.050000 2.020000 0.000000
[126] 0.010000 2.030000 0.000000
[127] 0.000000 2.060000 0.000000

256
[0] 0.150000 0.050000 0.120000
[1] 0.250000 0.180000 0.000000
[2] 0.050000 0.050000 0.000000
[3] 0.020000 0.070000 0.000000
[4] 0.000000 0.170000 0.000000
[5] 0.050000 0.220000 0.000000
[6] 0.040000 0.220000 0.000000
[7] 0.010000 0.270000 0.000000
[8] 0.010000 0.280000 0.000000
[9] 0.030000 0.290000 0.000000
[10] 0.020000 0.300000 0.000000
[11] 0.020000 0.330000 0.000000
[12] 0.000000 0.340000 0.000000
[13] 0.020000 0.370000 0.000000
[14] 0.020000 0.370000 0.000000
[15] 0.030000 0.410000 0.000000
[16] 0.020000 0.470000 0.000000
[17] 0.000000 0.480000 0.000000
[18] 0.030000 0.520000 0.000000
[19] 0.060000 0.530000 0.000000
[20] 0.000000 0.530000 0.000000
[21] 0.040000 0.530000 0.000000
[22] 0.030000 0.570000 0.000000
[23] 0.020000 0.580000 0.000000
[24] 0.040000 0.610000 0.000000
[25] 0.010000 0.620000 0.000000
[26] 0.020000 0.650000 0.000000
[27] 0.030000 0.690000 0.000000
[28] 0.060000 0.700000 0.000000
[29] 0.020000 0.700000 0.000000
[30] 0.040000 0.720000 0.000000
[31] 0.030000 0.730000 0.000000
[32] 0.030000 0.770000 0.000000
[33] 0.000000 0.790000 0.000000
[34] 0.020000 0.790000 0.000000
[35] 0.030000 0.810000 0.000000
[36] 0.010000 0.810000 0.000000
[37] 0.030000 0.820000 0.000000
[38] 0.030000 0.840000 0.000000
[39] 0.040000 0.860000 0.000000
[40] 0.000000 0.870000 0.000000
[41] 0.020000 0.880000 0.000000
[42] 0.030000 0.890000 0.000000
[43] 0.030000 0.900000 0.000000
[44] 0.010000 0.940000 0.000000
[45] 0.040000 0.940000 0.000000
[46] 0.010000 0.950000 0.000000
[47] 0.020000 0.960000 0.000000
[48] 0.050000 0.960000 0.000000
[49] 0.000000 0.970000 0.000000
[50] 0.030000 0.990000 0.000000
[51] 0.010000 1.030000 0.000000
[52] 0.040000 1.050000 0.000000
[53] 0.050000 1.080000 0.000000
[54] 0.010000 1.120000 0.000000
[55] 0.020000 1.130000 0.000000
[56] 0.000000 1.190000 0.000000
[57] 0.020000 1.200000 0.000000
[58] 0.040000 1.220000 0.000000
[59] 0.020000 1.260000 0.000000
[60] 0.010000 1.270000 0.000000
[61] 0.000000 1.280000 0.000000
[62] 0.010000 1.300000 0.000000
[63] 0.030000 1.300000 0.000000
[64] 0.020000 1.310000 0.000000
[65] 0.000000 1.320000 0.000000
[66] 0.030000 1.330000 0.000000
[67] 0.020000 1.330000 0.000000
[68] 0.020000 1.330000 0.000000
[69] 0.010000 1.350000 0.000000
[70] 0.000000 1.360000 0.000000
[71] 0.050000 1.410000 0.000000
[72] 0.050000 1.420000 0.000000
[73] 0.010000 1.450000 0.000000
[74] 0.010000 1.470000 0.000000
[75] 0.030000 1.480000 0.000000
[76] 0.010000 1.490000 0.000000
[77] 0.020000 1.530000 0.000000
[78] 0.030000 1.550000 0.000000
[79] 0.020000 1.550000 0.000000
[80] 0.060000 1.590000 0.000000
[81] 0.020000 1.620000 0.000000
[82] 0.000000 1.670000 0.000000
[83] 0.000000 1.670000 0.000000
[84] 0.020000 1.710000 0.000000
[85] 0.040000 1.720000 0.000000
[86] 0.010000 1.740000 0.000000
[87] 0.020000 1.760000 0.000000
[88] 0.020000 1.790000 0.000000
[89] 0.020000 1.800000 0.000000
[90] 0.020000 1.830000 0.000000
[91] 0.010000 1.850000 0.000000
[92] 0.020000 1.870000 0.000000
[93] 0.000000 1.870000 0.000000
[94] 0.030000 1.890000 0.000000
[95] 0.020000 1.910000 0.000000
[96] 0.040000 1.920000 0.000000
[97] 0.000000 1.950000 0.000000
[98] 0.030000 1.970000 0.000000
[99] 0.010000 1.990000 0.000000
[100] 0.030000 2.000000 0.000000
[101] 0.020000 2.010000 0.000000
[102] 0.010000 2.030000 0.000000
[103] 0.010000 2.050000 0.000000
[104] 0.020000 2.060000 0.000000
[105] 0.010000 2.070000 0.000000
[106] 0.010000 2.070000 0.000000
[107] 0.010000 2.080000 0.000000
[108] 0.030000 2.090000 0.000000
[109] 0.020000 2.090000 0.000000
[110] 0.020000 2.130000 0.000000
[111] 0.030000 2.130000 0.000000
[112] 0.010000 2.150000 0.000000
[113] 0.000000 2.160000 0.000000
[114] 0.010000 2.170000 0.000000
[115] 0.030000 2.200000 0.000000
[116] 0.010000 2.220000 0.000000
[117] 0.040000 2.230000 0.000000
[118] 0.010000 2.260000 0.000000
[119] 0.000000 2.280000 0.000000
[120] 0.000000 2.290000 0.000000
[121] 0.020000 2.290000 0.000000
[122] 0.000000 2.310000 0.000000
[123] 0.020000 2.350000 0.000000
[124] 0.040000 2.390000 0.000000
[125] 0.020000 2.390000 0.000000
[126] 0.020000 2.400000 0.000000
[127] 0.010000 2.430000 0.000000
[128] 0.020000 2.450000 0.000000
[129] 0.010000 2.450000 0.000000
[130] 0.000000 2.460000 0.000000
[131] 0.020000 2.490000 0.000000
[132] 0.010000 2.520000 0.000000
[133] 0.050000 2.550000 0.000000
[134] 0.010000 2.550000 0.000000
[135] 0.050000 2.560000 0.000000
[136] 0.010000 2.580000 0.000000
[137] 0.040000 2.590000 0.000000
[138] 0.030000 2.600000 0.000000
[139] 0.000000 2.610000 0.000000
[140] 0.010000 2.630000 0.000000
[141] 0.030000 2.650000 0.000000
[142] 0.000000 2.660000 0.000000
[143] 0.020000 2.680000 0.000000
[144] 0.010000 2.710000 0.000000
[145] 0.000000 2.750000 0.000000
[146] 0.010000 2.760000 0.000000
[147] 0.030000 2.760000 0.000000
[148] 0.000000 2.760000 0.000000
[149] 0.030000 2.800000 0.000000
[150] 0.040000 2.820000 0.000000
[151] 0.000000 2.830000 0.000000
[152] 0.060000 2.830000 0.000000
[153] 0.010000 2.830000 0.000000
[154] 0.020000 2.840000 0.000000
[155] 0.020000 2.860000 0.000000
[156] 0.020000 2.870000 0.000000
[157] 0.020000 2.900000 0.000000
[158] 0.040000 2.960000 0.000000
[159] 0.000000 2.980000 0.000000
[160] 0.020000 2.980000 0.000000
[161] 0.010000 3.000000 0.000000
[162] 0.020000 3.010000 0.000000
[163] 0.030000 3.020000 0.000000
[164] 0.020000 3.050000 0.000000
[165] 0.030000 3.080000 0.000000
[166] 0.030000 3.110000 0.000000
[167] 0.030000 3.120000 0.000000
[168] 0.000000 3.120000 0.000000
[169] 0.010000 3.150000 0.000000
[170] 0.020000 3.180000 0.000000
[171] 0.030000 3.200000 0.000000
[172] 0.040000 3.200000 0.000000
[173] 0.020000 3.220000 0.000000
[174] 0.030000 3.220000 0.000000
[175] 0.060000 3.240000 0.000000
[176] 0.020000 3.250000 0.000000
[177] 0.030000 3.270000 0.000000
[178] 0.000000 3.280000 0.000000
[179] 0.020000 3.290000 0.000000
[180] 0.000000 3.310000 0.000000
[181] 0.010000 3.320000 0.000000
[182] 0.020000 3.350000 0.000000
[183] 0.010000 3.380000 0.000000
[184] 0.000000 3.390000 0.000000
[185] 0.010000 3.400000 0.000000
[186] 0.020000 3.420000 0.000000
[187] 0.020000 3.460000 0.000000
[188] 0.030000 3.480000 0.000000
[189] 0.040000 3.480000 0.000000
[190] 0.020000 3.490000 0.000000
[191] 0.020000 3.510000 0.000000
[192] 0.030000 3.520000 0.000000
[193] 0.010000 3.530000 0.000000
[194] 0.040000 3.540000 0.000000
[195] 0.040000 3.580000 0.000000
[196] 0.010000 3.580000 0.000000
[197] 0.040000 3.590000 0.000000
[198] 0.020000 3.620000 0.000000
[199] 0.030000 3.640000 0.000000
[200] 0.020000 3.660000 0.000000
[201] 0.020000 3.660000 0.000000
[202] 0.050000 3.680000 0.000000
[203] 0.000000 3.700000 0.000000
[204] 0.020000 3.710000 0.000000
[205] 0.030000 3.710000 0.000000
[206] 0.000000 3.710000 0.000000
[207] 0.010000 3.710000 0.000000
[208] 0.020000 3.720000 0.000000
[209] 0.020000 3.720000 0.000000
[210] 0.020000 3.740000 0.000000
[211] 0.040000 3.750000 0.000000
[212] 0.000000 3.770000 0.000000
[213] 0.000000 3.790000 0.000000
[214] 0.010000 3.810000 0.000000
[215] 0.020000 3.840000 0.000000
[216] 0.040000 3.880000 0.000000
[217] 0.010000 3.930000 0.000000
[218] 0.020000 3.950000 0.000000
[219] 0.010000 3.970000 0.000000
[220] 0.020000 4.000000 0.000000
[221] 0.020000 4.020000 0.000000
[222] 0.000000 4.030000 0.000000
[223] 0.000000 4.050000 0.000000
[224] 0.030000 4.060000 0.000000
[225] 0.010000 4.100000 0.000000
[226] 0.010000 4.110000 0.000000
[227] 0.030000 4.110000 0.000000
[228] 0.000000 4.110000 0.000000
[229] 0.020000 4.110000 0.000000
[230] 0.000000 4.120000 0.000000
[231] 0.020000 4.120000 0.000000
[232] 0.000000 4.160000 0.000000
[233] 0.010000 4.200000 0.000000
[234] 0.000000 4.200000 0.000000
[235] 0.010000 4.200000 0.000000
[236] 0.010000 4.200000 0.000000
[237] 0.020000 4.220000 0.000000
[238] 0.030000 4.240000 0.000000
[239] 0.000000 4.250000 0.000000
[240] 0.020000 4.250000 0.000000
[241] 0.010000 4.260000 0.000000
[242] 0.020000 4.260000 0.000000
[243] 0.020000 4.290000 0.000000
[244] 0.030000 4.300000 0.000000
[245] 0.030000 4.320000 0.000000
[246] 0.010000 4.330000 0.000000
[247] 0.010000 4.340000 0.000000
[248] 0.000000 4.340000 0.000000
[249] 0.010000 4.340000 0.000000
[250] 0.030000 4.350000 0.000000
[251] 0.020000 4.350000 0.000000
[252] 0.010000 4.390000 0.000000
[253] 0.020000 4.410000 0.000000
[254] 0.000000 4.410000 0.000000
[255] 0.020000 4.420000 0.000000

512
[0] 0.020000 0.010000 0.100000
[1] 0.110000 0.110000 0.000000
[2] 0.050000 0.020000 0.000000
[3] 0.080000 0.050000 0.000000
[4] 0.010000 0.120000 0.000000
[5] 0.000000 0.180000 0.000000
[6] 0.010000 0.220000 0.000000
[7] 0.040000 0.240000 0.000000
[8] 0.020000 0.280000 0.000000
[9] 0.030000 0.290000 0.000000
[10] 0.020000 0.310000 0.000000
[11] 0.000000 0.340000 0.000000
[12] 0.010000 0.350000 0.000000
[13] 0.020000 0.370000 0.000000
[14] 0.010000 0.410000 0.000000
[15] 0.020000 0.420000 0.000000
[16] 0.030000 0.430000 0.000000
[17] 0.010000 0.460000 0.000000
[18] 0.030000 0.470000 0.000000
[19] 0.030000 0.470000 0.000000
[20] 0.020000 0.480000 0.000000
[21] 0.010000 0.500000 0.000000
[22] 0.020000 0.500000 0.000000
[23] 0.020000 0.510000 0.000000
[24] 0.020000 0.520000 0.000000
[25] 0.010000 0.540000 0.000000
[26] 0.010000 0.590000 0.000000
[27] 0.020000 0.600000 0.000000
[28] 0.010000 0.610000 0.000000
[29] 0.010000 0.650000 0.000000
[30] 0.020000 0.650000 0.000000
[31] 0.010000 0.660000 0.000000
[32] 0.030000 0.660000 0.000000
[33] 0.020000 0.670000 0.000000
[34] 0.000000 0.700000 0.000000
[35] 0.030000 0.730000 0.000000
[36] 0.000000 0.750000 0.000000
[37] 0.010000 0.770000 0.000000
[38] 0.020000 0.780000 0.000000
[39] 0.010000 0.790000 0.000000
[40] 0.020000 0.800000 0.000000
[41] 0.000000 0.850000 0.000000
[42] 0.000000 0.870000 0.000000
[43] 0.030000 0.890000 0.000000
[44] 0.030000 0.900000 0.000000
[45] 0.020000 0.900000 0.000000
[46] 0.020000 0.910000 0.000000
[47] 0.020000 0.920000 0.000000
[48] 0.010000 0.920000 0.000000
[49] 0.040000 0.940000 0.000000
[50] 0.020000 1.000000 0.000000
[51] 0.020000 1.010000 0.000000
[52] 0.010000 1.010000 0.000000
[53] 0.020000 1.010000 0.000000
[54] 0.030000 1.020000 0.000000
[55] 0.030000 1.030000 0.000000
[56] 0.000000 1.060000 0.000000
[57] 0.020000 1.080000 0.000000
[58] 0.030000 1.120000 0.000000
[59] 0.010000 1.140000 0.000000
[60] 0.010000 1.180000 0.000000
[61] 0.000000 1.180000 0.000000
[62] 0.010000 1.220000 0.000000
[63] 0.010000 1.240000 0.000000
[64] 0.010000 1.240000 0.000000
[65] 0.020000 1.260000 0.000000
[66] 0.010000 1.270000 0.000000
[67] 0.030000 1.310000 0.000000
[68] 0.020000 1.330000 0.000000
[69] 0.000000 1.360000 0.000000
[70] 0.020000 1.380000 0.000000
[71] 0.000000 1.390000 0.000000
[72] 0.020000 1.410000 0.000000
[73] 0.000000 1.430000 0.000000
[74] 0.010000 1.440000 0.000000
[75] 0.020000 1.440000 0.000000
[76] 0.010000 1.450000 0.000000
[77] 0.010000 1.470000 0.000000
[78] 0.020000 1.510000 0.000000
[79] 0.000000 1.520000 0.000000
[80] 0.000000 1.520000 0.000000
[81] 0.020000 1.530000 0.000000
[82] 0.000000 1.570000 0.000000
[83] 0.020000 1.580000 0.000000
[84] 0.020000 1.590000 0.000000
[85] 0.010000 1.600000 0.000000
[86] 0.000000 1.600000 0.000000
[87] 0.010000 1.630000 0.000000
[88] 0.020000 1.650000 0.000000
[89] 0.040000 1.690000 0.000000
[90] 0.020000 1.720000 0.000000
[91] 0.000000 1.740000 0.000000
[92] 0.000000 1.740000 0.000000
[93] 0.010000 1.760000 0.000000
[94] 0.010000 1.780000 0.000000
[95] 0.020000 1.790000 0.000000
[96] 0.000000 1.800000 0.000000
[97] 0.020000 1.840000 0.000000
[98] 0.030000 1.880000 0.000000
[99] 0.010000 1.890000 0.000000
[100] 0.010000 1.900000 0.000000
[101] 0.010000 1.940000 0.000000
[102] 0.010000 1.960000 0.000000
[103] 0.030000 1.970000 0.000000
[104] 0.010000 1.980000 0.000000
[105] 0.020000 1.990000 0.000000
[106] 0.000000 1.990000 0.000000
[107] 0.010000 2.040000 0.000000
[108] 0.010000 2.060000 0.000000
[109] 0.020000 2.080000 0.000000
[110] 0.020000 2.080000 0.000000
[111] 0.020000 2.080000 0.000000
[112] 0.020000 2.100000 0.000000
[113] 0.000000 2.110000 0.000000
[114] 0.020000 2.150000 0.000000
[115] 0.020000 2.170000 0.000000
[116] 0.030000 2.180000 0.000000
[117] 0.010000 2.190000 0.000000
[118] 0.000000 2.220000 0.000000
[119] 0.010000 2.260000 0.000000
[120] 0.010000 2.290000 0.000000
[121] 0.010000 2.310000 0.000000
[122] 0.010000 2.310000 0.000000
[123] 0.010000 2.320000 0.000000
[124] 0.020000 2.350000 0.000000
[125] 0.020000 2.380000 0.000000
[126] 0.000000 2.390000 0.000000
[127] 0.020000 2.420000 0.000000
[128] 0.020000 2.450000 0.000000
[129] 0.010000 2.490000 0.000000
[130] 0.020000 2.500000 0.000000
[131] 0.040000 2.520000 0.000000
[132] 0.010000 2.540000 0.000000
[133] 0.010000 2.560000 0.000000
[134] 0.030000 2.590000 0.000000
[135] 0.030000 2.630000 0.000000
[136] 0.010000 2.660000 0.000000
[137] 0.000000 2.670000 0.000000
[138] 0.030000 2.670000 0.000000
[139] 0.020000 2.700000 0.000000
[140] 0.030000 2.720000 0.000000
[141] 0.010000 2.730000 0.000000
[142] 0.010000 2.750000 0.000000
[143] 0.040000 2.760000 0.000000
[144] 0.030000 2.760000 0.000000
[145] 0.020000 2.770000 0.000000
[146] 0.020000 2.770000 0.000000
[147] 0.000000 2.770000 0.000000
[148] 0.000000 2.780000 0.000000
[149] 0.020000 2.790000 0.000000
[150] 0.010000 2.820000 0.000000
[151] 0.040000 2.840000 0.000000
[152] 0.030000 2.850000 0.000000
[153] 0.010000 2.890000 0.000000
[154] 0.000000 2.910000 0.000000
[155] 0.020000 2.950000 0.000000
[156] 0.020000 2.970000 0.000000
[157] 0.020000 2.990000 0.000000
[158] 0.020000 3.000000 0.000000
[159] 0.030000 3.010000 0.000000
[160] 0.000000 3.020000 0.000000
[161] 0.030000 3.040000 0.000000
[162] 0.000000 3.050000 0.000000
[163] 0.050000 3.070000 0.000000
[164] 0.000000 3.090000 0.000000
[165] 0.010000 3.110000 0.000000
[166] 0.000000 3.140000 0.000000
[167] 0.010000 3.170000 0.000000
[168] 0.010000 3.200000 0.000000
[169] 0.050000 3.220000 0.000000
[170] 0.040000 3.240000 0.000000
[171] 0.010000 3.270000 0.000000
[172] 0.020000 3.280000 0.000000
[173] 0.000000 3.290000 0.000000
[174] 0.020000 3.300000 0.000000
[175] 0.000000 3.320000 0.000000
[176] 0.040000 3.340000 0.000000
[177] 0.010000 3.370000 0.000000
[178] 0.010000 3.380000 0.000000
[179] 0.000000 3.420000 0.000000
[180] 0.000000 3.440000 0.000000
[181] 0.040000 3.450000 0.000000
[182] 0.020000 3.450000 0.000000
[183] 0.030000 3.460000 0.000000
[184] 0.010000 3.470000 0.000000
[185] 0.000000 3.470000 0.000000
[186] 0.020000 3.480000 0.000000
[187] 0.020000 3.500000 0.000000
[188] 0.010000 3.540000 0.000000
[189] 0.000000 3.580000 0.000000
[190] 0.000000 3.610000 0.000000
[191] 0.010000 3.620000 0.000000
[192] 0.010000 3.640000 0.000000
[193] 0.040000 3.650000 0.000000
[194] 0.010000 3.670000 0.000000
[195] 0.030000 3.680000 0.000000
[196] 0.010000 3.690000 0.000000
[197] 0.040000 3.690000 0.000000
[198] 0.010000 3.700000 0.000000
[199] 0.030000 3.730000 0.000000
[200] 0.010000 3.750000 0.000000
[201] 0.010000 3.770000 0.000000
[202] 0.010000 3.770000 0.000000
[203] 0.020000 3.800000 0.000000
[204] 0.020000 3.820000 0.000000
[205] 0.010000 3.840000 0.000000
[206] 0.010000 3.860000 0.000000
[207] 0.020000 3.880000 0.000000
[208] 0.010000 3.880000 0.000000
[209] 0.040000 3.910000 0.000000
[210] 0.010000 3.940000 0.000000
[211] 0.010000 3.970000 0.000000
[212] 0.030000 4.000000 0.000000
[213] 0.020000 4.010000 0.000000
[214] 0.030000 4.040000 0.000000
[215] 0.020000 4.050000 0.000000
[216] 0.000000 4.070000 0.000000
[217] 0.010000 4.090000 0.000000
[218] 0.020000 4.120000 0.000000
[219] 0.010000 4.140000 0.000000
[220] 0.020000 4.160000 0.000000
[221] 0.020000 4.180000 0.000000
[222] 0.010000 4.190000 0.000000
[223] 0.030000 4.200000 0.000000
[224] 0.000000 4.220000 0.000000
[225] 0.020000 4.240000 0.000000
[226] 0.010000 4.240000 0.000000
[227] 0.030000 4.270000 0.000000
[228] 0.000000 4.300000 0.000000
[229] 0.010000 4.320000 0.000000
[230] 0.020000 4.340000 0.000000
[231] 0.020000 4.370000 0.000000
[232] 0.000000 4.410000 0.000000
[233] 0.020000 4.430000 0.000000
[234] 0.030000 4.440000 0.000000
[235] 0.020000 4.440000 0.000000
[236] 0.000000 4.500000 0.000000
[237] 0.000000 4.500000 0.000000
[238] 0.010000 4.510000 0.000000
[239] 0.020000 4.550000 0.000000
[240] 0.020000 4.580000 0.000000
[241] 0.010000 4.580000 0.000000
[242] 0.010000 4.610000 0.000000
[243] 0.030000 4.640000 0.000000
[244] 0.000000 4.650000 0.000000
[245] 0.020000 4.650000 0.000000
[246] 0.020000 4.700000 0.000000
[247] 0.010000 4.710000 0.000000
[248] 0.020000 4.720000 0.000000
[249] 0.040000 4.730000 0.000000
[250] 0.010000 4.740000 0.000000
[251] 0.020000 4.760000 0.000000
[252] 0.010000 4.770000 0.000000
[253] 0.010000 4.810000 0.000000
[254] 0.020000 4.810000 0.000000
[255] 0.010000 4.840000 0.000000
[256] 0.010000 4.860000 0.000000
[257] 0.000000 4.880000 0.000000
[258] 0.040000 4.900000 0.000000
[259] 0.010000 4.930000 0.000000
[260] 0.010000 4.950000 0.000000
[261] 0.020000 4.980000 0.000000
[262] 0.020000 4.980000 0.000000
[263] 0.030000 5.000000 0.000000
[264] 0.030000 5.020000 0.000000
[265] 0.000000 5.020000 0.000000
[266] 0.010000 5.040000 0.000000
[267] 0.000000 5.050000 0.000000
[268] 0.010000 5.050000 0.000000
[269] 0.010000 5.060000 0.000000
[270] 0.010000 5.080000 0.000000
[271] 0.020000 5.120000 0.000000
[272] 0.020000 5.160000 0.000000
[273] 0.000000 5.180000 0.000000
[274] 0.020000 5.200000 0.000000
[275] 0.030000 5.240000 0.000000
[276] 0.020000 5.250000 0.000000
[277] 0.010000 5.270000 0.000000
[278] 0.000000 5.270000 0.000000
[279] 0.020000 5.290000 0.000000
[280] 0.000000 5.300000 0.000000
[281] 0.000000 5.320000 0.000000
[282] 0.010000 5.330000 0.000000
[283] 0.030000 5.350000 0.000000
[284] 0.020000 5.370000 0.000000
[285] 0.010000 5.370000 0.000000
[286] 0.030000 5.370000 0.000000
[287] 0.010000 5.380000 0.000000
[288] 0.030000 5.420000 0.000000
[289] 0.040000 5.440000 0.000000
[290] 0.000000 5.440000 0.000000
[291] 0.010000 5.450000 0.000000
[292] 0.010000 5.460000 0.000000
[293] 0.010000 5.470000 0.000000
[294] 0.010000 5.480000 0.000000
[295] 0.020000 5.510000 0.000000
[296] 0.000000 5.540000 0.000000
[297] 0.040000 5.580000 0.000000
[298] 0.000000 5.610000 0.000000
[299] 0.040000 5.630000 0.000000
[300] 0.020000 5.650000 0.000000
[301] 0.020000 5.660000 0.000000
[302] 0.010000 5.680000 0.000000
[303] 0.020000 5.700000 0.000000
[304] 0.050000 5.710000 0.000000
[305] 0.040000 5.730000 0.000000
[306] 0.020000 5.740000 0.000000
[307] 0.010000 5.750000 0.000000
[308] 0.020000 5.760000 0.000000
[309] 0.030000 5.770000 0.000000
[310] 0.000000 5.820000 0.000000
[311] 0.030000 5.820000 0.000000
[312] 0.010000 5.820000 0.000000
[313] 0.010000 5.830000 0.000000
[314] 0.010000 5.850000 0.000000
[315] 0.000000 5.900000 0.000000
[316] 0.020000 5.910000 0.000000
[317] 0.010000 5.920000 0.000000
[318] 0.010000 5.960000 0.000000
[319] 0.020000 5.980000 0.000000
[320] 0.010000 5.990000 0.000000
[321] 0.020000 6.010000 0.000000
[322] 0.030000 6.030000 0.000000
[323] 0.000000 6.040000 0.000000
[324] 0.010000 6.080000 0.000000
[325] 0.000000 6.080000 0.000000
[326] 0.010000 6.130000 0.000000
[327] 0.000000 6.140000 0.000000
[328] 0.000000 6.160000 0.000000
[329] 0.050000 6.180000 0.000000
[330] 0.030000 6.190000 0.000000
[331] 0.020000 6.210000 0.000000
[332] 0.010000 6.210000 0.000000
[333] 0.020000 6.230000 0.000000
[334] 0.010000 6.270000 0.000000
[335] 0.000000 6.280000 0.000000
[336] 0.040000 6.340000 0.000000
[337] 0.030000 6.360000 0.000000
[338] 0.020000 6.370000 0.000000
[339] 0.020000 6.390000 0.000000
[340] 0.010000 6.390000 0.000000
[341] 0.000000 6.410000 0.000000
[342] 0.010000 6.440000 0.000000
[343] 0.010000 6.460000 0.000000
[344] 0.010000 6.470000 0.000000
[345] 0.020000 6.490000 0.000000
[346] 0.020000 6.500000 0.000000
[347] 0.030000 6.510000 0.000000
[348] 0.010000 6.540000 0.000000
[349] 0.010000 6.560000 0.000000
[350] 0.020000 6.590000 0.000000
[351] 0.040000 6.600000 0.000000
[352] 0.000000 6.620000 0.000000
[353] 0.010000 6.660000 0.000000
[354] 0.000000 6.690000 0.000000
[355] 0.020000 6.710000 0.000000
[356] 0.010000 6.710000 0.000000
[357] 0.010000 6.730000 0.000000
[358] 0.010000 6.740000 0.000000
[359] 0.020000 6.760000 0.000000
[360] 0.020000 6.790000 0.000000
[361] 0.010000 6.800000 0.000000
[362] 0.010000 6.830000 0.000000
[363] 0.010000 6.840000 0.000000
[364] 0.020000 6.890000 0.000000
[365] 0.000000 6.890000 0.000000
[366] 0.000000 6.900000 0.000000
[367] 0.040000 6.900000 0.000000
[368] 0.000000 6.900000 0.000000
[369] 0.040000 6.910000 0.000000
[370] 0.010000 6.910000 0.000000
[371] 0.000000 6.930000 0.000000
[372] 0.020000 6.950000 0.000000
[373] 0.010000 6.990000 0.000000
[374] 0.020000 7.000000 0.000000
[375] 0.010000 7.020000 0.000000
[376] 0.010000 7.030000 0.000000
[377] 0.030000 7.050000 0.000000
[378] 0.020000 7.050000 0.000000
[379] 0.020000 7.070000 0.000000
[380] 0.010000 7.070000 0.000000
[381] 0.030000 7.080000 0.000000
[382] 0.010000 7.090000 0.000000
[383] 0.020000 7.110000 0.000000
[384] 0.000000 7.120000 0.000000
[385] 0.010000 7.120000 0.000000
[386] 0.000000 7.130000 0.000000
[387] 0.000000 7.130000 0.000000
[388] 0.020000 7.170000 0.000000
[389] 0.010000 7.200000 0.000000
[390] 0.000000 7.210000 0.000000
[391] 0.020000 7.210000 0.000000
[392] 0.030000 7.210000 0.000000
[393] 0.000000 7.240000 0.000000
[394] 0.020000 7.240000 0.000000
[395] 0.020000 7.240000 0.000000
[396] 0.010000 7.240000 0.000000
[397] 0.000000 7.250000 0.000000
[398] 0.020000 7.250000 0.000000
[399] 0.020000 7.270000 0.000000
[400] 0.000000 7.290000 0.000000
[401] 0.010000 7.310000 0.000000
[402] 0.010000 7.310000 0.000000
[403] 0.000000 7.320000 0.000000
[404] 0.020000 7.340000 0.000000
[405] 0.010000 7.350000 0.000000
[406] 0.010000 7.370000 0.000000
[407] 0.010000 7.390000 0.000000
[408] 0.000000 7.410000 0.000000
[409] 0.000000 7.420000 0.000000
[410] 0.020000 7.430000 0.000000
[411] 0.010000 7.440000 0.000000
[412] 0.060000 7.440000 0.000000
[413] 0.020000 7.480000 0.000000
[414] 0.010000 7.490000 0.000000
[415] 0.000000 7.520000 0.000000
[416] 0.010000 7.550000 0.000000
[417] 0.030000 7.550000 0.000000
[418] 0.010000 7.550000 0.000000
[419] 0.010000 7.560000 0.000000
[420] 0.010000 7.580000 0.000000
[421] 0.020000 7.590000 0.000000
[422] 0.030000 7.600000 0.000000
[423] 0.020000 7.610000 0.000000
[424] 0.030000 7.630000 0.000000
[425] 0.010000 7.650000 0.000000
[426] 0.010000 7.660000 0.000000
[427] 0.030000 7.670000 0.000000
[428] 0.010000 7.700000 0.000000
[429] 0.000000 7.740000 0.000000
[430] 0.000000 7.750000 0.000000
[431] 0.000000 7.760000 0.000000
[432] 0.010000 7.770000 0.000000
[433] 0.020000 7.790000 0.000000
[434] 0.010000 7.800000 0.000000
[435] 0.010000 7.810000 0.000000
[436] 0.010000 7.820000 0.000000
[437] 0.010000 7.870000 0.000000
[438] 0.020000 7.870000 0.000000
[439] 0.020000 7.870000 0.000000
[440] 0.020000 7.880000 0.000000
[441] 0.010000 7.900000 0.000000
[442] 0.050000 7.930000 0.000000
[443] 0.020000 7.940000 0.000000
[444] 0.020000 7.940000 0.000000
[445] 0.010000 7.970000 0.000000
[446] 0.030000 7.990000 0.000000
[447] 0.040000 8.000000 0.000000
[448] 0.010000 8.010000 0.000000
[449] 0.020000 8.020000 0.000000
[450] 0.010000 8.060000 0.000000
[451] 0.030000 8.090000 0.000000
[452] 0.000000 8.100000 0.000000
[453] 0.000000 8.100000 0.000000
[454] 0.010000 8.110000 0.000000
[455] 0.010000 8.110000 0.000000
[456] 0.010000 8.120000 0.000000
[457] 0.010000 8.120000 0.000000
[458] 0.000000 8.120000 0.000000
[459] 0.020000 8.120000 0.000000
[460] 0.010000 8.130000 0.000000
[461] 0.010000 8.140000 0.000000
[462] 0.010000 8.150000 0.000000
[463] 0.030000 8.150000 0.000000
[464] 0.000000 8.150000 0.000000
[465] 0.000000 8.180000 0.000000
[466] 0.000000 8.200000 0.000000
[467] 0.030000 8.220000 0.000000
[468] 0.030000 8.220000 0.000000
[469] 0.000000 8.230000 0.000000
[470] 0.020000 8.260000 0.000000
[471] 0.040000 8.280000 0.000000
[472] 0.000000 8.280000 0.000000
[473] 0.020000 8.300000 0.000000
[474] 0.000000 8.320000 0.000000
[475] 0.000000 8.330000 0.000000
[476] 0.030000 8.340000 0.000000
[477] 0.020000 8.360000 0.000000
[478] 0.000000 8.360000 0.000000
[479] 0.030000 8.390000 0.000000
[480] 0.040000 8.400000 0.000000
[481] 0.030000 8.420000 0.000000
[482] 0.020000 8.450000 0.000000
[483] 0.030000 8.470000 0.000000
[484] 0.020000 8.470000 0.000000
[485] 0.010000 8.490000 0.000000
[486] 0.020000 8.520000 0.000000
[487] 0.000000 8.530000 0.000000
[488] 0.010000 8.560000 0.000000
[489] 0.030000 8.570000 0.000000
[490] 0.050000 8.610000 0.000000
[491] 0.010000 8.610000 0.000000
[492] 0.020000 8.640000 0.000000
[493] 0.010000 8.650000 0.000000
[494] 0.010000 8.680000 0.000000
[495] 0.020000 8.730000 0.000000
[496] 0.040000 8.740000 0.000000
[497] 0.010000 8.760000 0.000000
[498] 0.000000 8.780000 0.000000
[499] 0.020000 8.820000 0.000000
[500] 0.000000 8.830000 0.000000
[501] 0.000000 8.830000 0.000000
[502] 0.030000 8.860000 0.000000
[503] 0.010000 8.860000 0.000000
[504] 0.010000 8.870000 0.000000
[505] 0.010000 8.900000 0.000000
[506] 0.020000 8.900000 0.000000
[507] 0.000000 8.910000 0.000000
[508] 0.010000 8.910000 0.000000
[509] 0.020000 8.940000 0.000000
[510] 0.030000 8.980000 0.000000
[511] 0.000000 9.000000 0.000000

1024
[0] 0.060000 0.070000 0.110000
[1] 0.090000 0.150000 0.000000
[2] 0.050000 0.120000 0.000000
[3] 0.060000 0.120000 0.000000
[4] 0.010000 0.180000 0.000000
[5] 0.080000 0.280000 0.000000
[6] 0.050000 0.310000 0.000000
[7] 0.030000 0.330000 0.000000
[8] 0.020000 0.340000 0.000000
[9] 0.030000 0.360000 0.000000
[10] 0.000000 0.370000 0.000000
[11] 0.040000 0.370000 0.000000
[12] 0.080000 0.390000 0.000000
[13] 0.030000 0.440000 0.000000
[14] 0.020000 0.470000 0.000000
[15] 0.000000 0.490000 0.000000
[16] 0.040000 0.510000 0.000000
[17] 0.010000 0.540000 0.000000
[18] 0.030000 0.560000 0.000000
[19] 0.020000 0.590000 0.000000
[20] 0.020000 0.590000 0.000000
[21] 0.030000 0.630000 0.000000
[22] 0.010000 0.650000 0.000000
[23] 0.010000 0.660000 0.000000
[24] 0.010000 0.690000 0.000000
[25] 0.030000 0.710000 0.000000
[26] 0.030000 0.730000 0.000000
[27] 0.000000 0.740000 0.000000
[28] 0.020000 0.770000 0.000000
[29] 0.030000 0.770000 0.000000
[30] 0.010000 0.800000 0.000000
[31] 0.040000 0.820000 0.000000
[32] 0.010000 0.850000 0.000000
[33] 0.040000 0.850000 0.000000
[34] 0.020000 0.870000 0.000000
[35] 0.030000 0.900000 0.000000
[36] 0.050000 0.920000 0.000000
[37] 0.010000 0.920000 0.000000
[38] 0.000000 0.930000 0.000000
[39] 0.030000 0.940000 0.000000
[40] 0.000000 0.960000 0.000000
[41] 0.010000 1.000000 0.000000
[42] 0.010000 1.020000 0.000000
[43] 0.040000 1.020000 0.000000
[44] 0.050000 1.030000 0.000000
[45] 0.020000 1.030000 0.000000
[46] 0.010000 1.040000 0.000000
[47] 0.070000 1.040000 0.000000
[48] 0.020000 1.060000 0.000000
[49] 0.010000 1.130000 0.000000
[50] 0.030000 1.150000 0.000000
[51] 0.040000 1.170000 0.000000
[52] 0.010000 1.170000 0.000000
[53] 0.020000 1.180000 0.000000
[54] 0.020000 1.180000 0.000000
[55] 0.030000 1.200000 0.000000
[56] 0.000000 1.220000 0.000000
[57] 0.030000 1.230000 0.000000
[58] 0.020000 1.230000 0.000000
[59] 0.020000 1.250000 0.000000
[60] 0.010000 1.260000 0.000000
[61] 0.020000 1.270000 0.000000
[62] 0.020000 1.290000 0.000000
[63] 0.020000 1.340000 0.000000
[64] 0.030000 1.360000 0.000000
[65] 0.020000 1.390000 0.000000
[66] 0.010000 1.390000 0.000000
[67] 0.020000 1.410000 0.000000
[68] 0.020000 1.480000 0.000000
[69] 0.010000 1.520000 0.000000
[70] 0.010000 1.560000 0.000000
[71] 0.030000 1.560000 0.000000
[72] 0.010000 1.600000 0.000000
[73] 0.010000 1.620000 0.000000
[74] 0.020000 1.630000 0.000000
[75] 0.020000 1.650000 0.000000
[76] 0.010000 1.650000 0.000000
[77] 0.020000 1.660000 0.000000
[78] 0.010000 1.690000 0.000000
[79] 0.010000 1.690000 0.000000
[80] 0.010000 1.720000 0.000000
[81] 0.010000 1.770000 0.000000
[82] 0.030000 1.790000 0.000000
[83] 0.020000 1.810000 0.000000
[84] 0.010000 1.830000 0.000000
[85] 0.000000 1.850000 0.000000
[86] 0.000000 1.900000 0.000000
[87] 0.010000 1.920000 0.000000
[88] 0.060000 1.960000 0.000000
[89] 0.010000 2.000000 0.000000
[90] 0.000000 2.020000 0.000000
[91] 0.010000 2.030000 0.000000
[92] 0.000000 2.050000 0.000000
[93] 0.000000 2.070000 0.000000
[94] 0.030000 2.080000 0.000000
[95] 0.010000 2.110000 0.000000
[96] 0.020000 2.120000 0.000000
[97] 0.010000 2.170000 0.000000
[98] 0.010000 2.170000 0.000000
[99] 0.000000 2.180000 0.000000
[100] 0.020000 2.200000 0.000000
[101] 0.020000 2.200000 0.000000
[102] 0.010000 2.220000 0.000000
[103] 0.010000 2.220000 0.000000
[104] 0.030000 2.240000 0.000000
[105] 0.000000 2.240000 0.000000
[106] 0.010000 2.240000 0.000000
[107] 0.020000 2.250000 0.000000
[108] 0.020000 2.270000 0.000000
[109] 0.020000 2.280000 0.000000
[110] 0.020000 2.290000 0.000000
[111] 0.040000 2.310000 0.000000
[112] 0.030000 2.330000 0.000000
[113] 0.040000 2.360000 0.000000
[114] 0.020000 2.370000 0.000000
[115] 0.020000 2.420000 0.000000
[116] 0.010000 2.440000 0.000000
[117] 0.010000 2.470000 0.000000
[118] 0.020000 2.490000 0.000000
[119] 0.000000 2.490000 0.000000
[120] 0.030000 2.530000 0.000000
[121] 0.010000 2.570000 0.000000
[122] 0.000000 2.570000 0.000000
[123] 0.010000 2.600000 0.000000
[124] 0.000000 2.630000 0.000000
[125] 0.020000 2.670000 0.000000
[126] 0.030000 2.670000 0.000000
[127] 0.040000 2.680000 0.000000
[128] 0.020000 2.680000 0.000000
[129] 0.060000 2.720000 0.000000
[130] 0.050000 2.730000 0.000000
[131] 0.040000 2.740000 0.000000
[132] 0.010000 2.780000 0.000000
[133] 0.020000 2.790000 0.000000
[134] 0.020000 2.810000 0.000000
[135] 0.010000 2.840000 0.000000
[136] 0.000000 2.850000 0.000000
[137] 0.030000 2.890000 0.000000
[138] 0.000000 2.910000 0.000000
[139] 0.000000 2.920000 0.000000
[140] 0.040000 2.950000 0.000000
[141] 0.030000 2.980000 0.000000
[142] 0.010000 2.980000 0.000000
[143] 0.010000 3.000000 0.000000
[144] 0.010000 3.030000 0.000000
[145] 0.010000 3.050000 0.000000
[146] 0.000000 3.070000 0.000000
[147] 0.030000 3.110000 0.000000
[148] 0.030000 3.110000 0.000000
[149] 0.010000 3.120000 0.000000
[150] 0.010000 3.170000 0.000000
[151] 0.010000 3.180000 0.000000
[152] 0.010000 3.200000 0.000000
[153] 0.040000 3.210000 0.000000
[154] 0.000000 3.210000 0.000000
[155] 0.010000 3.220000 0.000000
[156] 0.000000 3.230000 0.000000
[157] 0.020000 3.230000 0.000000
[158] 0.000000 3.250000 0.000000
[159] 0.030000 3.300000 0.000000
[160] 0.020000 3.330000 0.000000
[161] 0.030000 3.330000 0.000000
[162] 0.000000 3.360000 0.000000
[163] 0.000000 3.380000 0.000000
[164] 0.030000 3.410000 0.000000
[165] 0.060000 3.430000 0.000000
[166] 0.020000 3.460000 0.000000
[167] 0.030000 3.490000 0.000000
[168] 0.000000 3.510000 0.000000
[169] 0.040000 3.560000 0.000000
[170] 0.000000 3.590000 0.000000
[171] 0.000000 3.590000 0.000000
[172] 0.020000 3.610000 0.000000
[173] 0.000000 3.610000 0.000000
[174] 0.000000 3.620000 0.000000
[175] 0.030000 3.650000 0.000000
[176] 0.050000 3.660000 0.000000
[177] 0.030000 3.670000 0.000000
[178] 0.020000 3.700000 0.000000
[179] 0.020000 3.710000 0.000000
[180] 0.020000 3.720000 0.000000
[181] 0.010000 3.750000 0.000000
[182] 0.010000 3.750000 0.000000
[183] 0.010000 3.770000 0.000000
[184] 0.000000 3.810000 0.000000
[185] 0.010000 3.820000 0.000000
[186] 0.010000 3.820000 0.000000
[187] 0.010000 3.830000 0.000000
[188] 0.010000 3.870000 0.000000
[189] 0.030000 3.910000 0.000000
[190] 0.010000 3.940000 0.000000
[191] 0.020000 3.940000 0.000000
[192] 0.010000 3.960000 0.000000
[193] 0.010000 3.980000 0.000000
[194] 0.010000 3.980000 0.000000
[195] 0.010000 4.010000 0.000000
[196] 0.010000 4.040000 0.000000
[197] 0.010000 4.050000 0.000000
[198] 0.010000 4.060000 0.000000
[199] 0.020000 4.070000 0.000000
[200] 0.000000 4.110000 0.000000
[201] 0.010000 4.120000 0.000000
[202] 0.010000 4.120000 0.000000
[203] 0.040000 4.120000 0.000000
[204] 0.010000 4.120000 0.000000
[205] 0.030000 4.130000 0.000000
[206] 0.000000 4.140000 0.000000
[207] 0.030000 4.200000 0.000000
[208] 0.010000 4.230000 0.000000
[209] 0.000000 4.240000 0.000000
[210] 0.000000 4.250000 0.000000
[211] 0.030000 4.260000 0.000000
[212] 0.030000 4.270000 0.000000
[213] 0.050000 4.290000 0.000000
[214] 0.030000 4.300000 0.000000
[215] 0.020000 4.320000 0.000000
[216] 0.000000 4.350000 0.000000
[217] 0.030000 4.380000 0.000000
[218] 0.030000 4.410000 0.000000
[219] 0.010000 4.420000 0.000000
[220] 0.040000 4.430000 0.000000
[221] 0.030000 4.440000 0.000000
[222] 0.010000 4.450000 0.000000
[223] 0.010000 4.450000 0.000000
[224] 0.000000 4.480000 0.000000
[225] 0.000000 4.500000 0.000000
[226] 0.010000 4.510000 0.000000
[227] 0.020000 4.520000 0.000000
[228] 0.000000 4.570000 0.000000
[229] 0.010000 4.580000 0.000000
[230] 0.000000 4.600000 0.000000
[231] 0.020000 4.610000 0.000000
[232] 0.020000 4.630000 0.000000
[233] 0.030000 4.680000 0.000000
[234] 0.020000 4.700000 0.000000
[235] 0.010000 4.720000 0.000000
[236] 0.030000 4.740000 0.000000
[237] 0.000000 4.760000 0.000000
[238] 0.000000 4.770000 0.000000
[239] 0.000000 4.790000 0.000000
[240] 0.000000 4.810000 0.000000
[241] 0.020000 4.840000 0.000000
[242] 0.010000 4.850000 0.000000
[243] 0.050000 4.900000 0.000000
[244] 0.020000 4.910000 0.000000
[245] 0.020000 4.930000 0.000000
[246] 0.010000 4.960000 0.000000
[247] 0.020000 5.000000 0.000000
[248] 0.030000 5.010000 0.000000
[249] 0.010000 5.050000 0.000000
[250] 0.010000 5.090000 0.000000
[251] 0.020000 5.120000 0.000000
[252] 0.020000 5.180000 0.000000
[253] 0.030000 5.180000 0.000000
[254] 0.020000 5.200000 0.000000
[255] 0.010000 5.210000 0.000000
[256] 0.020000 5.220000 0.000000
[257] 0.020000 5.230000 0.000000
[258] 0.010000 5.260000 0.000000
[259] 0.030000 5.280000 0.000000
[260] 0.030000 5.300000 0.000000
[261] 0.000000 5.320000 0.000000
[262] 0.030000 5.350000 0.000000
[263] 0.040000 5.360000 0.000000
[264] 0.010000 5.390000 0.000000
[265] 0.010000 5.440000 0.000000
[266] 0.030000 5.440000 0.000000
[267] 0.040000 5.450000 0.000000
[268] 0.040000 5.470000 0.000000
[269] 0.010000 5.470000 0.000000
[270] 0.010000 5.470000 0.000000
[271] 0.030000 5.510000 0.000000
[272] 0.000000 5.510000 0.000000
[273] 0.010000 5.540000 0.000000
[274] 0.040000 5.540000 0.000000
[275] 0.010000 5.570000 0.000000
[276] 0.000000 5.600000 0.000000
[277] 0.030000 5.620000 0.000000
[278] 0.000000 5.650000 0.000000
[279] 0.040000 5.670000 0.000000
[280] 0.020000 5.680000 0.000000
[281] 0.000000 5.710000 0.000000
[282] 0.030000 5.740000 0.000000
[283] 0.010000 5.750000 0.000000
[284] 0.000000 5.780000 0.000000
[285] 0.020000 5.830000 0.000000
[286] 0.010000 5.840000 0.000000
[287] 0.000000 5.850000 0.000000
[288] 0.020000 5.860000 0.000000
[289] 0.020000 5.870000 0.000000
[290] 0.000000 5.880000 0.000000
[291] 0.020000 5.910000 0.000000
[292] 0.020000 5.950000 0.000000
[293] 0.000000 5.980000 0.000000
[294] 0.020000 6.010000 0.000000
[295] 0.020000 6.010000 0.000000
[296] 0.010000 6.030000 0.000000
[297] 0.020000 6.040000 0.000000
[298] 0.010000 6.060000 0.000000
[299] 0.020000 6.070000 0.000000
[300] 0.030000 6.080000 0.000000
[301] 0.000000 6.110000 0.000000
[302] 0.010000 6.130000 0.000000
[303] 0.000000 6.140000 0.000000
[304] 0.000000 6.140000 0.000000
[305] 0.010000 6.140000 0.000000
[306] 0.020000 6.160000 0.000000
[307] 0.040000 6.170000 0.000000
[308] 0.020000 6.190000 0.000000
[309] 0.020000 6.210000 0.000000
[310] 0.020000 6.230000 0.000000
[311] 0.020000 6.250000 0.000000
[312] 0.030000 6.300000 0.000000
[313] 0.000000 6.300000 0.000000
[314] 0.020000 6.320000 0.000000
[315] 0.040000 6.330000 0.000000
[316] 0.010000 6.340000 0.000000
[317] 0.010000 6.350000 0.000000
[318] 0.040000 6.380000 0.000000
[319] 0.000000 6.400000 0.000000
[320] 0.020000 6.410000 0.000000
[321] 0.000000 6.430000 0.000000
[322] 0.020000 6.460000 0.000000
[323] 0.000000 6.480000 0.000000
[324] 0.000000 6.480000 0.000000
[325] 0.020000 6.510000 0.000000
[326] 0.020000 6.520000 0.000000
[327] 0.010000 6.540000 0.000000
[328] 0.000000 6.560000 0.000000
[329] 0.000000 6.580000 0.000000
[330] 0.020000 6.600000 0.000000
[331] 0.010000 6.620000 0.000000
[332] 0.040000 6.630000 0.000000
[333] 0.000000 6.650000 0.000000
[334] 0.010000 6.650000 0.000000
[335] 0.010000 6.700000 0.000000
[336] 0.040000 6.710000 0.000000
[337] 0.030000 6.710000 0.000000
[338] 0.010000 6.720000 0.000000
[339] 0.030000 6.720000 0.000000
[340] 0.010000 6.740000 0.000000
[341] 0.010000 6.740000 0.000000
[342] 0.040000 6.770000 0.000000
[343] 0.020000 6.780000 0.000000
[344] 0.020000 6.800000 0.000000
[345] 0.020000 6.800000 0.000000
[346] 0.030000 6.810000 0.000000
[347] 0.010000 6.840000 0.000000
[348] 0.030000 6.880000 0.000000
[349] 0.020000 6.890000 0.000000
[350] 0.020000 6.900000 0.000000
[351] 0.020000 6.920000 0.000000
[352] 0.020000 6.930000 0.000000
[353] 0.020000 6.940000 0.000000
[354] 0.020000 6.960000 0.000000
[355] 0.010000 6.990000 0.000000
[356] 0.010000 7.010000 0.000000
[357] 0.020000 7.030000 0.000000
[358] 0.020000 7.050000 0.000000
[359] 0.020000 7.090000 0.000000
[360] 0.050000 7.100000 0.000000
[361] 0.010000 7.100000 0.000000
[362] 0.010000 7.110000 0.000000
[363] 0.020000 7.150000 0.000000
[364] 0.010000 7.170000 0.000000
[365] 0.010000 7.200000 0.000000
[366] 0.000000 7.210000 0.000000
[367] 0.040000 7.210000 0.000000
[368] 0.020000 7.220000 0.000000
[369] 0.020000 7.260000 0.000000
[370] 0.030000 7.280000 0.000000
[371] 0.010000 7.290000 0.000000
[372] 0.020000 7.330000 0.000000
[373] 0.010000 7.350000 0.000000
[374] 0.010000 7.370000 0.000000
[375] 0.000000 7.400000 0.000000
[376] 0.000000 7.410000 0.000000
[377] 0.010000 7.430000 0.000000
[378] 0.040000 7.440000 0.000000
[379] 0.020000 7.450000 0.000000
[380] 0.010000 7.490000 0.000000
[381] 0.010000 7.490000 0.000000
[382] 0.020000 7.500000 0.000000
[383] 0.030000 7.520000 0.000000
[384] 0.020000 7.520000 0.000000
[385] 0.000000 7.520000 0.000000
[386] 0.010000 7.550000 0.000000
[387] 0.030000 7.570000 0.000000
[388] 0.000000 7.610000 0.000000
[389] 0.010000 7.630000 0.000000
[390] 0.000000 7.660000 0.000000
[391] 0.010000 7.700000 0.000000
[392] 0.040000 7.710000 0.000000
[393] 0.030000 7.740000 0.000000
[394] 0.030000 7.790000 0.000000
[395] 0.000000 7.810000 0.000000
[396] 0.030000 7.840000 0.000000
[397] 0.000000 7.880000 0.000000
[398] 0.030000 7.890000 0.000000
[399] 0.010000 7.910000 0.000000
[400] 0.010000 7.920000 0.000000
[401] 0.030000 7.940000 0.000000
[402] 0.000000 7.950000 0.000000
[403] 0.050000 8.000000 0.000000
[404] 0.020000 8.040000 0.000000
[405] 0.040000 8.050000 0.000000
[406] 0.010000 8.080000 0.000000
[407] 0.020000 8.100000 0.000000
[408] 0.010000 8.110000 0.000000
[409] 0.010000 8.110000 0.000000
[410] 0.010000 8.170000 0.000000
[411] 0.030000 8.180000 0.000000
[412] 0.030000 8.190000 0.000000
[413] 0.010000 8.230000 0.000000
[414] 0.030000 8.260000 0.000000
[415] 0.020000 8.270000 0.000000
[416] 0.020000 8.300000 0.000000
[417] 0.000000 8.340000 0.000000
[418] 0.000000 8.380000 0.000000
[419] 0.020000 8.400000 0.000000
[420] 0.030000 8.420000 0.000000
[421] 0.010000 8.450000 0.000000
[422] 0.020000 8.460000 0.000000
[423] 0.010000 8.460000 0.000000
[424] 0.020000 8.480000 0.000000
[425] 0.010000 8.490000 0.000000
[426] 0.020000 8.510000 0.000000
[427] 0.020000 8.550000 0.000000
[428] 0.040000 8.570000 0.000000
[429] 0.030000 8.600000 0.000000
[430] 0.020000 8.610000 0.000000
[431] 0.010000 8.630000 0.000000
[432] 0.020000 8.640000 0.000000
[433] 0.020000 8.640000 0.000000
[434] 0.020000 8.640000 0.000000
[435] 0.020000 8.650000 0.000000
[436] 0.020000 8.650000 0.000000
[437] 0.010000 8.670000 0.000000
[438] 0.020000 8.680000 0.000000
[439] 0.020000 8.700000 0.000000
[440] 0.010000 8.720000 0.000000
[441] 0.010000 8.740000 0.000000
[442] 0.010000 8.740000 0.000000
[443] 0.030000 8.800000 0.000000
[444] 0.010000 8.840000 0.000000
[445] 0.000000 8.850000 0.000000
[446] 0.010000 8.860000 0.000000
[447] 0.050000 8.880000 0.000000
[448] 0.010000 8.960000 0.000000
[449] 0.010000 8.990000 0.000000
[450] 0.000000 9.000000 0.000000
[451] 0.000000 9.010000 0.000000
[452] 0.000000 9.010000 0.000000
[453] 0.010000 9.030000 0.000000
[454] 0.010000 9.030000 0.000000
[455] 0.020000 9.060000 0.000000
[456] 0.000000 9.070000 0.000000
[457] 0.000000 9.080000 0.000000
[458] 0.030000 9.090000 0.000000
[459] 0.020000 9.120000 0.000000
[460] 0.010000 9.120000 0.000000
[461] 0.030000 9.130000 0.000000
[462] 0.000000 9.140000 0.000000
[463] 0.040000 9.150000 0.000000
[464] 0.010000 9.210000 0.000000
[465] 0.010000 9.220000 0.000000
[466] 0.020000 9.240000 0.000000
[467] 0.080000 9.280000 0.000000
[468] 0.040000 9.300000 0.000000
[469] 0.020000 9.310000 0.000000
[470] 0.020000 9.340000 0.000000
[471] 0.040000 9.350000 0.000000
[472] 0.030000 9.390000 0.000000
[473] 0.010000 9.410000 0.000000
[474] 0.030000 9.430000 0.000000
[475] 0.000000 9.450000 0.000000
[476] 0.030000 9.470000 0.000000
[477] 0.020000 9.470000 0.000000
[478] 0.010000 9.490000 0.000000
[479] 0.020000 9.520000 0.000000
[480] 0.000000 9.530000 0.000000
[481] 0.010000 9.530000 0.000000
[482] 0.010000 9.560000 0.000000
[483] 0.040000 9.580000 0.000000
[484] 0.010000 9.600000 0.000000
[485] 0.040000 9.600000 0.000000
[486] 0.030000 9.610000 0.000000
[487] 0.010000 9.620000 0.000000
[488] 0.030000 9.630000 0.000000
[489] 0.030000 9.650000 0.000000
[490] 0.020000 9.660000 0.000000
[491] 0.040000 9.700000 0.000000
[492] 0.030000 9.720000 0.000000
[493] 0.020000 9.740000 0.000000
[494] 0.010000 9.740000 0.000000
[495] 0.050000 9.760000 0.000000
[496] 0.010000 9.770000 0.000000
[497] 0.030000 9.770000 0.000000
[498] 0.040000 9.810000 0.000000
[499] 0.010000 9.820000 0.000000
[500] 0.010000 9.830000 0.000000
[501] 0.030000 9.840000 0.000000
[502] 0.010000 9.840000 0.000000
[503] 0.020000 9.890000 0.000000
[504] 0.020000 9.900000 0.000000
[505] 0.030000 9.910000 0.000000
[506] 0.000000 9.940000 0.000000
[507] 0.010000 9.950000 0.000000
[508] 0.020000 9.950000 0.000000
[509] 0.000000 9.950000 0.000000
[510] 0.010000 9.990000 0.000000
[511] 0.030000 10.030000 0.000000
[512] 0.020000 10.060000 0.000000
[513] 0.020000 10.080000 0.000000
[514] 0.040000 10.100000 0.000000
[515] 0.010000 10.160000 0.000000
[516] 0.020000 10.170000 0.000000
[517] 0.000000 10.200000 0.000000
[518] 0.020000 10.240000 0.000000
[519] 0.010000 10.240000 0.000000
[520] 0.020000 10.270000 0.000000
[521] 0.020000 10.280000 0.000000
[522] 0.000000 10.290000 0.000000
[523] 0.030000 10.320000 0.000000
[524] 0.050000 10.340000 0.000000
[525] 0.010000 10.340000 0.000000
[526] 0.040000 10.370000 0.000000
[527] 0.010000 10.380000 0.000000
[528] 0.020000 10.390000 0.000000
[529] 0.010000 10.390000 0.000000
[530] 0.000000 10.390000 0.000000
[531] 0.030000 10.390000 0.000000
[532] 0.020000 10.390000 0.000000
[533] 0.010000 10.400000 0.000000
[534] 0.010000 10.400000 0.000000
[535] 0.010000 10.420000 0.000000
[536] 0.010000 10.470000 0.000000
[537] 0.030000 10.490000 0.000000
[538] 0.010000 10.490000 0.000000
[539] 0.020000 10.510000 0.000000
[540] 0.020000 10.530000 0.000000
[541] 0.030000 10.530000 0.000000
[542] 0.020000 10.560000 0.000000
[543] 0.020000 10.580000 0.000000
[544] 0.020000 10.600000 0.000000
[545] 0.000000 10.620000 0.000000
[546] 0.020000 10.680000 0.000000
[547] 0.020000 10.680000 0.000000
[548] 0.020000 10.680000 0.000000
[549] 0.020000 10.690000 0.000000
[550] 0.010000 10.700000 0.000000
[551] 0.010000 10.700000 0.000000
[552] 0.010000 10.750000 0.000000
[553] 0.040000 10.790000 0.000000
[554] 0.020000 10.830000 0.000000
[555] 0.030000 10.840000 0.000000
[556] 0.060000 10.860000 0.000000
[557] 0.020000 10.890000 0.000000
[558] 0.010000 10.920000 0.000000
[559] 0.020000 10.950000 0.000000
[560] 0.010000 10.970000 0.000000
[561] 0.020000 11.030000 0.000000
[562] 0.020000 11.040000 0.000000
[563] 0.010000 11.080000 0.000000
[564] 0.000000 11.090000 0.000000
[565] 0.010000 11.110000 0.000000
[566] 0.000000 11.110000 0.000000
[567] 0.020000 11.160000 0.000000
[568] 0.000000 11.170000 0.000000
[569] 0.040000 11.200000 0.000000
[570] 0.030000 11.210000 0.000000
[571] 0.020000 11.230000 0.000000
[572] 0.000000 11.250000 0.000000
[573] 0.030000 11.260000 0.000000
[574] 0.050000 11.290000 0.000000
[575] 0.030000 11.300000 0.000000
[576] 0.010000 11.320000 0.000000
[577] 0.010000 11.340000 0.000000
[578] 0.040000 11.350000 0.000000
[579] 0.030000 11.370000 0.000000
[580] 0.020000 11.380000 0.000000
[581] 0.020000 11.400000 0.000000
[582] 0.030000 11.430000 0.000000
[583] 0.040000 11.440000 0.000000
[584] 0.000000 11.450000 0.000000
[585] 0.020000 11.460000 0.000000
[586] 0.010000 11.470000 0.000000
[587] 0.010000 11.480000 0.000000
[588] 0.010000 11.480000 0.000000
[589] 0.020000 11.510000 0.000000
[590] 0.000000 11.540000 0.000000
[591] 0.010000 11.560000 0.000000
[592] 0.010000 11.570000 0.000000
[593] 0.020000 11.590000 0.000000
[594] 0.010000 11.610000 0.000000
[595] 0.020000 11.630000 0.000000
[596] 0.020000 11.650000 0.000000
[597] 0.020000 11.660000 0.000000
[598] 0.000000 11.670000 0.000000
[599] 0.010000 11.690000 0.000000
[600] 0.010000 11.690000 0.000000
[601] 0.040000 11.700000 0.000000
[602] 0.010000 11.710000 0.000000
[603] 0.010000 11.720000 0.000000
[604] 0.020000 11.740000 0.000000
[605] 0.020000 11.770000 0.000000
[606] 0.020000 11.780000 0.000000
[607] 0.020000 11.800000 0.000000
[608] 0.010000 11.810000 0.000000
[609] 0.010000 11.840000 0.000000
[610] 0.050000 11.850000 0.000000
[611] 0.010000 11.900000 0.000000
[612] 0.040000 11.950000 0.000000
[613] 0.000000 11.950000 0.000000
[614] 0.020000 11.990000 0.000000
[615] 0.010000 12.000000 0.000000
[616] 0.040000 12.030000 0.000000
[617] 0.030000 12.040000 0.000000
[618] 0.020000 12.070000 0.000000
[619] 0.030000 12.090000 0.000000
[620] 0.010000 12.100000 0.000000
[621] 0.020000 12.100000 0.000000
[622] 0.000000 12.110000 0.000000
[623] 0.000000 12.120000 0.000000
[624] 0.000000 12.130000 0.000000
[625] 0.020000 12.150000 0.000000
[626] 0.010000 12.150000 0.000000
[627] 0.000000 12.170000 0.000000
[628] 0.020000 12.180000 0.000000
[629] 0.040000 12.200000 0.000000
[630] 0.030000 12.230000 0.000000
[631] 0.020000 12.270000 0.000000
[632] 0.020000 12.280000 0.000000
[633] 0.020000 12.310000 0.000000
[634] 0.030000 12.310000 0.000000
[635] 0.020000 12.320000 0.000000
[636] 0.040000 12.340000 0.000000
[637] 0.030000 12.370000 0.000000
[638] 0.010000 12.400000 0.000000
[639] 0.020000 12.420000 0.000000
[640] 0.010000 12.420000 0.000000
[641] 0.030000 12.440000 0.000000
[642] 0.000000 12.480000 0.000000
[643] 0.000000 12.500000 0.000000
[644] 0.020000 12.500000 0.000000
[645] 0.040000 12.500000 0.000000
[646] 0.010000 12.530000 0.000000
[647] 0.010000 12.550000 0.000000
[648] 0.000000 12.550000 0.000000
[649] 0.020000 12.600000 0.000000
[650] 0.010000 12.610000 0.000000
[651] 0.010000 12.650000 0.000000
[652] 0.010000 12.660000 0.000000
[653] 0.020000 12.670000 0.000000
[654] 0.020000 12.720000 0.000000
[655] 0.010000 12.730000 0.000000
[656] 0.060000 12.760000 0.000000
[657] 0.000000 12.790000 0.000000
[658] 0.000000 12.810000 0.000000
[659] 0.010000 12.810000 0.000000
[660] 0.030000 12.840000 0.000000
[661] 0.020000 12.880000 0.000000
[662] 0.010000 12.890000 0.000000
[663] 0.020000 12.900000 0.000000
[664] 0.020000 12.930000 0.000000
[665] 0.030000 12.940000 0.000000
[666] 0.030000 12.950000 0.000000
[667] 0.020000 12.960000 0.000000
[668] 0.060000 12.980000 0.000000
[669] 0.010000 13.010000 0.000000
[670] 0.010000 13.020000 0.000000
[671] 0.010000 13.030000 0.000000
[672] 0.020000 13.060000 0.000000
[673] 0.000000 13.060000 0.000000
[674] 0.020000 13.070000 0.000000
[675] 0.050000 13.090000 0.000000
[676] 0.010000 13.090000 0.000000
[677] 0.010000 13.130000 0.000000
[678] 0.030000 13.140000 0.000000
[679] 0.020000 13.140000 0.000000
[680] 0.030000 13.170000 0.000000
[681] 0.010000 13.180000 0.000000
[682] 0.020000 13.190000 0.000000
[683] 0.010000 13.210000 0.000000
[684] 0.010000 13.250000 0.000000
[685] 0.020000 13.260000 0.000000
[686] 0.010000 13.270000 0.000000
[687] 0.010000 13.300000 0.000000
[688] 0.010000 13.310000 0.000000
[689] 0.020000 13.330000 0.000000
[690] 0.010000 13.350000 0.000000
[691] 0.050000 13.370000 0.000000
[692] 0.000000 13.400000 0.000000
[693] 0.020000 13.430000 0.000000
[694] 0.020000 13.460000 0.000000
[695] 0.020000 13.480000 0.000000
[696] 0.020000 13.480000 0.000000
[697] 0.000000 13.480000 0.000000
[698] 0.000000 13.500000 0.000000
[699] 0.030000 13.520000 0.000000
[700] 0.010000 13.530000 0.000000
[701] 0.000000 13.540000 0.000000
[702] 0.020000 13.570000 0.000000
[703] 0.010000 13.580000 0.000000
[704] 0.020000 13.580000 0.000000
[705] 0.040000 13.590000 0.000000
[706] 0.050000 13.610000 0.000000
[707] 0.020000 13.640000 0.000000
[708] 0.020000 13.640000 0.000000
[709] 0.000000 13.650000 0.000000
[710] 0.010000 13.690000 0.000000
[711] 0.010000 13.700000 0.000000
[712] 0.020000 13.710000 0.000000
[713] 0.010000 13.720000 0.000000
[714] 0.010000 13.740000 0.000000
[715] 0.020000 13.770000 0.000000
[716] 0.030000 13.780000 0.000000
[717] 0.000000 13.820000 0.000000
[718] 0.020000 13.850000 0.000000
[719] 0.030000 13.880000 0.000000
[720] 0.020000 13.900000 0.000000
[721] 0.010000 13.930000 0.000000
[722] 0.010000 13.970000 0.000000
[723] 0.020000 13.980000 0.000000
[724] 0.020000 14.020000 0.000000
[725] 0.030000 14.020000 0.000000
[726] 0.000000 14.070000 0.000000
[727] 0.020000 14.090000 0.000000
[728] 0.030000 14.150000 0.000000
[729] 0.050000 14.160000 0.000000
[730] 0.010000 14.170000 0.000000
[731] 0.000000 14.170000 0.000000
[732] 0.000000 14.180000 0.000000
[733] 0.020000 14.190000 0.000000
[734] 0.000000 14.200000 0.000000
[735] 0.010000 14.210000 0.000000
[736] 0.060000 14.230000 0.000000
[737] 0.020000 14.260000 0.000000
[738] 0.000000 14.280000 0.000000
[739] 0.010000 14.320000 0.000000
[740] 0.020000 14.330000 0.000000
[741] 0.030000 14.350000 0.000000
[742] 0.030000 14.360000 0.000000
[743] 0.050000 14.370000 0.000000
[744] 0.010000 14.380000 0.000000
[745] 0.010000 14.390000 0.000000
[746] 0.000000 14.390000 0.000000
[747] 0.060000 14.400000 0.000000
[748] 0.010000 14.410000 0.000000
[749] 0.000000 14.410000 0.000000
[750] 0.020000 14.410000 0.000000
[751] 0.020000 14.420000 0.000000
[752] 0.010000 14.430000 0.000000
[753] 0.020000 14.470000 0.000000
[754] 0.000000 14.510000 0.000000
[755] 0.000000 14.510000 0.000000
[756] 0.000000 14.530000 0.000000
[757] 0.050000 14.540000 0.000000
[758] 0.000000 14.560000 0.000000
[759] 0.020000 14.580000 0.000000
[760] 0.030000 14.590000 0.000000
[761] 0.020000 14.610000 0.000000
[762] 0.010000 14.610000 0.000000
[763] 0.010000 14.620000 0.000000
[764] 0.010000 14.640000 0.000000
[765] 0.010000 14.660000 0.000000
[766] 0.010000 14.670000 0.000000
[767] 0.000000 14.690000 0.000000
[768] 0.000000 14.690000 0.000000
[769] 0.020000 14.690000 0.000000
[770] 0.010000 14.720000 0.000000
[771] 0.020000 14.740000 0.000000
[772] 0.000000 14.780000 0.000000
[773] 0.020000 14.800000 0.000000
[774] 0.010000 14.810000 0.000000
[775] 0.000000 14.820000 0.000000
[776] 0.010000 14.850000 0.000000
[777] 0.000000 14.860000 0.000000
[778] 0.000000 14.900000 0.000000
[779] 0.000000 14.920000 0.000000
[780] 0.020000 14.940000 0.000000
[781] 0.010000 14.960000 0.000000
[782] 0.030000 14.990000 0.000000
[783] 0.010000 15.040000 0.000000
[784] 0.030000 15.050000 0.000000
[785] 0.030000 15.090000 0.000000
[786] 0.010000 15.110000 0.000000
[787] 0.000000 15.140000 0.000000
[788] 0.000000 15.140000 0.000000
[789] 0.040000 15.140000 0.000000
[790] 0.010000 15.140000 0.000000
[791] 0.020000 15.150000 0.000000
[792] 0.000000 15.170000 0.000000
[793] 0.020000 15.170000 0.000000
[794] 0.020000 15.170000 0.000000
[795] 0.010000 15.210000 0.000000
[796] 0.010000 15.220000 0.000000
[797] 0.030000 15.250000 0.000000
[798] 0.020000 15.280000 0.000000
[799] 0.020000 15.290000 0.000000
[800] 0.040000 15.320000 0.000000
[801] 0.030000 15.350000 0.000000
[802] 0.010000 15.370000 0.000000
[803] 0.030000 15.410000 0.000000
[804] 0.010000 15.420000 0.000000
[805] 0.030000 15.440000 0.000000
[806] 0.000000 15.460000 0.000000
[807] 0.010000 15.490000 0.000000
[808] 0.040000 15.500000 0.000000
[809] 0.030000 15.520000 0.000000
[810] 0.010000 15.530000 0.000000
[811] 0.020000 15.550000 0.000000
[812] 0.010000 15.570000 0.000000
[813] 0.000000 15.580000 0.000000
[814] 0.020000 15.580000 0.000000
[815] 0.040000 15.620000 0.000000
[816] 0.010000 15.650000 0.000000
[817] 0.000000 15.670000 0.000000
[818] 0.020000 15.690000 0.000000
[819] 0.000000 15.730000 0.000000
[820] 0.020000 15.770000 0.000000
[821] 0.010000 15.790000 0.000000
[822] 0.010000 15.810000 0.000000
[823] 0.040000 15.830000 0.000000
[824] 0.010000 15.840000 0.000000
[825] 0.020000 15.870000 0.000000
[826] 0.030000 15.870000 0.000000
[827] 0.000000 15.900000 0.000000
[828] 0.020000 15.910000 0.000000
[829] 0.010000 15.940000 0.000000
[830] 0.030000 15.970000 0.000000
[831] 0.000000 15.980000 0.000000
[832] 0.010000 15.990000 0.000000
[833] 0.020000 16.000000 0.000000
[834] 0.020000 16.010000 0.000000
[835] 0.010000 16.030000 0.000000
[836] 0.030000 16.060000 0.000000
[837] 0.020000 16.090000 0.000000
[838] 0.030000 16.120000 0.000000
[839] 0.020000 16.130000 0.000000
[840] 0.010000 16.150000 0.000000
[841] 0.040000 16.150000 0.000000
[842] 0.010000 16.150000 0.000000
[843] 0.010000 16.180000 0.000000
[844] 0.020000 16.240000 0.000000
[845] 0.000000 16.240000 0.000000
[846] 0.010000 16.250000 0.000000
[847] 0.040000 16.260000 0.000000
[848] 0.030000 16.260000 0.000000
[849] 0.000000 16.260000 0.000000
[850] 0.030000 16.260000 0.000000
[851] 0.000000 16.280000 0.000000
[852] 0.030000 16.280000 0.000000
[853] 0.010000 16.280000 0.000000
[854] 0.010000 16.290000 0.000000
[855] 0.030000 16.310000 0.000000
[856] 0.010000 16.320000 0.000000
[857] 0.010000 16.320000 0.000000
[858] 0.020000 16.330000 0.000000
[859] 0.030000 16.330000 0.000000
[860] 0.040000 16.360000 0.000000
[861] 0.020000 16.390000 0.000000
[862] 0.000000 16.430000 0.000000
[863] 0.030000 16.440000 0.000000
[864] 0.030000 16.440000 0.000000
[865] 0.020000 16.470000 0.000000
[866] 0.010000 16.490000 0.000000
[867] 0.030000 16.520000 0.000000
[868] 0.030000 16.550000 0.000000
[869] 0.020000 16.580000 0.000000
[870] 0.010000 16.610000 0.000000
[871] 0.000000 16.620000 0.000000
[872] 0.010000 16.630000 0.000000
[873] 0.010000 16.650000 0.000000
[874] 0.020000 16.660000 0.000000
[875] 0.000000 16.660000 0.000000
[876] 0.030000 16.680000 0.000000
[877] 0.010000 16.700000 0.000000
[878] 0.000000 16.710000 0.000000
[879] 0.040000 16.730000 0.000000
[880] 0.010000 16.770000 0.000000
[881] 0.040000 16.790000 0.000000
[882] 0.010000 16.820000 0.000000
[883] 0.020000 16.830000 0.000000
[884] 0.020000 16.880000 0.000000
[885] 0.030000 16.900000 0.000000
[886] 0.010000 16.900000 0.000000
[887] 0.060000 16.930000 0.000000
[888] 0.040000 16.950000 0.000000
[889] 0.030000 16.950000 0.000000
[890] 0.020000 16.950000 0.000000
[891] 0.020000 16.960000 0.000000
[892] 0.010000 16.960000 0.000000
[893] 0.000000 16.960000 0.000000
[894] 0.020000 16.960000 0.000000
[895] 0.020000 16.970000 0.000000
[896] 0.010000 17.010000 0.000000
[897] 0.020000 17.020000 0.000000
[898] 0.030000 17.050000 0.000000
[899] 0.020000 17.070000 0.000000
[900] 0.000000 17.080000 0.000000
[901] 0.000000 17.100000 0.000000
[902] 0.030000 17.130000 0.000000
[903] 0.020000 17.130000 0.000000
[904] 0.010000 17.150000 0.000000
[905] 0.010000 17.160000 0.000000
[906] 0.030000 17.180000 0.000000
[907] 0.020000 17.190000 0.000000
[908] 0.010000 17.210000 0.000000
[909] 0.020000 17.230000 0.000000
[910] 0.010000 17.230000 0.000000
[911] 0.010000 17.250000 0.000000
[912] 0.010000 17.250000 0.000000
[913] 0.000000 17.270000 0.000000
[914] 0.000000 17.290000 0.000000
[915] 0.020000 17.330000 0.000000
[916] 0.000000 17.350000 0.000000
[917] 0.000000 17.370000 0.000000
[918] 0.030000 17.400000 0.000000
[919] 0.000000 17.410000 0.000000
[920] 0.030000 17.420000 0.000000
[921] 0.030000 17.430000 0.000000
[922] 0.020000 17.440000 0.000000
[923] 0.050000 17.450000 0.000000
[924] 0.000000 17.460000 0.000000
[925] 0.010000 17.480000 0.000000
[926] 0.030000 17.510000 0.000000
[927] 0.020000 17.510000 0.000000
[928] 0.000000 17.550000 0.000000
[929] 0.000000 17.550000 0.000000
[930] 0.030000 17.570000 0.000000
[931] 0.010000 17.610000 0.000000
[932] 0.030000 17.670000 0.000000
[933] 0.060000 17.690000 0.000000
[934] 0.010000 17.730000 0.000000
[935] 0.000000 17.760000 0.000000
[936] 0.010000 17.790000 0.000000
[937] 0.010000 17.800000 0.000000
[938] 0.040000 17.890000 0.000000
[939] 0.020000 17.890000 0.000000
[940] 0.000000 17.900000 0.000000
[941] 0.000000 17.940000 0.000000
[942] 0.010000 17.980000 0.000000
[943] 0.010000 18.000000 0.000000
[944] 0.000000 18.020000 0.000000
[945] 0.030000 18.070000 0.000000
[946] 0.010000 18.100000 0.000000
[947] 0.020000 18.120000 0.000000
[948] 0.040000 18.140000 0.000000
[949] 0.020000 18.170000 0.000000
[950] 0.010000 18.200000 0.000000
[951] 0.040000 18.220000 0.000000
[952] 0.010000 18.230000 0.000000
[953] 0.020000 18.250000 0.000000
[954] 0.010000 18.270000 0.000000
[955] 0.020000 18.290000 0.000000
[956] 0.020000 18.310000 0.000000
[957] 0.090000 18.340000 0.000000
[958] 0.010000 18.350000 0.000000
[959] 0.010000 18.380000 0.000000
[960] 0.020000 18.400000 0.000000
[961] 0.020000 18.400000 0.000000
[962] 0.050000 18.400000 0.000000
[963] 0.000000 18.410000 0.000000
[964] 0.020000 18.460000 0.000000
[965] 0.000000 18.480000 0.000000
[966] 0.000000 18.480000 0.000000
[967] 0.030000 18.490000 0.000000
[968] 0.010000 18.500000 0.000000
[969] 0.010000 18.500000 0.000000
[970] 0.000000 18.520000 0.000000
[971] 0.020000 18.520000 0.000000
[972] 0.010000 18.540000 0.000000
[973] 0.000000 18.560000 0.000000
[974] 0.020000 18.580000 0.000000
[975] 0.000000 18.590000 0.000000
[976] 0.000000 18.610000 0.000000
[977] 0.010000 18.650000 0.000000
[978] 0.020000 18.650000 0.000000
[979] 0.000000 18.660000 0.000000
[980] 0.010000 18.680000 0.000000
[981] 0.030000 18.700000 0.000000
[982] 0.000000 18.730000 0.000000
[983] 0.040000 18.740000 0.000000
[984] 0.020000 18.740000 0.000000
[985] 0.010000 18.750000 0.000000
[986] 0.000000 18.760000 0.000000
[987] 0.040000 18.760000 0.000000
[988] 0.010000 18.780000 0.000000
[989] 0.020000 18.780000 0.000000
[990] 0.000000 18.800000 0.000000
[991] 0.000000 18.830000 0.000000
[992] 0.040000 18.840000 0.000000
[993] 0.000000 18.850000 0.000000
[994] 0.000000 18.890000 0.000000
[995] 0.000000 18.920000 0.000000
[996] 0.010000 18.920000 0.000000
[997] 0.020000 18.940000 0.000000
[998] 0.010000 18.960000 0.000000
[999] 0.000000 18.970000 0.000000
[1000] 0.030000 18.980000 0.000000
[1001] 0.030000 18.990000 0.000000
[1002] 0.010000 18.990000 0.000000
[1003] 0.000000 18.990000 0.000000
[1004] 0.030000 19.020000 0.000000
[1005] 0.020000 19.040000 0.000000
[1006] 0.000000 19.050000 0.000000
[1007] 0.010000 19.070000 0.000000
[1008] 0.010000 19.070000 0.000000
[1009] 0.000000 19.100000 0.000000
[1010] 0.020000 19.110000 0.000000
[1011] 0.050000 19.130000 0.000000
[1012] 0.030000 19.150000 0.000000
[1013] 0.010000 19.160000 0.000000
[1014] 0.020000 19.190000 0.000000
[1015] 0.040000 19.200000 0.000000
[1016] 0.050000 19.230000 0.000000
[1017] 0.010000 19.240000 0.000000
[1018] 0.010000 19.260000 0.000000
[1019] 0.020000 19.270000 0.000000
[1020] 0.030000 19.290000 0.000000
[1021] 0.000000 19.330000 0.000000
[1022] 0.010000 19.350000 0.000000
[1023] 0.020000 19.360000 0.000000

node=1, ppn=12