1
[0] 0.020000 0.050000 0.050000

2
[0] 0.090000 0.130000 0.060000
[1] 0.030000 0.100000 0.000000

4
[0] 0.090000 0.100000 0.050000
[1] 0.040000 0.130000 0.000000
[2] 0.100000 0.160000 0.000000
[3] 0.040000 0.160000 0.000000

8
[0] 0.090000 0.080000 0.050000
[1] 0.080000 0.080000 0.000000
[2] 0.140000 0.100000 0.000000
[3] 0.020000 0.080000 0.000000
[4] 0.030000 0.130000 0.000000
[5] 0.030000 0.160000 0.000000
[6] 0.030000 0.180000 0.000000
[7] 0.020000 0.190000 0.000000

16
[0] 0.100000 0.070000 0.050000
[1] 0.140000 0.090000 0.000000
[2] 0.080000 0.020000 0.000000
[3] 0.090000 0.060000 0.000000
[4] 0.030000 0.070000 0.000000
[5] 0.020000 0.090000 0.000000
[6] 0.020000 0.110000 0.000000
[7] 0.010000 0.130000 0.000000
[8] 0.030000 0.120000 0.000000
[9] 0.010000 0.140000 0.000000
[10] 0.000000 0.160000 0.000000
[11] 0.000000 0.160000 0.000000
[12] 0.000000 0.170000 0.000000
[13] 0.010000 0.190000 0.000000
[14] 0.000000 0.190000 0.000000
[15] 0.010000 0.200000 0.000000

32
[0] 0.060000 0.010000 0.050000
[1] 0.110000 0.110000 0.000000
[2] 0.060000 0.030000 0.000000
[3] 0.040000 0.070000 0.000000
[4] 0.030000 0.070000 0.000000
[5] 0.020000 0.100000 0.000000
[6] 0.010000 0.120000 0.000000
[7] 0.050000 0.140000 0.000000
[8] 0.000000 0.140000 0.000000
[9] 0.010000 0.150000 0.000000
[10] 0.010000 0.160000 0.000000
[11] 0.020000 0.180000 0.000000
[12] 0.010000 0.200000 0.000000
[13] 0.000000 0.210000 0.000000
[14] 0.010000 0.220000 0.000000
[15] 0.020000 0.220000 0.000000
[16] 0.000000 0.240000 0.000000
[17] 0.020000 0.250000 0.000000
[18] 0.000000 0.250000 0.000000
[19] 0.000000 0.260000 0.000000
[20] 0.020000 0.290000 0.000000
[21] 0.010000 0.300000 0.000000
[22] 0.020000 0.300000 0.000000
[23] 0.000000 0.330000 0.000000
[24] 0.000000 0.340000 0.000000
[25] 0.010000 0.390000 0.000000
[26] 0.020000 0.390000 0.000000
[27] 0.000000 0.400000 0.000000
[28] 0.010000 0.410000 0.000000
[29] 0.010000 0.410000 0.000000
[30] 0.020000 0.440000 0.000000
[31] 0.020000 0.450000 0.000000

64
[0] 0.080000 0.020000 0.050000
[1] 0.130000 0.110000 0.000000
[2] 0.050000 0.010000 0.000000
[3] 0.060000 0.020000 0.000000
[4] 0.030000 0.020000 0.000000
[5] 0.050000 0.050000 0.000000
[6] 0.020000 0.070000 0.000000
[7] 0.020000 0.080000 0.000000
[8] 0.020000 0.080000 0.000000
[9] 0.000000 0.080000 0.000000
[10] 0.000000 0.080000 0.000000
[11] 0.000000 0.100000 0.000000
[12] 0.000000 0.100000 0.000000
[13] 0.000000 0.100000 0.000000
[14] 0.000000 0.100000 0.000000
[15] 0.010000 0.110000 0.000000
[16] 0.000000 0.110000 0.000000
[17] 0.050000 0.120000 0.000000
[18] 0.010000 0.130000 0.000000
[19] 0.030000 0.130000 0.000000
[20] 0.040000 0.130000 0.000000
[21] 0.000000 0.150000 0.000000
[22] 0.000000 0.160000 0.000000
[23] 0.010000 0.160000 0.000000
[24] 0.010000 0.160000 0.000000
[25] 0.000000 0.170000 0.000000
[26] 0.010000 0.180000 0.000000
[27] 0.010000 0.200000 0.000000
[28] 0.010000 0.210000 0.000000
[29] 0.020000 0.230000 0.000000
[30] 0.030000 0.230000 0.000000
[31] 0.000000 0.250000 0.000000
[32] 0.000000 0.250000 0.000000
[33] 0.000000 0.260000 0.000000
[34] 0.000000 0.260000 0.000000
[35] 0.020000 0.280000 0.000000
[36] 0.010000 0.290000 0.000000
[37] 0.000000 0.300000 0.000000
[38] 0.010000 0.300000 0.000000
[39] 0.020000 0.300000 0.000000
[40] 0.020000 0.300000 0.000000
[41] 0.010000 0.320000 0.000000
[42] 0.020000 0.330000 0.000000
[43] 0.010000 0.330000 0.000000
[44] 0.000000 0.350000 0.000000
[45] 0.010000 0.360000 0.000000
[46] 0.000000 0.370000 0.000000
[47] 0.010000 0.380000 0.000000
[48] 0.020000 0.380000 0.000000
[49] 0.010000 0.380000 0.000000
[50] 0.000000 0.400000 0.000000
[51] 0.010000 0.400000 0.000000
[52] 0.000000 0.410000 0.000000
[53] 0.020000 0.420000 0.000000
[54] 0.010000 0.440000 0.000000
[55] 0.010000 0.440000 0.000000
[56] 0.030000 0.440000 0.000000
[57] 0.010000 0.480000 0.000000
[58] 0.000000 0.480000 0.000000
[59] 0.020000 0.480000 0.000000
[60] 0.020000 0.490000 0.000000
[61] 0.020000 0.500000 0.000000
[62] 0.000000 0.510000 0.000000
[63] 0.000000 0.520000 0.000000

128
[0] 0.070000 0.040000 0.050000
[1] 0.120000 0.110000 0.000000
[2] 0.040000 0.030000 0.000000
[3] 0.060000 0.040000 0.000000
[4] 0.020000 0.030000 0.000000
[5] 0.030000 0.090000 0.000000
[6] 0.010000 0.080000 0.000000
[7] 0.010000 0.110000 0.000000
[8] 0.020000 0.120000 0.000000
[9] 0.020000 0.140000 0.000000
[10] 0.010000 0.150000 0.000000
[11] 0.000000 0.150000 0.000000
[12] 0.010000 0.160000 0.000000
[13] 0.010000 0.180000 0.000000
[14] 0.000000 0.200000 0.000000
[15] 0.020000 0.210000 0.000000
[16] 0.000000 0.210000 0.000000
[17] 0.000000 0.210000 0.000000
[18] 0.000000 0.210000 0.000000
[19] 0.000000 0.220000 0.000000
[20] 0.000000 0.230000 0.000000
[21] 0.000000 0.230000 0.000000
[22] 0.030000 0.230000 0.000000
[23] 0.010000 0.240000 0.000000
[24] 0.000000 0.260000 0.000000
[25] 0.010000 0.280000 0.000000
[26] 0.020000 0.310000 0.000000
[27] 0.020000 0.320000 0.000000
[28] 0.000000 0.350000 0.000000
[29] 0.020000 0.350000 0.000000
[30] 0.010000 0.360000 0.000000
[31] 0.000000 0.360000 0.000000
[32] 0.000000 0.360000 0.000000
[33] 0.010000 0.360000 0.000000
[34] 0.000000 0.390000 0.000000
[35] 0.010000 0.390000 0.000000
[36] 0.020000 0.400000 0.000000
[37] 0.020000 0.400000 0.000000
[38] 0.010000 0.410000 0.000000
[39] 0.010000 0.420000 0.000000
[40] 0.000000 0.440000 0.000000
[41] 0.000000 0.450000 0.000000
[42] 0.000000 0.460000 0.000000
[43] 0.010000 0.460000 0.000000
[44] 0.030000 0.460000 0.000000
[45] 0.010000 0.470000 0.000000
[46] 0.010000 0.490000 0.000000
[47] 0.010000 0.490000 0.000000
[48] 0.020000 0.490000 0.000000
[49] 0.020000 0.520000 0.000000
[50] 0.010000 0.530000 0.000000
[51] 0.000000 0.540000 0.000000
[52] 0.020000 0.550000 0.000000
[53] 0.000000 0.550000 0.000000
[54] 0.000000 0.580000 0.000000
[55] 0.010000 0.580000 0.000000
[56] 0.010000 0.590000 0.000000
[57] 0.000000 0.600000 0.000000
[58] 0.040000 0.630000 0.000000
[59] 0.000000 0.630000 0.000000
[60] 0.000000 0.630000 0.000000
[61] 0.020000 0.670000 0.000000
[62] 0.020000 0.680000 0.000000
[63] 0.000000 0.680000 0.000000
[64] 0.010000 0.680000 0.000000
[65] 0.010000 0.680000 0.000000
[66] 0.010000 0.690000 0.000000
[67] 0.030000 0.690000 0.000000
[68] 0.030000 0.710000 0.000000
[69] 0.010000 0.720000 0.000000
[70] 0.010000 0.730000 0.000000
[71] 0.030000 0.730000 0.000000
[72] 0.010000 0.760000 0.000000
[73] 0.010000 0.780000 0.000000
[74] 0.030000 0.800000 0.000000
[75] 0.000000 0.810000 0.000000
[76] 0.000000 0.830000 0.000000
[77] 0.000000 0.850000 0.000000
[78] 0.000000 0.860000 0.000000
[79] 0.010000 0.890000 0.000000
[80] 0.010000 0.890000 0.000000
[81] 0.000000 0.890000 0.000000
[82] 0.000000 0.900000 0.000000
[83] 0.010000 0.910000 0.000000
[84] 0.000000 0.910000 0.000000
[85] 0.020000 0.910000 0.000000
[86] 0.000000 0.920000 0.000000
[87] 0.020000 0.940000 0.000000
[88] 0.010000 0.960000 0.000000
[89] 0.000000 0.960000 0.000000
[90] 0.000000 0.960000 0.000000
[91] 0.020000 0.990000 0.000000
[92] 0.010000 1.000000 0.000000
[93] 0.010000 1.000000 0.000000
[94] 0.010000 1.010000 0.000000
[95] 0.010000 1.030000 0.000000
[96] 0.000000 1.030000 0.000000
[97] 0.020000 1.040000 0.000000
[98] 0.000000 1.040000 0.000000
[99] 0.000000 1.050000 0.000000
[100] 0.010000 1.050000 0.000000
[101] 0.020000 1.050000 0.000000
[102] 0.000000 1.050000 0.000000
[103] 0.010000 1.050000 0.000000
[104] 0.010000 1.060000 0.000000
[105] 0.000000 1.090000 0.000000
[106] 0.000000 1.100000 0.000000
[107] 0.030000 1.100000 0.000000
[108] 0.000000 1.100000 0.000000
[109] 0.000000 1.110000 0.000000
[110] 0.030000 1.120000 0.000000
[111] 0.010000 1.120000 0.000000
[112] 0.020000 1.120000 0.000000
[113] 0.000000 1.120000 0.000000
[114] 0.000000 1.120000 0.000000
[115] 0.010000 1.130000 0.000000
[116] 0.020000 1.140000 0.000000
[117] 0.010000 1.150000 0.000000
[118] 0.000000 1.160000 0.000000
[119] 0.000000 1.160000 0.000000
[120] 0.020000 1.160000 0.000000
[121] 0.000000 1.170000 0.000000
[122] 0.000000 1.180000 0.000000
[123] 0.010000 1.190000 0.000000
[124] 0.010000 1.190000 0.000000
[125] 0.000000 1.190000 0.000000
[126] 0.000000 1.200000 0.000000
[127] 0.000000 1.200000 0.000000

256
[0] 0.050000 0.030000 0.050000
[1] 0.030000 0.040000 0.000000
[2] 0.020000 0.040000 0.000000
[3] 0.030000 0.060000 0.000000
[4] 0.030000 0.080000 0.000000
[5] 0.000000 0.120000 0.000000
[6] 0.010000 0.130000 0.000000
[7] 0.030000 0.130000 0.000000
[8] 0.020000 0.130000 0.000000
[9] 0.010000 0.140000 0.000000
[10] 0.010000 0.150000 0.000000
[11] 0.020000 0.150000 0.000000
[12] 0.000000 0.160000 0.000000
[13] 0.010000 0.160000 0.000000
[14] 0.010000 0.160000 0.000000
[15] 0.050000 0.160000 0.000000
[16] 0.020000 0.160000 0.000000
[17] 0.010000 0.160000 0.000000
[18] 0.000000 0.170000 0.000000
[19] 0.000000 0.180000 0.000000
[20] 0.010000 0.200000 0.000000
[21] 0.030000 0.210000 0.000000
[22] 0.000000 0.220000 0.000000
[23] 0.000000 0.230000 0.000000
[24] 0.020000 0.230000 0.000000
[25] 0.010000 0.230000 0.000000
[26] 0.010000 0.250000 0.000000
[27] 0.000000 0.270000 0.000000
[28] 0.010000 0.280000 0.000000
[29] 0.000000 0.290000 0.000000
[30] 0.010000 0.290000 0.000000
[31] 0.000000 0.300000 0.000000
[32] 0.010000 0.310000 0.000000
[33] 0.000000 0.340000 0.000000
[34] 0.000000 0.340000 0.000000
[35] 0.000000 0.350000 0.000000
[36] 0.000000 0.360000 0.000000
[37] 0.010000 0.370000 0.000000
[38] 0.020000 0.380000 0.000000
[39] 0.020000 0.380000 0.000000
[40] 0.010000 0.380000 0.000000
[41] 0.000000 0.390000 0.000000
[42] 0.020000 0.400000 0.000000
[43] 0.020000 0.410000 0.000000
[44] 0.000000 0.410000 0.000000
[45] 0.010000 0.410000 0.000000
[46] 0.020000 0.430000 0.000000
[47] 0.000000 0.430000 0.000000
[48] 0.030000 0.430000 0.000000
[49] 0.010000 0.440000 0.000000
[50] 0.010000 0.440000 0.000000
[51] 0.000000 0.440000 0.000000
[52] 0.000000 0.450000 0.000000
[53] 0.000000 0.450000 0.000000
[54] 0.010000 0.450000 0.000000
[55] 0.010000 0.460000 0.000000
[56] 0.010000 0.480000 0.000000
[57] 0.010000 0.490000 0.000000
[58] 0.000000 0.510000 0.000000
[59] 0.000000 0.520000 0.000000
[60] 0.000000 0.520000 0.000000
[61] 0.000000 0.520000 0.000000
[62] 0.000000 0.530000 0.000000
[63] 0.000000 0.530000 0.000000
[64] 0.000000 0.530000 0.000000
[65] 0.000000 0.540000 0.000000
[66] 0.000000 0.550000 0.000000
[67] 0.000000 0.550000 0.000000
[68] 0.020000 0.560000 0.000000
[69] 0.000000 0.560000 0.000000
[70] 0.010000 0.560000 0.000000
[71] 0.020000 0.580000 0.000000
[72] 0.040000 0.580000 0.000000
[73] 0.000000 0.590000 0.000000
[74] 0.030000 0.600000 0.000000
[75] 0.000000 0.600000 0.000000
[76] 0.020000 0.600000 0.000000
[77] 0.000000 0.600000 0.000000
[78] 0.010000 0.600000 0.000000
[79] 0.000000 0.620000 0.000000
[80] 0.010000 0.620000 0.000000
[81] 0.000000 0.620000 0.000000
[82] 0.000000 0.630000 0.000000
[83] 0.000000 0.630000 0.000000
[84] 0.000000 0.630000 0.000000
[85] 0.010000 0.660000 0.000000
[86] 0.010000 0.660000 0.000000
[87] 0.010000 0.670000 0.000000
[88] 0.000000 0.670000 0.000000
[89] 0.010000 0.680000 0.000000
[90] 0.010000 0.690000 0.000000
[91] 0.000000 0.690000 0.000000
[92] 0.000000 0.710000 0.000000
[93] 0.000000 0.710000 0.000000
[94] 0.010000 0.710000 0.000000
[95] 0.000000 0.710000 0.000000
[96] 0.030000 0.710000 0.000000
[97] 0.000000 0.740000 0.000000
[98] 0.010000 0.750000 0.000000
[99] 0.020000 0.750000 0.000000
[100] 0.000000 0.760000 0.000000
[101] 0.010000 0.760000 0.000000
[102] 0.010000 0.760000 0.000000
[103] 0.020000 0.760000 0.000000
[104] 0.000000 0.780000 0.000000
[105] 0.000000 0.780000 0.000000
[106] 0.020000 0.790000 0.000000
[107] 0.010000 0.790000 0.000000
[108] 0.010000 0.790000 0.000000
[109] 0.010000 0.790000 0.000000
[110] 0.020000 0.790000 0.000000
[111] 0.000000 0.790000 0.000000
[112] 0.030000 0.790000 0.000000
[113] 0.010000 0.790000 0.000000
[114] 0.030000 0.800000 0.000000
[115] 0.000000 0.820000 0.000000
[116] 0.010000 0.820000 0.000000
[117] 0.010000 0.820000 0.000000
[118] 0.010000 0.830000 0.000000
[119] 0.020000 0.830000 0.000000
[120] 0.000000 0.830000 0.000000
[121] 0.020000 0.850000 0.000000
[122] 0.010000 0.860000 0.000000
[123] 0.020000 0.870000 0.000000
[124] 0.020000 0.890000 0.000000
[125] 0.010000 0.900000 0.000000
[126] 0.000000 0.910000 0.000000
[127] 0.010000 0.920000 0.000000
[128] 0.010000 0.920000 0.000000
[129] 0.010000 0.930000 0.000000
[130] 0.020000 0.930000 0.000000
[131] 0.010000 0.940000 0.000000
[132] 0.020000 0.960000 0.000000
[133] 0.010000 0.990000 0.000000
[134] 0.000000 1.000000 0.000000
[135] 0.010000 1.010000 0.000000
[136] 0.000000 1.030000 0.000000
[137] 0.000000 1.040000 0.000000
[138] 0.010000 1.040000 0.000000
[139] 0.010000 1.040000 0.000000
[140] 0.000000 1.070000 0.000000
[141] 0.000000 1.080000 0.000000
[142] 0.020000 1.090000 0.000000
[143] 0.000000 1.100000 0.000000
[144] 0.010000 1.130000 0.000000
[145] 0.010000 1.150000 0.000000
[146] 0.010000 1.150000 0.000000
[147] 0.010000 1.160000 0.000000
[148] 0.010000 1.160000 0.000000
[149] 0.020000 1.180000 0.000000
[150] 0.010000 1.180000 0.000000
[151] 0.010000 1.190000 0.000000
[152] 0.000000 1.200000 0.000000
[153] 0.010000 1.200000 0.000000
[154] 0.000000 1.210000 0.000000
[155] 0.020000 1.210000 0.000000
[156] 0.020000 1.220000 0.000000
[157] 0.010000 1.220000 0.000000
[158] 0.000000 1.220000 0.000000
[159] 0.010000 1.230000 0.000000
[160] 0.020000 1.240000 0.000000
[161] 0.010000 1.250000 0.000000
[162] 0.000000 1.280000 0.000000
[163] 0.000000 1.310000 0.000000
[164] 0.020000 1.320000 0.000000
[165] 0.000000 1.330000 0.000000
[166] 0.010000 1.340000 0.000000
[167] 0.000000 1.350000 0.000000
[168] 0.020000 1.350000 0.000000
[169] 0.010000 1.360000 0.000000
[170] 0.020000 1.360000 0.000000
[171] 0.010000 1.370000 0.000000
[172] 0.020000 1.380000 0.000000
[173] 0.000000 1.380000 0.000000
[174] 0.010000 1.380000 0.000000
[175] 0.000000 1.380000 0.000000
[176] 0.010000 1.390000 0.000000
[177] 0.010000 1.400000 0.000000
[178] 0.000000 1.410000 0.000000
[179] 0.000000 1.420000 0.000000
[180] 0.000000 1.430000 0.000000
[181] 0.010000 1.430000 0.000000
[182] 0.000000 1.440000 0.000000
[183] 0.000000 1.450000 0.000000
[184] 0.010000 1.450000 0.000000
[185] 0.020000 1.460000 0.000000
[186] 0.010000 1.460000 0.000000
[187] 0.010000 1.460000 0.000000
[188] 0.000000 1.470000 0.000000
[189] 0.000000 1.480000 0.000000
[190] 0.000000 1.510000 0.000000
[191] 0.010000 1.530000 0.000000
[192] 0.020000 1.540000 0.000000
[193] 0.010000 1.560000 0.000000
[194] 0.010000 1.570000 0.000000
[195] 0.000000 1.570000 0.000000
[196] 0.040000 1.590000 0.000000
[197] 0.010000 1.610000 0.000000
[198] 0.010000 1.620000 0.000000
[199] 0.010000 1.620000 0.000000
[200] 0.000000 1.640000 0.000000
[201] 0.020000 1.650000 0.000000
[202] 0.010000 1.650000 0.000000
[203] 0.020000 1.660000 0.000000
[204] 0.040000 1.660000 0.000000
[205] 0.000000 1.690000 0.000000
[206] 0.040000 1.690000 0.000000
[207] 0.010000 1.700000 0.000000
[208] 0.020000 1.710000 0.000000
[209] 0.010000 1.720000 0.000000
[210] 0.000000 1.730000 0.000000
[211] 0.020000 1.730000 0.000000
[212] 0.020000 1.740000 0.000000
[213] 0.000000 1.760000 0.000000
[214] 0.010000 1.760000 0.000000
[215] 0.010000 1.770000 0.000000
[216] 0.020000 1.770000 0.000000
[217] 0.000000 1.800000 0.000000
[218] 0.010000 1.810000 0.000000
[219] 0.000000 1.820000 0.000000
[220] 0.000000 1.830000 0.000000
[221] 0.000000 1.840000 0.000000
[222] 0.010000 1.860000 0.000000
[223] 0.010000 1.860000 0.000000
[224] 0.000000 1.860000 0.000000
[225] 0.000000 1.880000 0.000000
[226] 0.020000 1.900000 0.000000
[227] 0.010000 1.910000 0.000000
[228] 0.030000 1.910000 0.000000
[229] 0.000000 1.920000 0.000000
[230] 0.010000 1.930000 0.000000
[231] 0.010000 1.930000 0.000000
[232] 0.010000 1.940000 0.000000
[233] 0.010000 1.960000 0.000000
[234] 0.000000 1.960000 0.000000
[235] 0.000000 1.960000 0.000000
[236] 0.000000 1.960000 0.000000
[237] 0.030000 1.970000 0.000000
[238] 0.030000 1.970000 0.000000
[239] 0.010000 1.990000 0.000000
[240] 0.000000 2.010000 0.000000
[241] 0.000000 2.030000 0.000000
[242] 0.010000 2.030000 0.000000
[243] 0.030000 2.030000 0.000000
[244] 0.010000 2.040000 0.000000
[245] 0.000000 2.050000 0.000000
[246] 0.020000 2.050000 0.000000
[247] 0.010000 2.050000 0.000000
[248] 0.010000 2.050000 0.000000
[249] 0.020000 2.050000 0.000000
[250] 0.000000 2.060000 0.000000
[251] 0.040000 2.060000 0.000000
[252] 0.010000 2.060000 0.000000
[253] 0.000000 2.070000 0.000000
[254] 0.010000 2.080000 0.000000
[255] 0.000000 2.090000 0.000000

512
[0] 0.000000 0.020000 0.050000
[1] 0.000000 0.030000 0.000000
[2] 0.040000 0.030000 0.000000
[3] 0.000000 0.040000 0.000000
[4] 0.000000 0.080000 0.000000
[5] 0.010000 0.100000 0.000000
[6] 0.020000 0.130000 0.000000
[7] 0.000000 0.130000 0.000000
[8] 0.000000 0.140000 0.000000
[9] 0.000000 0.160000 0.000000
[10] 0.020000 0.160000 0.000000
[11] 0.010000 0.180000 0.000000
[12] 0.010000 0.180000 0.000000
[13] 0.020000 0.180000 0.000000
[14] 0.010000 0.190000 0.000000
[15] 0.010000 0.190000 0.000000
[16] 0.030000 0.220000 0.000000
[17] 0.020000 0.230000 0.000000
[18] 0.030000 0.240000 0.000000
[19] 0.010000 0.240000 0.000000
[20] 0.010000 0.250000 0.000000
[21] 0.000000 0.250000 0.000000
[22] 0.010000 0.290000 0.000000
[23] 0.010000 0.320000 0.000000
[24] 0.010000 0.320000 0.000000
[25] 0.000000 0.320000 0.000000
[26] 0.000000 0.340000 0.000000
[27] 0.000000 0.340000 0.000000
[28] 0.000000 0.340000 0.000000
[29] 0.000000 0.350000 0.000000
[30] 0.000000 0.370000 0.000000
[31] 0.010000 0.370000 0.000000
[32] 0.000000 0.380000 0.000000
[33] 0.000000 0.380000 0.000000
[34] 0.010000 0.400000 0.000000
[35] 0.000000 0.400000 0.000000
[36] 0.010000 0.400000 0.000000
[37] 0.000000 0.410000 0.000000
[38] 0.000000 0.440000 0.000000
[39] 0.000000 0.460000 0.000000
[40] 0.000000 0.480000 0.000000
[41] 0.010000 0.500000 0.000000
[42] 0.000000 0.500000 0.000000
[43] 0.000000 0.510000 0.000000
[44] 0.010000 0.530000 0.000000
[45] 0.020000 0.540000 0.000000
[46] 0.010000 0.540000 0.000000
[47] 0.010000 0.550000 0.000000
[48] 0.030000 0.550000 0.000000
[49] 0.020000 0.570000 0.000000
[50] 0.000000 0.570000 0.000000
[51] 0.010000 0.570000 0.000000
[52] 0.000000 0.580000 0.000000
[53] 0.010000 0.600000 0.000000
[54] 0.010000 0.630000 0.000000
[55] 0.020000 0.630000 0.000000
[56] 0.010000 0.660000 0.000000
[57] 0.010000 0.680000 0.000000
[58] 0.000000 0.690000 0.000000
[59] 0.000000 0.700000 0.000000
[60] 0.000000 0.700000 0.000000
[61] 0.000000 0.700000 0.000000
[62] 0.000000 0.700000 0.000000
[63] 0.020000 0.720000 0.000000
[64] 0.000000 0.720000 0.000000
[65] 0.000000 0.750000 0.000000
[66] 0.010000 0.760000 0.000000
[67] 0.030000 0.780000 0.000000
[68] 0.000000 0.780000 0.000000
[69] 0.020000 0.800000 0.000000
[70] 0.000000 0.810000 0.000000
[71] 0.010000 0.830000 0.000000
[72] 0.000000 0.830000 0.000000
[73] 0.010000 0.850000 0.000000
[74] 0.000000 0.850000 0.000000
[75] 0.000000 0.850000 0.000000
[76] 0.000000 0.850000 0.000000
[77] 0.010000 0.860000 0.000000
[78] 0.010000 0.880000 0.000000
[79] 0.000000 0.890000 0.000000
[80] 0.000000 0.890000 0.000000
[81] 0.000000 0.900000 0.000000
[82] 0.010000 0.910000 0.000000
[83] 0.020000 0.920000 0.000000
[84] 0.010000 0.920000 0.000000
[85] 0.000000 0.930000 0.000000
[86] 0.010000 0.980000 0.000000
[87] 0.000000 0.980000 0.000000
[88] 0.010000 0.980000 0.000000
[89] 0.000000 0.990000 0.000000
[90] 0.010000 1.010000 0.000000
[91] 0.000000 1.010000 0.000000
[92] 0.000000 1.030000 0.000000
[93] 0.000000 1.050000 0.000000
[94] 0.020000 1.060000 0.000000
[95] 0.000000 1.060000 0.000000
[96] 0.000000 1.070000 0.000000
[97] 0.010000 1.080000 0.000000
[98] 0.000000 1.080000 0.000000
[99] 0.000000 1.100000 0.000000
[100] 0.010000 1.100000 0.000000
[101] 0.020000 1.110000 0.000000
[102] 0.010000 1.130000 0.000000
[103] 0.000000 1.140000 0.000000
[104] 0.000000 1.160000 0.000000
[105] 0.030000 1.160000 0.000000
[106] 0.010000 1.170000 0.000000
[107] 0.000000 1.180000 0.000000
[108] 0.020000 1.200000 0.000000
[109] 0.000000 1.200000 0.000000
[110] 0.000000 1.220000 0.000000
[111] 0.000000 1.240000 0.000000
[112] 0.000000 1.260000 0.000000
[113] 0.000000 1.260000 0.000000
[114] 0.000000 1.260000 0.000000
[115] 0.000000 1.270000 0.000000
[116] 0.000000 1.270000 0.000000
[117] 0.000000 1.270000 0.000000
[118] 0.000000 1.300000 0.000000
[119] 0.000000 1.300000 0.000000
[120] 0.020000 1.300000 0.000000
[121] 0.010000 1.300000 0.000000
[122] 0.000000 1.310000 0.000000
[123] 0.020000 1.310000 0.000000
[124] 0.000000 1.310000 0.000000
[125] 0.020000 1.330000 0.000000
[126] 0.010000 1.330000 0.000000
[127] 0.000000 1.340000 0.000000
[128] 0.010000 1.360000 0.000000
[129] 0.000000 1.370000 0.000000
[130] 0.000000 1.370000 0.000000
[131] 0.000000 1.380000 0.000000
[132] 0.000000 1.390000 0.000000
[133] 0.010000 1.400000 0.000000
[134] 0.000000 1.420000 0.000000
[135] 0.000000 1.420000 0.000000
[136] 0.030000 1.430000 0.000000
[137] 0.030000 1.450000 0.000000
[138] 0.010000 1.460000 0.000000
[139] 0.000000 1.470000 0.000000
[140] 0.010000 1.480000 0.000000
[141] 0.020000 1.480000 0.000000
[142] 0.010000 1.480000 0.000000
[143] 0.000000 1.480000 0.000000
[144] 0.000000 1.500000 0.000000
[145] 0.010000 1.510000 0.000000
[146] 0.030000 1.510000 0.000000
[147] 0.020000 1.530000 0.000000
[148] 0.010000 1.530000 0.000000
[149] 0.010000 1.540000 0.000000
[150] 0.020000 1.550000 0.000000
[151] 0.000000 1.560000 0.000000
[152] 0.000000 1.560000 0.000000
[153] 0.010000 1.580000 0.000000
[154] 0.000000 1.590000 0.000000
[155] 0.010000 1.600000 0.000000
[156] 0.000000 1.620000 0.000000
[157] 0.010000 1.640000 0.000000
[158] 0.010000 1.660000 0.000000
[159] 0.000000 1.660000 0.000000
[160] 0.000000 1.690000 0.000000
[161] 0.010000 1.690000 0.000000
[162] 0.020000 1.700000 0.000000
[163] 0.000000 1.700000 0.000000
[164] 0.000000 1.700000 0.000000
[165] 0.020000 1.710000 0.000000
[166] 0.000000 1.730000 0.000000
[167] 0.010000 1.740000 0.000000
[168] 0.010000 1.750000 0.000000
[169] 0.010000 1.770000 0.000000
[170] 0.000000 1.790000 0.000000
[171] 0.030000 1.830000 0.000000
[172] 0.000000 1.840000 0.000000
[173] 0.010000 1.850000 0.000000
[174] 0.000000 1.870000 0.000000
[175] 0.010000 1.890000 0.000000
[176] 0.000000 1.890000 0.000000
[177] 0.010000 1.900000 0.000000
[178] 0.010000 1.900000 0.000000
[179] 0.020000 1.910000 0.000000
[180] 0.010000 1.930000 0.000000
[181] 0.020000 1.930000 0.000000
[182] 0.000000 1.940000 0.000000
[183] 0.000000 1.940000 0.000000
[184] 0.010000 1.950000 0.000000
[185] 0.020000 1.960000 0.000000
[186] 0.000000 1.980000 0.000000
[187] 0.010000 1.980000 0.000000
[188] 0.000000 2.010000 0.000000
[189] 0.020000 2.040000 0.000000
[190] 0.010000 2.040000 0.000000
[191] 0.010000 2.050000 0.000000
[192] 0.030000 2.050000 0.000000
[193] 0.000000 2.050000 0.000000
[194] 0.010000 2.070000 0.000000
[195] 0.010000 2.090000 0.000000
[196] 0.000000 2.090000 0.000000
[197] 0.010000 2.090000 0.000000
[198] 0.000000 2.120000 0.000000
[199] 0.000000 2.130000 0.000000
[200] 0.010000 2.130000 0.000000
[201] 0.000000 2.150000 0.000000
[202] 0.010000 2.150000 0.000000
[203] 0.000000 2.170000 0.000000
[204] 0.020000 2.170000 0.000000
[205] 0.020000 2.180000 0.000000
[206] 0.000000 2.200000 0.000000
[207] 0.010000 2.210000 0.000000
[208] 0.000000 2.210000 0.000000
[209] 0.010000 2.210000 0.000000
[210] 0.000000 2.220000 0.000000
[211] 0.000000 2.250000 0.000000
[212] 0.000000 2.260000 0.000000
[213] 0.000000 2.260000 0.000000
[214] 0.020000 2.270000 0.000000
[215] 0.000000 2.280000 0.000000
[216] 0.000000 2.290000 0.000000
[217] 0.010000 2.290000 0.000000
[218] 0.000000 2.290000 0.000000
[219] 0.000000 2.300000 0.000000
[220] 0.020000 2.300000 0.000000
[221] 0.000000 2.310000 0.000000
[222] 0.000000 2.310000 0.000000
[223] 0.010000 2.310000 0.000000
[224] 0.000000 2.310000 0.000000
[225] 0.020000 2.320000 0.000000
[226] 0.010000 2.330000 0.000000
[227] 0.000000 2.340000 0.000000
[228] 0.000000 2.340000 0.000000
[229] 0.000000 2.340000 0.000000
[230] 0.000000 2.340000 0.000000
[231] 0.020000 2.350000 0.000000
[232] 0.010000 2.350000 0.000000
[233] 0.000000 2.350000 0.000000
[234] 0.010000 2.350000 0.000000
[235] 0.010000 2.360000 0.000000
[236] 0.000000 2.390000 0.000000
[237] 0.000000 2.410000 0.000000
[238] 0.010000 2.430000 0.000000
[239] 0.000000 2.430000 0.000000
[240] 0.010000 2.440000 0.000000
[241] 0.000000 2.480000 0.000000
[242] 0.010000 2.500000 0.000000
[243] 0.000000 2.510000 0.000000
[244] 0.000000 2.510000 0.000000
[245] 0.000000 2.520000 0.000000
[246] 0.000000 2.520000 0.000000
[247] 0.020000 2.520000 0.000000
[248] 0.000000 2.550000 0.000000
[249] 0.020000 2.560000 0.000000
[250] 0.000000 2.580000 0.000000
[251] 0.000000 2.580000 0.000000
[252] 0.000000 2.580000 0.000000
[253] 0.030000 2.590000 0.000000
[254] 0.020000 2.590000 0.000000
[255] 0.000000 2.600000 0.000000
[256] 0.000000 2.610000 0.000000
[257] 0.010000 2.610000 0.000000
[258] 0.010000 2.610000 0.000000
[259] 0.030000 2.610000 0.000000
[260] 0.000000 2.610000 0.000000
[261] 0.000000 2.620000 0.000000
[262] 0.000000 2.630000 0.000000
[263] 0.020000 2.630000 0.000000
[264] 0.010000 2.630000 0.000000
[265] 0.000000 2.650000 0.000000
[266] 0.000000 2.670000 0.000000
[267] 0.010000 2.670000 0.000000
[268] 0.010000 2.690000 0.000000
[269] 0.000000 2.710000 0.000000
[270] 0.000000 2.730000 0.000000
[271] 0.020000 2.730000 0.000000
[272] 0.010000 2.730000 0.000000
[273] 0.010000 2.740000 0.000000
[274] 0.010000 2.740000 0.000000
[275] 0.000000 2.740000 0.000000
[276] 0.010000 2.750000 0.000000
[277] 0.000000 2.760000 0.000000
[278] 0.000000 2.780000 0.000000
[279] 0.010000 2.780000 0.000000
[280] 0.010000 2.780000 0.000000
[281] 0.010000 2.790000 0.000000
[282] 0.000000 2.800000 0.000000
[283] 0.000000 2.800000 0.000000
[284] 0.010000 2.800000 0.000000
[285] 0.010000 2.820000 0.000000
[286] 0.020000 2.830000 0.000000
[287] 0.000000 2.830000 0.000000
[288] 0.020000 2.830000 0.000000
[289] 0.000000 2.850000 0.000000
[290] 0.000000 2.850000 0.000000
[291] 0.000000 2.860000 0.000000
[292] 0.000000 2.860000 0.000000
[293] 0.000000 2.870000 0.000000
[294] 0.010000 2.870000 0.000000
[295] 0.020000 2.870000 0.000000
[296] 0.000000 2.880000 0.000000
[297] 0.010000 2.890000 0.000000
[298] 0.010000 2.900000 0.000000
[299] 0.000000 2.930000 0.000000
[300] 0.000000 2.960000 0.000000
[301] 0.000000 2.960000 0.000000
[302] 0.010000 2.990000 0.000000
[303] 0.010000 3.000000 0.000000
[304] 0.000000 3.010000 0.000000
[305] 0.000000 3.010000 0.000000
[306] 0.000000 3.030000 0.000000
[307] 0.000000 3.050000 0.000000
[308] 0.010000 3.060000 0.000000
[309] 0.000000 3.070000 0.000000
[310] 0.010000 3.100000 0.000000
[311] 0.000000 3.100000 0.000000
[312] 0.000000 3.110000 0.000000
[313] 0.010000 3.110000 0.000000
[314] 0.020000 3.110000 0.000000
[315] 0.000000 3.120000 0.000000
[316] 0.000000 3.120000 0.000000
[317] 0.000000 3.120000 0.000000
[318] 0.000000 3.120000 0.000000
[319] 0.000000 3.120000 0.000000
[320] 0.010000 3.150000 0.000000
[321] 0.010000 3.150000 0.000000
[322] 0.000000 3.160000 0.000000
[323] 0.020000 3.160000 0.000000
[324] 0.000000 3.160000 0.000000
[325] 0.000000 3.170000 0.000000
[326] 0.000000 3.170000 0.000000
[327] 0.000000 3.190000 0.000000
[328] 0.020000 3.190000 0.000000
[329] 0.000000 3.230000 0.000000
[330] 0.000000 3.240000 0.000000
[331] 0.030000 3.270000 0.000000
[332] 0.020000 3.280000 0.000000
[333] 0.000000 3.290000 0.000000
[334] 0.000000 3.300000 0.000000
[335] 0.010000 3.300000 0.000000
[336] 0.000000 3.300000 0.000000
[337] 0.030000 3.300000 0.000000
[338] 0.010000 3.330000 0.000000
[339] 0.000000 3.330000 0.000000
[340] 0.010000 3.340000 0.000000
[341] 0.010000 3.350000 0.000000
[342] 0.020000 3.350000 0.000000
[343] 0.000000 3.370000 0.000000
[344] 0.000000 3.370000 0.000000
[345] 0.000000 3.390000 0.000000
[346] 0.020000 3.400000 0.000000
[347] 0.010000 3.410000 0.000000
[348] 0.010000 3.420000 0.000000
[349] 0.020000 3.420000 0.000000
[350] 0.010000 3.440000 0.000000
[351] 0.020000 3.460000 0.000000
[352] 0.000000 3.470000 0.000000
[353] 0.010000 3.500000 0.000000
[354] 0.010000 3.500000 0.000000
[355] 0.000000 3.500000 0.000000
[356] 0.010000 3.500000 0.000000
[357] 0.000000 3.500000 0.000000
[358] 0.000000 3.510000 0.000000
[359] 0.000000 3.520000 0.000000
[360] 0.000000 3.530000 0.000000
[361] 0.010000 3.530000 0.000000
[362] 0.000000 3.530000 0.000000
[363] 0.000000 3.540000 0.000000
[364] 0.030000 3.550000 0.000000
[365] 0.000000 3.550000 0.000000
[366] 0.000000 3.560000 0.000000
[367] 0.000000 3.560000 0.000000
[368] 0.000000 3.580000 0.000000
[369] 0.000000 3.580000 0.000000
[370] 0.000000 3.580000 0.000000
[371] 0.010000 3.590000 0.000000
[372] 0.010000 3.610000 0.000000
[373] 0.000000 3.630000 0.000000
[374] 0.020000 3.630000 0.000000
[375] 0.020000 3.660000 0.000000
[376] 0.040000 3.670000 0.000000
[377] 0.010000 3.680000 0.000000
[378] 0.030000 3.680000 0.000000
[379] 0.000000 3.690000 0.000000
[380] 0.000000 3.700000 0.000000
[381] 0.000000 3.710000 0.000000
[382] 0.000000 3.720000 0.000000
[383] 0.010000 3.730000 0.000000
[384] 0.010000 3.760000 0.000000
[385] 0.010000 3.780000 0.000000
[386] 0.010000 3.790000 0.000000
[387] 0.020000 3.790000 0.000000
[388] 0.020000 3.800000 0.000000
[389] 0.020000 3.810000 0.000000
[390] 0.030000 3.820000 0.000000
[391] 0.020000 3.840000 0.000000
[392] 0.010000 3.840000 0.000000
[393] 0.000000 3.850000 0.000000
[394] 0.000000 3.860000 0.000000
[395] 0.030000 3.870000 0.000000
[396] 0.000000 3.870000 0.000000
[397] 0.000000 3.880000 0.000000
[398] 0.020000 3.900000 0.000000
[399] 0.010000 3.900000 0.000000
[400] 0.000000 3.900000 0.000000
[401] 0.030000 3.910000 0.000000
[402] 0.000000 3.910000 0.000000
[403] 0.010000 3.920000 0.000000
[404] 0.000000 3.940000 0.000000
[405] 0.000000 3.960000 0.000000
[406] 0.000000 3.970000 0.000000
[407] 0.000000 3.990000 0.000000
[408] 0.000000 4.010000 0.000000
[409] 0.010000 4.020000 0.000000
[410] 0.010000 4.020000 0.000000
[411] 0.000000 4.030000 0.000000
[412] 0.000000 4.050000 0.000000
[413] 0.020000 4.060000 0.000000
[414] 0.000000 4.080000 0.000000
[415] 0.000000 4.090000 0.000000
[416] 0.000000 4.100000 0.000000
[417] 0.020000 4.110000 0.000000
[418] 0.000000 4.120000 0.000000
[419] 0.000000 4.130000 0.000000
[420] 0.000000 4.140000 0.000000
[421] 0.000000 4.150000 0.000000
[422] 0.010000 4.160000 0.000000
[423] 0.000000 4.160000 0.000000
[424] 0.010000 4.170000 0.000000
[425] 0.000000 4.170000 0.000000
[426] 0.020000 4.170000 0.000000
[427] 0.000000 4.180000 0.000000
[428] 0.010000 4.190000 0.000000
[429] 0.010000 4.190000 0.000000
[430] 0.010000 4.210000 0.000000
[431] 0.000000 4.210000 0.000000
[432] 0.010000 4.230000 0.000000
[433] 0.010000 4.240000 0.000000
[434] 0.010000 4.240000 0.000000
[435] 0.000000 4.240000 0.000000
[436] 0.000000 4.240000 0.000000
[437] 0.010000 4.240000 0.000000
[438] 0.000000 4.240000 0.000000
[439] 0.010000 4.250000 0.000000
[440] 0.000000 4.270000 0.000000
[441] 0.010000 4.270000 0.000000
[442] 0.000000 4.280000 0.000000
[443] 0.000000 4.300000 0.000000
[444] 0.010000 4.300000 0.000000
[445] 0.000000 4.310000 0.000000
[446] 0.010000 4.310000 0.000000
[447] 0.000000 4.320000 0.000000
[448] 0.020000 4.330000 0.000000
[449] 0.000000 4.330000 0.000000
[450] 0.000000 4.330000 0.000000
[451] 0.010000 4.350000 0.000000
[452] 0.010000 4.350000 0.000000
[453] 0.020000 4.360000 0.000000
[454] 0.020000 4.390000 0.000000
[455] 0.000000 4.390000 0.000000
[456] 0.010000 4.400000 0.000000
[457] 0.010000 4.400000 0.000000
[458] 0.000000 4.410000 0.000000
[459] 0.000000 4.410000 0.000000
[460] 0.010000 4.420000 0.000000
[461] 0.000000 4.440000 0.000000
[462] 0.000000 4.450000 0.000000
[463] 0.000000 4.460000 0.000000
[464] 0.010000 4.460000 0.000000
[465] 0.000000 4.470000 0.000000
[466] 0.020000 4.480000 0.000000
[467] 0.000000 4.490000 0.000000
[468] 0.010000 4.490000 0.000000
[469] 0.000000 4.510000 0.000000
[470] 0.000000 4.510000 0.000000
[471] 0.000000 4.530000 0.000000
[472] 0.010000 4.540000 0.000000
[473] 0.040000 4.540000 0.000000
[474] 0.000000 4.550000 0.000000
[475] 0.000000 4.550000 0.000000
[476] 0.010000 4.560000 0.000000
[477] 0.000000 4.560000 0.000000
[478] 0.000000 4.560000 0.000000
[479] 0.010000 4.580000 0.000000
[480] 0.030000 4.580000 0.000000
[481] 0.000000 4.580000 0.000000
[482] 0.010000 4.590000 0.000000
[483] 0.010000 4.590000 0.000000
[484] 0.000000 4.590000 0.000000
[485] 0.000000 4.590000 0.000000
[486] 0.000000 4.590000 0.000000
[487] 0.000000 4.590000 0.000000
[488] 0.000000 4.600000 0.000000
[489] 0.000000 4.600000 0.000000
[490] 0.030000 4.610000 0.000000
[491] 0.010000 4.610000 0.000000
[492] 0.000000 4.610000 0.000000
[493] 0.010000 4.610000 0.000000
[494] 0.010000 4.610000 0.000000
[495] 0.000000 4.620000 0.000000
[496] 0.010000 4.620000 0.000000
[497] 0.010000 4.630000 0.000000
[498] 0.010000 4.640000 0.000000
[499] 0.000000 4.670000 0.000000
[500] 0.020000 4.670000 0.000000
[501] 0.020000 4.670000 0.000000
[502] 0.000000 4.680000 0.000000
[503] 0.010000 4.690000 0.000000
[504] 0.000000 4.690000 0.000000
[505] 0.000000 4.720000 0.000000
[506] 0.000000 4.720000 0.000000
[507] 0.000000 4.720000 0.000000
[508] 0.000000 4.740000 0.000000
[509] 0.000000 4.740000 0.000000
[510] 0.000000 4.760000 0.000000
[511] 0.020000 4.780000 0.000000

1024
[0] 0.010000 0.000000 0.050000
[1] 0.020000 0.000000 0.000000
[2] 0.010000 0.000000 0.000000
[3] 0.010000 0.000000 0.000000
[4] 0.020000 0.020000 0.000000
[5] 0.000000 0.020000 0.000000
[6] 0.030000 0.050000 0.000000
[7] 0.020000 0.070000 0.000000
[8] 0.010000 0.070000 0.000000
[9] 0.000000 0.070000 0.000000
[10] 0.010000 0.070000 0.000000
[11] 0.010000 0.070000 0.000000
[12] 0.000000 0.070000 0.000000
[13] 0.000000 0.080000 0.000000
[14] 0.010000 0.110000 0.000000
[15] 0.010000 0.130000 0.000000
[16] 0.010000 0.140000 0.000000
[17] 0.010000 0.140000 0.000000
[18] 0.000000 0.150000 0.000000
[19] 0.010000 0.160000 0.000000
[20] 0.000000 0.190000 0.000000
[21] 0.000000 0.220000 0.000000
[22] 0.000000 0.230000 0.000000
[23] 0.010000 0.230000 0.000000
[24] 0.000000 0.230000 0.000000
[25] 0.000000 0.240000 0.000000
[26] 0.030000 0.240000 0.000000
[27] 0.010000 0.260000 0.000000
[28] 0.030000 0.260000 0.000000
[29] 0.020000 0.270000 0.000000
[30] 0.010000 0.290000 0.000000
[31] 0.000000 0.300000 0.000000
[32] 0.000000 0.310000 0.000000
[33] 0.020000 0.320000 0.000000
[34] 0.010000 0.320000 0.000000
[35] 0.000000 0.330000 0.000000
[36] 0.020000 0.330000 0.000000
[37] 0.000000 0.330000 0.000000
[38] 0.020000 0.340000 0.000000
[39] 0.010000 0.360000 0.000000
[40] 0.020000 0.380000 0.000000
[41] 0.010000 0.390000 0.000000
[42] 0.010000 0.400000 0.000000
[43] 0.010000 0.410000 0.000000
[44] 0.010000 0.410000 0.000000
[45] 0.010000 0.420000 0.000000
[46] 0.020000 0.420000 0.000000
[47] 0.000000 0.420000 0.000000
[48] 0.000000 0.420000 0.000000
[49] 0.000000 0.440000 0.000000
[50] 0.010000 0.440000 0.000000
[51] 0.020000 0.440000 0.000000
[52] 0.020000 0.440000 0.000000
[53] 0.010000 0.440000 0.000000
[54] 0.000000 0.450000 0.000000
[55] 0.030000 0.450000 0.000000
[56] 0.000000 0.460000 0.000000
[57] 0.020000 0.470000 0.000000
[58] 0.010000 0.470000 0.000000
[59] 0.010000 0.480000 0.000000
[60] 0.000000 0.500000 0.000000
[61] 0.010000 0.510000 0.000000
[62] 0.000000 0.560000 0.000000
[63] 0.000000 0.570000 0.000000
[64] 0.000000 0.580000 0.000000
[65] 0.000000 0.580000 0.000000
[66] 0.000000 0.590000 0.000000
[67] 0.020000 0.600000 0.000000
[68] 0.000000 0.600000 0.000000
[69] 0.010000 0.610000 0.000000
[70] 0.020000 0.610000 0.000000
[71] 0.020000 0.610000 0.000000
[72] 0.000000 0.620000 0.000000
[73] 0.000000 0.630000 0.000000
[74] 0.000000 0.640000 0.000000
[75] 0.000000 0.650000 0.000000
[76] 0.000000 0.660000 0.000000
[77] 0.020000 0.680000 0.000000
[78] 0.000000 0.680000 0.000000
[79] 0.010000 0.710000 0.000000
[80] 0.000000 0.720000 0.000000
[81] 0.010000 0.730000 0.000000
[82] 0.010000 0.750000 0.000000
[83] 0.010000 0.770000 0.000000
[84] 0.010000 0.780000 0.000000
[85] 0.010000 0.790000 0.000000
[86] 0.010000 0.790000 0.000000
[87] 0.010000 0.790000 0.000000
[88] 0.010000 0.800000 0.000000
[89] 0.000000 0.800000 0.000000
[90] 0.000000 0.810000 0.000000
[91] 0.020000 0.810000 0.000000
[92] 0.000000 0.810000 0.000000
[93] 0.010000 0.830000 0.000000
[94] 0.000000 0.840000 0.000000
[95] 0.000000 0.840000 0.000000
[96] 0.010000 0.860000 0.000000
[97] 0.010000 0.860000 0.000000
[98] 0.010000 0.870000 0.000000
[99] 0.000000 0.870000 0.000000
[100] 0.000000 0.870000 0.000000
[101] 0.020000 0.880000 0.000000
[102] 0.000000 0.880000 0.000000
[103] 0.000000 0.890000 0.000000
[104] 0.010000 0.900000 0.000000
[105] 0.030000 0.920000 0.000000
[106] 0.000000 0.920000 0.000000
[107] 0.000000 0.930000 0.000000
[108] 0.010000 0.930000 0.000000
[109] 0.010000 0.940000 0.000000
[110] 0.020000 0.950000 0.000000
[111] 0.020000 0.950000 0.000000
[112] 0.010000 0.950000 0.000000
[113] 0.020000 0.960000 0.000000
[114] 0.010000 0.970000 0.000000
[115] 0.000000 0.970000 0.000000
[116] 0.000000 1.000000 0.000000
[117] 0.010000 1.030000 0.000000
[118] 0.000000 1.040000 0.000000
[119] 0.060000 1.050000 0.000000
[120] 0.010000 1.050000 0.000000
[121] 0.030000 1.070000 0.000000
[122] 0.020000 1.070000 0.000000
[123] 0.010000 1.080000 0.000000
[124] 0.030000 1.110000 0.000000
[125] 0.000000 1.110000 0.000000
[126] 0.000000 1.130000 0.000000
[127] 0.000000 1.140000 0.000000
[128] 0.010000 1.140000 0.000000
[129] 0.000000 1.140000 0.000000
[130] 0.000000 1.140000 0.000000
[131] 0.010000 1.180000 0.000000
[132] 0.000000 1.180000 0.000000
[133] 0.010000 1.180000 0.000000
[134] 0.000000 1.180000 0.000000
[135] 0.010000 1.190000 0.000000
[136] 0.020000 1.200000 0.000000
[137] 0.020000 1.220000 0.000000
[138] 0.000000 1.220000 0.000000
[139] 0.000000 1.220000 0.000000
[140] 0.010000 1.240000 0.000000
[141] 0.000000 1.240000 0.000000
[142] 0.010000 1.240000 0.000000
[143] 0.010000 1.260000 0.000000
[144] 0.010000 1.260000 0.000000
[145] 0.030000 1.260000 0.000000
[146] 0.020000 1.260000 0.000000
[147] 0.000000 1.280000 0.000000
[148] 0.020000 1.290000 0.000000
[149] 0.000000 1.290000 0.000000
[150] 0.010000 1.310000 0.000000
[151] 0.020000 1.320000 0.000000
[152] 0.000000 1.330000 0.000000
[153] 0.000000 1.340000 0.000000
[154] 0.000000 1.340000 0.000000
[155] 0.030000 1.360000 0.000000
[156] 0.010000 1.380000 0.000000
[157] 0.010000 1.390000 0.000000
[158] 0.000000 1.390000 0.000000
[159] 0.000000 1.390000 0.000000
[160] 0.000000 1.390000 0.000000
[161] 0.010000 1.400000 0.000000
[162] 0.020000 1.400000 0.000000
[163] 0.010000 1.400000 0.000000
[164] 0.020000 1.420000 0.000000
[165] 0.010000 1.420000 0.000000
[166] 0.000000 1.420000 0.000000
[167] 0.000000 1.450000 0.000000
[168] 0.010000 1.460000 0.000000
[169] 0.000000 1.490000 0.000000
[170] 0.000000 1.490000 0.000000
[171] 0.010000 1.500000 0.000000
[172] 0.020000 1.510000 0.000000
[173] 0.010000 1.520000 0.000000
[174] 0.000000 1.530000 0.000000
[175] 0.060000 1.540000 0.000000
[176] 0.010000 1.560000 0.000000
[177] 0.010000 1.560000 0.000000
[178] 0.010000 1.570000 0.000000
[179] 0.010000 1.580000 0.000000
[180] 0.010000 1.600000 0.000000
[181] 0.010000 1.640000 0.000000
[182] 0.010000 1.650000 0.000000
[183] 0.000000 1.650000 0.000000
[184] 0.000000 1.660000 0.000000
[185] 0.000000 1.660000 0.000000
[186] 0.010000 1.670000 0.000000
[187] 0.030000 1.680000 0.000000
[188] 0.000000 1.690000 0.000000
[189] 0.000000 1.700000 0.000000
[190] 0.000000 1.700000 0.000000
[191] 0.010000 1.710000 0.000000
[192] 0.000000 1.720000 0.000000
[193] 0.000000 1.720000 0.000000
[194] 0.010000 1.730000 0.000000
[195] 0.000000 1.740000 0.000000
[196] 0.000000 1.740000 0.000000
[197] 0.010000 1.780000 0.000000
[198] 0.010000 1.790000 0.000000
[199] 0.000000 1.790000 0.000000
[200] 0.010000 1.790000 0.000000
[201] 0.000000 1.810000 0.000000
[202] 0.010000 1.820000 0.000000
[203] 0.010000 1.820000 0.000000
[204] 0.020000 1.840000 0.000000
[205] 0.000000 1.860000 0.000000
[206] 0.010000 1.870000 0.000000
[207] 0.000000 1.870000 0.000000
[208] 0.000000 1.910000 0.000000
[209] 0.000000 1.910000 0.000000
[210] 0.000000 1.930000 0.000000
[211] 0.010000 1.960000 0.000000
[212] 0.020000 1.970000 0.000000
[213] 0.010000 1.980000 0.000000
[214] 0.000000 1.990000 0.000000
[215] 0.010000 2.000000 0.000000
[216] 0.000000 2.020000 0.000000
[217] 0.000000 2.020000 0.000000
[218] 0.020000 2.050000 0.000000
[219] 0.010000 2.060000 0.000000
[220] 0.000000 2.060000 0.000000
[221] 0.010000 2.060000 0.000000
[222] 0.000000 2.080000 0.000000
[223] 0.000000 2.080000 0.000000
[224] 0.010000 2.080000 0.000000
[225] 0.010000 2.090000 0.000000
[226] 0.000000 2.110000 0.000000
[227] 0.010000 2.120000 0.000000
[228] 0.000000 2.130000 0.000000
[229] 0.010000 2.140000 0.000000
[230] 0.010000 2.140000 0.000000
[231] 0.020000 2.160000 0.000000
[232] 0.010000 2.170000 0.000000
[233] 0.000000 2.180000 0.000000
[234] 0.000000 2.190000 0.000000
[235] 0.020000 2.190000 0.000000
[236] 0.000000 2.210000 0.000000
[237] 0.010000 2.210000 0.000000
[238] 0.000000 2.230000 0.000000
[239] 0.000000 2.250000 0.000000
[240] 0.010000 2.260000 0.000000
[241] 0.010000 2.260000 0.000000
[242] 0.010000 2.260000 0.000000
[243] 0.000000 2.270000 0.000000
[244] 0.000000 2.270000 0.000000
[245] 0.000000 2.280000 0.000000
[246] 0.020000 2.300000 0.000000
[247] 0.020000 2.310000 0.000000
[248] 0.010000 2.320000 0.000000
[249] 0.010000 2.320000 0.000000
[250] 0.020000 2.340000 0.000000
[251] 0.000000 2.350000 0.000000
[252] 0.010000 2.350000 0.000000
[253] 0.010000 2.360000 0.000000
[254] 0.010000 2.360000 0.000000
[255] 0.020000 2.360000 0.000000
[256] 0.000000 2.370000 0.000000
[257] 0.030000 2.370000 0.000000
[258] 0.000000 2.370000 0.000000
[259] 0.030000 2.380000 0.000000
[260] 0.030000 2.390000 0.000000
[261] 0.000000 2.410000 0.000000
[262] 0.010000 2.410000 0.000000
[263] 0.020000 2.420000 0.000000
[264] 0.000000 2.420000 0.000000
[265] 0.010000 2.430000 0.000000
[266] 0.010000 2.430000 0.000000
[267] 0.020000 2.440000 0.000000
[268] 0.010000 2.450000 0.000000
[269] 0.010000 2.460000 0.000000
[270] 0.020000 2.480000 0.000000
[271] 0.010000 2.480000 0.000000
[272] 0.000000 2.490000 0.000000
[273] 0.000000 2.500000 0.000000
[274] 0.030000 2.510000 0.000000
[275] 0.000000 2.510000 0.000000
[276] 0.020000 2.520000 0.000000
[277] 0.000000 2.540000 0.000000
[278] 0.010000 2.560000 0.000000
[279] 0.020000 2.570000 0.000000
[280] 0.020000 2.570000 0.000000
[281] 0.010000 2.570000 0.000000
[282] 0.000000 2.570000 0.000000
[283] 0.040000 2.580000 0.000000
[284] 0.010000 2.590000 0.000000
[285] 0.010000 2.600000 0.000000
[286] 0.000000 2.600000 0.000000
[287] 0.010000 2.600000 0.000000
[288] 0.000000 2.610000 0.000000
[289] 0.020000 2.630000 0.000000
[290] 0.010000 2.630000 0.000000
[291] 0.020000 2.640000 0.000000
[292] 0.010000 2.660000 0.000000
[293] 0.020000 2.670000 0.000000
[294] 0.010000 2.680000 0.000000
[295] 0.000000 2.680000 0.000000
[296] 0.000000 2.690000 0.000000
[297] 0.000000 2.700000 0.000000
[298] 0.000000 2.710000 0.000000
[299] 0.010000 2.720000 0.000000
[300] 0.030000 2.720000 0.000000
[301] 0.010000 2.740000 0.000000
[302] 0.000000 2.750000 0.000000
[303] 0.000000 2.760000 0.000000
[304] 0.000000 2.770000 0.000000
[305] 0.020000 2.780000 0.000000
[306] 0.000000 2.790000 0.000000
[307] 0.010000 2.800000 0.000000
[308] 0.000000 2.810000 0.000000
[309] 0.030000 2.830000 0.000000
[310] 0.000000 2.840000 0.000000
[311] 0.010000 2.860000 0.000000
[312] 0.010000 2.860000 0.000000
[313] 0.020000 2.880000 0.000000
[314] 0.010000 2.880000 0.000000
[315] 0.000000 2.890000 0.000000
[316] 0.000000 2.890000 0.000000
[317] 0.040000 2.920000 0.000000
[318] 0.000000 2.960000 0.000000
[319] 0.020000 2.970000 0.000000
[320] 0.000000 2.990000 0.000000
[321] 0.010000 3.000000 0.000000
[322] 0.010000 3.010000 0.000000
[323] 0.010000 3.050000 0.000000
[324] 0.010000 3.050000 0.000000
[325] 0.020000 3.060000 0.000000
[326] 0.020000 3.060000 0.000000
[327] 0.010000 3.060000 0.000000
[328] 0.010000 3.070000 0.000000
[329] 0.000000 3.100000 0.000000
[330] 0.010000 3.100000 0.000000
[331] 0.010000 3.110000 0.000000
[332] 0.000000 3.120000 0.000000
[333] 0.000000 3.120000 0.000000
[334] 0.000000 3.120000 0.000000
[335] 0.010000 3.130000 0.000000
[336] 0.000000 3.140000 0.000000
[337] 0.000000 3.140000 0.000000
[338] 0.000000 3.160000 0.000000
[339] 0.020000 3.160000 0.000000
[340] 0.000000 3.180000 0.000000
[341] 0.020000 3.200000 0.000000
[342] 0.010000 3.200000 0.000000
[343] 0.020000 3.220000 0.000000
[344] 0.000000 3.230000 0.000000
[345] 0.010000 3.240000 0.000000
[346] 0.010000 3.250000 0.000000
[347] 0.000000 3.270000 0.000000
[348] 0.020000 3.270000 0.000000
[349] 0.000000 3.290000 0.000000
[350] 0.010000 3.290000 0.000000
[351] 0.010000 3.290000 0.000000
[352] 0.000000 3.310000 0.000000
[353] 0.020000 3.310000 0.000000
[354] 0.000000 3.350000 0.000000
[355] 0.020000 3.360000 0.000000
[356] 0.000000 3.360000 0.000000
[357] 0.000000 3.380000 0.000000
[358] 0.010000 3.390000 0.000000
[359] 0.000000 3.400000 0.000000
[360] 0.030000 3.410000 0.000000
[361] 0.000000 3.410000 0.000000
[362] 0.020000 3.410000 0.000000
[363] 0.000000 3.430000 0.000000
[364] 0.000000 3.450000 0.000000
[365] 0.000000 3.450000 0.000000
[366] 0.010000 3.460000 0.000000
[367] 0.010000 3.470000 0.000000
[368] 0.020000 3.470000 0.000000
[369] 0.010000 3.480000 0.000000
[370] 0.010000 3.490000 0.000000
[371] 0.020000 3.490000 0.000000
[372] 0.010000 3.500000 0.000000
[373] 0.010000 3.510000 0.000000
[374] 0.010000 3.520000 0.000000
[375] 0.000000 3.530000 0.000000
[376] 0.000000 3.570000 0.000000
[377] 0.020000 3.590000 0.000000
[378] 0.010000 3.600000 0.000000
[379] 0.000000 3.610000 0.000000
[380] 0.010000 3.610000 0.000000
[381] 0.010000 3.620000 0.000000
[382] 0.000000 3.620000 0.000000
[383] 0.010000 3.630000 0.000000
[384] 0.000000 3.680000 0.000000
[385] 0.000000 3.690000 0.000000
[386] 0.010000 3.710000 0.000000
[387] 0.010000 3.720000 0.000000
[388] 0.030000 3.730000 0.000000
[389] 0.000000 3.750000 0.000000
[390] 0.010000 3.770000 0.000000
[391] 0.000000 3.780000 0.000000
[392] 0.030000 3.800000 0.000000
[393] 0.000000 3.800000 0.000000
[394] 0.010000 3.800000 0.000000
[395] 0.000000 3.810000 0.000000
[396] 0.020000 3.820000 0.000000
[397] 0.010000 3.840000 0.000000
[398] 0.000000 3.840000 0.000000
[399] 0.020000 3.840000 0.000000
[400] 0.000000 3.870000 0.000000
[401] 0.010000 3.870000 0.000000
[402] 0.000000 3.900000 0.000000
[403] 0.010000 3.910000 0.000000
[404] 0.010000 3.920000 0.000000
[405] 0.000000 3.940000 0.000000
[406] 0.010000 3.940000 0.000000
[407] 0.000000 3.940000 0.000000
[408] 0.000000 3.950000 0.000000
[409] 0.000000 3.950000 0.000000
[410] 0.020000 3.960000 0.000000
[411] 0.020000 3.960000 0.000000
[412] 0.020000 3.970000 0.000000
[413] 0.010000 3.970000 0.000000
[414] 0.010000 3.980000 0.000000
[415] 0.000000 3.990000 0.000000
[416] 0.020000 4.020000 0.000000
[417] 0.000000 4.020000 0.000000
[418] 0.010000 4.030000 0.000000
[419] 0.010000 4.040000 0.000000
[420] 0.000000 4.050000 0.000000
[421] 0.000000 4.050000 0.000000
[422] 0.000000 4.060000 0.000000
[423] 0.000000 4.060000 0.000000
[424] 0.000000 4.090000 0.000000
[425] 0.010000 4.110000 0.000000
[426] 0.000000 4.130000 0.000000
[427] 0.010000 4.160000 0.000000
[428] 0.020000 4.170000 0.000000
[429] 0.010000 4.170000 0.000000
[430] 0.010000 4.170000 0.000000
[431] 0.010000 4.170000 0.000000
[432] 0.010000 4.180000 0.000000
[433] 0.010000 4.210000 0.000000
[434] 0.020000 4.230000 0.000000
[435] 0.000000 4.240000 0.000000
[436] 0.010000 4.250000 0.000000
[437] 0.010000 4.280000 0.000000
[438] 0.000000 4.280000 0.000000
[439] 0.000000 4.280000 0.000000
[440] 0.000000 4.280000 0.000000
[441] 0.030000 4.300000 0.000000
[442] 0.000000 4.330000 0.000000
[443] 0.010000 4.330000 0.000000
[444] 0.010000 4.340000 0.000000
[445] 0.010000 4.340000 0.000000
[446] 0.020000 4.370000 0.000000
[447] 0.000000 4.380000 0.000000
[448] 0.000000 4.390000 0.000000
[449] 0.010000 4.390000 0.000000
[450] 0.010000 4.400000 0.000000
[451] 0.010000 4.400000 0.000000
[452] 0.000000 4.410000 0.000000
[453] 0.010000 4.410000 0.000000
[454] 0.000000 4.410000 0.000000
[455] 0.000000 4.420000 0.000000
[456] 0.010000 4.440000 0.000000
[457] 0.010000 4.450000 0.000000
[458] 0.010000 4.450000 0.000000
[459] 0.010000 4.460000 0.000000
[460] 0.010000 4.460000 0.000000
[461] 0.010000 4.470000 0.000000
[462] 0.010000 4.470000 0.000000
[463] 0.010000 4.470000 0.000000
[464] 0.000000 4.470000 0.000000
[465] 0.000000 4.490000 0.000000
[466] 0.020000 4.490000 0.000000
[467] 0.010000 4.530000 0.000000
[468] 0.000000 4.530000 0.000000
[469] 0.010000 4.570000 0.000000
[470] 0.020000 4.570000 0.000000
[471] 0.000000 4.590000 0.000000
[472] 0.010000 4.590000 0.000000
[473] 0.000000 4.610000 0.000000
[474] 0.010000 4.620000 0.000000
[475] 0.010000 4.630000 0.000000
[476] 0.010000 4.630000 0.000000
[477] 0.000000 4.650000 0.000000
[478] 0.000000 4.650000 0.000000
[479] 0.020000 4.660000 0.000000
[480] 0.000000 4.680000 0.000000
[481] 0.010000 4.680000 0.000000
[482] 0.010000 4.680000 0.000000
[483] 0.010000 4.680000 0.000000
[484] 0.000000 4.690000 0.000000
[485] 0.020000 4.690000 0.000000
[486] 0.010000 4.690000 0.000000
[487] 0.010000 4.710000 0.000000
[488] 0.010000 4.710000 0.000000
[489] 0.000000 4.740000 0.000000
[490] 0.020000 4.740000 0.000000
[491] 0.000000 4.740000 0.000000
[492] 0.000000 4.740000 0.000000
[493] 0.010000 4.750000 0.000000
[494] 0.010000 4.760000 0.000000
[495] 0.010000 4.790000 0.000000
[496] 0.010000 4.810000 0.000000
[497] 0.000000 4.820000 0.000000
[498] 0.020000 4.830000 0.000000
[499] 0.020000 4.830000 0.000000
[500] 0.010000 4.860000 0.000000
[501] 0.020000 4.870000 0.000000
[502] 0.010000 4.900000 0.000000
[503] 0.000000 4.920000 0.000000
[504] 0.000000 4.940000 0.000000
[505] 0.020000 4.940000 0.000000
[506] 0.010000 4.940000 0.000000
[507] 0.020000 4.960000 0.000000
[508] 0.020000 4.970000 0.000000
[509] 0.000000 4.980000 0.000000
[510] 0.010000 4.990000 0.000000
[511] 0.010000 5.010000 0.000000
[512] 0.010000 5.010000 0.000000
[513] 0.010000 5.010000 0.000000
[514] 0.000000 5.020000 0.000000
[515] 0.010000 5.020000 0.000000
[516] 0.010000 5.020000 0.000000
[517] 0.000000 5.050000 0.000000
[518] 0.000000 5.050000 0.000000
[519] 0.000000 5.050000 0.000000
[520] 0.000000 5.050000 0.000000
[521] 0.010000 5.060000 0.000000
[522] 0.020000 5.060000 0.000000
[523] 0.010000 5.070000 0.000000
[524] 0.020000 5.090000 0.000000
[525] 0.010000 5.100000 0.000000
[526] 0.020000 5.110000 0.000000
[527] 0.000000 5.120000 0.000000
[528] 0.020000 5.130000 0.000000
[529] 0.010000 5.130000 0.000000
[530] 0.020000 5.140000 0.000000
[531] 0.000000 5.140000 0.000000
[532] 0.010000 5.160000 0.000000
[533] 0.000000 5.170000 0.000000
[534] 0.020000 5.180000 0.000000
[535] 0.010000 5.200000 0.000000
[536] 0.010000 5.220000 0.000000
[537] 0.010000 5.240000 0.000000
[538] 0.010000 5.240000 0.000000
[539] 0.030000 5.250000 0.000000
[540] 0.000000 5.250000 0.000000
[541] 0.000000 5.270000 0.000000
[542] 0.000000 5.280000 0.000000
[543] 0.010000 5.280000 0.000000
[544] 0.010000 5.290000 0.000000
[545] 0.000000 5.300000 0.000000
[546] 0.010000 5.320000 0.000000
[547] 0.000000 5.330000 0.000000
[548] 0.010000 5.340000 0.000000
[549] 0.020000 5.380000 0.000000
[550] 0.000000 5.400000 0.000000
[551] 0.000000 5.450000 0.000000
[552] 0.000000 5.450000 0.000000
[553] 0.000000 5.460000 0.000000
[554] 0.000000 5.490000 0.000000
[555] 0.010000 5.490000 0.000000
[556] 0.020000 5.490000 0.000000
[557] 0.000000 5.500000 0.000000
[558] 0.000000 5.510000 0.000000
[559] 0.010000 5.520000 0.000000
[560] 0.000000 5.530000 0.000000
[561] 0.020000 5.540000 0.000000
[562] 0.000000 5.560000 0.000000
[563] 0.010000 5.560000 0.000000
[564] 0.000000 5.560000 0.000000
[565] 0.000000 5.580000 0.000000
[566] 0.010000 5.590000 0.000000
[567] 0.000000 5.590000 0.000000
[568] 0.020000 5.600000 0.000000
[569] 0.000000 5.600000 0.000000
[570] 0.000000 5.610000 0.000000
[571] 0.020000 5.620000 0.000000
[572] 0.010000 5.630000 0.000000
[573] 0.000000 5.630000 0.000000
[574] 0.000000 5.650000 0.000000
[575] 0.020000 5.650000 0.000000
[576] 0.000000 5.660000 0.000000
[577] 0.010000 5.670000 0.000000
[578] 0.000000 5.670000 0.000000
[579] 0.000000 5.670000 0.000000
[580] 0.000000 5.690000 0.000000
[581] 0.020000 5.690000 0.000000
[582] 0.010000 5.720000 0.000000
[583] 0.000000 5.730000 0.000000
[584] 0.010000 5.730000 0.000000
[585] 0.000000 5.730000 0.000000
[586] 0.000000 5.740000 0.000000
[587] 0.000000 5.750000 0.000000
[588] 0.010000 5.750000 0.000000
[589] 0.000000 5.750000 0.000000
[590] 0.000000 5.780000 0.000000
[591] 0.010000 5.800000 0.000000
[592] 0.010000 5.800000 0.000000
[593] 0.020000 5.830000 0.000000
[594] 0.010000 5.830000 0.000000
[595] 0.020000 5.830000 0.000000
[596] 0.000000 5.850000 0.000000
[597] 0.000000 5.850000 0.000000
[598] 0.010000 5.850000 0.000000
[599] 0.000000 5.860000 0.000000
[600] 0.020000 5.860000 0.000000
[601] 0.000000 5.860000 0.000000
[602] 0.020000 5.860000 0.000000
[603] 0.010000 5.870000 0.000000
[604] 0.020000 5.890000 0.000000
[605] 0.000000 5.900000 0.000000
[606] 0.000000 5.930000 0.000000
[607] 0.010000 5.950000 0.000000
[608] 0.010000 5.960000 0.000000
[609] 0.010000 5.980000 0.000000
[610] 0.000000 5.980000 0.000000
[611] 0.000000 5.980000 0.000000
[612] 0.000000 5.980000 0.000000
[613] 0.000000 5.990000 0.000000
[614] 0.000000 5.990000 0.000000
[615] 0.010000 6.010000 0.000000
[616] 0.010000 6.010000 0.000000
[617] 0.000000 6.030000 0.000000
[618] 0.020000 6.030000 0.000000
[619] 0.000000 6.040000 0.000000
[620] 0.000000 6.040000 0.000000
[621] 0.010000 6.040000 0.000000
[622] 0.010000 6.070000 0.000000
[623] 0.010000 6.090000 0.000000
[624] 0.010000 6.120000 0.000000
[625] 0.000000 6.140000 0.000000
[626] 0.010000 6.150000 0.000000
[627] 0.000000 6.150000 0.000000
[628] 0.000000 6.150000 0.000000
[629] 0.000000 6.150000 0.000000
[630] 0.000000 6.160000 0.000000
[631] 0.020000 6.160000 0.000000
[632] 0.000000 6.160000 0.000000
[633] 0.000000 6.170000 0.000000
[634] 0.020000 6.170000 0.000000
[635] 0.000000 6.170000 0.000000
[636] 0.020000 6.180000 0.000000
[637] 0.010000 6.200000 0.000000
[638] 0.010000 6.220000 0.000000
[639] 0.020000 6.220000 0.000000
[640] 0.010000 6.240000 0.000000
[641] 0.010000 6.240000 0.000000
[642] 0.010000 6.240000 0.000000
[643] 0.000000 6.270000 0.000000
[644] 0.010000 6.280000 0.000000
[645] 0.000000 6.290000 0.000000
[646] 0.000000 6.290000 0.000000
[647] 0.000000 6.290000 0.000000
[648] 0.010000 6.300000 0.000000
[649] 0.010000 6.310000 0.000000
[650] 0.000000 6.310000 0.000000
[651] 0.000000 6.310000 0.000000
[652] 0.010000 6.330000 0.000000
[653] 0.020000 6.340000 0.000000
[654] 0.000000 6.340000 0.000000
[655] 0.010000 6.340000 0.000000
[656] 0.000000 6.350000 0.000000
[657] 0.010000 6.360000 0.000000
[658] 0.010000 6.360000 0.000000
[659] 0.000000 6.370000 0.000000
[660] 0.020000 6.380000 0.000000
[661] 0.000000 6.400000 0.000000
[662] 0.000000 6.410000 0.000000
[663] 0.010000 6.410000 0.000000
[664] 0.020000 6.410000 0.000000
[665] 0.000000 6.420000 0.000000
[666] 0.000000 6.430000 0.000000
[667] 0.010000 6.450000 0.000000
[668] 0.000000 6.470000 0.000000
[669] 0.020000 6.470000 0.000000
[670] 0.000000 6.470000 0.000000
[671] 0.000000 6.500000 0.000000
[672] 0.000000 6.520000 0.000000
[673] 0.000000 6.520000 0.000000
[674] 0.010000 6.520000 0.000000
[675] 0.020000 6.520000 0.000000
[676] 0.000000 6.550000 0.000000
[677] 0.020000 6.560000 0.000000
[678] 0.010000 6.560000 0.000000
[679] 0.010000 6.590000 0.000000
[680] 0.020000 6.630000 0.000000
[681] 0.010000 6.640000 0.000000
[682] 0.000000 6.650000 0.000000
[683] 0.000000 6.650000 0.000000
[684] 0.020000 6.650000 0.000000
[685] 0.010000 6.650000 0.000000
[686] 0.020000 6.660000 0.000000
[687] 0.000000 6.660000 0.000000
[688] 0.020000 6.660000 0.000000
[689] 0.020000 6.690000 0.000000
[690] 0.040000 6.710000 0.000000
[691] 0.030000 6.730000 0.000000
[692] 0.000000 6.730000 0.000000
[693] 0.010000 6.740000 0.000000
[694] 0.000000 6.770000 0.000000
[695] 0.010000 6.790000 0.000000
[696] 0.010000 6.810000 0.000000
[697] 0.030000 6.810000 0.000000
[698] 0.020000 6.820000 0.000000
[699] 0.030000 6.830000 0.000000
[700] 0.010000 6.850000 0.000000
[701] 0.010000 6.870000 0.000000
[702] 0.000000 6.900000 0.000000
[703] 0.000000 6.910000 0.000000
[704] 0.010000 6.910000 0.000000
[705] 0.010000 6.920000 0.000000
[706] 0.020000 6.930000 0.000000
[707] 0.010000 6.940000 0.000000
[708] 0.010000 6.950000 0.000000
[709] 0.000000 6.970000 0.000000
[710] 0.000000 6.980000 0.000000
[711] 0.010000 7.000000 0.000000
[712] 0.000000 7.000000 0.000000
[713] 0.000000 7.010000 0.000000
[714] 0.010000 7.030000 0.000000
[715] 0.000000 7.030000 0.000000
[716] 0.000000 7.030000 0.000000
[717] 0.000000 7.040000 0.000000
[718] 0.010000 7.050000 0.000000
[719] 0.000000 7.050000 0.000000
[720] 0.000000 7.060000 0.000000
[721] 0.000000 7.060000 0.000000
[722] 0.000000 7.060000 0.000000
[723] 0.010000 7.080000 0.000000
[724] 0.010000 7.080000 0.000000
[725] 0.000000 7.090000 0.000000
[726] 0.000000 7.130000 0.000000
[727] 0.030000 7.140000 0.000000
[728] 0.020000 7.140000 0.000000
[729] 0.010000 7.140000 0.000000
[730] 0.030000 7.140000 0.000000
[731] 0.010000 7.140000 0.000000
[732] 0.000000 7.150000 0.000000
[733] 0.010000 7.170000 0.000000
[734] 0.010000 7.180000 0.000000
[735] 0.020000 7.190000 0.000000
[736] 0.020000 7.200000 0.000000
[737] 0.010000 7.210000 0.000000
[738] 0.010000 7.230000 0.000000
[739] 0.000000 7.240000 0.000000
[740] 0.000000 7.240000 0.000000
[741] 0.010000 7.260000 0.000000
[742] 0.020000 7.270000 0.000000
[743] 0.020000 7.280000 0.000000
[744] 0.000000 7.280000 0.000000
[745] 0.010000 7.290000 0.000000
[746] 0.010000 7.300000 0.000000
[747] 0.020000 7.310000 0.000000
[748] 0.000000 7.320000 0.000000
[749] 0.020000 7.350000 0.000000
[750] 0.010000 7.360000 0.000000
[751] 0.020000 7.370000 0.000000
[752] 0.000000 7.380000 0.000000
[753] 0.000000 7.390000 0.000000
[754] 0.020000 7.410000 0.000000
[755] 0.020000 7.430000 0.000000
[756] 0.000000 7.440000 0.000000
[757] 0.000000 7.450000 0.000000
[758] 0.000000 7.460000 0.000000
[759] 0.000000 7.460000 0.000000
[760] 0.000000 7.460000 0.000000
[761] 0.030000 7.470000 0.000000
[762] 0.020000 7.480000 0.000000
[763] 0.000000 7.500000 0.000000
[764] 0.000000 7.520000 0.000000
[765] 0.010000 7.530000 0.000000
[766] 0.030000 7.530000 0.000000
[767] 0.000000 7.530000 0.000000
[768] 0.000000 7.540000 0.000000
[769] 0.000000 7.550000 0.000000
[770] 0.000000 7.560000 0.000000
[771] 0.020000 7.560000 0.000000
[772] 0.000000 7.560000 0.000000
[773] 0.010000 7.570000 0.000000
[774] 0.000000 7.580000 0.000000
[775] 0.000000 7.600000 0.000000
[776] 0.000000 7.600000 0.000000
[777] 0.000000 7.600000 0.000000
[778] 0.010000 7.600000 0.000000
[779] 0.010000 7.610000 0.000000
[780] 0.020000 7.630000 0.000000
[781] 0.010000 7.640000 0.000000
[782] 0.000000 7.640000 0.000000
[783] 0.000000 7.650000 0.000000
[784] 0.020000 7.650000 0.000000
[785] 0.000000 7.670000 0.000000
[786] 0.030000 7.690000 0.000000
[787] 0.020000 7.710000 0.000000
[788] 0.020000 7.720000 0.000000
[789] 0.000000 7.720000 0.000000
[790] 0.010000 7.720000 0.000000
[791] 0.000000 7.720000 0.000000
[792] 0.020000 7.720000 0.000000
[793] 0.000000 7.720000 0.000000
[794] 0.000000 7.740000 0.000000
[795] 0.000000 7.750000 0.000000
[796] 0.000000 7.780000 0.000000
[797] 0.000000 7.800000 0.000000
[798] 0.010000 7.810000 0.000000
[799] 0.000000 7.820000 0.000000
[800] 0.030000 7.820000 0.000000
[801] 0.020000 7.840000 0.000000
[802] 0.000000 7.840000 0.000000
[803] 0.020000 7.850000 0.000000
[804] 0.000000 7.860000 0.000000
[805] 0.010000 7.870000 0.000000
[806] 0.020000 7.880000 0.000000
[807] 0.000000 7.890000 0.000000
[808] 0.000000 7.890000 0.000000
[809] 0.000000 7.900000 0.000000
[810] 0.010000 7.910000 0.000000
[811] 0.000000 7.910000 0.000000
[812] 0.010000 7.930000 0.000000
[813] 0.010000 7.930000 0.000000
[814] 0.020000 7.930000 0.000000
[815] 0.000000 7.930000 0.000000
[816] 0.000000 7.950000 0.000000
[817] 0.000000 7.970000 0.000000
[818] 0.000000 7.980000 0.000000
[819] 0.030000 7.990000 0.000000
[820] 0.000000 7.990000 0.000000
[821] 0.000000 7.990000 0.000000
[822] 0.010000 8.000000 0.000000
[823] 0.000000 8.000000 0.000000
[824] 0.020000 8.030000 0.000000
[825] 0.000000 8.030000 0.000000
[826] 0.010000 8.050000 0.000000
[827] 0.000000 8.050000 0.000000
[828] 0.000000 8.060000 0.000000
[829] 0.010000 8.080000 0.000000
[830] 0.000000 8.080000 0.000000
[831] 0.010000 8.090000 0.000000
[832] 0.010000 8.090000 0.000000
[833] 0.020000 8.090000 0.000000
[834] 0.020000 8.090000 0.000000
[835] 0.000000 8.090000 0.000000
[836] 0.030000 8.110000 0.000000
[837] 0.000000 8.110000 0.000000
[838] 0.000000 8.110000 0.000000
[839] 0.000000 8.110000 0.000000
[840] 0.010000 8.140000 0.000000
[841] 0.000000 8.160000 0.000000
[842] 0.000000 8.170000 0.000000
[843] 0.010000 8.170000 0.000000
[844] 0.020000 8.190000 0.000000
[845] 0.000000 8.190000 0.000000
[846] 0.020000 8.190000 0.000000
[847] 0.000000 8.190000 0.000000
[848] 0.020000 8.190000 0.000000
[849] 0.010000 8.200000 0.000000
[850] 0.010000 8.220000 0.000000
[851] 0.000000 8.220000 0.000000
[852] 0.000000 8.240000 0.000000
[853] 0.010000 8.250000 0.000000
[854] 0.020000 8.270000 0.000000
[855] 0.000000 8.270000 0.000000
[856] 0.000000 8.270000 0.000000
[857] 0.020000 8.270000 0.000000
[858] 0.000000 8.270000 0.000000
[859] 0.020000 8.280000 0.000000
[860] 0.020000 8.290000 0.000000
[861] 0.010000 8.320000 0.000000
[862] 0.020000 8.350000 0.000000
[863] 0.000000 8.380000 0.000000
[864] 0.000000 8.400000 0.000000
[865] 0.020000 8.400000 0.000000
[866] 0.010000 8.400000 0.000000
[867] 0.010000 8.420000 0.000000
[868] 0.010000 8.420000 0.000000
[869] 0.000000 8.430000 0.000000
[870] 0.000000 8.440000 0.000000
[871] 0.010000 8.450000 0.000000
[872] 0.010000 8.450000 0.000000
[873] 0.000000 8.450000 0.000000
[874] 0.020000 8.450000 0.000000
[875] 0.000000 8.450000 0.000000
[876] 0.010000 8.470000 0.000000
[877] 0.000000 8.470000 0.000000
[878] 0.000000 8.470000 0.000000
[879] 0.000000 8.470000 0.000000
[880] 0.000000 8.470000 0.000000
[881] 0.010000 8.470000 0.000000
[882] 0.000000 8.480000 0.000000
[883] 0.010000 8.490000 0.000000
[884] 0.010000 8.490000 0.000000
[885] 0.000000 8.530000 0.000000
[886] 0.030000 8.550000 0.000000
[887] 0.010000 8.550000 0.000000
[888] 0.010000 8.550000 0.000000
[889] 0.020000 8.560000 0.000000
[890] 0.000000 8.570000 0.000000
[891] 0.000000 8.590000 0.000000
[892] 0.010000 8.620000 0.000000
[893] 0.020000 8.620000 0.000000
[894] 0.000000 8.620000 0.000000
[895] 0.010000 8.620000 0.000000
[896] 0.000000 8.620000 0.000000
[897] 0.010000 8.630000 0.000000
[898] 0.010000 8.640000 0.000000
[899] 0.010000 8.650000 0.000000
[900] 0.010000 8.660000 0.000000
[901] 0.020000 8.670000 0.000000
[902] 0.000000 8.680000 0.000000
[903] 0.000000 8.700000 0.000000
[904] 0.020000 8.700000 0.000000
[905] 0.000000 8.710000 0.000000
[906] 0.010000 8.710000 0.000000
[907] 0.000000 8.730000 0.000000
[908] 0.020000 8.740000 0.000000
[909] 0.010000 8.760000 0.000000
[910] 0.020000 8.780000 0.000000
[911] 0.010000 8.780000 0.000000
[912] 0.000000 8.790000 0.000000
[913] 0.010000 8.820000 0.000000
[914] 0.000000 8.830000 0.000000
[915] 0.020000 8.850000 0.000000
[916] 0.000000 8.870000 0.000000
[917] 0.000000 8.880000 0.000000
[918] 0.000000 8.880000 0.000000
[919] 0.000000 8.880000 0.000000
[920] 0.000000 8.890000 0.000000
[921] 0.020000 8.910000 0.000000
[922] 0.000000 8.930000 0.000000
[923] 0.010000 8.940000 0.000000
[924] 0.010000 8.940000 0.000000
[925] 0.010000 8.940000 0.000000
[926] 0.040000 8.940000 0.000000
[927] 0.000000 8.940000 0.000000
[928] 0.000000 8.950000 0.000000
[929] 0.010000 8.950000 0.000000
[930] 0.000000 8.970000 0.000000
[931] 0.010000 8.980000 0.000000
[932] 0.030000 8.990000 0.000000
[933] 0.010000 9.000000 0.000000
[934] 0.000000 9.000000 0.000000
[935] 0.030000 9.000000 0.000000
[936] 0.010000 9.010000 0.000000
[937] 0.020000 9.030000 0.000000
[938] 0.000000 9.040000 0.000000
[939] 0.010000 9.050000 0.000000
[940] 0.000000 9.070000 0.000000
[941] 0.010000 9.070000 0.000000
[942] 0.020000 9.100000 0.000000
[943] 0.010000 9.110000 0.000000
[944] 0.020000 9.140000 0.000000
[945] 0.010000 9.140000 0.000000
[946] 0.020000 9.150000 0.000000
[947] 0.010000 9.160000 0.000000
[948] 0.020000 9.170000 0.000000
[949] 0.030000 9.170000 0.000000
[950] 0.020000 9.170000 0.000000
[951] 0.010000 9.170000 0.000000
[952] 0.000000 9.190000 0.000000
[953] 0.000000 9.190000 0.000000
[954] 0.010000 9.210000 0.000000
[955] 0.000000 9.220000 0.000000
[956] 0.010000 9.240000 0.000000
[957] 0.030000 9.240000 0.000000
[958] 0.000000 9.250000 0.000000
[959] 0.000000 9.270000 0.000000
[960] 0.010000 9.280000 0.000000
[961] 0.010000 9.290000 0.000000
[962] 0.020000 9.300000 0.000000
[963] 0.000000 9.330000 0.000000
[964] 0.010000 9.360000 0.000000
[965] 0.010000 9.370000 0.000000
[966] 0.020000 9.380000 0.000000
[967] 0.000000 9.380000 0.000000
[968] 0.000000 9.390000 0.000000
[969] 0.010000 9.400000 0.000000
[970] 0.000000 9.410000 0.000000
[971] 0.000000 9.420000 0.000000
[972] 0.020000 9.420000 0.000000
[973] 0.010000 9.420000 0.000000
[974] 0.020000 9.430000 0.000000
[975] 0.000000 9.430000 0.000000
[976] 0.010000 9.430000 0.000000
[977] 0.000000 9.430000 0.000000
[978] 0.010000 9.430000 0.000000
[979] 0.030000 9.440000 0.000000
[980] 0.020000 9.450000 0.000000
[981] 0.010000 9.480000 0.000000
[982] 0.010000 9.480000 0.000000
[983] 0.000000 9.480000 0.000000
[984] 0.000000 9.480000 0.000000
[985] 0.000000 9.490000 0.000000
[986] 0.020000 9.510000 0.000000
[987] 0.010000 9.520000 0.000000
[988] 0.000000 9.540000 0.000000
[989] 0.010000 9.540000 0.000000
[990] 0.020000 9.540000 0.000000
[991] 0.030000 9.550000 0.000000
[992] 0.030000 9.550000 0.000000
[993] 0.010000 9.550000 0.000000
[994] 0.010000 9.560000 0.000000
[995] 0.010000 9.560000 0.000000
[996] 0.020000 9.570000 0.000000
[997] 0.040000 9.570000 0.000000
[998] 0.040000 9.580000 0.000000
[999] 0.000000 9.580000 0.000000
[1000] 0.010000 9.580000 0.000000
[1001] 0.010000 9.600000 0.000000
[1002] 0.020000 9.600000 0.000000
[1003] 0.020000 9.600000 0.000000
[1004] 0.010000 9.600000 0.000000
[1005] 0.010000 9.610000 0.000000
[1006] 0.000000 9.620000 0.000000
[1007] 0.000000 9.630000 0.000000
[1008] 0.000000 9.650000 0.000000
[1009] 0.010000 9.650000 0.000000
[1010] 0.010000 9.660000 0.000000
[1011] 0.000000 9.670000 0.000000
[1012] 0.000000 9.690000 0.000000
[1013] 0.000000 9.690000 0.000000
[1014] 0.040000 9.690000 0.000000
[1015] 0.010000 9.700000 0.000000
[1016] 0.000000 9.710000 0.000000
[1017] 0.000000 9.710000 0.000000
[1018] 0.010000 9.710000 0.000000
[1019] 0.000000 9.720000 0.000000
[1020] 0.010000 9.720000 0.000000
[1021] 0.000000 9.730000 0.000000
[1022] 0.010000 9.740000 0.000000
[1023] 0.010000 9.740000 0.000000
