
1 1 48.350000

1 2 48.450000

1 4 48.440000

1 8 48.700000

1 12 48.690000

1 1 48.360000
1 1 48.420000

1 2 48.310000
1 2 48.400000
1 2 48.420000
1 2 48.530000


===================================================================================
=   BAD TERMINATION OF ONE OF YOUR APPLICATION PROCESSES
=   PID 21158 RUNNING AT pp20
=   EXIT CODE: 255
=   CLEANING UP REMAINING PROCESSES
=   YOU CAN IGNORE THE BELOW CLEANUP MESSAGES
===================================================================================

1 8 48.620000
1 8 48.560000
1 8 48.490000
1 8 48.610000

1 12 48.620000
1 12 48.500000
1 12 48.610000
1 12 48.540000

1 1 48.340000
1 1 48.340000
1 1 48.350000


===================================================================================
=   BAD TERMINATION OF ONE OF YOUR APPLICATION PROCESSES
=   PID 20986 RUNNING AT pp21
=   EXIT CODE: 255
=   CLEANING UP REMAINING PROCESSES
=   YOU CAN IGNORE THE BELOW CLEANUP MESSAGES
===================================================================================
1 2 48.310000
1 2 48.400000
1 2 48.400000
1 2 48.430000
1 2 48.430000
1 2 48.440000

1 4 48.490000
1 4 48.510000
1 4 48.530000
1 4 48.420000
1 4 48.450000
1 4 48.480000
1 4 48.660000
1 4 48.430000
1 4 48.380000

1 8 48.460000
1 8 48.520000
1 8 48.490000
1 8 48.610000
1 8 48.540000
1 8 48.520000
1 8 48.630000
1 8 48.450000
1 8 48.430000

1 12 48.620000
1 12 48.550000
1 12 48.520000
1 12 48.530000
1 12 48.500000
1 12 48.550000
1 12 48.500000
1 12 48.540000
1 12 48.510000

1 1 48.350000
1 1 48.350000
1 1 48.370000
1 1 48.370000


===================================================================================
=   BAD TERMINATION OF ONE OF YOUR APPLICATION PROCESSES
=   PID 23713 RUNNING AT pp22
=   EXIT CODE: 255
=   CLEANING UP REMAINING PROCESSES
=   YOU CAN IGNORE THE BELOW CLEANUP MESSAGES
===================================================================================
1 2 48.300000
1 2 48.310000
1 2 48.350000
1 2 48.360000
1 2 48.400000
1 2 48.400000
1 2 48.400000
1 2 48.400000
1 2 48.430000
1 2 48.430000
1 2 48.440000
1 2 48.450000

1 4 48.490000
1 4 48.460000
1 4 48.460000
1 4 48.510000
1 4 48.390000
1 4 48.440000
1 4 48.450000
1 4 48.520000
1 4 48.480000
1 4 48.530000
1 4 48.440000
1 4 48.510000
1 4 48.450000
1 4 48.430000
1 4 48.630000
1 4 48.450000

1 8 48.440000
1 8 48.480000
1 8 48.660000
1 8 48.600000
1 8 48.480000
1 8 48.560000
1 8 48.520000
1 8 48.470000
1 8 48.460000
1 8 48.440000
1 8 48.430000
1 8 48.460000
1 8 48.460000
1 8 48.400000
1 8 48.400000
1 8 48.670000

1 12 48.390000
1 12 48.410000
1 12 48.610000
1 12 48.460000
1 12 48.530000
1 12 48.550000
1 12 48.470000
1 12 48.470000
1 12 48.570000
1 12 48.430000
1 12 48.460000
1 12 48.470000
1 12 48.500000
1 12 48.480000
1 12 48.500000
1 12 48.710000
