
1 1 48.340000

1 2 48.470000

1 4 48.440000

1 8 48.450000

1 12 48.780000

1 1 48.350000
1 1 48.350000


===================================================================================
=   BAD TERMINATION OF ONE OF YOUR APPLICATION PROCESSES
=   PID 7752 RUNNING AT pp17
=   EXIT CODE: 255
=   CLEANING UP REMAINING PROCESSES
=   YOU CAN IGNORE THE BELOW CLEANUP MESSAGES
===================================================================================

1 4 48.350000
1 4 48.400000
1 4 48.460000
1 4 48.450000

1 8 48.430000
1 8 48.520000
1 8 48.400000
1 8 48.480000

1 12 48.630000
1 12 48.550000
1 12 48.470000
1 12 48.500000

1 1 48.360000
1 1 48.380000
1 1 48.430000


===================================================================================
=   BAD TERMINATION OF ONE OF YOUR APPLICATION PROCESSES
=   PID 1739 RUNNING AT pp19
=   EXIT CODE: 255
=   CLEANING UP REMAINING PROCESSES
=   YOU CAN IGNORE THE BELOW CLEANUP MESSAGES
===================================================================================

===================================================================================
=   BAD TERMINATION OF ONE OF YOUR APPLICATION PROCESSES
=   PID 18672 RUNNING AT pp20
=   EXIT CODE: 255
=   CLEANING UP REMAINING PROCESSES
=   YOU CAN IGNORE THE BELOW CLEANUP MESSAGES
===================================================================================

1 4 48.470000
1 4 48.480000
1 4 48.490000
1 4 48.350000
1 4 48.390000
1 4 48.390000
1 4 48.480000
1 4 48.480000
1 4 48.490000

1 8 48.570000
1 8 48.510000
1 8 48.510000
1 8 48.420000
1 8 48.510000
1 8 48.500000
1 8 48.550000
1 8 48.440000
1 8 48.540000


===================================================================================
=   BAD TERMINATION OF ONE OF YOUR APPLICATION PROCESSES
=   PID 23682 RUNNING AT pp16
=   EXIT CODE: 255
=   CLEANING UP REMAINING PROCESSES
=   YOU CAN IGNORE THE BELOW CLEANUP MESSAGES
===================================================================================

1 1 48.360000
1 1 48.360000
1 1 48.360000
1 1 48.380000


===================================================================================
=   BAD TERMINATION OF ONE OF YOUR APPLICATION PROCESSES
=   PID 31406 RUNNING AT pp18
=   EXIT CODE: 255
=   CLEANING UP REMAINING PROCESSES
=   YOU CAN IGNORE THE BELOW CLEANUP MESSAGES
===================================================================================
1 2 48.310000
1 2 48.360000
1 2 48.400000
1 2 48.410000
1 2 48.410000
1 2 48.430000
1 2 48.430000
1 2 48.410000

1 4 48.470000
1 4 48.460000
1 4 48.490000
1 4 48.450000
1 4 48.470000
1 4 48.460000
1 4 48.490000
1 4 48.460000
1 4 48.380000
1 4 48.410000
1 4 48.470000
1 4 48.460000
1 4 48.400000
1 4 48.510000
1 4 48.340000
1 4 48.370000

1 8 48.450000
1 8 48.490000
1 8 48.390000
1 8 48.540000
1 8 48.430000
1 8 48.450000
1 8 48.540000
1 8 48.490000
1 8 48.570000
1 8 48.460000
1 8 48.460000
1 8 48.590000
1 8 48.520000
1 8 48.410000
1 8 48.410000
1 8 48.520000

1 12 48.660000
1 12 48.480000
1 12 48.540000
1 12 48.490000
1 12 48.550000
1 12 48.510000
1 12 48.520000
1 12 48.440000
1 12 48.480000
1 12 48.540000
1 12 48.480000
1 12 48.490000
1 12 48.400000
1 12 48.450000
1 12 48.460000
1 12 48.420000
